Change Physical Footprint: Designator=J1 Old Footprint=3-PIN MINIFIT RA New Footprint=3-PIN MINIFIT RA
Change Physical Footprint: Designator=J2 Old Footprint=3-PIN MINIFIT RA New Footprint=3-PIN MINIFIT RA
Change Physical Footprint: Designator=J3 Old Footprint=24-PIN MINIFIT VERT New Footprint=24-PIN MINIFIT VERT
Change Physical Footprint: Designator=J4 Old Footprint=3-PIN MINIFIT RA New Footprint=3-PIN MINIFIT RA
Change Physical Footprint: Designator=J5 Old Footprint=3-PIN MINIFIT RA New Footprint=3-PIN MINIFIT RA
Change Physical Footprint: Designator=J6 Old Footprint=3-PIN MINIFIT RA New Footprint=3-PIN MINIFIT RA
Change Physical Footprint: Designator=J7 Old Footprint=3-PIN MINIFIT RA New Footprint=3-PIN MINIFIT RA
Change Physical Footprint: Designator=J8 Old Footprint=3-PIN MINIFIT RA New Footprint=3-PIN MINIFIT RA
Change Physical Footprint: Designator=J9 Old Footprint=3-PIN MINIFIT RA New Footprint=3-PIN MINIFIT RA
Change Physical Footprint: Designator=J10 Old Footprint=WE-7499111001A_V New Footprint=WE-7499111001A_V
Change Physical Footprint: Designator=J11 Old Footprint=WE-7499111001A_V New Footprint=WE-7499111001A_V
Change Physical Footprint: Designator=P1 Old Footprint=MOLEX NANO-FIT 1X4 - Vertical New Footprint=MOLEX NANO-FIT 1X4 - Vertical
Change Physical Footprint: Designator=P2 Old Footprint=MOLEX NANO-FIT 1X4 - Vertical New Footprint=MOLEX NANO-FIT 1X4 - Vertical
Change Physical Footprint: Designator=P3 Old Footprint=MOLEX NANO-FIT 2x5 - Vertical New Footprint=MOLEX NANO-FIT 2x5 - Vertical
Change Physical Footprint: Designator=P4 Old Footprint=MOLEX NANO-FIT 1X4 - Vertical New Footprint=MOLEX NANO-FIT 1X4 - Vertical
Change Physical Footprint: Designator=P5 Old Footprint=MOLEX NANO-FIT 1X4 - Vertical New Footprint=MOLEX NANO-FIT 1X4 - Vertical
Change Physical Footprint: Designator=P6 Old Footprint=MOLEX NANO-FIT 1X4 - Vertical New Footprint=MOLEX NANO-FIT 1X4 - Vertical
Change Physical Footprint: Designator=P7 Old Footprint=MOLEX NANO-FIT 1X4 - Vertical New Footprint=MOLEX NANO-FIT 1X4 - Vertical
Change Physical Footprint: Designator=P8 Old Footprint=MOLEX NANO-FIT 1X4 - Vertical New Footprint=MOLEX NANO-FIT 1X4 - Vertical
Change Physical Footprint: Designator=P9 Old Footprint=MOLEX NANO-FIT 1X4 - Vertical New Footprint=MOLEX NANO-FIT 1X4 - Vertical
Change Physical Footprint: Designator=P10 Old Footprint=MOLEX NANO-FIT 1X4 - Vertical New Footprint=MOLEX NANO-FIT 1X4 - Vertical
Change Physical Footprint: Designator=P11 Old Footprint=MOLEX NANO-FIT 1X4 - Vertical New Footprint=MOLEX NANO-FIT 1X4 - Vertical
