Replace Part * 3-pin solder holes in C:\Users\tomsc\Dropbox\0\Files\0clubs\TAUV\TAUV-Hardware\TAUV-Disconnect\TAUV-Disconnect.SchDoc with 3-pin solder holes from Tauv-Lib.IntLib
Replace Part *1 3-pin solder holes in C:\Users\tomsc\Dropbox\0\Files\0clubs\TAUV\TAUV-Hardware\TAUV-Disconnect\TAUV-Disconnect.SchDoc with 3-pin solder holes from Tauv-Lib.IntLib
Replace Part *2 3-pin solder holes in C:\Users\tomsc\Dropbox\0\Files\0clubs\TAUV\TAUV-Hardware\TAUV-Disconnect\TAUV-Disconnect.SchDoc with 3-pin solder holes from Tauv-Lib.IntLib
Replace Part *3 3-pin solder holes in C:\Users\tomsc\Dropbox\0\Files\0clubs\TAUV\TAUV-Hardware\TAUV-Disconnect\TAUV-Disconnect.SchDoc with 3-pin solder holes from Tauv-Lib.IntLib
Replace Part *4 3-pin solder holes in C:\Users\tomsc\Dropbox\0\Files\0clubs\TAUV\TAUV-Hardware\TAUV-Disconnect\TAUV-Disconnect.SchDoc with 3-pin solder holes from Tauv-Lib.IntLib
Replace Part *5 3-pin solder holes in C:\Users\tomsc\Dropbox\0\Files\0clubs\TAUV\TAUV-Hardware\TAUV-Disconnect\TAUV-Disconnect.SchDoc with 3-pin solder holes from Tauv-Lib.IntLib
Replace Part *6 3-pin solder holes in C:\Users\tomsc\Dropbox\0\Files\0clubs\TAUV\TAUV-Hardware\TAUV-Disconnect\TAUV-Disconnect.SchDoc with 3-pin solder holes from Tauv-Lib.IntLib
Replace Part *7 3-pin solder holes in C:\Users\tomsc\Dropbox\0\Files\0clubs\TAUV\TAUV-Hardware\TAUV-Disconnect\TAUV-Disconnect.SchDoc with 3-pin solder holes from Tauv-Lib.IntLib
Replace Part *8 3-pin solder holes in C:\Users\tomsc\Dropbox\0\Files\0clubs\TAUV\TAUV-Hardware\TAUV-Disconnect\TAUV-Disconnect.SchDoc with 3-pin solder holes from Tauv-Lib.IntLib
Replace Part *9 3-pin solder holes in C:\Users\tomsc\Dropbox\0\Files\0clubs\TAUV\TAUV-Hardware\TAUV-Disconnect\TAUV-Disconnect.SchDoc with 3-pin solder holes from Tauv-Lib.IntLib
Replace Part *10 3-pin solder holes in C:\Users\tomsc\Dropbox\0\Files\0clubs\TAUV\TAUV-Hardware\TAUV-Disconnect\TAUV-Disconnect.SchDoc with 3-pin solder holes from Tauv-Lib.IntLib
Replace Part *11 3-pin solder holes in C:\Users\tomsc\Dropbox\0\Files\0clubs\TAUV\TAUV-Hardware\TAUV-Disconnect\TAUV-Disconnect.SchDoc with 3-pin solder holes from Tauv-Lib.IntLib
Replace Part *12 3-pin solder holes in C:\Users\tomsc\Dropbox\0\Files\0clubs\TAUV\TAUV-Hardware\TAUV-Disconnect\TAUV-Disconnect.SchDoc with 3-pin solder holes from Tauv-Lib.IntLib
Replace Part *13 3-pin solder holes in C:\Users\tomsc\Dropbox\0\Files\0clubs\TAUV\TAUV-Hardware\TAUV-Disconnect\TAUV-Disconnect.SchDoc with 3-pin solder holes from Tauv-Lib.IntLib
Replace Part J1 RJ45-10-2SHLD_A in C:\Users\tomsc\Dropbox\0\Files\0clubs\TAUV\TAUV-Hardware\TAUV-Disconnect\TAUV-Disconnect.SchDoc with RJ45-10-2SHLD_A from Altium Content Vault
Replace Part J2 4-pin DF13 vertical smd in C:\Users\tomsc\Dropbox\0\Files\0clubs\TAUV\TAUV-Hardware\TAUV-Disconnect\TAUV-Disconnect.SchDoc with 4-pin DF13 vertical smd from Tauv-Lib.IntLib
Replace Part J3 24-pin minifit RA in C:\Users\tomsc\Dropbox\0\Files\0clubs\TAUV\TAUV-Hardware\TAUV-Disconnect\TAUV-Disconnect.SchDoc with 24-pin minifit RA from Tauv-Lib.IntLib
Replace Part J11 RJ45-10-2SHLD_A in C:\Users\tomsc\Dropbox\0\Files\0clubs\TAUV\TAUV-Hardware\TAUV-Disconnect\TAUV-Disconnect.SchDoc with RJ45-10-2SHLD_A from Altium Content Vault
Replace Part P1 4-Pin Nano-Fit Throughole Vertical in C:\Users\tomsc\Dropbox\0\Files\0clubs\TAUV\TAUV-Hardware\TAUV-Disconnect\TAUV-Disconnect.SchDoc with 4-Pin Nano-Fit Throughole Vertical from CMR_Connectors.IntLib
Replace Part P2 4-Pin Nano-Fit Throughole Vertical in C:\Users\tomsc\Dropbox\0\Files\0clubs\TAUV\TAUV-Hardware\TAUV-Disconnect\TAUV-Disconnect.SchDoc with 4-Pin Nano-Fit Throughole Vertical from CMR_Connectors.IntLib
Replace Part P3 10-Pin 2-Row Nano-Fit_Vertical in C:\Users\tomsc\Dropbox\0\Files\0clubs\TAUV\TAUV-Hardware\TAUV-Disconnect\TAUV-Disconnect.SchDoc with 10-Pin 2-Row Nano-Fit_Vertical from CMR_Connectors.IntLib
Replace Part P4 4-Pin Nano-Fit Throughole Vertical in C:\Users\tomsc\Dropbox\0\Files\0clubs\TAUV\TAUV-Hardware\TAUV-Disconnect\TAUV-Disconnect.SchDoc with 4-Pin Nano-Fit Throughole Vertical from CMR_Connectors.IntLib
Replace Part P5 4-Pin Nano-Fit Throughole Vertical in C:\Users\tomsc\Dropbox\0\Files\0clubs\TAUV\TAUV-Hardware\TAUV-Disconnect\TAUV-Disconnect.SchDoc with 4-Pin Nano-Fit Throughole Vertical from CMR_Connectors.IntLib
Replace Part P6 4-Pin Nano-Fit Throughole Vertical in C:\Users\tomsc\Dropbox\0\Files\0clubs\TAUV\TAUV-Hardware\TAUV-Disconnect\TAUV-Disconnect.SchDoc with 4-Pin Nano-Fit Throughole Vertical from CMR_Connectors.IntLib
Replace Part P7 4-Pin Nano-Fit Throughole Vertical in C:\Users\tomsc\Dropbox\0\Files\0clubs\TAUV\TAUV-Hardware\TAUV-Disconnect\TAUV-Disconnect.SchDoc with 4-Pin Nano-Fit Throughole Vertical from CMR_Connectors.IntLib
Replace Part P8 4-Pin Nano-Fit Throughole Vertical in C:\Users\tomsc\Dropbox\0\Files\0clubs\TAUV\TAUV-Hardware\TAUV-Disconnect\TAUV-Disconnect.SchDoc with 4-Pin Nano-Fit Throughole Vertical from CMR_Connectors.IntLib
Replace Part P9 4-Pin Nano-Fit Throughole Vertical in C:\Users\tomsc\Dropbox\0\Files\0clubs\TAUV\TAUV-Hardware\TAUV-Disconnect\TAUV-Disconnect.SchDoc with 4-Pin Nano-Fit Throughole Vertical from CMR_Connectors.IntLib
Replace Part P10 4-Pin Nano-Fit Throughole Vertical in C:\Users\tomsc\Dropbox\0\Files\0clubs\TAUV\TAUV-Hardware\TAUV-Disconnect\TAUV-Disconnect.SchDoc with 4-Pin Nano-Fit Throughole Vertical from CMR_Connectors.IntLib
Replace Part P11 4-Pin Nano-Fit Throughole Vertical in C:\Users\tomsc\Dropbox\0\Files\0clubs\TAUV\TAUV-Hardware\TAUV-Disconnect\TAUV-Disconnect.SchDoc with 4-Pin Nano-Fit Throughole Vertical from CMR_Connectors.IntLib
Replace Part P12 4-Pin Nano-Fit Throughole Vertical in C:\Users\tomsc\Dropbox\0\Files\0clubs\TAUV\TAUV-Hardware\TAUV-Disconnect\TAUV-Disconnect.SchDoc with 4-Pin Nano-Fit Throughole Vertical from CMR_Connectors.IntLib
Replace Part P13 10-Pin 2-Row Nano-Fit_Vertical in C:\Users\tomsc\Dropbox\0\Files\0clubs\TAUV\TAUV-Hardware\TAUV-Disconnect\TAUV-Disconnect.SchDoc with 10-Pin 2-Row Nano-Fit_Vertical from CMR_Connectors.IntLib
