Change Physical Footprint: Designator=* Old Footprint=3-PIN SOLDER HOLES New Footprint=3-PIN SOLDER HOLES
Change Physical Footprint: Designator=*1 Old Footprint=3-PIN SOLDER HOLES New Footprint=3-PIN SOLDER HOLES
Change Physical Footprint: Designator=*2 Old Footprint=3-PIN SOLDER HOLES New Footprint=3-PIN SOLDER HOLES
Change Physical Footprint: Designator=*3 Old Footprint=3-PIN SOLDER HOLES New Footprint=3-PIN SOLDER HOLES
Change Physical Footprint: Designator=*4 Old Footprint=3-PIN SOLDER HOLES New Footprint=3-PIN SOLDER HOLES
Change Physical Footprint: Designator=*5 Old Footprint=3-PIN SOLDER HOLES New Footprint=3-PIN SOLDER HOLES
Change Physical Footprint: Designator=*6 Old Footprint=3-PIN SOLDER HOLES New Footprint=3-PIN SOLDER HOLES
Change Physical Footprint: Designator=*7 Old Footprint=3-PIN SOLDER HOLES New Footprint=3-PIN SOLDER HOLES
Change Physical Footprint: Designator=J1 Old Footprint=WE-7499111001A_V New Footprint=WE-7499111001A_V
Change Physical Footprint: Designator=J3 Old Footprint=24-PIN MINIFIT VERT New Footprint=24-PIN MINIFIT VERT
Change Physical Footprint: Designator=J11 Old Footprint=WE-7499111001A_V New Footprint=WE-7499111001A_V
Change Physical Footprint: Designator=P1 Old Footprint=MOLEX NANO-FIT 1X4 - Vertical New Footprint=MOLEX NANO-FIT 1X4 - Vertical
Change Physical Footprint: Designator=P2 Old Footprint=MOLEX NANO-FIT 1X4 - Vertical New Footprint=MOLEX NANO-FIT 1X4 - Vertical
Change Physical Footprint: Designator=P3 Old Footprint=MOLEX NANO-FIT 2x5 - Vertical New Footprint=MOLEX NANO-FIT 2x5 - Vertical
Change Physical Footprint: Designator=P4 Old Footprint=MOLEX NANO-FIT 1X4 - Vertical New Footprint=MOLEX NANO-FIT 1X4 - Vertical
Change Physical Footprint: Designator=P5 Old Footprint=MOLEX NANO-FIT 1X4 - Vertical New Footprint=MOLEX NANO-FIT 1X4 - Vertical
Change Physical Footprint: Designator=P6 Old Footprint=MOLEX NANO-FIT 1X4 - Vertical New Footprint=MOLEX NANO-FIT 1X4 - Vertical
Change Physical Footprint: Designator=P7 Old Footprint=MOLEX NANO-FIT 1X4 - Vertical New Footprint=MOLEX NANO-FIT 1X4 - Vertical
Change Physical Footprint: Designator=P8 Old Footprint=MOLEX NANO-FIT 1X4 - Vertical New Footprint=MOLEX NANO-FIT 1X4 - Vertical
Change Physical Footprint: Designator=P9 Old Footprint=MOLEX NANO-FIT 1X4 - Vertical New Footprint=MOLEX NANO-FIT 1X4 - Vertical
Change Physical Footprint: Designator=P10 Old Footprint=MOLEX NANO-FIT 1X4 - Vertical New Footprint=MOLEX NANO-FIT 1X4 - Vertical
Change Physical Footprint: Designator=P11 Old Footprint=MOLEX NANO-FIT 1X4 - Vertical New Footprint=MOLEX NANO-FIT 1X4 - Vertical
