Removed Pin From Net: NetName=VCC_3V3 Pin=C31-1
Removed Pin From Net: NetName=GND Pin=C31-2
Removed Pin From Net: NetName=VCC_3V3 Pin=D12-2
Removed Pin From Net: NetName=VCC_3V3 Pin=D13-2
Removed Pin From Net: NetName=GND Pin=U8-7
Removed Pin From Net: NetName=P2 Pin=U8-8
Removed Pin From Net: NetName=VCC_3V3 Pin=U8-9
Removed Pin From Net: NetName=VCC_3V3 Pin=U8-14
Removed Member From Class: ClassName=U_BMS Member=C31
Removed Member From Class: ClassName=U_BMS Member=D12
Removed Member From Class: ClassName=U_BMS Member=D13
Removed Member From Class: ClassName=U_BMS Member=R38
Removed Member From Class: ClassName=U_BMS Member=R39
Removed Member From Class: ClassName=U_BMS Member=U8
Change Component Comment : Designator=D6 Old Comment=LED RED New Comment=LED YELLOW
Change Component Comment : Designator=D9 Old Comment=LED YELLOW New Comment=LED GREEN
Change Component Comment : Designator=U6 Old Comment=Part Number: BQ34Z100PWR-G1 New Comment=BQ34Z100PWR-G1
Change Component Designator: OldDesignator=D14 NewDesignator=D12
Change Component Designator: OldDesignator=D15 NewDesignator=D13
Change Component Designator: OldDesignator=D16 NewDesignator=D14
Change Component Designator: OldDesignator=D17 NewDesignator=D15
Change Component Designator: OldDesignator=D18 NewDesignator=D16
Change Component Designator: OldDesignator=NT? NewDesignator=NT1
Change Component Designator: OldDesignator=P3 NewDesignator=P2
Change Component Designator: OldDesignator=P4 NewDesignator=P3
Change Component Designator: OldDesignator=R17 NewDesignator=R16
Change Component Designator: OldDesignator=R18 NewDesignator=R17
Change Component Designator: OldDesignator=R19 NewDesignator=R18
Change Component Designator: OldDesignator=R20 NewDesignator=R19
Change Component Designator: OldDesignator=R21 NewDesignator=R20
Change Component Designator: OldDesignator=R22 NewDesignator=R21
Change Component Designator: OldDesignator=R23 NewDesignator=R22
Change Component Designator: OldDesignator=R24 NewDesignator=R23
Change Component Designator: OldDesignator=R25 NewDesignator=R24
Change Component Designator: OldDesignator=R26 NewDesignator=R25
Change Component Designator: OldDesignator=R27 NewDesignator=R26
Change Component Designator: OldDesignator=R28 NewDesignator=R27
Change Component Designator: OldDesignator=R29 NewDesignator=R28
Change Component Designator: OldDesignator=R30 NewDesignator=R29
Change Component Designator: OldDesignator=R31 NewDesignator=R30
Change Component Designator: OldDesignator=R32 NewDesignator=R31
Change Component Designator: OldDesignator=R33 NewDesignator=R32
Change Component Designator: OldDesignator=R34 NewDesignator=R33
Change Component Designator: OldDesignator=R35 NewDesignator=R34
Change Component Designator: OldDesignator=R36 NewDesignator=R35
Change Component Designator: OldDesignator=R37 NewDesignator=R36
Change Component Designator: OldDesignator=R40 NewDesignator=R37
Change Component Designator: OldDesignator=R41 NewDesignator=R38
Change Component Designator: OldDesignator=R42 NewDesignator=R39
Change Component Designator: OldDesignator=R43 NewDesignator=R40
Change Component Designator: OldDesignator=R44 NewDesignator=R41
Change Component Designator: OldDesignator=U6 NewDesignator=U7
Change Component Designator: OldDesignator=U7 NewDesignator=U8
Change Component Designator: OldDesignator=U9 NewDesignator=U6
Change component parameters: Designator = "D9"; Footprint = "LED_0805"; UniqueID = "\HXLIUJEV\PRDQITKW"
Change component parameters. Clean all parameters for all variants
Change component parameters (AddParameter): Name = "Category"; Value = "Optoelectronics"; VariantName = "[No Variations]"
Change component parameters (AddParameter): Name = "Color"; Value = "Green"; VariantName = "[No Variations]"
Change component parameters (AddParameter): Name = "ComponentLink1Description"; Value = "http://optoelectronics.liteon.com/upload/download/DS22-2000-118/LTST-C171KGKT.pdf"; VariantName = "[No Variations]"
Change component parameters (AddParameter): Name = "ComponentLink1URL"; Value = "http://optoelectronics.liteon.com/upload/download/DS22-2000-118/LTST-C171KGKT.pdf"; VariantName = "[No Variations]"
Change component parameters (AddParameter): Name = "Current - Test"; Value = "20mA"; VariantName = "[No Variations]"
Change component parameters (AddParameter): Name = "Features"; Value = "-"; VariantName = "[No Variations]"
Change component parameters (AddParameter): Name = "Height (Max)"; Value = "0.90mm"; VariantName = "[No Variations]"
Change component parameters (AddParameter): Name = "Lens Color"; Value = "Colorless"; VariantName = "[No Variations]"
Change component parameters (AddParameter): Name = "Lens Style/Size"; Value = "Rectangle with Flat Top, 1.40mm x 1.25mm"; VariantName = "[No Variations]"
Change component parameters (AddParameter): Name = "Lens Transparency"; Value = "Clear"; VariantName = "[No Variations]"
Change component parameters (AddParameter): Name = "Manufacturer"; Value = "Lite-On Inc."; VariantName = "[No Variations]"
Change component parameters (AddParameter): Name = "Manufacturer Part Number"; Value = "LTST-C171KGKT"; VariantName = "[No Variations]"
Change component parameters (AddParameter): Name = "Millicandela Rating"; Value = "35mcd"; VariantName = "[No Variations]"
Change component parameters (AddParameter): Name = "Mounting Type"; Value = "Surface Mount"; VariantName = "[No Variations]"
Change component parameters (AddParameter): Name = "Package / Case"; Value = "0805 (2012 Metric)"; VariantName = "[No Variations]"
Change component parameters (AddParameter): Name = "Packaging"; Value = "Cut Tape (CT)"; VariantName = "[No Variations]"
Change component parameters (AddParameter): Name = "Part Status"; Value = "Active"; VariantName = "[No Variations]"
Change component parameters (AddParameter): Name = "Pricing 1"; Value = "1=0.31, 10=0.225, 25=0.1656, 100=0.1183, 250=0.0804, 500=0.07096, 1000=0.05558 (USD)"; VariantName = "[No Variations]"
Change component parameters (AddParameter): Name = "RoHS"; Value = "RoHS Compliant"; VariantName = "[No Variations]"
Change component parameters (AddParameter): Name = "Size / Dimension"; Value = "2.00mm L x 1.25mm W"; VariantName = "[No Variations]"
Change component parameters (AddParameter): Name = "Stock 1"; Value = "350441"; VariantName = "[No Variations]"
Change component parameters (AddParameter): Name = "Supplier 1"; Value = "Digi-Key"; VariantName = "[No Variations]"
Change component parameters (AddParameter): Name = "Supplier Part Number 1"; Value = "160-1426-1-ND"; VariantName = "[No Variations]"
Change component parameters (AddParameter): Name = "Viewing Angle"; Value = "130°"; VariantName = "[No Variations]"
Change component parameters (AddParameter): Name = "Voltage - Forward (Vf) (Typ)"; Value = "2V"; VariantName = "[No Variations]"
Change component parameters (AddParameter): Name = "Wavelength - Dominant"; Value = "571nm"; VariantName = "[No Variations]"
Change component parameters (AddParameter): Name = "Wavelength - Peak"; Value = "574nm"; VariantName = "[No Variations]"
Change component parameters: Designator = "D6"; Footprint = "LED_0805"; UniqueID = "\HXLIUJEV\WTOSIXSD"
Change component parameters. Clean all parameters for all variants
Change component parameters (AddParameter): Name = "Category"; Value = "Optoelectronics"; VariantName = "[No Variations]"
Change component parameters (AddParameter): Name = "Color"; Value = "Green"; VariantName = "[No Variations]"
Change component parameters (AddParameter): Name = "ComponentLink1Description"; Value = "http://optoelectronics.liteon.com/upload/download/DS22-2000-110/LTST-C171KSKT.pdf"; VariantName = "[No Variations]"
Change component parameters (AddParameter): Name = "ComponentLink1URL"; Value = "http://optoelectronics.liteon.com/upload/download/DS22-2000-110/LTST-C171KSKT.pdf"; VariantName = "[No Variations]"
Change component parameters (AddParameter): Name = "Current - Test"; Value = "20mA"; VariantName = "[No Variations]"
Change component parameters (AddParameter): Name = "Features"; Value = "-"; VariantName = "[No Variations]"
Change component parameters (AddParameter): Name = "Height (Max)"; Value = "0.90mm"; VariantName = "[No Variations]"
Change component parameters (AddParameter): Name = "Lens Color"; Value = "Colorless"; VariantName = "[No Variations]"
Change component parameters (AddParameter): Name = "Lens Style/Size"; Value = "Rectangle with Flat Top, 1.40mm x 1.25mm"; VariantName = "[No Variations]"
Change component parameters (AddParameter): Name = "Lens Transparency"; Value = "Clear"; VariantName = "[No Variations]"
Change component parameters (AddParameter): Name = "Manufacturer"; Value = "Lite-On Inc."; VariantName = "[No Variations]"
Change component parameters (AddParameter): Name = "Manufacturer Part Number"; Value = "LTST-C171KGKT"; VariantName = "[No Variations]"
Change component parameters (AddParameter): Name = "Millicandela Rating"; Value = "35mcd"; VariantName = "[No Variations]"
Change component parameters (AddParameter): Name = "Mounting Type"; Value = "Surface Mount"; VariantName = "[No Variations]"
Change component parameters (AddParameter): Name = "Package / Case"; Value = "0805 (2012 Metric)"; VariantName = "[No Variations]"
Change component parameters (AddParameter): Name = "Packaging"; Value = "Cut Tape (CT)"; VariantName = "[No Variations]"
Change component parameters (AddParameter): Name = "Part Status"; Value = "Active"; VariantName = "[No Variations]"
Change component parameters (AddParameter): Name = "Pricing 1"; Value = "1=0.31, 10=0.225, 25=0.1656, 100=0.1183, 250=0.0804, 500=0.07096, 1000=0.05558 (USD)"; VariantName = "[No Variations]"
Change component parameters (AddParameter): Name = "RoHS"; Value = "RoHS Compliant"; VariantName = "[No Variations]"
Change component parameters (AddParameter): Name = "Size / Dimension"; Value = "2.00mm L x 1.25mm W"; VariantName = "[No Variations]"
Change component parameters (AddParameter): Name = "Stock 1"; Value = "350441"; VariantName = "[No Variations]"
Change component parameters (AddParameter): Name = "Supplier 1"; Value = "Digi-Key"; VariantName = "[No Variations]"
Change component parameters (AddParameter): Name = "Supplier Part Number 1"; Value = "160-1426-1-ND"; VariantName = "[No Variations]"
Change component parameters (AddParameter): Name = "Viewing Angle"; Value = "130°"; VariantName = "[No Variations]"
Change component parameters (AddParameter): Name = "Voltage - Forward (Vf) (Typ)"; Value = "2V"; VariantName = "[No Variations]"
Change component parameters (AddParameter): Name = "Wavelength - Dominant"; Value = "571nm"; VariantName = "[No Variations]"
Change component parameters (AddParameter): Name = "Wavelength - Peak"; Value = "574nm"; VariantName = "[No Variations]"
Change Net Name : Old Net Name=NetD14_2 New Net Name=NetD12_2
Change Net Name : Old Net Name=NetD15_2 New Net Name=NetD13_2
Change Net Name : Old Net Name=NetD16_2 New Net Name=NetD14_2
Change Net Name : Old Net Name=NetD17_2 New Net Name=NetD15_2
Change Net Name : Old Net Name=NetD18_2 New Net Name=NetD16_2
Change Net Name : Old Net Name=NetP3_3 New Net Name=NetP2_3
Change Net Name : Old Net Name=NetP3_4 New Net Name=NetP2_4
Change Net Name : Old Net Name=NetP3_8 New Net Name=NetP2_8
Change Net Name : Old Net Name=NetR17_2 New Net Name=NetR16_2
Change Net Name : Old Net Name=NetR18_1 New Net Name=NetR17_1
Change Net Name : Old Net Name=NetR19_1 New Net Name=NetR18_1
Change Net Name : Old Net Name=NetR22_1 New Net Name=NetR21_1
Change Net Name : Old Net Name=NetR24_1 New Net Name=NetR23_1
Change Net Name : Old Net Name=NetR25_1 New Net Name=NetR24_1
Change Net Name : Old Net Name=NetR28_1 New Net Name=NetR27_1
Change Net Name : Old Net Name=NetR29_1 New Net Name=NetR28_1
Change Net Name : Old Net Name=NetR30_1 New Net Name=NetR29_1
Change Net Name : Old Net Name=NetR31_1 New Net Name=NetR30_1
Change Net Name : Old Net Name=NetR33_1 New Net Name=NetR32_1
Change Net Name : Old Net Name=NetR34_1 New Net Name=NetR33_1
Change Net Name : Old Net Name=NetR36_1 New Net Name=NetR35_1
Added Pin To Net: NetName=NetR36_1 Pin=R36-1
Added Pin To Net: NetName=NetR36_1 Pin=U8-13
Added Net: Name=NetR36_1
