Change Component Designator: Old Designator=C29 New Designator=C31
Change Component Designator: Old Designator=C30 New Designator=C32
Change Component Designator: Old Designator=C37 New Designator=C30
Change Component Designator: Old Designator=C38 New Designator=C29
Change Component Designator: Old Designator=D18 New Designator=D3
Change Component Designator: Old Designator=D19 New Designator=D4
Change Component Designator: Old Designator=J2 New Designator=J1
Change Component Designator: Old Designator=J3 New Designator=J2
Change Component Designator: Old Designator=J4 New Designator=J3
Change Component Designator: Old Designator=J5 New Designator=J4
Change Component Designator: Old Designator=J6 New Designator=J5
Change Component Designator: Old Designator=J7 New Designator=J6
Change Component Designator: Old Designator=J8 New Designator=J7
Change Component Designator: Old Designator=J9 New Designator=J8
Change Component Designator: Old Designator=Q2 New Designator=Q3
Change Component Designator: Old Designator=Q3 New Designator=Q4
Change Component Designator: Old Designator=R12 New Designator=R13
Change Component Designator: Old Designator=R13 New Designator=R14
Change Component Designator: Old Designator=R14 New Designator=R15
Change Component Designator: Old Designator=R39 New Designator=R16
Change Component Designator: Old Designator=R40 New Designator=R17
Change Component Designator: Old Designator=R41 New Designator=R18
Change Component Designator: Old Designator=U5 New Designator=U6
Change Component Designator: Old Designator=U6 New Designator=U7
Change Component Designator: Old Designator=U7 New Designator=U9
Change Component Designator: Old Designator=U10 New Designator=U5
Change Component Designator: Old Designator=U11 New Designator=U8
