Change Component Designator: Old Designator=Cbias1 New Designator=Cbias?
Change Component Designator: Old Designator=Cboot1 New Designator=Cboot?
Change Component Designator: Old Designator=Cboot2 New Designator=Cboot?
Change Component Designator: Old Designator=Cbulk1 New Designator=Cbulk?
Change Component Designator: Old Designator=Cbulk_1 New Designator=Cbulk_?
Change Component Designator: Old Designator=Ccomp1 New Designator=Ccomp?
Change Component Designator: Old Designator=Ccomp2 New Designator=Ccomp?
Change Component Designator: Old Designator=Ccs1 New Designator=Ccs?
Change Component Designator: Old Designator=Cf1 New Designator=Cf?
Change Component Designator: Old Designator=Cin1 New Designator=Cin?
Change Component Designator: Old Designator=Cin_1 New Designator=Cin_?
Change Component Designator: Old Designator=Cout1 New Designator=Cout?
Change Component Designator: Old Designator=Coutx1 New Designator=Coutx?
Change Component Designator: Old Designator=Coutx2 New Designator=Coutx?
Change Component Designator: Old Designator=Coutx3 New Designator=Coutx?
Change Component Designator: Old Designator=Cslope1 New Designator=Cslope?
Change Component Designator: Old Designator=Css1 New Designator=Css?
Change Component Designator: Old Designator=Cvcc1 New Designator=Cvcc?
Change Component Designator: Old Designator=Dboot1 New Designator=Dboot?
Change Component Designator: Old Designator=Dboot2 New Designator=Dboot?
Change Component Designator: Old Designator=Df1 New Designator=Df?
Change Component Designator: Old Designator=Iout1 New Designator=Iout?
Change Component Designator: Old Designator=L1 New Designator=L?
Change Component Designator: Old Designator=M1 New Designator=M?
Change Component Designator: Old Designator=M2 New Designator=M?
Change Component Designator: Old Designator=M3 New Designator=M?
Change Component Designator: Old Designator=M4 New Designator=M?
Change Component Designator: Old Designator=Rcomp1 New Designator=Rcomp?
Change Component Designator: Old Designator=Rcsg1 New Designator=Rcsg?
Change Component Designator: Old Designator=Rcsp1 New Designator=Rcsp?
Change Component Designator: Old Designator=Rf1 New Designator=Rf?
Change Component Designator: Old Designator=Rfbb1 New Designator=Rfbb?
Change Component Designator: Old Designator=Rfbt1 New Designator=Rfbt?
Change Component Designator: Old Designator=Rmode1 New Designator=Rmode?
Change Component Designator: Old Designator=Rpg1 New Designator=Rpg?
Change Component Designator: Old Designator=Rsense1 New Designator=Rsense?
Change Component Designator: Old Designator=Rt1 New Designator=Rt?
Change Component Designator: Old Designator=Ruvb1 New Designator=Ruvb?
Change Component Designator: Old Designator=Ruvt1 New Designator=Ruvt?
Change Component Designator: Old Designator=Rvisns1 New Designator=Rvisns?
Change Component Designator: Old Designator=U1 New Designator=U?
Change Component Designator: Old Designator=Vin1 New Designator=Vin?
