Change Component Designator: Old Designator=Cbulk? New Designator=Cbulk1
Change Component Designator: Old Designator=Cbulk_? New Designator=Cbulk_1
Change Component Designator: Old Designator=Ccomp? New Designator=Ccomp1
Change Component Designator: Old Designator=Ccomp? New Designator=Ccomp2
Change Component Designator: Old Designator=Ccomp_? New Designator=Ccomp_1
Change Component Designator: Old Designator=Cin? New Designator=Cin1
Change Component Designator: Old Designator=Cin_? New Designator=Cin_1
Change Component Designator: Old Designator=Cin_? New Designator=Cin_2
Change Component Designator: Old Designator=Cout? New Designator=Cout1
Change Component Designator: Old Designator=Cout_? New Designator=Cout_1
Change Component Designator: Old Designator=Cout_? New Designator=Cout_2
Change Component Designator: Old Designator=Coutx? New Designator=Coutx1
Change Component Designator: Old Designator=Coutx? New Designator=Coutx2
Change Component Designator: Old Designator=Coutx? New Designator=Coutx3
Change Component Designator: Old Designator=Cslope? New Designator=Cslope1
Change Component Designator: Old Designator=Css? New Designator=Css1
Change Component Designator: Old Designator=Dboot? New Designator=Dboot1
Change Component Designator: Old Designator=Dboot? New Designator=Dboot2
Change Component Designator: Old Designator=Df? New Designator=Df1
Change Component Designator: Old Designator=L? New Designator=L1
Change Component Designator: Old Designator=M? New Designator=M1
Change Component Designator: Old Designator=M? New Designator=M2
Change Component Designator: Old Designator=M? New Designator=M3
Change Component Designator: Old Designator=M? New Designator=M4
Change Component Designator: Old Designator=Rcomp? New Designator=Rcomp1
Change Component Designator: Old Designator=Rsense? New Designator=Rsense1
