Removed Member From Class: ClassName=Cbulk1_1_Nets Member=VCC_BATT_FILT_1
Removed Member From Class: ClassName=Cbulk1_2_Nets Member=VCC_BATT_FILT_1
Removed Member From Class: ClassName=Cbulk_1_1_Nets Member=VCC_BATT_FILT_1
Removed Member From Class: ClassName=Cbulk_1_2_Nets Member=VCC_BATT_FILT_1
Removed Member From Class: ClassName=Cbulk_2_1_Nets Member=VCC_BATT_FILT_1
Removed Member From Class: ClassName=Cbulk_2_2_Nets Member=VCC_BATT_FILT_1
Removed Member From Class: ClassName=Cbulk_3_1_Nets Member=VCC_BATT_FILT_1
Removed Member From Class: ClassName=Cbulk_3_2_Nets Member=VCC_BATT_FILT_1
Removed Member From Class: ClassName=Cbulk_4_1_Nets Member=VCC_BATT_FILT_1
Removed Member From Class: ClassName=Cbulk_4_2_Nets Member=VCC_BATT_FILT_1
Removed Member From Class: ClassName=Cin1_1_Nets Member=VCC_BATT_FILT_1
Removed Member From Class: ClassName=Cin1_2_Nets Member=VCC_BATT_FILT_1
Removed Member From Class: ClassName=Cin_1_1_Nets Member=VCC_BATT_FILT_1
Removed Member From Class: ClassName=Cin_1_2_Nets Member=VCC_BATT_FILT_1
Removed Member From Class: ClassName=Df1_1_Nets Member=VCC_BATT_FILT_1
Removed Member From Class: ClassName=Df1_2_Nets Member=VCC_BATT_FILT_1
Removed Member From Class: ClassName=M1_1_Nets Member=VCC_BATT_FILT_1
Removed Member From Class: ClassName=M1_2_Nets Member=VCC_BATT_FILT_1
Removed Member From Class: ClassName=Ruvt1_1_Nets Member=VCC_BATT_FILT_1
Removed Member From Class: ClassName=Ruvt1_2_Nets Member=VCC_BATT_FILT_1
Removed Member From Class: ClassName=Rvisns1_1_Nets Member=VCC_BATT_FILT_1
Removed Member From Class: ClassName=Rvisns1_2_Nets Member=VCC_BATT_FILT_1
Added Pin To Net: NetName=VCC_BATT_FILT_1 Pin=C2-2
Added Pin To Net: NetName=VCC_BATT_FILT_1 Pin=C3-2
Added Pin To Net: NetName=VCC_BATT_FILT_1 Pin=C10-2
Added Pin To Net: NetName=VCC_BATT_FILT_1 Pin=C11-2
Added Pin To Net: NetName=VCC_BATT_FILT_1 Pin=C12-2
Added Pin To Net: NetName=VCC_BATT_FILT_1 Pin=C13-2
Added Pin To Net: NetName=VCC_BATT_FILT_1 Pin=P1-1
Added Pin To Net: NetName=VCC_BATT_FILT_1 Pin=Q1-4
Added Pin To Net: NetName=VCC_BATT_FILT_1 Pin=Q-4
Added Pin To Net: NetName=VCC_BATT_FILT_1 Pin=R8-2
Added Pin To Net: NetName=VCC_BATT_FILT_1 Pin=TP2-1
Added Pin To Net: NetName=VCC_BATT_FILT_1 Pin=U2-5
Added Pin To Net: NetName=VCC_BATT_FILT_1 Pin=U2-7
Added Pin To Net: NetName=VCC_BATT_FILT_1 Pin=U3-5
Added Pin To Net: NetName=VCC_BATT_FILT_1 Pin=U3-7
Added Pin To Net: NetName=VCC_BATT_FILT_1 Pin=U4-5
Added Pin To Net: NetName=VCC_BATT_FILT_1 Pin=U4-7
Change Net Name : Old Net Name=VCC_BATT_FILT_1 New Net Name=VCC_BATT_FILT
Added Member To Class: ClassName=Cbulk1_1_Nets Member=Wire VCC_BATT_FILT
Added Member To Class: ClassName=Cbulk1_2_Nets Member=Wire VCC_BATT_FILT
Added Member To Class: ClassName=Cbulk_1_1_Nets Member=Wire VCC_BATT_FILT
Added Member To Class: ClassName=Cbulk_1_2_Nets Member=Wire VCC_BATT_FILT
Added Member To Class: ClassName=Cbulk_2_1_Nets Member=Wire VCC_BATT_FILT
Added Member To Class: ClassName=Cbulk_2_2_Nets Member=Wire VCC_BATT_FILT
Added Member To Class: ClassName=Cbulk_3_1_Nets Member=Wire VCC_BATT_FILT
Added Member To Class: ClassName=Cbulk_3_2_Nets Member=Wire VCC_BATT_FILT
Added Member To Class: ClassName=Cbulk_4_1_Nets Member=Wire VCC_BATT_FILT
Added Member To Class: ClassName=Cbulk_4_2_Nets Member=Wire VCC_BATT_FILT
Added Member To Class: ClassName=Cin1_1_Nets Member=Wire VCC_BATT_FILT
Added Member To Class: ClassName=Cin1_2_Nets Member=Wire VCC_BATT_FILT
Added Member To Class: ClassName=Cin_1_1_Nets Member=Wire VCC_BATT_FILT
Added Member To Class: ClassName=Cin_1_2_Nets Member=Wire VCC_BATT_FILT
Added Member To Class: ClassName=Df1_1_Nets Member=Wire VCC_BATT_FILT
Added Member To Class: ClassName=Df1_2_Nets Member=Wire VCC_BATT_FILT
Added Member To Class: ClassName=M1_1_Nets Member=Wire VCC_BATT_FILT
Added Member To Class: ClassName=M1_2_Nets Member=Wire VCC_BATT_FILT
Added Member To Class: ClassName=Ruvt1_1_Nets Member=Wire VCC_BATT_FILT
Added Member To Class: ClassName=Ruvt1_2_Nets Member=Wire VCC_BATT_FILT
Added Member To Class: ClassName=Rvisns1_1_Nets Member=Wire VCC_BATT_FILT
Added Member To Class: ClassName=Rvisns1_2_Nets Member=Wire VCC_BATT_FILT
