Add Component: Footprint Not Found SAMTEC_TSW-115-05-G-S
Add Component: Footprint Not Found SAMTEC_TSW-115-05-G-S
Add Component: Footprint Not Found BOURNS SRP5030T
Add Component: Footprint Not Found BOURNS SRP5030T
Add Component: Footprint Not Found XT90
Add Component: Footprint Not Found WSLP59312L000FEA
Add Component: Footprint Not Found WSLP59312L000FEA
Add Pin To Net: Unknown Pin: Pin Ccomp1-1
Add Pin To Net: Unknown Pin: Pin Ccomp1-2
Add Pin To Net: Unknown Pin: Pin Ccomp2-1
Add Pin To Net: Unknown Pin: Pin Ccomp2-2
Add Pin To Net: Unknown Pin: Pin Ccomp3-1
Add Pin To Net: Unknown Pin: Pin Ccomp3-2
Add Pin To Net: Unknown Pin: Pin Ccomp4-1
Add Pin To Net: Unknown Pin: Pin Ccomp4-2
Add Pin To Net: Unknown Pin: Pin Ccomp_1-1
Add Pin To Net: Unknown Pin: Pin Ccomp_1-2
Add Pin To Net: Unknown Pin: Pin Ccomp_2-1
Add Pin To Net: Unknown Pin: Pin Ccomp_2-2
Add Pin To Net: Unknown Pin: Pin Cf1-1
Add Pin To Net: Unknown Pin: Pin Cf1-2
Add Pin To Net: Unknown Pin: Pin Cf2-1
Add Pin To Net: Unknown Pin: Pin Cf2-2
Add Pin To Net: Unknown Pin: Pin Coutx1-1
Add Pin To Net: Unknown Pin: Pin Coutx1-2
Add Pin To Net: Unknown Pin: Pin Coutx2-1
Add Pin To Net: Unknown Pin: Pin Coutx2-2
Add Pin To Net: Unknown Pin: Pin Coutx3-1
Add Pin To Net: Unknown Pin: Pin Coutx3-2
Add Pin To Net: Unknown Pin: Pin Coutx4-1
Add Pin To Net: Unknown Pin: Pin Coutx4-2
Add Pin To Net: Unknown Pin: Pin Coutx5-1
Add Pin To Net: Unknown Pin: Pin Coutx5-2
Add Pin To Net: Unknown Pin: Pin Coutx6-1
Add Pin To Net: Unknown Pin: Pin Coutx6-2
Add Pin To Net: Unknown Pin: Pin Dboot1-1
Add Pin To Net: Unknown Pin: Pin Dboot1-2
Add Pin To Net: Unknown Pin: Pin Dboot3-1
Add Pin To Net: Unknown Pin: Pin Dboot3-2
Add Pin To Net: Unknown Pin: Pin Df1-1
Add Pin To Net: Unknown Pin: Pin Df1-2
Add Pin To Net: Unknown Pin: Pin Df2-1
Add Pin To Net: Unknown Pin: Pin Df2-2
Add Pin To Net: Unknown Pin: Pin J1-01
Add Pin To Net: Unknown Pin: Pin J1-02
Add Pin To Net: Unknown Pin: Pin J1-03
Add Pin To Net: Unknown Pin: Pin J1-04
Add Pin To Net: Unknown Pin: Pin J1-05
Add Pin To Net: Unknown Pin: Pin J1-06
Add Pin To Net: Unknown Pin: Pin J1-07
Add Pin To Net: Unknown Pin: Pin J1-08
Add Pin To Net: Unknown Pin: Pin J1-09
Add Pin To Net: Unknown Pin: Pin J1-10
Add Pin To Net: Unknown Pin: Pin J1-11
Add Pin To Net: Unknown Pin: Pin J1-12
Add Pin To Net: Unknown Pin: Pin J1-13
Add Pin To Net: Unknown Pin: Pin J1-14
Add Pin To Net: Unknown Pin: Pin J1-15
Add Pin To Net: Unknown Pin: Pin J-01
Add Pin To Net: Unknown Pin: Pin J-02
Add Pin To Net: Unknown Pin: Pin J-03
Add Pin To Net: Unknown Pin: Pin J-04
Add Pin To Net: Unknown Pin: Pin J-05
Add Pin To Net: Unknown Pin: Pin J-06
Add Pin To Net: Unknown Pin: Pin J-07
Add Pin To Net: Unknown Pin: Pin J-08
Add Pin To Net: Unknown Pin: Pin J-09
Add Pin To Net: Unknown Pin: Pin J-10
Add Pin To Net: Unknown Pin: Pin J-11
Add Pin To Net: Unknown Pin: Pin J-12
Add Pin To Net: Unknown Pin: Pin J-13
Add Pin To Net: Unknown Pin: Pin J-14
Add Pin To Net: Unknown Pin: Pin J-15
Add Pin To Net: Unknown Pin: Pin L3-1
Add Pin To Net: Unknown Pin: Pin L3-2
Add Pin To Net: Unknown Pin: Pin L4-1
Add Pin To Net: Unknown Pin: Pin L4-2
Add Pin To Net: Unknown Pin: Pin P3-1
Add Pin To Net: Unknown Pin: Pin P3-2
Add Pin To Net: Unknown Pin: Pin R17-1
Add Pin To Net: Unknown Pin: Pin R17-2
Add Pin To Net: Unknown Pin: Pin R18-1
Add Pin To Net: Unknown Pin: Pin R18-2
Add Pin To Net: Unknown Pin: Pin Rcomp1-1
Add Pin To Net: Unknown Pin: Pin Rcomp1-2
Add Pin To Net: Unknown Pin: Pin Rcomp2-1
Add Pin To Net: Unknown Pin: Pin Rcomp2-2
Add Pin To Net: Unknown Pin: Pin Rsense2-1
Add Pin To Net: Unknown Pin: Pin Rsense2-2
Add Pin To Net: Unknown Pin: Pin Rvisns1-1
Add Pin To Net: Unknown Pin: Pin Rvisns1-2
Added Member To Class: ClassName=Sht2-V12P0 Member=Component Cbias1 08053C104KAT2A
Added Member To Class: ClassName=Sht2-V12P0 Member=Component Cbias2 08053C104KAT2A
Added Member To Class: ClassName=Sht2-V12P0 Member=Component Cboot1 06033C104KAT2A
Added Member To Class: ClassName=Sht2-V12P0 Member=Component Cboot2 06033C104KAT2A
Added Member To Class: ClassName=Sht2-V12P0 Member=Component Cboot3 06033C104KAT2A
Added Member To Class: ClassName=Sht2-V12P0 Member=Component Cboot4 06033C104KAT2A
Added Member To Class: ClassName=Sht2-V12P0 Member=Component Cbulk1 100SXV15M
Added Member To Class: ClassName=Sht2-V12P0 Member=Component Cbulk2 100SXV15M
Added Member To Class: ClassName=Sht2-V12P0 Member=Component Cbulk_1 100SXV15M
Added Member To Class: ClassName=Sht2-V12P0 Member=Component Cbulk_2 100SXV15M
Added Member To Class: ClassName=Sht2-V12P0 Member=Component Cbulk_3 100SXV15M
Added Member To Class: ClassName=Sht2-V12P0 Member=Component Cbulk_4 100SXV15M
Added Member To Class: ClassName=Sht2-V12P0 Member=Component Cbulk_5 100SXV15M
Added Member To Class: ClassName=Sht2-V12P0 Member=Component Cbulk_6 100SXV15M
Added Member To Class: ClassName=Sht2-V12P0 Member=Component Cbulk_7 100SXV15M
Added Member To Class: ClassName=Sht2-V12P0 Member=Component Cbulk_8 100SXV15M
Add Class Member: Failed to add class member : Component Ccomp1 C0805C181K5GACTU
Add Class Member: Failed to add class member : Component Ccomp2 CGA2B3X7R1H103K050BB
Add Class Member: Failed to add class member : Component Ccomp3 C0805C181K5GACTU
Add Class Member: Failed to add class member : Component Ccomp4 CGA2B3X7R1H103K050BB
Add Class Member: Failed to add class member : Component Ccomp_1 CGA2B3X7R1H103K050BB
Add Class Member: Failed to add class member : Component Ccomp_2 CGA2B3X7R1H103K050BB
Added Member To Class: ClassName=Sht2-V12P0 Member=Component Ccs1 06035A470JAT2A
Added Member To Class: ClassName=Sht2-V12P0 Member=Component Ccs2 06035A470JAT2A
Add Class Member: Failed to add class member : Component Cf1 CGA3E2X7R1H104K080AA
Add Class Member: Failed to add class member : Component Cf2 CGA3E2X7R1H104K080AA
Added Member To Class: ClassName=Sht2-V12P0 Member=Component Cin1 EEHZA1K330P
Added Member To Class: ClassName=Sht2-V12P0 Member=Component Cin2
Added Member To Class: ClassName=Sht2-V12P0 Member=Component Cin_1 EEHZA1K330P
Added Member To Class: ClassName=Sht2-V12P0 Member=Component Cin_2 EEHZA1K330P
Added Member To Class: ClassName=Sht2-V12P0 Member=Component Cout1 16SVPF82M
Added Member To Class: ClassName=Sht2-V12P0 Member=Component Cout2 16SVPF82M
Added Member To Class: ClassName=Sht2-V12P0 Member=Component Cout_1 16SVPF82M
Added Member To Class: ClassName=Sht2-V12P0 Member=Component Cout_2 16SVPF82M
Add Class Member: Failed to add class member : Component Coutx1 C2012X5R1V226M125AC
Add Class Member: Failed to add class member : Component Coutx2 C2012X5R1V226M125AC
Add Class Member: Failed to add class member : Component Coutx3 C2012X5R1V226M125AC
Add Class Member: Failed to add class member : Component Coutx4 C2012X5R1V226M125AC
Add Class Member: Failed to add class member : Component Coutx5 C2012X5R1V226M125AC
Add Class Member: Failed to add class member : Component Coutx6 C2012X5R1V226M125AC
Added Member To Class: ClassName=Sht2-V12P0 Member=Component Cslope1 CL10C221JB8NNNC
Added Member To Class: ClassName=Sht2-V12P0 Member=Component Cslope2 CL10C221JB8NNNC
Added Member To Class: ClassName=Sht2-V12P0 Member=Component Css1 C0603C153J3GACTU
Added Member To Class: ClassName=Sht2-V12P0 Member=Component Css2 C0603C153J3GACTU
Added Member To Class: ClassName=Sht2-V12P0 Member=Component Cvcc1 EMK107B7105KA-T
Added Member To Class: ClassName=Sht2-V12P0 Member=Component Cvcc2 EMK107B7105KA-T
Added Member To Class: ClassName=Sht4-Interfaces Member=Component D1 LED GREEN
Added Member To Class: ClassName=Sht4-Interfaces Member=Component D2 LED GREEN
Added Member To Class: ClassName=Sht4-Interfaces Member=Component D3 LED GREEN
Added Member To Class: ClassName=Sht4-Interfaces Member=Component D4 LED GREEN
Added Member To Class: ClassName=Sht4-Interfaces Member=Component D5 LED GREEN
Added Member To Class: ClassName=Sht4-Interfaces Member=Component D6 LED GREEN
Added Member To Class: ClassName=Sht4-Interfaces Member=Component D7 LED GREEN
Added Member To Class: ClassName=Sht4-Interfaces Member=Component D8 LED GREEN
Added Member To Class: ClassName=Sht4-Interfaces Member=Component D9 SBRT15U50SP5-13
Add Class Member: Failed to add class member : Component Dboot1 GENERIC_DIODE
Added Member To Class: ClassName=Sht2-V12P0 Member=Component Dboot2 CDBK0520L-HF
Add Class Member: Failed to add class member : Component Dboot3 GENERIC_DIODE
Added Member To Class: ClassName=Sht2-V12P0 Member=Component Dboot4 CDBK0520L-HF
Add Class Member: Failed to add class member : Component Df1 GENERIC_DIODE
Add Class Member: Failed to add class member : Component Df2 GENERIC_DIODE
Added Member To Class: ClassName=Sht3-Regulators Member=Component F1 Fuse Holder 3588
Added Member To Class: ClassName=Sht3-Regulators Member=Component F2 Fuse Holder 3588
Added Member To Class: ClassName=Sht3-Regulators Member=Component F3 Fuse Holder 3588
Add Class Member: Failed to add class member : Component J1 TSW-115-05-G-S
Add Class Member: Failed to add class member : Component J TSW-115-05-G-S
Added Member To Class: ClassName=Sht2-V12P0 Member=Component L1 SRP1270-3R3M
Add Class Member: Failed to add class member : Component L3 SRP6540-8R2M
Add Class Member: Failed to add class member : Component L4 SRP6540-8R2M
Added Member To Class: ClassName=Sht2-V12P0 Member=Component L5 SRP1270-3R3M
Added Member To Class: ClassName=Sht2-V12P0 Member=Component M1 CSD19534Q5A
Added Member To Class: ClassName=Sht2-V12P0 Member=Component M2 CSD17303Q5
Added Member To Class: ClassName=Sht2-V12P0 Member=Component M3 CSD19534Q5A
Added Member To Class: ClassName=Sht2-V12P0 Member=Component M4 CSD17573Q5B
Added Member To Class: ClassName=Sht2-V12P0 Member=Component M5 CSD19534Q5A
Added Member To Class: ClassName=Sht2-V12P0 Member=Component M6 CSD17303Q5
Added Member To Class: ClassName=Sht2-V12P0 Member=Component M7 CSD19534Q5A
Added Member To Class: ClassName=Sht2-V12P0 Member=Component M8 CSD17573Q5B
Added Member To Class: ClassName=Sht4-Interfaces Member=Component MH1 #4-40
Added Member To Class: ClassName=Sht4-Interfaces Member=Component MH2 #4-40
Added Member To Class: ClassName=Sht4-Interfaces Member=Component MH3 #4-40
Added Member To Class: ClassName=Sht4-Interfaces Member=Component MH4 #4-40
Added Member To Class: ClassName=Sht4-Interfaces Member=Component NT1 Net Tie
Added Member To Class: ClassName=Sht4-Interfaces Member=Component P1 14-Pin 2-Row Nano-Fit Right Angle
Added Member To Class: ClassName=Sht4-Interfaces Member=Component P2 14-Pin 2-Row Nano-Fit Right Angle
Add Class Member: Failed to add class member : Component P3 XT90
Add Class Member: Failed to add class member : Component R17 WSLP59312 2mR 8W
Add Class Member: Failed to add class member : Component R18 WSLP59312 2mR 8W
Add Class Member: Failed to add class member : Component Rcomp1 CRCW040212K7FKED
Add Class Member: Failed to add class member : Component Rcomp2 CRCW040212K7FKED
Added Member To Class: ClassName=Sht2-V12P0 Member=Component Rcsg1 CRCW0603100RFKEA
Added Member To Class: ClassName=Sht2-V12P0 Member=Component Rcsg2 CRCW0603100RFKEA
Added Member To Class: ClassName=Sht2-V12P0 Member=Component Rcsp1 CRCW0603100RFKEA
Added Member To Class: ClassName=Sht2-V12P0 Member=Component Rcsp2 CRCW0603100RFKEA
Added Member To Class: ClassName=Sht2-V12P0 Member=Component Rf1 RC0603FR-0710RL
Added Member To Class: ClassName=Sht2-V12P0 Member=Component Rf2 RC0603FR-0710RL
Added Member To Class: ClassName=Sht2-V12P0 Member=Component Rfbb1 RC0603FR-0720KL
Added Member To Class: ClassName=Sht2-V12P0 Member=Component Rfbb2 RC0603FR-0720KL
Added Member To Class: ClassName=Sht2-V12P0 Member=Component Rfbb? RC0603FR-0720KL
Added Member To Class: ClassName=Sht2-V12P0 Member=Component Rfbt1 CRCW0603280KFKEA
Added Member To Class: ClassName=Sht2-V12P0 Member=Component Rfbt2 CRCW0603280KFKEA
Added Member To Class: ClassName=Sht2-V12P0 Member=Component Rmode1 RC0603FR-0793K1L
Added Member To Class: ClassName=Sht2-V12P0 Member=Component Rmode2 RC0603FR-0793K1L
Added Member To Class: ClassName=Sht2-V12P0 Member=Component Rpg1 RC0603FR-0710KL
Added Member To Class: ClassName=Sht2-V12P0 Member=Component Rpg2 RC0603FR-0710KL
Added Member To Class: ClassName=Sht2-V12P0 Member=Component Rsense1 WSR37L000FEA
Add Class Member: Failed to add class member : Component Rsense2 WSR37L000FEA
Added Member To Class: ClassName=Sht2-V12P0 Member=Component Rt1 CRCW040223K2FKED
Added Member To Class: ClassName=Sht2-V12P0 Member=Component Rt2 CRCW040223K2FKED
Added Member To Class: ClassName=Sht2-V12P0 Member=Component Ruvb1 CRCW040271K5FKED
Added Member To Class: ClassName=Sht2-V12P0 Member=Component Ruvb2 CRCW040271K5FKED
Added Member To Class: ClassName=Sht2-V12P0 Member=Component Ruvt1 CRCW0402249KFKED
Added Member To Class: ClassName=Sht2-V12P0 Member=Component Ruvt2 CRCW0402249KFKED
Add Class Member: Failed to add class member : Component Rvisns1 CRCW06032K00FKEA
Added Member To Class: ClassName=Sht2-V12P0 Member=Component Rvisns2 CRCW06032K00FKEA
Added Member To Class: ClassName=Sht4-Interfaces Member=Component TP1 Test Point Loop
Added Member To Class: ClassName=Sht4-Interfaces Member=Component TP2 Test Point Loop
Added Member To Class: ClassName=Sht4-Interfaces Member=Component TP3 Test Point Loop
Added Member To Class: ClassName=Sht4-Interfaces Member=Component TP4 Test Point Loop
Added Member To Class: ClassName=Sht4-Interfaces Member=Component TP5 Test Point Loop
Added Member To Class: ClassName=Sht4-Interfaces Member=Component TP6 Test Point Loop
Added Member To Class: ClassName=Sht4-Interfaces Member=Component TP7 Test Point Loop
Added Member To Class: ClassName=Sht4-Interfaces Member=Component TP8 Test Point Loop
Added Member To Class: ClassName=Sht4-Interfaces Member=Component TP9 Test Point Loop
Added Member To Class: ClassName=Sht4-Interfaces Member=Component TP10 Test Point Loop
Added Member To Class: ClassName=Sht4-Interfaces Member=Component TP11 Test Point Loop
Added Member To Class: ClassName=Sht3-Regulators Member=Component U2 LMR23630-Q1
Added Member To Class: ClassName=Sht3-Regulators Member=Component U3 LMR23630-Q1
Added Member To Class: ClassName=Sht3-Regulators Member=Component U4 LMR23630-Q1
