Removed Pin From Net: NetName=NetC15_1 Pin=R4-1
Removed Pin From Net: NetName=NetC15_1 Pin=R6-2
Removed Pin From Net: NetName=NetC1_1 Pin=U2-2
Removed Pin From Net: NetName=NetC1_2 Pin=U2-3
Removed Pin From Net: NetName=NetC7_2 Pin=U2-4
Removed Pin From Net: NetName=NetC4_1 Pin=U2-5
Removed Pin From Net: NetName=GND Pin=U2-7
Removed Pin From Net: NetName=VCC_BATT_FILT Pin=U2-8
Removed Pin From Net: NetName=VCC_BATT_FILT Pin=U2-9
Removed Pin From Net: NetName=VCC_BATT_FILT Pin=U2-10
Removed Pin From Net: NetName=GND Pin=U2-12
Removed Pin From Net: NetName=GND Pin=U2-13
Removed Pin From Net: NetName=GND Pin=U2-13
Removed Pin From Net: NetName=GND Pin=U2-13
Removed Pin From Net: NetName=GND Pin=U2-13
Removed Pin From Net: NetName=GND Pin=U2-13
Removed Pin From Net: NetName=NetC9_1 Pin=U4-2
Removed Pin From Net: NetName=NetC9_2 Pin=U4-3
Removed Pin From Net: NetName=NetC21_2 Pin=U4-4
Removed Pin From Net: NetName=NetC15_1 Pin=U4-5
Removed Pin From Net: NetName=GND Pin=U4-7
Removed Pin From Net: NetName=VCC_BATT_FILT Pin=U4-8
Removed Pin From Net: NetName=VCC_BATT_FILT Pin=U4-9
Removed Pin From Net: NetName=VCC_BATT_FILT Pin=U4-10
Removed Pin From Net: NetName=GND Pin=U4-12
Removed Pin From Net: NetName=GND Pin=U4-13
Removed Pin From Net: NetName=GND Pin=U4-13
Removed Pin From Net: NetName=GND Pin=U4-13
Removed Pin From Net: NetName=GND Pin=U4-13
Removed Pin From Net: NetName=GND Pin=U4-13
Removed Member From Class: ClassName=R4_Nets Member=NetC15_1
Removed Member From Class: ClassName=R6_Nets Member=NetC15_1
Change Component Footprint: Designator=U2 Old Footprint=DRR0012D New Footprint=FP-DDA0008E-MFG
Change Component Footprint: Designator=U4 Old Footprint=DRR0012D New Footprint=FP-DDA0008E-MFG
Change Component Comment : Designator=U2 Old Comment=LMR23630FQDRRTQ1 New Comment=LMR23630ADDA
Change Component Comment : Designator=U4 Old Comment=LMR23630FQDRRTQ1 New Comment=LMR23630ADDA
Change Managed Component Library Link : Designator=U2 Old VaultGUID= New VaultGUID=B7D15EC3-160A-466F-A46C-7801FE6295A7 Old ItemGUID= New ItemGUID=CDA03B87-45B4-4A10-8433-221FB1F240CF Old RevisionGUID= New RevisionGUID=19942CBF-B9AF-4B3A-A9B7-584ABC96D150
Change Managed Component Library Link : Designator=U4 Old VaultGUID= New VaultGUID=B7D15EC3-160A-466F-A46C-7801FE6295A7 Old ItemGUID= New ItemGUID=CDA03B87-45B4-4A10-8433-221FB1F240CF Old RevisionGUID= New RevisionGUID=19942CBF-B9AF-4B3A-A9B7-584ABC96D150
Change component parameters: Designator = "U2" ("U2"); Footprint = "DRR0012D"; UniqueID = "\UXMHVJDP\MRHLBOTS" ("\UXMHVJDP\MRHLBOTS")
Change component parameters (AddParameter): Name = "Automotive"; Value = "No"; VariantName = "[No Variations]"
Change component parameters (AddParameter): Name = "Category"; Value = "IC"; VariantName = "[No Variations]"
Change component parameters (AddParameter): Name = "ComponentLink2Description"; Value = "Datasheet"; VariantName = "[No Variations]"
Change component parameters (AddParameter): Name = "ComponentLink2URL"; Value = "http://www.ti.com/lit/ds/symlink/lmr23630.pdf"; VariantName = "[No Variations]"
Change component parameters (AddParameter): Name = "Device Class L1"; Value = "Integrated Circuits (ICs)"; VariantName = "[No Variations]"
Change component parameters (AddParameter): Name = "Device Class L2"; Value = "Power Management ICs"; VariantName = "[No Variations]"
Change component parameters (AddParameter): Name = "Device Class L3"; Value = "Voltage Regulators - Switching"; VariantName = "[No Variations]"
Change component parameters (AddParameter): Name = "Digikey Description"; Value = "IC REG BUCK ADJUSTABLE 3A 8SOPWR"; VariantName = "[No Variations]"
Change component parameters (AddParameter): Name = "Height"; Value = "1.7mm"; VariantName = "[No Variations]"
Change component parameters (AddParameter): Name = "Lead Free"; Value = "Yes"; VariantName = "[No Variations]"
Change component parameters (AddParameter): Name = "Manufacturer"; Value = "Texas Instruments"; VariantName = "[No Variations]"
Change component parameters (AddParameter): Name = "Manufacturer Part Number"; Value = "LMR23630ADDA"; VariantName = "[No Variations]"
Change component parameters (AddParameter): Name = "Max Duty Cycle"; Value = "97%"; VariantName = "[No Variations]"
Change component parameters (AddParameter): Name = "Max Junction Temp"; Value = "+125°C"; VariantName = "[No Variations]"
Change component parameters (AddParameter): Name = "Max Supply Voltage"; Value = "36V"; VariantName = "[No Variations]"
Change component parameters (AddParameter): Name = "Min Supply Voltage"; Value = "4V"; VariantName = "[No Variations]"
Change component parameters (AddParameter): Name = "Mouser Description"; Value = "SIMPLE SWITCHER®, 36V 3A Synchronous Step-Down Converter 8-SO PowerPAD -40 to 125"; VariantName = "[No Variations]"
Change component parameters (AddParameter): Name = "Nominal Supply Current"; Value = "75uA"; VariantName = "[No Variations]"
Change component parameters (AddParameter): Name = "Number Of Outputs"; Value = "1"; VariantName = "[No Variations]"
Change component parameters (AddParameter): Name = "Octopart"; Value = "https://octopart.com/lmr23630adda-texas+instruments-68058953"; VariantName = "[No Variations]"
Change component parameters (AddParameter): Name = "Output Current"; Value = "3A"; VariantName = "[No Variations]"
Change component parameters (AddParameter): Name = "Output Type"; Value = "AdjustableProgrammable"; VariantName = "[No Variations]"
Change component parameters (AddParameter): Name = "Output Voltage"; Value = "1-28V"; VariantName = "[No Variations]"
Change component parameters (AddParameter): Name = "Package"; Value = "DDA0008E"; VariantName = "[No Variations]"
Change component parameters (AddParameter): Name = "RoHS"; Value = "TRUE"; VariantName = "[No Variations]"
Change component parameters (AddParameter): Name = "Standoff Height"; Value = "0mm"; VariantName = "[No Variations]"
Change component parameters (AddParameter): Name = "Switching Frequency"; Value = "200-2200kHz"; VariantName = "[No Variations]"
Change component parameters (AddParameter): Name = "Switching Topology"; Value = "Buck"; VariantName = "[No Variations]"
Change component parameters (AddParameter): Name = "Temperature"; Value = "-40°C to +125°C"; VariantName = "[No Variations]"
Change component parameters (AddParameter): Name = "Temperature Range High"; Value = "+125°C"; VariantName = "[No Variations]"
Change component parameters (AddParameter): Name = "Temperature Range Low"; Value = "-40°C"; VariantName = "[No Variations]"
Change component parameters: Designator = "U4" ("U4"); Footprint = "DRR0012D"; UniqueID = "\UXMHVJDP\MZEJGMXF" ("\UXMHVJDP\MZEJGMXF")
Change component parameters (AddParameter): Name = "Automotive"; Value = "No"; VariantName = "[No Variations]"
Change component parameters (AddParameter): Name = "Category"; Value = "IC"; VariantName = "[No Variations]"
Change component parameters (AddParameter): Name = "ComponentLink2Description"; Value = "Datasheet"; VariantName = "[No Variations]"
Change component parameters (AddParameter): Name = "ComponentLink2URL"; Value = "http://www.ti.com/lit/ds/symlink/lmr23630.pdf"; VariantName = "[No Variations]"
Change component parameters (AddParameter): Name = "Device Class L1"; Value = "Integrated Circuits (ICs)"; VariantName = "[No Variations]"
Change component parameters (AddParameter): Name = "Device Class L2"; Value = "Power Management ICs"; VariantName = "[No Variations]"
Change component parameters (AddParameter): Name = "Device Class L3"; Value = "Voltage Regulators - Switching"; VariantName = "[No Variations]"
Change component parameters (AddParameter): Name = "Digikey Description"; Value = "IC REG BUCK ADJUSTABLE 3A 8SOPWR"; VariantName = "[No Variations]"
Change component parameters (AddParameter): Name = "Height"; Value = "1.7mm"; VariantName = "[No Variations]"
Change component parameters (AddParameter): Name = "Lead Free"; Value = "Yes"; VariantName = "[No Variations]"
Change component parameters (AddParameter): Name = "Manufacturer"; Value = "Texas Instruments"; VariantName = "[No Variations]"
Change component parameters (AddParameter): Name = "Manufacturer Part Number"; Value = "LMR23630ADDA"; VariantName = "[No Variations]"
Change component parameters (AddParameter): Name = "Max Duty Cycle"; Value = "97%"; VariantName = "[No Variations]"
Change component parameters (AddParameter): Name = "Max Junction Temp"; Value = "+125°C"; VariantName = "[No Variations]"
Change component parameters (AddParameter): Name = "Max Supply Voltage"; Value = "36V"; VariantName = "[No Variations]"
Change component parameters (AddParameter): Name = "Min Supply Voltage"; Value = "4V"; VariantName = "[No Variations]"
Change component parameters (AddParameter): Name = "Mouser Description"; Value = "SIMPLE SWITCHER®, 36V 3A Synchronous Step-Down Converter 8-SO PowerPAD -40 to 125"; VariantName = "[No Variations]"
Change component parameters (AddParameter): Name = "Nominal Supply Current"; Value = "75uA"; VariantName = "[No Variations]"
Change component parameters (AddParameter): Name = "Number Of Outputs"; Value = "1"; VariantName = "[No Variations]"
Change component parameters (AddParameter): Name = "Octopart"; Value = "https://octopart.com/lmr23630adda-texas+instruments-68058953"; VariantName = "[No Variations]"
Change component parameters (AddParameter): Name = "Output Current"; Value = "3A"; VariantName = "[No Variations]"
Change component parameters (AddParameter): Name = "Output Type"; Value = "AdjustableProgrammable"; VariantName = "[No Variations]"
Change component parameters (AddParameter): Name = "Output Voltage"; Value = "1-28V"; VariantName = "[No Variations]"
Change component parameters (AddParameter): Name = "Package"; Value = "DDA0008E"; VariantName = "[No Variations]"
Change component parameters (AddParameter): Name = "RoHS"; Value = "TRUE"; VariantName = "[No Variations]"
Change component parameters (AddParameter): Name = "Standoff Height"; Value = "0mm"; VariantName = "[No Variations]"
Change component parameters (AddParameter): Name = "Switching Frequency"; Value = "200-2200kHz"; VariantName = "[No Variations]"
Change component parameters (AddParameter): Name = "Switching Topology"; Value = "Buck"; VariantName = "[No Variations]"
Change component parameters (AddParameter): Name = "Temperature"; Value = "-40°C to +125°C"; VariantName = "[No Variations]"
Change component parameters (AddParameter): Name = "Temperature Range High"; Value = "+125°C"; VariantName = "[No Variations]"
Change component parameters (AddParameter): Name = "Temperature Range Low"; Value = "-40°C"; VariantName = "[No Variations]"
Added Component: Designator=TP33(Test Point Pad)
Added Pin To Net: NetName=GND Pin=TP33-1
Added Pin To Net: NetName=NetC1_2 Pin=U2-2
Added Pin To Net: NetName=NetC7_2 Pin=U2-3
Added Pin To Net: NetName=NetC4_1 Pin=U2-4
Added Pin To Net: NetName=VCC_BATT_FILT Pin=U2-5
Added Pin To Net: NetName=GND Pin=U2-6
Added Pin To Net: NetName=VCC_BATT_FILT Pin=U2-7
Added Pin To Net: NetName=GND Pin=U2-8
Added Pin To Net: NetName=GND Pin=U2-9
Added Pin To Net: NetName=NetC9_2 Pin=U4-2
Added Pin To Net: NetName=NetC21_2 Pin=U4-3
Added Pin To Net: NetName=NetC15_1 Pin=U4-4
Added Pin To Net: NetName=VCC_BATT_FILT Pin=U4-5
Added Pin To Net: NetName=GND Pin=U4-6
Added Pin To Net: NetName=VCC_BATT_FILT Pin=U4-7
Added Pin To Net: NetName=GND Pin=U4-8
Added Pin To Net: NetName=GND Pin=U4-9
Added Pin To Net: NetName=NetR4_1 Pin=R4-1
Added Pin To Net: NetName=NetR4_1 Pin=R6-2
Added Net: Name=NetR4_1
Added Member To Class: ClassName=Designator Member=Component TP33 Test Point Pad
Added Member To Class: ClassName=Designator_Nets Member=Wire NetR4_1
Added Member To Class: ClassName=R4_Nets Member=Wire NetR4_1
Added Member To Class: ClassName=R6_Nets Member=Wire NetR4_1
