Removed Pin From Net: NetName=GND Pin=Cbias2-2
Removed Pin From Net: NetName=VCC_BATT_FILT Pin=Cbulk2-1
Removed Pin From Net: NetName=GND Pin=Cbulk2-2
Removed Pin From Net: NetName=VCC_BATT_FILT Pin=Cbulk_5-1
Removed Pin From Net: NetName=GND Pin=Cbulk_5-2
Removed Pin From Net: NetName=VCC_BATT_FILT Pin=Cbulk_6-1
Removed Pin From Net: NetName=GND Pin=Cbulk_6-2
Removed Pin From Net: NetName=VCC_BATT_FILT Pin=Cbulk_7-1
Removed Pin From Net: NetName=GND Pin=Cbulk_7-2
Removed Pin From Net: NetName=VCC_BATT_FILT Pin=Cbulk_8-1
Removed Pin From Net: NetName=GND Pin=Cbulk_8-2
Removed Pin From Net: NetName=GND Pin=Ccomp3-2
Removed Pin From Net: NetName=GND Pin=Cf2-2
Removed Pin From Net: NetName=VCC_BATT_FILT Pin=Cin2-1
Removed Pin From Net: NetName=GND Pin=Cin2-2
Removed Pin From Net: NetName=VCC_BATT_FILT Pin=Cin_2-1
Removed Pin From Net: NetName=GND Pin=Cin_2-2
Removed Pin From Net: NetName=V12P0 Pin=Cout2-1
Removed Pin From Net: NetName=GND Pin=Cout2-2
Removed Pin From Net: NetName=V12P0 Pin=Cout_2-1
Removed Pin From Net: NetName=GND Pin=Cout_2-2
Removed Pin From Net: NetName=V12P0 Pin=Coutx4-1
Removed Pin From Net: NetName=GND Pin=Coutx4-2
Removed Pin From Net: NetName=V12P0 Pin=Coutx5-1
Removed Pin From Net: NetName=GND Pin=Coutx5-2
Removed Pin From Net: NetName=V12P0 Pin=Coutx6-1
Removed Pin From Net: NetName=GND Pin=Coutx6-2
Removed Pin From Net: NetName=GND Pin=Cslope2-2
Removed Pin From Net: NetName=GND Pin=Css2-2
Removed Pin From Net: NetName=GND Pin=Cvcc2-2
Removed Pin From Net: NetName=VCC_BATT_FILT Pin=Df2-2
Removed Pin From Net: NetName=VCC_BATT_FILT Pin=M5-5
Removed Pin From Net: NetName=VCC_BATT_FILT Pin=M5-6
Removed Pin From Net: NetName=VCC_BATT_FILT Pin=M5-7
Removed Pin From Net: NetName=VCC_BATT_FILT Pin=M5-8
Removed Pin From Net: NetName=VCC_BATT_FILT Pin=M5-9
Removed Pin From Net: NetName=V12P0 Pin=M6-5
Removed Pin From Net: NetName=V12P0 Pin=M6-6
Removed Pin From Net: NetName=V12P0 Pin=M6-7
Removed Pin From Net: NetName=V12P0 Pin=M6-8
Removed Pin From Net: NetName=V12P0 Pin=M6-9
Removed Pin From Net: NetName=GND Pin=Rcomp2-2
Removed Pin From Net: NetName=GND Pin=Rcsg2-2
Removed Pin From Net: NetName=GND Pin=Rfbb2-2
Removed Pin From Net: NetName=GND Pin=Rfbb3-2
Removed Pin From Net: NetName=V12P0 Pin=Rfbt2-1
Removed Pin From Net: NetName=GND Pin=Rmode2-2
Removed Pin From Net: NetName=GND Pin=Rsense2-2
Removed Pin From Net: NetName=GND Pin=Rt2-2
Removed Pin From Net: NetName=GND Pin=Ruvb2-2
Removed Pin From Net: NetName=VCC_BATT_FILT Pin=Ruvt2-1
Removed Pin From Net: NetName=VCC_BATT_FILT Pin=Rvisns2-2
Removed Pin From Net: NetName=GND Pin=U5-2
Removed Pin From Net: NetName=GND Pin=U5-7
Removed Pin From Net: NetName=V12P0 Pin=U5-9
Removed Pin From Net: NetName=GND Pin=U5-10
Removed Pin From Net: NetName=GND Pin=U5-11
Removed Pin From Net: NetName=GND Pin=U5-19
Removed Pin From Net: NetName=GND Pin=U5-29
Change Room Name: Old Name=Designator_1 New Name=Designator
