Removed Pin From Net: NetName=GND Pin=C10-1
Removed Pin From Net: NetName=VCC_BATT_FILT Pin=C10-2
Removed Pin From Net: NetName=GND Pin=C11-1
Removed Pin From Net: NetName=VCC_BATT_FILT Pin=C11-2
Removed Pin From Net: NetName=V5P0_Servo Pin=C14-2
Removed Pin From Net: NetName=GND Pin=C16-1
Removed Pin From Net: NetName=V5P0_Servo Pin=C16-2
Removed Pin From Net: NetName=GND Pin=C18-1
Removed Pin From Net: NetName=V5P0_Servo Pin=C18-2
Removed Pin From Net: NetName=GND Pin=C20-1
Removed Pin From Net: NetName=V5P0_Servo Pin=L3-2
Removed Pin From Net: NetName=V5P0_Servo Pin=R3-2
Removed Pin From Net: NetName=GND Pin=R5-1
Removed Pin From Net: NetName=GND Pin=U3-7
Removed Pin From Net: NetName=VCC_BATT_FILT Pin=U3-8
Removed Pin From Net: NetName=VCC_BATT_FILT Pin=U3-9
Removed Pin From Net: NetName=VCC_BATT_FILT Pin=U3-10
Removed Pin From Net: NetName=GND Pin=U3-12
Removed Pin From Net: NetName=GND Pin=U3-13
Removed Pin From Net: NetName=GND Pin=U3-13
Removed Pin From Net: NetName=GND Pin=U3-13
Removed Pin From Net: NetName=GND Pin=U3-13
Removed Pin From Net: NetName=GND Pin=U3-13
Removed Member From Class: ClassName=Designator Member=C8
Removed Member From Class: ClassName=Designator Member=C10
Removed Member From Class: ClassName=Designator Member=C11
Removed Member From Class: ClassName=Designator Member=C14
Removed Member From Class: ClassName=Designator Member=C16
Removed Member From Class: ClassName=Designator Member=C18
Removed Member From Class: ClassName=Designator Member=C20
Removed Member From Class: ClassName=Designator Member=L3
Removed Member From Class: ClassName=Designator Member=R3
Removed Member From Class: ClassName=Designator Member=R5
Removed Member From Class: ClassName=Designator Member=U3
Removed Member From Class: ClassName=Designator_Nets Member=NetC8_1
Removed Member From Class: ClassName=Designator_Nets Member=NetC8_2
Removed Member From Class: ClassName=Designator_Nets Member=NetC14_1
Removed Member From Class: ClassName=Designator_Nets Member=NetC20_2
