Removed Pin From Net: NetName=26_0 Pin=Cboot1_2-2
Removed Pin From Net: NetName=11_0 Pin=Cboot2_1-2
Removed Pin From Net: NetName=11_0 Pin=L1_1-2
Removed Pin From Net: NetName=26_0 Pin=L1_2-1
Removed Pin From Net: NetName=26_0 Pin=M1_2-1
Removed Pin From Net: NetName=26_0 Pin=M1_2-2
Removed Pin From Net: NetName=26_0 Pin=M1_2-3
Removed Pin From Net: NetName=11_0 Pin=M2_1-1
Removed Pin From Net: NetName=11_0 Pin=M2_1-2
Removed Pin From Net: NetName=11_0 Pin=M2_1-3
Removed Pin From Net: NetName=15_0 Pin=M3_2-1
Removed Pin From Net: NetName=15_0 Pin=M3_2-2
Removed Pin From Net: NetName=15_0 Pin=M3_2-3
Removed Pin From Net: NetName=26_0 Pin=M3_2-5
Removed Pin From Net: NetName=26_0 Pin=M3_2-6
Removed Pin From Net: NetName=26_0 Pin=M3_2-7
Removed Pin From Net: NetName=26_0 Pin=M3_2-8
Removed Pin From Net: NetName=26_0 Pin=M3_2-9
Removed Pin From Net: NetName=11_0 Pin=M4_1-5
Removed Pin From Net: NetName=11_0 Pin=M4_1-6
Removed Pin From Net: NetName=11_0 Pin=M4_1-7
Removed Pin From Net: NetName=11_0 Pin=M4_1-8
Removed Pin From Net: NetName=11_0 Pin=M4_1-9
Removed Pin From Net: NetName=15_0 Pin=M4_2-1
Removed Pin From Net: NetName=15_0 Pin=M4_2-2
Removed Pin From Net: NetName=15_0 Pin=M4_2-3
Removed Pin From Net: NetName=15_0 Pin=Rcsp1_2-2
Removed Pin From Net: NetName=15_0 Pin=Rsense1_2-1
Removed Pin From Net: NetName=11_0 Pin=U1_1-15
Removed Pin From Net: NetName=26_0 Pin=U1_2-25
Removed Member From Class: ClassName=Cboot2_1_Nets Member=11_0
Removed Member From Class: ClassName=Cboot2_2_Nets Member=11_0
Removed Member From Class: ClassName=L1_1_Nets Member=11_0
Removed Member From Class: ClassName=L1_2_Nets Member=11_0
Removed Member From Class: ClassName=M2_1_Nets Member=11_0
Removed Member From Class: ClassName=M2_2_Nets Member=11_0
Removed Member From Class: ClassName=M4_1_Nets Member=11_0
Removed Member From Class: ClassName=M4_2_Nets Member=11_0
Removed Member From Class: ClassName=U1_1_Nets Member=11_0
Removed Member From Class: ClassName=U1_2_Nets Member=11_0
Removed Member From Class: ClassName=M3_1_Nets Member=15_0
Removed Member From Class: ClassName=M3_2_Nets Member=15_0
Removed Member From Class: ClassName=M4_1_Nets Member=15_0
Removed Member From Class: ClassName=M4_2_Nets Member=15_0
Removed Member From Class: ClassName=Rcsp1_1_Nets Member=15_0
Removed Member From Class: ClassName=Rcsp1_2_Nets Member=15_0
Removed Member From Class: ClassName=Rsense1_1_Nets Member=15_0
Removed Member From Class: ClassName=Rsense1_2_Nets Member=15_0
Removed Member From Class: ClassName=Cboot1_1_Nets Member=26_0
Removed Member From Class: ClassName=Cboot1_2_Nets Member=26_0
Removed Member From Class: ClassName=L1_1_Nets Member=26_0
Removed Member From Class: ClassName=L1_2_Nets Member=26_0
Removed Member From Class: ClassName=M1_1_Nets Member=26_0
Removed Member From Class: ClassName=M1_2_Nets Member=26_0
Removed Member From Class: ClassName=M3_1_Nets Member=26_0
Removed Member From Class: ClassName=M3_2_Nets Member=26_0
Removed Member From Class: ClassName=U1_1_Nets Member=26_0
Removed Member From Class: ClassName=U1_2_Nets Member=26_0
Removed Member From Class: ClassName=M4_1_Nets Member=27_0
Removed Member From Class: ClassName=M4_2_Nets Member=27_0
Removed Member From Class: ClassName=U1_1_Nets Member=27_0
Removed Member From Class: ClassName=U1_2_Nets Member=27_0
Removed Member From Class: ClassName=M3_1_Nets Member=32_0
Removed Member From Class: ClassName=M3_2_Nets Member=32_0
Removed Member From Class: ClassName=U1_1_Nets Member=32_0
Removed Member From Class: ClassName=U1_2_Nets Member=32_0
Removed Member From Class: ClassName=M1_1_Nets Member=33_0
Removed Member From Class: ClassName=M1_2_Nets Member=33_0
Removed Member From Class: ClassName=U1_1_Nets Member=33_0
Removed Member From Class: ClassName=U1_2_Nets Member=33_0
Removed Member From Class: ClassName=M2_1_Nets Member=34_0
Removed Member From Class: ClassName=M2_2_Nets Member=34_0
Removed Member From Class: ClassName=U1_1_Nets Member=34_0
Removed Member From Class: ClassName=U1_2_Nets Member=34_0
Change Net Name : Old Net Name=11_0 New Net Name=11_0_2
Change Net Name : Old Net Name=15_0 New Net Name=15_0_1
Change Net Name : Old Net Name=26_0 New Net Name=26_0_1
Added Pin To Net: NetName=11_0_1 Pin=Cboot2_1-2
Added Pin To Net: NetName=11_0_1 Pin=L1_1-2
Added Pin To Net: NetName=11_0_1 Pin=M2_1-1
Added Pin To Net: NetName=11_0_1 Pin=M2_1-2
Added Pin To Net: NetName=11_0_1 Pin=M2_1-3
Added Pin To Net: NetName=11_0_1 Pin=M4_1-5
Added Pin To Net: NetName=11_0_1 Pin=M4_1-6
Added Pin To Net: NetName=11_0_1 Pin=M4_1-7
Added Pin To Net: NetName=11_0_1 Pin=M4_1-8
Added Pin To Net: NetName=11_0_1 Pin=M4_1-9
Added Pin To Net: NetName=11_0_1 Pin=U1_1-15
Added Net: Name=11_0_1
Added Pin To Net: NetName=15_0_2 Pin=M3_2-1
Added Pin To Net: NetName=15_0_2 Pin=M3_2-2
Added Pin To Net: NetName=15_0_2 Pin=M3_2-3
Added Pin To Net: NetName=15_0_2 Pin=M4_2-1
Added Pin To Net: NetName=15_0_2 Pin=M4_2-2
Added Pin To Net: NetName=15_0_2 Pin=M4_2-3
Added Pin To Net: NetName=15_0_2 Pin=Rcsp1_2-2
Added Pin To Net: NetName=15_0_2 Pin=Rsense1_2-1
Added Net: Name=15_0_2
Added Pin To Net: NetName=26_0_2 Pin=Cboot1_2-2
Added Pin To Net: NetName=26_0_2 Pin=L1_2-1
Added Pin To Net: NetName=26_0_2 Pin=M1_2-1
Added Pin To Net: NetName=26_0_2 Pin=M1_2-2
Added Pin To Net: NetName=26_0_2 Pin=M1_2-3
Added Pin To Net: NetName=26_0_2 Pin=M3_2-5
Added Pin To Net: NetName=26_0_2 Pin=M3_2-6
Added Pin To Net: NetName=26_0_2 Pin=M3_2-7
Added Pin To Net: NetName=26_0_2 Pin=M3_2-8
Added Pin To Net: NetName=26_0_2 Pin=M3_2-9
Added Pin To Net: NetName=26_0_2 Pin=U1_2-25
Added Net: Name=26_0_2
Added Pin To Net: NetName=27_0_1 Pin=M4_1-4
Added Pin To Net: NetName=27_0_1 Pin=U1_1-18
Added Net: Name=27_0_1
Added Pin To Net: NetName=27_0_2 Pin=M4_2-4
Added Pin To Net: NetName=27_0_2 Pin=U1_2-18
Added Net: Name=27_0_2
Added Pin To Net: NetName=32_0_1 Pin=M3_1-4
Added Pin To Net: NetName=32_0_1 Pin=U1_1-22
Added Net: Name=32_0_1
Added Pin To Net: NetName=32_0_2 Pin=M3_2-4
Added Pin To Net: NetName=32_0_2 Pin=U1_2-22
Added Net: Name=32_0_2
Added Pin To Net: NetName=33_0_1 Pin=M1_1-4
Added Pin To Net: NetName=33_0_1 Pin=U1_1-24
Added Net: Name=33_0_1
Added Pin To Net: NetName=33_0_2 Pin=M1_2-4
Added Pin To Net: NetName=33_0_2 Pin=U1_2-24
Added Net: Name=33_0_2
Added Pin To Net: NetName=34_0_1 Pin=M2_1-4
Added Pin To Net: NetName=34_0_1 Pin=U1_1-16
Added Net: Name=34_0_1
Added Pin To Net: NetName=34_0_2 Pin=M2_2-4
Added Pin To Net: NetName=34_0_2 Pin=U1_2-16
Added Net: Name=34_0_2
Added Member To Class: ClassName=Cboot2_1_Nets Member=Wire 11_0_1
Added Member To Class: ClassName=L1_1_Nets Member=Wire 11_0_1
Added Member To Class: ClassName=M2_1_Nets Member=Wire 11_0_1
Added Member To Class: ClassName=M4_1_Nets Member=Wire 11_0_1
Added Member To Class: ClassName=U1_1_Nets Member=Wire 11_0_1
Added Member To Class: ClassName=Cboot2_2_Nets Member=Wire 11_0_2
Added Member To Class: ClassName=L1_2_Nets Member=Wire 11_0_2
Added Member To Class: ClassName=M2_2_Nets Member=Wire 11_0_2
Added Member To Class: ClassName=M4_2_Nets Member=Wire 11_0_2
Added Member To Class: ClassName=U1_2_Nets Member=Wire 11_0_2
Added Member To Class: ClassName=M3_1_Nets Member=Wire 15_0_1
Added Member To Class: ClassName=M4_1_Nets Member=Wire 15_0_1
Added Member To Class: ClassName=Rcsp1_1_Nets Member=Wire 15_0_1
Added Member To Class: ClassName=Rsense1_1_Nets Member=Wire 15_0_1
Added Member To Class: ClassName=M3_2_Nets Member=Wire 15_0_2
Added Member To Class: ClassName=M4_2_Nets Member=Wire 15_0_2
Added Member To Class: ClassName=Rcsp1_2_Nets Member=Wire 15_0_2
Added Member To Class: ClassName=Rsense1_2_Nets Member=Wire 15_0_2
Added Member To Class: ClassName=Cboot1_1_Nets Member=Wire 26_0_1
Added Member To Class: ClassName=L1_1_Nets Member=Wire 26_0_1
Added Member To Class: ClassName=M1_1_Nets Member=Wire 26_0_1
Added Member To Class: ClassName=M3_1_Nets Member=Wire 26_0_1
Added Member To Class: ClassName=U1_1_Nets Member=Wire 26_0_1
Added Member To Class: ClassName=Cboot1_2_Nets Member=Wire 26_0_2
Added Member To Class: ClassName=L1_2_Nets Member=Wire 26_0_2
Added Member To Class: ClassName=M1_2_Nets Member=Wire 26_0_2
Added Member To Class: ClassName=M3_2_Nets Member=Wire 26_0_2
Added Member To Class: ClassName=U1_2_Nets Member=Wire 26_0_2
Added Member To Class: ClassName=M4_1_Nets Member=Wire 27_0_1
Added Member To Class: ClassName=U1_1_Nets Member=Wire 27_0_1
Added Member To Class: ClassName=M4_2_Nets Member=Wire 27_0_2
Added Member To Class: ClassName=U1_2_Nets Member=Wire 27_0_2
Added Member To Class: ClassName=M3_1_Nets Member=Wire 32_0_1
Added Member To Class: ClassName=U1_1_Nets Member=Wire 32_0_1
Added Member To Class: ClassName=M3_2_Nets Member=Wire 32_0_2
Added Member To Class: ClassName=U1_2_Nets Member=Wire 32_0_2
Added Member To Class: ClassName=M1_1_Nets Member=Wire 33_0_1
Added Member To Class: ClassName=U1_1_Nets Member=Wire 33_0_1
Added Member To Class: ClassName=M1_2_Nets Member=Wire 33_0_2
Added Member To Class: ClassName=U1_2_Nets Member=Wire 33_0_2
Added Member To Class: ClassName=M2_1_Nets Member=Wire 34_0_1
Added Member To Class: ClassName=U1_1_Nets Member=Wire 34_0_1
Added Member To Class: ClassName=M2_2_Nets Member=Wire 34_0_2
Added Member To Class: ClassName=U1_2_Nets Member=Wire 34_0_2
