Removed Member From Class: ClassName=Cout1_1_Nets Member=V12P0_1
Removed Member From Class: ClassName=Cout_1_1_Nets Member=V12P0_1
Removed Member From Class: ClassName=Coutx1_1_Nets Member=V12P0_1
Removed Member From Class: ClassName=Coutx2_1_Nets Member=V12P0_1
Removed Member From Class: ClassName=Coutx3_1_Nets Member=V12P0_1
Removed Member From Class: ClassName=J_Nets Member=V12P0_1
Removed Member From Class: ClassName=M2_1_Nets Member=V12P0_1
Removed Member From Class: ClassName=P2_Nets Member=V12P0_1
Removed Member From Class: ClassName=R11_Nets Member=V12P0_1
Removed Member From Class: ClassName=Rfbt1_1_Nets Member=V12P0_1
Removed Member From Class: ClassName=TP6_Nets Member=V12P0_1
Removed Member From Class: ClassName=U1_1_Nets Member=V12P0_1
Removed Member From Class: ClassName=Cout1_2_Nets Member=V12P0_2
Removed Member From Class: ClassName=Cout_1_2_Nets Member=V12P0_2
Removed Member From Class: ClassName=Coutx1_2_Nets Member=V12P0_2
Removed Member From Class: ClassName=Coutx2_2_Nets Member=V12P0_2
Removed Member From Class: ClassName=Coutx3_2_Nets Member=V12P0_2
Removed Member From Class: ClassName=M2_2_Nets Member=V12P0_2
Removed Member From Class: ClassName=Rfbt1_2_Nets Member=V12P0_2
Removed Member From Class: ClassName=U1_2_Nets Member=V12P0_2
Added Pin To Net: NetName=V12P0_2 Pin=Cout1_1-1
Added Pin To Net: NetName=V12P0_2 Pin=Cout_1_1-1
Added Pin To Net: NetName=V12P0_2 Pin=Coutx1_1-1
Added Pin To Net: NetName=V12P0_2 Pin=Coutx2_1-1
Added Pin To Net: NetName=V12P0_2 Pin=Coutx3_1-1
Added Pin To Net: NetName=V12P0_2 Pin=J-15
Added Pin To Net: NetName=V12P0_2 Pin=M2_1-5
Added Pin To Net: NetName=V12P0_2 Pin=M2_1-6
Added Pin To Net: NetName=V12P0_2 Pin=M2_1-7
Added Pin To Net: NetName=V12P0_2 Pin=M2_1-8
Added Pin To Net: NetName=V12P0_2 Pin=M2_1-9
Added Pin To Net: NetName=V12P0_2 Pin=P2-1
Added Pin To Net: NetName=V12P0_2 Pin=P2-2
Added Pin To Net: NetName=V12P0_2 Pin=P2-6
Added Pin To Net: NetName=V12P0_2 Pin=R11-2
Added Pin To Net: NetName=V12P0_2 Pin=Rfbt1_1-1
Added Pin To Net: NetName=V12P0_2 Pin=TP6-1
Added Pin To Net: NetName=V12P0_2 Pin=U1_1-9
Change Net Name : Old Net Name=V12P0_2 New Net Name=V12P0
Added Member To Class: ClassName=Cout1_1_Nets Member=Wire V12P0
Added Member To Class: ClassName=Cout1_2_Nets Member=Wire V12P0
Added Member To Class: ClassName=Cout_1_1_Nets Member=Wire V12P0
Added Member To Class: ClassName=Cout_1_2_Nets Member=Wire V12P0
Added Member To Class: ClassName=Coutx1_1_Nets Member=Wire V12P0
Added Member To Class: ClassName=Coutx1_2_Nets Member=Wire V12P0
Added Member To Class: ClassName=Coutx2_1_Nets Member=Wire V12P0
Added Member To Class: ClassName=Coutx2_2_Nets Member=Wire V12P0
Added Member To Class: ClassName=Coutx3_1_Nets Member=Wire V12P0
Added Member To Class: ClassName=Coutx3_2_Nets Member=Wire V12P0
Added Member To Class: ClassName=J_Nets Member=Wire V12P0
Added Member To Class: ClassName=M2_1_Nets Member=Wire V12P0
Added Member To Class: ClassName=M2_2_Nets Member=Wire V12P0
Added Member To Class: ClassName=P2_Nets Member=Wire V12P0
Added Member To Class: ClassName=R11_Nets Member=Wire V12P0
Added Member To Class: ClassName=Rfbt1_1_Nets Member=Wire V12P0
Added Member To Class: ClassName=Rfbt1_2_Nets Member=Wire V12P0
Added Member To Class: ClassName=TP6_Nets Member=Wire V12P0
Added Member To Class: ClassName=U1_1_Nets Member=Wire V12P0
Added Member To Class: ClassName=U1_2_Nets Member=Wire V12P0
