Removed Pin From Net: NetName=V5P0_Sense Pin=P6-1
Removed Pin From Net: NetName=Ard_A7 Pin=P6-2
Removed Pin From Net: NetName=V12P0_Sense Pin=P6-3
Removed Pin From Net: NetName=Ard_A0 Pin=P6-4
Removed Pin From Net: NetName=VCC_Sense Pin=P6-5
Removed Pin From Net: NetName=Ard_A1 Pin=P6-6
Removed Pin From Net: NetName=V5P0_S_Sense Pin=P7-1
Removed Pin From Net: NetName=Ard_A2 Pin=P7-2
Removed Pin From Net: NetName=V3P3 Pin=P7-3
Removed Pin From Net: NetName=Ard_A3 Pin=P7-4
Removed Pin From Net: NetName=Sense_COM Pin=P7-5
Removed Pin From Net: NetName=GND Pin=P7-6
Removed Member From Class: ClassName=Designator Member=P6
Removed Member From Class: ClassName=Designator Member=P7
Added Component: Designator=R24(RESC2013X50X30LL20T20)
Add component (AddParameter): Name = "Manufacturer"; Value = "Vishay Dale"; VariantName = "[No Variations]"
Add component (AddParameter): Name = "Part Number"; Value = "CRCW08050000Z0EA"; VariantName = "[No Variations]"
Added Component: Designator=R25(RESC2013X50X30LL20T20)
Add component (AddParameter): Name = "Manufacturer"; Value = "Vishay Dale"; VariantName = "[No Variations]"
Add component (AddParameter): Name = "Part Number"; Value = "CRCW08050000Z0EA"; VariantName = "[No Variations]"
Added Component: Designator=R26(RESC2013X50X30LL20T20)
Add component (AddParameter): Name = "Manufacturer"; Value = "Vishay Dale"; VariantName = "[No Variations]"
Add component (AddParameter): Name = "Part Number"; Value = "CRCW08050000Z0EA"; VariantName = "[No Variations]"
Added Component: Designator=R27(RESC2013X50X30LL20T20)
Add component (AddParameter): Name = "Manufacturer"; Value = "Vishay Dale"; VariantName = "[No Variations]"
Add component (AddParameter): Name = "Part Number"; Value = "CRCW08050000Z0EA"; VariantName = "[No Variations]"
Added Component: Designator=R28(RESC2013X50X30LL20T20)
Add component (AddParameter): Name = "Manufacturer"; Value = "Vishay Dale"; VariantName = "[No Variations]"
Add component (AddParameter): Name = "Part Number"; Value = "CRCW08050000Z0EA"; VariantName = "[No Variations]"
Added Component: Designator=R29(RESC2013X50X30LL20T20)
Add component (AddParameter): Name = "Manufacturer"; Value = "Vishay Dale"; VariantName = "[No Variations]"
Add component (AddParameter): Name = "Part Number"; Value = "CRCW08050000Z0EA"; VariantName = "[No Variations]"
Added Pin To Net: NetName=VCC_Sense Pin=R24-1
Added Pin To Net: NetName=Ard_A7 Pin=R24-2
Added Pin To Net: NetName=V12P0_Sense Pin=R25-1
Added Pin To Net: NetName=Ard_A0 Pin=R25-2
Added Pin To Net: NetName=V5P0_S_Sense Pin=R26-1
Added Pin To Net: NetName=Ard_A1 Pin=R26-2
Added Pin To Net: NetName=V5P0_Sense Pin=R27-1
Added Pin To Net: NetName=Ard_A2 Pin=R27-2
Added Pin To Net: NetName=V3P3 Pin=R28-1
Added Pin To Net: NetName=Ard_A3 Pin=R28-2
Added Pin To Net: NetName=Sense_COM Pin=R29-1
Added Pin To Net: NetName=GND Pin=R29-2
Added Class: Name=R24_Nets
Added Class: Name=R25_Nets
Added Class: Name=R26_Nets
Added Class: Name=R27_Nets
Added Class: Name=R28_Nets
Added Class: Name=R29_Nets
Added Member To Class: ClassName=Designator Member=Component R24 CRCW08050000Z0EA
Added Member To Class: ClassName=Designator Member=Component R25 CRCW08050000Z0EA
Added Member To Class: ClassName=Designator Member=Component R26 CRCW08050000Z0EA
Added Member To Class: ClassName=Designator Member=Component R27 CRCW08050000Z0EA
Added Member To Class: ClassName=Designator Member=Component R28 CRCW08050000Z0EA
Added Member To Class: ClassName=Designator Member=Component R29 CRCW08050000Z0EA
