Removed Pin From Net: NetName=NetC1_2 Pin=U2-2
Removed Pin From Net: NetName=NetC7_2 Pin=U2-3
Removed Pin From Net: NetName=NetC4_1 Pin=U2-4
Removed Pin From Net: NetName=VCC_BATT_FILT Pin=U2-5
Removed Pin From Net: NetName=GND Pin=U2-6
Removed Pin From Net: NetName=VCC_BATT_FILT Pin=U2-7
Removed Pin From Net: NetName=GND Pin=U2-8
Removed Pin From Net: NetName=GND Pin=U2-9
Removed Pin From Net: NetName=NetC8_2 Pin=U3-2
Removed Pin From Net: NetName=NetC20_2 Pin=U3-3
Removed Pin From Net: NetName=NetC14_1 Pin=U3-4
Removed Pin From Net: NetName=VCC_BATT_FILT Pin=U3-5
Removed Pin From Net: NetName=GND Pin=U3-6
Removed Pin From Net: NetName=VCC_BATT_FILT Pin=U3-7
Removed Pin From Net: NetName=GND Pin=U3-8
Removed Pin From Net: NetName=GND Pin=U3-9
Removed Pin From Net: NetName=NetC9_2 Pin=U4-2
Removed Pin From Net: NetName=NetC21_2 Pin=U4-3
Removed Pin From Net: NetName=NetC15_1 Pin=U4-4
Removed Pin From Net: NetName=VCC_BATT_FILT Pin=U4-5
Removed Pin From Net: NetName=GND Pin=U4-6
Removed Pin From Net: NetName=VCC_BATT_FILT Pin=U4-7
Removed Pin From Net: NetName=GND Pin=U4-8
Removed Pin From Net: NetName=GND Pin=U4-9
Change Component Footprint: Designator=U2 Old Footprint=DDA0008E_N New Footprint=DRR0012D
Change Component Footprint: Designator=U3 Old Footprint=DDA0008E_N New Footprint=DRR0012D
Change Component Footprint: Designator=U4 Old Footprint=DDA0008E_N New Footprint=DRR0012D
Change Component Comment : Designator=U2 Old Comment=LMR23630-Q1 New Comment=LMR23630FQDRRTQ1
Change Component Comment : Designator=U3 Old Comment=LMR23630-Q1 New Comment=LMR23630FQDRRTQ1
Change Component Comment : Designator=U4 Old Comment=LMR23630-Q1 New Comment=LMR23630FQDRRTQ1
Change component parameters: Designator = "U2" ("U2"); Footprint = "DDA0008E_N"; UniqueID = "\PAWRGBZI\QWBKMSCI" ("\PAWRGBZI\QWBKMSCI")
Change component parameters (AddParameter): Name = "Mfr_Name"; Value = "Texas Instruments"; VariantName = "[No Variations]"
Change component parameters (AddParameter): Name = "RefDes"; Value = "RefDes"; VariantName = "[No Variations]"
Change component parameters (AddParameter): Name = "TYPE"; Value = "TYPE"; VariantName = "[No Variations]"
Change component parameters: Designator = "U3" ("U3"); Footprint = "DDA0008E_N"; UniqueID = "\PAWRGBZI\TUYHICWA" ("\PAWRGBZI\TUYHICWA")
Change component parameters (AddParameter): Name = "Mfr_Name"; Value = "Texas Instruments"; VariantName = "[No Variations]"
Change component parameters (AddParameter): Name = "RefDes"; Value = "RefDes"; VariantName = "[No Variations]"
Change component parameters (AddParameter): Name = "TYPE"; Value = "TYPE"; VariantName = "[No Variations]"
Change component parameters: Designator = "U4" ("U4"); Footprint = "DDA0008E_N"; UniqueID = "\PAWRGBZI\GINZIJCF" ("\PAWRGBZI\GINZIJCF")
Change component parameters (AddParameter): Name = "Mfr_Name"; Value = "Texas Instruments"; VariantName = "[No Variations]"
Change component parameters (AddParameter): Name = "RefDes"; Value = "RefDes"; VariantName = "[No Variations]"
Change component parameters (AddParameter): Name = "TYPE"; Value = "TYPE"; VariantName = "[No Variations]"
Added Pin To Net: NetName=NetC1_1 Pin=U2-2
Added Pin To Net: NetName=NetC1_2 Pin=U2-3
Added Pin To Net: NetName=NetC7_2 Pin=U2-4
Added Pin To Net: NetName=NetC4_1 Pin=U2-5
Added Pin To Net: NetName=GND Pin=U2-7
Added Pin To Net: NetName=VCC_BATT_FILT Pin=U2-8
Added Pin To Net: NetName=VCC_BATT_FILT Pin=U2-9
Added Pin To Net: NetName=VCC_BATT_FILT Pin=U2-10
Added Pin To Net: NetName=GND Pin=U2-12
Added Pin To Net: NetName=GND Pin=U2-13
Added Pin To Net: NetName=NetC8_1 Pin=U3-2
Added Pin To Net: NetName=NetC8_2 Pin=U3-3
Added Pin To Net: NetName=NetC20_2 Pin=U3-4
Added Pin To Net: NetName=NetC14_1 Pin=U3-5
Added Pin To Net: NetName=GND Pin=U3-7
Added Pin To Net: NetName=VCC_BATT_FILT Pin=U3-8
Added Pin To Net: NetName=VCC_BATT_FILT Pin=U3-9
Added Pin To Net: NetName=VCC_BATT_FILT Pin=U3-10
Added Pin To Net: NetName=GND Pin=U3-12
Added Pin To Net: NetName=GND Pin=U3-13
Added Pin To Net: NetName=NetC9_1 Pin=U4-2
Added Pin To Net: NetName=NetC9_2 Pin=U4-3
Added Pin To Net: NetName=NetC21_2 Pin=U4-4
Added Pin To Net: NetName=NetC15_1 Pin=U4-5
Added Pin To Net: NetName=GND Pin=U4-7
Added Pin To Net: NetName=VCC_BATT_FILT Pin=U4-8
Added Pin To Net: NetName=VCC_BATT_FILT Pin=U4-9
Added Pin To Net: NetName=VCC_BATT_FILT Pin=U4-10
Added Pin To Net: NetName=GND Pin=U4-12
Added Pin To Net: NetName=GND Pin=U4-13
Added Class: Name=Sht2-V12P0_reg
Change Room Name: Old Name=Designator_1 New Name=Designator
