Removed Pin From Net: NetName=VBAT_THRUSTERS Pin=D1-2
Removed Pin From Net: NetName=VBAT_THRUSTERS Pin=D2-2
Removed Pin From Net: NetName=VBAT_THRUSTERS Pin=J1-2
Removed Pin From Net: NetName=VBAT_THRUSTERS Pin=J2-2
Removed Pin From Net: NetName=VBAT_THRUSTERS Pin=J3-2
Removed Pin From Net: NetName=VBAT_THRUSTERS Pin=J4-2
Removed Pin From Net: NetName=VBAT_THRUSTERS Pin=J5-2
Removed Pin From Net: NetName=VBAT_THRUSTERS Pin=J6-2
Removed Pin From Net: NetName=VBAT_THRUSTERS Pin=J7-2
Removed Pin From Net: NetName=VBAT_THRUSTERS Pin=J8-2
Removed Pin From Net: NetName=VBAT_THRUSTERS Pin=U1-5
Change Component Designator: OldDesignator=SENSE+ NewDesignator=J10
Added Component: Designator=Rs(J1-0603)
Add component (AddParameter): Name = "LatestRevisionDate"; Value = "29-May-2009"; VariantName = "[No Variations]"
Add component (AddParameter): Name = "LatestRevisionNote"; Value = "IPC-7351 Footprint Added."; VariantName = "[No Variations]"
Add component (AddParameter): Name = "PackageDescription"; Value = "Chip Resistor"; VariantName = "[No Variations]"
Add component (AddParameter): Name = "PackageReference"; Value = "J1-0603"; VariantName = "[No Variations]"
Add component (AddParameter): Name = "Published"; Value = "8-Jun-2000"; VariantName = "[No Variations]"
Add component (AddParameter): Name = "Publisher"; Value = "Altium Limited"; VariantName = "[No Variations]"
Add component (AddParameter): Name = "Value"; Value = "10R"; VariantName = "[No Variations]"
Added Pin To Net: NetName=VBAT_THRUSTERS Pin=Cin1-2
Added Pin To Net: NetName=VBAT_THRUSTERS Pin=Cout1-2
Added Pin To Net: NetName=VBAT_THRUSTERS Pin=J9-1
Added Pin To Net: NetName=VBAT_THRUSTERS Pin=J9-2
Added Pin To Net: NetName=VBAT_THRUSTERS Pin=J9-3
Added Pin To Net: NetName=VBAT_THRUSTERS Pin=J9-4
Added Pin To Net: NetName=VBAT_THRUSTERS Pin=L1-2
Added Pin To Net: NetName=GND Pin=Rs-1
Added Pin To Net: NetName=VBAT_THRUSTERS Pin=U1-7
Change Net Name : Old Net Name=VBAT_THRUSTERS New Net Name=VBAT
Added Pin To Net: NetName=NetRs_2 Pin=Rs-2
Added Pin To Net: NetName=NetRs_2 Pin=U1-3
Added Net: Name=NetRs_2
Added Pin To Net: NetName=VBAT_THRUSTERS Pin=D1-2
Added Pin To Net: NetName=VBAT_THRUSTERS Pin=D2-2
Added Pin To Net: NetName=VBAT_THRUSTERS Pin=J1-2
Added Pin To Net: NetName=VBAT_THRUSTERS Pin=J2-2
Added Pin To Net: NetName=VBAT_THRUSTERS Pin=J3-2
Added Pin To Net: NetName=VBAT_THRUSTERS Pin=J4-2
Added Pin To Net: NetName=VBAT_THRUSTERS Pin=J5-2
Added Pin To Net: NetName=VBAT_THRUSTERS Pin=J6-2
Added Pin To Net: NetName=VBAT_THRUSTERS Pin=J7-2
Added Pin To Net: NetName=VBAT_THRUSTERS Pin=J8-2
Added Pin To Net: NetName=VBAT_THRUSTERS Pin=Q1-1
Added Pin To Net: NetName=VBAT_THRUSTERS Pin=Q1-2
Added Pin To Net: NetName=VBAT_THRUSTERS Pin=Q1-3
Added Pin To Net: NetName=VBAT_THRUSTERS Pin=Q4-1
Added Pin To Net: NetName=VBAT_THRUSTERS Pin=Q4-2
Added Pin To Net: NetName=VBAT_THRUSTERS Pin=Q4-3
Added Pin To Net: NetName=VBAT_THRUSTERS Pin=Q5-1
Added Pin To Net: NetName=VBAT_THRUSTERS Pin=Q5-2
Added Pin To Net: NetName=VBAT_THRUSTERS Pin=Q5-3
Added Pin To Net: NetName=VBAT_THRUSTERS Pin=U1-5
Added Net: Name=VBAT_THRUSTERS
Added Member To Class: ClassName=U_Interfaces Member=Component J10 TSW-101-07-L-S
Added Member To Class: ClassName=U_Power Member=Component Rs 0603
Added Room: Name=U_Interfaces
Added Room: Name=U_Power
