Removed Pin From Net: NetName=GND Pin=P7-1
Removed Pin From Net: NetName=RSENSE- Pin=P7-2
Removed Pin From Net: NetName=MCU1_PWM0 Pin=P7-3
Removed Pin From Net: NetName=MCU1_PWM1 Pin=P7-4
Removed Pin From Net: NetName=MCU1_PWM2 Pin=P7-5
Removed Pin From Net: NetName=GND Pin=P7-6
Removed Pin From Net: NetName=RSENSE- Pin=P7-7
Removed Pin From Net: NetName=MCU1_PWM3 Pin=P7-8
Removed Pin From Net: NetName=MCU1_PWM4 Pin=P7-9
Removed Pin From Net: NetName=MCU1_PWM5 Pin=P7-10
Removed Member From Class: ClassName=U_Servos Member=P7
Added Component: Designator=P?(MOLEX NANO-FIT 2X6 - Right Angle)
Add component. Clean all parameters for all variants
Add component (AddParameter): Name = "ComponentLink1Description"; Value = "Digikey Link"; VariantName = "[No Variations]"
Add component (AddParameter): Name = "ComponentLink1URL"; Value = "https://www.digikey.com/product-detail/en/molex-llc/1053141312/WM15170-ND/6164259"; VariantName = "[No Variations]"
Add component (AddParameter): Name = "Supplier 1"; Value = "Digi-Key"; VariantName = "[No Variations]"
Add component (AddParameter): Name = "Supplier Part Number 1"; Value = "WM15170-ND"; VariantName = "[No Variations]"
Added Pin To Net: NetName=GND Pin=P?-1
Added Pin To Net: NetName=RSENSE- Pin=P?-2
Added Pin To Net: NetName=MCU1_PWM0 Pin=P?-3
Added Pin To Net: NetName=MCU1_PWM1 Pin=P?-4
Added Pin To Net: NetName=MCU1_PWM2 Pin=P?-5
Added Pin To Net: NetName=GND Pin=P?-6
Added Pin To Net: NetName=GND Pin=P?-7
Added Pin To Net: NetName=RSENSE- Pin=P?-8
Added Pin To Net: NetName=MCU1_PWM3 Pin=P?-9
Added Pin To Net: NetName=MCU1_PWM4 Pin=P?-10
Added Pin To Net: NetName=MCU1_PWM5 Pin=P?-11
Added Pin To Net: NetName=GND Pin=P?-12
Added Member To Class: ClassName=U_Servos Member=Component P? 12-Pin Molex Nano-Fit
