Removed Pin From Net: NetName=GND Pin=C49-1
Removed Pin From Net: NetName=GND Pin=C50-1
Removed Pin From Net: NetName=GND Pin=C51-1
Removed Pin From Net: NetName=GND Pin=C52-1
Removed Pin From Net: NetName=GND Pin=D12-1
Removed Pin From Net: NetName=VCC_HYDRO Pin=J1-2
Removed Pin From Net: NetName=VCC_HYDRO Pin=J2-2
Removed Pin From Net: NetName=GND Pin=U7-2
Removed Member From Class: ClassName=U_Power Member=C49
Removed Member From Class: ClassName=U_Power Member=C50
Removed Member From Class: ClassName=U_Power Member=C51
Removed Member From Class: ClassName=U_Power Member=C52
Removed Member From Class: ClassName=U_Interface Member=D12
Removed Member From Class: ClassName=U_Power Member=J1
Removed Member From Class: ClassName=U_Power Member=J2
Removed Member From Class: ClassName=U_Interface Member=R40
Removed Member From Class: ClassName=U_Power Member=U7
Added Pin To Net: NetName=VCC_HYDRO Pin=C58-1
Added Pin To Net: NetName=VBAT_THRUSTERS Pin=FB2-1
Added Pin To Net: NetName=VCC_HYDRO Pin=FB2-2
