Removed Pin From Net: NetName=AVCC_3V3 Pin=C40-2
Removed Pin From Net: NetName=AVCC_3V3 Pin=C41-2
Removed Pin From Net: NetName=MCU1_USART2_TX Pin=P6-1
Removed Pin From Net: NetName=MCU2_USART2_RX Pin=P6-2
Removed Pin From Net: NetName=MCU1_USART2_RX Pin=P6-3
Removed Pin From Net: NetName=MCU2_USART2_TX Pin=P6-4
Removed Pin From Net: NetName=AVCC_3V3 Pin=R52-1
Removed Member From Class: ClassName=U_MCU_Main Member=P6
Added Component: Designator=P?(HDR2X2)
Add component. Clean all parameters for all variants
Add component (AddParameter): Name = "LatestRevisionDate"; Value = "17-Jul-2002"; VariantName = "[No Variations]"
Add component (AddParameter): Name = "LatestRevisionNote"; Value = "Re-released for DXP Platform."; VariantName = "[No Variations]"
Add component (AddParameter): Name = "Publisher"; Value = "Altium Limited"; VariantName = "[No Variations]"
Added Pin To Net: NetName=VCC_3V3 Pin=C40-2
Added Pin To Net: NetName=VCC_3V3 Pin=C41-2
Added Pin To Net: NetName=MCU1_USART2_TX Pin=P?-1
Added Pin To Net: NetName=MCU2_USART2_RX Pin=P?-2
Added Pin To Net: NetName=MCU2_USART2_TX Pin=P?-3
Added Pin To Net: NetName=MCU1_USART2_RX Pin=P?-4
Added Pin To Net: NetName=VCC_3V3 Pin=R52-1
Added Member To Class: ClassName=U_MCU_Main Member=Component P? Header 2X2
Added Member To Class: ClassName=H1 Member=Component R3_H1 (R3) 270R
