Replace Part ? BSC0702LSATMA1 in Sheet1.SchDoc with BSC0702LSATMA1 from TAUV-Lib.SchLib
Replace Part ? BSC0702LSATMA1 in Sheet1.SchDoc with BSC0702LSATMA1 from TAUV-Lib.SchLib
Replace Part ? BSC0702LSATMA1 in Sheet1.SchDoc with BSC0702LSATMA1 from TAUV-Lib.SchLib
Update Managed Component D? From CMP-2000-07088-2[SMAJ30CA] To CMP-2000-07088-2[SMAJ30CA] in Sheet1.SchDoc
Replace Part J? 2-pin megafit in Sheet1.SchDoc with 2-pin megafit from TAUV-Lib.SchLib
Replace Part J? 2-pin megafit in Sheet1.SchDoc with 2-pin megafit from TAUV-Lib.SchLib
Replace Part J? 2-pin megafit in Sheet1.SchDoc with 2-pin megafit from TAUV-Lib.SchLib
Replace Part J? 2-pin megafit in Sheet1.SchDoc with 2-pin megafit from TAUV-Lib.SchLib
Replace Part J? 2-pin megafit in Sheet1.SchDoc with 2-pin megafit from TAUV-Lib.SchLib
Replace Part J? 2-pin megafit in Sheet1.SchDoc with 2-pin megafit from TAUV-Lib.SchLib
Replace Part J? 2-pin megafit in Sheet1.SchDoc with 2-pin megafit from TAUV-Lib.SchLib
Replace Part J? 2-pin megafit in Sheet1.SchDoc with 2-pin megafit from TAUV-Lib.SchLib
Replace Part J? 2-pin megafit in Sheet1.SchDoc with 2-pin megafit from TAUV-Lib.SchLib
Replace Part J? 2-pin megafit in Sheet1.SchDoc with 2-pin megafit from TAUV-Lib.SchLib
Replace Part P? XT90 in Sheet1.SchDoc with XT90 from TAUV-Lib.SchLib
Replace Part P? 14-Pin 2-Row Nano-Fit Right Angle in Sheet1.SchDoc with 14-Pin 2-Row Nano-Fit Right Angle from CMR_Connectors.IntLib
Replace Part P? 14-Pin 2-Row Nano-Fit Right Angle in Sheet1.SchDoc with 14-Pin 2-Row Nano-Fit Right Angle from CMR_Connectors.IntLib
Replace Part Q? IRF9Z34STRLPBF in Sheet1.SchDoc with IRF9Z34STRLPBF from TAUV-Lib.SchLib
Replace Part Q? IRF9Z34STRLPBF in Sheet1.SchDoc with IRF9Z34STRLPBF from TAUV-Lib.SchLib
Update Managed Component R? From CMP-1012-00586-3[4K7] To CMP-1012-00586-3[ERJ-3EKF4701V] in Sheet1.SchDoc
Update Managed Component R? From CMP-1012-00586-3[4K7] To CMP-1012-00586-3[ERJ-3EKF4701V] in Sheet1.SchDoc
Replace Part U? AP7387Q-33Y-13 in Sheet1.SchDoc with AP7387Q-33Y-13 from TAUV-Lib.SchLib
