Change Component Designator: OldDesignator=? NewDesignator=1
Change Component Designator: OldDesignator=? NewDesignator=2
Change Component Designator: OldDesignator=? NewDesignator=3
Change Component Designator: OldDesignator=C? NewDesignator=C1
Change Component Designator: OldDesignator=C? NewDesignator=C2
Change Component Designator: OldDesignator=D? NewDesignator=D2
Change Component Designator: OldDesignator=J? NewDesignator=J1
Change Component Designator: OldDesignator=J? NewDesignator=J2
Change Component Designator: OldDesignator=J? NewDesignator=J3
Change Component Designator: OldDesignator=J? NewDesignator=J4
Change Component Designator: OldDesignator=J? NewDesignator=J5
Change Component Designator: OldDesignator=J? NewDesignator=J6
Change Component Designator: OldDesignator=J? NewDesignator=J7
Change Component Designator: OldDesignator=J? NewDesignator=J8
Change Component Designator: OldDesignator=J? NewDesignator=J9
Change Component Designator: OldDesignator=J? NewDesignator=J10
Change Component Designator: OldDesignator=P? NewDesignator=P1
Change Component Designator: OldDesignator=P? NewDesignator=P2
Change Component Designator: OldDesignator=P? NewDesignator=P3
Change Component Designator: OldDesignator=R? NewDesignator=R1
Change Component Designator: OldDesignator=R? NewDesignator=R2
Change Component Designator: OldDesignator=U? NewDesignator=U1
Add Component: Footprint Not Found SBRT15U50SP5-13
Add Component: Footprint Not Found TO254P1521X483-4N
Add Component: Footprint Not Found TO254P1521X483-4N
Add Pin To Net: Unknown Pin: Pin D1-1
Added Pin To Net: NetName=GND Pin=D2-2
Added Pin To Net: NetName=Net?_4 Pin=P3-10
Add Pin To Net: Unknown Pin: Pin Q1-1
Add Pin To Net: Unknown Pin: Pin Q1-4
Add Pin To Net: Unknown Pin: Pin Q2-1
Add Pin To Net: Unknown Pin: Pin Q2-4
Change Net Name : Old Net Name=Net?_4 New Net Name=THRST_EN_P
Added Pin To Net: NetName=NetD1_2 Pin=R1-2
Added Pin To Net: NetName=NetD1_2 Pin=R2-2
Added Net: Name=NetD1_2
Added Member To Class: ClassName=Sht1-Schem Member=Component 2 BSC0702LSATMA1
Added Member To Class: ClassName=Sht1-Schem Member=Component 3 BSC0702LSATMA1
Added Member To Class: ClassName=Sht1-Schem Member=Component C2 GRM21BR71H105KA12L
Add Class Member: Failed to add class member : Component D1 SBRT15U50SP5-13
Added Member To Class: ClassName=Sht1-Schem Member=Component J1 2-pin megafit
Added Member To Class: ClassName=Sht1-Schem Member=Component J2 2-pin megafit
Added Member To Class: ClassName=Sht1-Schem Member=Component J3 2-pin megafit
Added Member To Class: ClassName=Sht1-Schem Member=Component J4 2-pin megafit
Added Member To Class: ClassName=Sht1-Schem Member=Component J5 2-pin megafit
Added Member To Class: ClassName=Sht1-Schem Member=Component J6 2-pin megafit
Added Member To Class: ClassName=Sht1-Schem Member=Component J8 2-pin megafit
Added Member To Class: ClassName=Sht1-Schem Member=Component J9 2-pin megafit
Added Member To Class: ClassName=Sht1-Schem Member=Component J10 2-pin megafit
Added Member To Class: ClassName=Sht1-Schem Member=Component P1 14-Pin 2-Row Nano-Fit Right Angle
Added Member To Class: ClassName=Sht1-Schem Member=Component P3 14-Pin 2-Row Nano-Fit Right Angle
Add Class Member: Failed to add class member : Component Q1 IRF9Z34STRLPBF
Add Class Member: Failed to add class member : Component Q2 IRF9Z34STRLPBF
Added Member To Class: ClassName=Sht1-Schem Member=Component R2 4K7
