Replace Symbol from Cbias1 08053C104KAT2A in Y:\Documents\GitHub\TAUV-Hardware\TAUV- Powerboard_22-23\TAUV-Regulated_Power\Sht2-V12P0.SchDoc with 08053C104KAT2A from TAUV-Lib.SchLib
Replace Symbol from Cbias2 08053C104KAT2A in Y:\Documents\GitHub\TAUV-Hardware\TAUV- Powerboard_22-23\TAUV-Regulated_Power\Sht2-V12P0.SchDoc with 08053C104KAT2A from TAUV-Lib.SchLib
Replace Symbol from Cboot1 06033C104KAT2A in Y:\Documents\GitHub\TAUV-Hardware\TAUV- Powerboard_22-23\TAUV-Regulated_Power\Sht2-V12P0.SchDoc with 06033C104KAT2A from TAUV-Lib.SchLib
Replace Symbol from Cboot2 06033C104KAT2A in Y:\Documents\GitHub\TAUV-Hardware\TAUV- Powerboard_22-23\TAUV-Regulated_Power\Sht2-V12P0.SchDoc with 06033C104KAT2A from TAUV-Lib.SchLib
Replace Symbol from Cboot3 06033C104KAT2A in Y:\Documents\GitHub\TAUV-Hardware\TAUV- Powerboard_22-23\TAUV-Regulated_Power\Sht2-V12P0.SchDoc with 06033C104KAT2A from TAUV-Lib.SchLib
Replace Symbol from Cboot4 06033C104KAT2A in Y:\Documents\GitHub\TAUV-Hardware\TAUV- Powerboard_22-23\TAUV-Regulated_Power\Sht2-V12P0.SchDoc with 06033C104KAT2A from TAUV-Lib.SchLib
Replace Symbol from Cbulk1 100SXV15M in Y:\Documents\GitHub\TAUV-Hardware\TAUV- Powerboard_22-23\TAUV-Regulated_Power\Sht2-V12P0.SchDoc with 100SXV15M from TAUV-Lib.SchLib
Replace Symbol from Cbulk2 100SXV15M in Y:\Documents\GitHub\TAUV-Hardware\TAUV- Powerboard_22-23\TAUV-Regulated_Power\Sht2-V12P0.SchDoc with 100SXV15M from TAUV-Lib.SchLib
Replace Symbol from Cbulk_1 100SXV15M in Y:\Documents\GitHub\TAUV-Hardware\TAUV- Powerboard_22-23\TAUV-Regulated_Power\Sht2-V12P0.SchDoc with 100SXV15M from TAUV-Lib.SchLib
Replace Symbol from Cbulk_2 100SXV15M in Y:\Documents\GitHub\TAUV-Hardware\TAUV- Powerboard_22-23\TAUV-Regulated_Power\Sht2-V12P0.SchDoc with 100SXV15M from TAUV-Lib.SchLib
Replace Symbol from Cbulk_3 100SXV15M in Y:\Documents\GitHub\TAUV-Hardware\TAUV- Powerboard_22-23\TAUV-Regulated_Power\Sht2-V12P0.SchDoc with 100SXV15M from TAUV-Lib.SchLib
Replace Symbol from Cbulk_4 100SXV15M in Y:\Documents\GitHub\TAUV-Hardware\TAUV- Powerboard_22-23\TAUV-Regulated_Power\Sht2-V12P0.SchDoc with 100SXV15M from TAUV-Lib.SchLib
Replace Symbol from Cbulk_5 100SXV15M in Y:\Documents\GitHub\TAUV-Hardware\TAUV- Powerboard_22-23\TAUV-Regulated_Power\Sht2-V12P0.SchDoc with 100SXV15M from TAUV-Lib.SchLib
Replace Symbol from Cbulk_6 100SXV15M in Y:\Documents\GitHub\TAUV-Hardware\TAUV- Powerboard_22-23\TAUV-Regulated_Power\Sht2-V12P0.SchDoc with 100SXV15M from TAUV-Lib.SchLib
Replace Symbol from Cbulk_7 100SXV15M in Y:\Documents\GitHub\TAUV-Hardware\TAUV- Powerboard_22-23\TAUV-Regulated_Power\Sht2-V12P0.SchDoc with 100SXV15M from TAUV-Lib.SchLib
Replace Symbol from Cbulk_8 100SXV15M in Y:\Documents\GitHub\TAUV-Hardware\TAUV- Powerboard_22-23\TAUV-Regulated_Power\Sht2-V12P0.SchDoc with 100SXV15M from TAUV-Lib.SchLib
Replace Symbol from Ccs1 06035A470JAT2A in Y:\Documents\GitHub\TAUV-Hardware\TAUV- Powerboard_22-23\TAUV-Regulated_Power\Sht2-V12P0.SchDoc with 06035A470JAT2A from TAUV-Lib.SchLib
Replace Symbol from Ccs2 06035A470JAT2A in Y:\Documents\GitHub\TAUV-Hardware\TAUV- Powerboard_22-23\TAUV-Regulated_Power\Sht2-V12P0.SchDoc with 06035A470JAT2A from TAUV-Lib.SchLib
Replace Symbol from Cin1 EEHZA1K330P in Y:\Documents\GitHub\TAUV-Hardware\TAUV- Powerboard_22-23\TAUV-Regulated_Power\Sht2-V12P0.SchDoc with EEHZA1K330P from TAUV-Lib.SchLib
Replace Symbol from Cin2 EEHZA1K330P in Y:\Documents\GitHub\TAUV-Hardware\TAUV- Powerboard_22-23\TAUV-Regulated_Power\Sht2-V12P0.SchDoc with EEHZA1K330P from TAUV-Lib.SchLib
Replace Symbol from Cin_1 EEHZA1K330P in Y:\Documents\GitHub\TAUV-Hardware\TAUV- Powerboard_22-23\TAUV-Regulated_Power\Sht2-V12P0.SchDoc with EEHZA1K330P from TAUV-Lib.SchLib
Replace Symbol from Cin_2 EEHZA1K330P in Y:\Documents\GitHub\TAUV-Hardware\TAUV- Powerboard_22-23\TAUV-Regulated_Power\Sht2-V12P0.SchDoc with EEHZA1K330P from TAUV-Lib.SchLib
Replace Symbol from Cout1 16SVPF82M in Y:\Documents\GitHub\TAUV-Hardware\TAUV- Powerboard_22-23\TAUV-Regulated_Power\Sht2-V12P0.SchDoc with 16SVPF82M from TAUV-Lib.SchLib
Replace Symbol from Cout2 16SVPF82M in Y:\Documents\GitHub\TAUV-Hardware\TAUV- Powerboard_22-23\TAUV-Regulated_Power\Sht2-V12P0.SchDoc with 16SVPF82M from TAUV-Lib.SchLib
Replace Symbol from Cout_1 16SVPF82M in Y:\Documents\GitHub\TAUV-Hardware\TAUV- Powerboard_22-23\TAUV-Regulated_Power\Sht2-V12P0.SchDoc with 16SVPF82M from TAUV-Lib.SchLib
Replace Symbol from Cout_2 16SVPF82M in Y:\Documents\GitHub\TAUV-Hardware\TAUV- Powerboard_22-23\TAUV-Regulated_Power\Sht2-V12P0.SchDoc with 16SVPF82M from TAUV-Lib.SchLib
Replace Symbol from Cslope1 CL10C221JB8NNNC in Y:\Documents\GitHub\TAUV-Hardware\TAUV- Powerboard_22-23\TAUV-Regulated_Power\Sht2-V12P0.SchDoc with CL10C221JB8NNNC from TAUV-Lib.SchLib
Replace Symbol from Cslope2 CL10C221JB8NNNC in Y:\Documents\GitHub\TAUV-Hardware\TAUV- Powerboard_22-23\TAUV-Regulated_Power\Sht2-V12P0.SchDoc with CL10C221JB8NNNC from TAUV-Lib.SchLib
Replace Symbol from Css1 C0603C153J3GACTU in Y:\Documents\GitHub\TAUV-Hardware\TAUV- Powerboard_22-23\TAUV-Regulated_Power\Sht2-V12P0.SchDoc with C0603C153J3GACTU from TAUV-Lib.SchLib
Replace Symbol from Css2 C0603C153J3GACTU in Y:\Documents\GitHub\TAUV-Hardware\TAUV- Powerboard_22-23\TAUV-Regulated_Power\Sht2-V12P0.SchDoc with C0603C153J3GACTU from TAUV-Lib.SchLib
Replace Symbol from Cvcc1 EMK107B7105KA-T in Y:\Documents\GitHub\TAUV-Hardware\TAUV- Powerboard_22-23\TAUV-Regulated_Power\Sht2-V12P0.SchDoc with EMK107B7105KA-T from TAUV-Lib.SchLib
Replace Symbol from Cvcc2 EMK107B7105KA-T in Y:\Documents\GitHub\TAUV-Hardware\TAUV- Powerboard_22-23\TAUV-Regulated_Power\Sht2-V12P0.SchDoc with EMK107B7105KA-T from TAUV-Lib.SchLib
Replace Symbol from Dboot2 CDBK0520L-HF in Y:\Documents\GitHub\TAUV-Hardware\TAUV- Powerboard_22-23\TAUV-Regulated_Power\Sht2-V12P0.SchDoc with CDBK0520L-HF from TAUV-Lib.SchLib
Replace Symbol from Dboot4 CDBK0520L-HF in Y:\Documents\GitHub\TAUV-Hardware\TAUV- Powerboard_22-23\TAUV-Regulated_Power\Sht2-V12P0.SchDoc with CDBK0520L-HF from TAUV-Lib.SchLib
Replace Symbol from L1 SRP1270-3R3M in Y:\Documents\GitHub\TAUV-Hardware\TAUV- Powerboard_22-23\TAUV-Regulated_Power\Sht2-V12P0.SchDoc with SRP1270-3R3M from TAUV-Lib.SchLib
Replace Symbol from L5 SRP1270-3R3M in Y:\Documents\GitHub\TAUV-Hardware\TAUV- Powerboard_22-23\TAUV-Regulated_Power\Sht2-V12P0.SchDoc with SRP1270-3R3M from TAUV-Lib.SchLib
Replace Symbol from M1 CSD19534Q5A in Y:\Documents\GitHub\TAUV-Hardware\TAUV- Powerboard_22-23\TAUV-Regulated_Power\Sht2-V12P0.SchDoc with CSD19534Q5A from TAUV-Lib.SchLib
Replace Symbol from M2 CSD17303Q5 in Y:\Documents\GitHub\TAUV-Hardware\TAUV- Powerboard_22-23\TAUV-Regulated_Power\Sht2-V12P0.SchDoc with CSD17303Q5 from TAUV-Lib.SchLib
Replace Symbol from M3 CSD19534Q5A in Y:\Documents\GitHub\TAUV-Hardware\TAUV- Powerboard_22-23\TAUV-Regulated_Power\Sht2-V12P0.SchDoc with CSD19534Q5A from TAUV-Lib.SchLib
Replace Symbol from M4 CSD17573Q5B in Y:\Documents\GitHub\TAUV-Hardware\TAUV- Powerboard_22-23\TAUV-Regulated_Power\Sht2-V12P0.SchDoc with CSD17573Q5B from TAUV-Lib.SchLib
Replace Symbol from M5 CSD19534Q5A in Y:\Documents\GitHub\TAUV-Hardware\TAUV- Powerboard_22-23\TAUV-Regulated_Power\Sht2-V12P0.SchDoc with CSD19534Q5A from TAUV-Lib.SchLib
Replace Symbol from M6 CSD17303Q5 in Y:\Documents\GitHub\TAUV-Hardware\TAUV- Powerboard_22-23\TAUV-Regulated_Power\Sht2-V12P0.SchDoc with CSD17303Q5 from TAUV-Lib.SchLib
Replace Symbol from M7 CSD19534Q5A in Y:\Documents\GitHub\TAUV-Hardware\TAUV- Powerboard_22-23\TAUV-Regulated_Power\Sht2-V12P0.SchDoc with CSD19534Q5A from TAUV-Lib.SchLib
Replace Symbol from M8 CSD17573Q5B in Y:\Documents\GitHub\TAUV-Hardware\TAUV- Powerboard_22-23\TAUV-Regulated_Power\Sht2-V12P0.SchDoc with CSD17573Q5B from TAUV-Lib.SchLib
Replace Symbol from Rcsg1 CRCW0603100RFKEA in Y:\Documents\GitHub\TAUV-Hardware\TAUV- Powerboard_22-23\TAUV-Regulated_Power\Sht2-V12P0.SchDoc with CRCW0603100RFKEA from TAUV-Lib.SchLib
Replace Symbol from Rcsg2 CRCW0603100RFKEA in Y:\Documents\GitHub\TAUV-Hardware\TAUV- Powerboard_22-23\TAUV-Regulated_Power\Sht2-V12P0.SchDoc with CRCW0603100RFKEA from TAUV-Lib.SchLib
Replace Symbol from Rcsp1 CRCW0603100RFKEA in Y:\Documents\GitHub\TAUV-Hardware\TAUV- Powerboard_22-23\TAUV-Regulated_Power\Sht2-V12P0.SchDoc with CRCW0603100RFKEA from TAUV-Lib.SchLib
Replace Symbol from Rcsp2 CRCW0603100RFKEA in Y:\Documents\GitHub\TAUV-Hardware\TAUV- Powerboard_22-23\TAUV-Regulated_Power\Sht2-V12P0.SchDoc with CRCW0603100RFKEA from TAUV-Lib.SchLib
Replace Symbol from Rf1 RC0603FR-0710RL in Y:\Documents\GitHub\TAUV-Hardware\TAUV- Powerboard_22-23\TAUV-Regulated_Power\Sht2-V12P0.SchDoc with RC0603FR-0710RL from TAUV-Lib.SchLib
Replace Symbol from Rf2 RC0603FR-0710RL in Y:\Documents\GitHub\TAUV-Hardware\TAUV- Powerboard_22-23\TAUV-Regulated_Power\Sht2-V12P0.SchDoc with RC0603FR-0710RL from TAUV-Lib.SchLib
Replace Symbol from Rfbb1 RC0603FR-0720KL in Y:\Documents\GitHub\TAUV-Hardware\TAUV- Powerboard_22-23\TAUV-Regulated_Power\Sht2-V12P0.SchDoc with RC0603FR-0720KL from TAUV-Lib.SchLib
Replace Symbol from Rfbb2 RC0603FR-0720KL in Y:\Documents\GitHub\TAUV-Hardware\TAUV- Powerboard_22-23\TAUV-Regulated_Power\Sht2-V12P0.SchDoc with RC0603FR-0720KL from TAUV-Lib.SchLib
Replace Symbol from Rfbb? RC0603FR-0720KL in Y:\Documents\GitHub\TAUV-Hardware\TAUV- Powerboard_22-23\TAUV-Regulated_Power\Sht2-V12P0.SchDoc with RC0603FR-0720KL from TAUV-Lib.SchLib
Replace Symbol from Rfbt1 CRCW0603280KFKEA in Y:\Documents\GitHub\TAUV-Hardware\TAUV- Powerboard_22-23\TAUV-Regulated_Power\Sht2-V12P0.SchDoc with CRCW0603280KFKEA from TAUV-Lib.SchLib
Replace Symbol from Rfbt2 CRCW0603280KFKEA in Y:\Documents\GitHub\TAUV-Hardware\TAUV- Powerboard_22-23\TAUV-Regulated_Power\Sht2-V12P0.SchDoc with CRCW0603280KFKEA from TAUV-Lib.SchLib
Replace Symbol from Rmode1 RC0603FR-0793K1L in Y:\Documents\GitHub\TAUV-Hardware\TAUV- Powerboard_22-23\TAUV-Regulated_Power\Sht2-V12P0.SchDoc with RC0603FR-0793K1L from TAUV-Lib.SchLib
Replace Symbol from Rmode2 RC0603FR-0793K1L in Y:\Documents\GitHub\TAUV-Hardware\TAUV- Powerboard_22-23\TAUV-Regulated_Power\Sht2-V12P0.SchDoc with RC0603FR-0793K1L from TAUV-Lib.SchLib
Replace Symbol from Rpg1 RC0603FR-0710KL in Y:\Documents\GitHub\TAUV-Hardware\TAUV- Powerboard_22-23\TAUV-Regulated_Power\Sht2-V12P0.SchDoc with RC0603FR-0710KL from TAUV-Lib.SchLib
Replace Symbol from Rpg2 RC0603FR-0710KL in Y:\Documents\GitHub\TAUV-Hardware\TAUV- Powerboard_22-23\TAUV-Regulated_Power\Sht2-V12P0.SchDoc with RC0603FR-0710KL from TAUV-Lib.SchLib
Replace Symbol from Rsense1 WSR37L000FEA in Y:\Documents\GitHub\TAUV-Hardware\TAUV- Powerboard_22-23\TAUV-Regulated_Power\Sht2-V12P0.SchDoc with WSR37L000FEA from TAUV-Lib.SchLib
Replace Symbol from Rt1 CRCW040223K2FKED in Y:\Documents\GitHub\TAUV-Hardware\TAUV- Powerboard_22-23\TAUV-Regulated_Power\Sht2-V12P0.SchDoc with CRCW040223K2FKED from TAUV-Lib.SchLib
Replace Symbol from Rt2 CRCW040223K2FKED in Y:\Documents\GitHub\TAUV-Hardware\TAUV- Powerboard_22-23\TAUV-Regulated_Power\Sht2-V12P0.SchDoc with CRCW040223K2FKED from TAUV-Lib.SchLib
Replace Symbol from Ruvb1 CRCW040271K5FKED in Y:\Documents\GitHub\TAUV-Hardware\TAUV- Powerboard_22-23\TAUV-Regulated_Power\Sht2-V12P0.SchDoc with CRCW040271K5FKED from TAUV-Lib.SchLib
Replace Symbol from Ruvb2 CRCW040271K5FKED in Y:\Documents\GitHub\TAUV-Hardware\TAUV- Powerboard_22-23\TAUV-Regulated_Power\Sht2-V12P0.SchDoc with CRCW040271K5FKED from TAUV-Lib.SchLib
Replace Symbol from Ruvt1 CRCW0402249KFKED in Y:\Documents\GitHub\TAUV-Hardware\TAUV- Powerboard_22-23\TAUV-Regulated_Power\Sht2-V12P0.SchDoc with CRCW0402249KFKED from TAUV-Lib.SchLib
Replace Symbol from Ruvt2 CRCW0402249KFKED in Y:\Documents\GitHub\TAUV-Hardware\TAUV- Powerboard_22-23\TAUV-Regulated_Power\Sht2-V12P0.SchDoc with CRCW0402249KFKED from TAUV-Lib.SchLib
Replace Symbol from Rvisns2 CRCW06032K00FKEA in Y:\Documents\GitHub\TAUV-Hardware\TAUV- Powerboard_22-23\TAUV-Regulated_Power\Sht2-V12P0.SchDoc with CRCW06032K00FKEA from TAUV-Lib.SchLib
Replace Symbol from U1 LM5176RHFT in Y:\Documents\GitHub\TAUV-Hardware\TAUV- Powerboard_22-23\TAUV-Regulated_Power\Sht2-V12P0.SchDoc with LM5176RHFT from TAUV-Lib.SchLib
Replace Symbol from U5 LM5176RHFT in Y:\Documents\GitHub\TAUV-Hardware\TAUV- Powerboard_22-23\TAUV-Regulated_Power\Sht2-V12P0.SchDoc with LM5176RHFT from TAUV-Lib.SchLib
