Removed Pin From Net: NetName=GND Pin=Ccomp1-2
Removed Member From Class: ClassName=Ccomp2_Nets Member=NetCcomp2_2
Removed Member From Class: ClassName=Rcomp1_Nets Member=NetCcomp2_2
Change component parameters: Designator = "Ccomp1" ("Ccomp1"); Footprint = "0805"; UniqueID = "\UOPVBCHE\XSOSYDJV" ("\UOPVBCHE\XSOSYDJV")
Change component parameters (AddParameter): Name = "Manufacturer Name"; Value = "TDK"; VariantName = "[No Variations]"
Change component parameters (AddParameter): Name = "Manufacturer Part Number"; Value = "CGA2B3X7R1H103K050BB"; VariantName = "[No Variations]"
Change component parameters (AddParameter): Name = "PackageReference"; Value = "CGA2B3X7R1H103K050BB"; VariantName = "[No Variations]"
Change component parameters (AddParameter): Name = "Value"; Value = "10nF"; VariantName = "[No Variations]"
Change component parameters: Designator = "Ccomp_1" ("Ccomp_1"); Footprint = "0402"; UniqueID = "\UOPVBCHE\KOXSPMUE" ("\UOPVBCHE\KOXSPMUE")
Change component parameters (AddParameter): Name = "Manufacturer Name"; Value = "Kemet"; VariantName = "[No Variations]"
Change component parameters (AddParameter): Name = "Manufacturer Part Number"; Value = "C0805C181K5GACTU"; VariantName = "[No Variations]"
Change component parameters (AddParameter): Name = "PackageReference"; Value = "C0805C181K5GACTU"; VariantName = "[No Variations]"
Change component parameters (AddParameter): Name = "Value"; Value = "180pF"; VariantName = "[No Variations]"
Change component parameters: Designator = "Cin1" ("Cin1"); Footprint = "SM_RADIAL_10BMM"; UniqueID = "\UOPVBCHE\QIMYQLMT" ("\UOPVBCHE\QIMYQLMT")
Change component parameters (AddParameter): Name = "Cap"; Value = "3.3E-5"; VariantName = "[No Variations]"
Change component parameters (AddParameter): Name = "Copyright"; Value = "Copyright (C) 2018 Accelerated Designs. All rights reserved"; VariantName = "[No Variations]"
Change component parameters (AddParameter): Name = "Datasheet_URL"; Value = "http://industrial.panasonic.com/www%2Ddata/pdf/ABA0000/ABA0000CE136.pdf"; VariantName = "[No Variations]"
Change component parameters (AddParameter): Name = "ESR"; Value = "0.036"; VariantName = "[No Variations]"
Change component parameters (AddParameter): Name = "IRMS"; Value = "1.7"; VariantName = "[No Variations]"
Change component parameters (AddParameter): Name = "Manufacturer_Name"; Value = "Panasonic"; VariantName = "[No Variations]"
Change component parameters (AddParameter): Name = "Manufacturer_Part_Number"; Value = "EEHZA1K330P"; VariantName = "[No Variations]"
Change component parameters (AddParameter): Name = "RefDes"; Value = "RefDes"; VariantName = "[No Variations]"
Change component parameters (AddParameter): Name = "Type"; Value = "DEV"; VariantName = "[No Variations]"
Change component parameters (AddParameter): Name = "Value"; Value = "33uF"; VariantName = "[No Variations]"
Change component parameters (AddParameter): Name = "VDC"; Value = "80.0"; VariantName = "[No Variations]"
Change component parameters (AddParameter): Name = "Vendor"; Value = "Panasonic"; VariantName = "[No Variations]"
Change component parameters: Designator = "Cin_1" ("Cin_1"); Footprint = "SM_RADIAL_10BMM"; UniqueID = "\UOPVBCHE\KKNURNPO" ("\UOPVBCHE\KKNURNPO")
Change component parameters (AddParameter): Name = "Cap"; Value = "3.3E-5"; VariantName = "[No Variations]"
Change component parameters (AddParameter): Name = "Copyright"; Value = "Copyright (C) 2018 Accelerated Designs. All rights reserved"; VariantName = "[No Variations]"
Change component parameters (AddParameter): Name = "Datasheet_URL"; Value = "http://industrial.panasonic.com/www%2Ddata/pdf/ABA0000/ABA0000CE136.pdf"; VariantName = "[No Variations]"
Change component parameters (AddParameter): Name = "ESR"; Value = "0.036"; VariantName = "[No Variations]"
Change component parameters (AddParameter): Name = "IRMS"; Value = "1.7"; VariantName = "[No Variations]"
Change component parameters (AddParameter): Name = "Manufacturer_Name"; Value = "Panasonic"; VariantName = "[No Variations]"
Change component parameters (AddParameter): Name = "Manufacturer_Part_Number"; Value = "EEHZA1K330P"; VariantName = "[No Variations]"
Change component parameters (AddParameter): Name = "RefDes"; Value = "RefDes"; VariantName = "[No Variations]"
Change component parameters (AddParameter): Name = "Type"; Value = "DEV"; VariantName = "[No Variations]"
Change component parameters (AddParameter): Name = "Value"; Value = "33 uF"; VariantName = "[No Variations]"
Change component parameters (AddParameter): Name = "VDC"; Value = "80.0"; VariantName = "[No Variations]"
Change component parameters (AddParameter): Name = "Vendor"; Value = "Panasonic"; VariantName = "[No Variations]"
Change component parameters: Designator = "Cout1" ("Cout1"); Footprint = "CAPSMT_62_E61"; UniqueID = "\UOPVBCHE\UFDBNKDA" ("\UOPVBCHE\UFDBNKDA")
Change component parameters (AddParameter): Name = "Manufacturer Name"; Value = "TDK"; VariantName = "[No Variations]"
Change component parameters (AddParameter): Name = "Manufacturer Part Number"; Value = "C2012X5R1V226M125AC"; VariantName = "[No Variations]"
Change component parameters (AddParameter): Name = "PackageReference"; Value = "C2012X5R1V226M125AC"; VariantName = "[No Variations]"
Change component parameters (AddParameter): Name = "Value"; Value = "22uF"; VariantName = "[No Variations]"
Change component parameters: Designator = "Coutx3" ("Coutx3"); Footprint = "0805"; UniqueID = "\UOPVBCHE\ESJBADWP" ("\UOPVBCHE\ESJBADWP")
Change component parameters (AddParameter): Name = "Manufacturer Name"; Value = "Panasonic"; VariantName = "[No Variations]"
Change component parameters (AddParameter): Name = "Manufacturer Part Number"; Value = "16SVPF82M"; VariantName = "[No Variations]"
Change component parameters (AddParameter): Name = "PackageReference"; Value = "16SVPF82M"; VariantName = "[No Variations]"
Change component parameters (AddParameter): Name = "Value"; Value = "82uF"; VariantName = "[No Variations]"
Added Component: Designator=Cbias2(0805)
Add component (AddParameter): Name = "Manufacturer Name"; Value = "AVX"; VariantName = "[No Variations]"
Add component (AddParameter): Name = "Manufacturer Part Number"; Value = "08053C104KAT2A"; VariantName = "[No Variations]"
Add component (AddParameter): Name = "PackageReference"; Value = "08053C104KAT2A"; VariantName = "[No Variations]"
Add component (AddParameter): Name = "Value"; Value = "100nF"; VariantName = "[No Variations]"
Added Component: Designator=Cboot3(0603)
Add component (AddParameter): Name = "Manufacturer Name"; Value = "AVX"; VariantName = "[No Variations]"
Add component (AddParameter): Name = "Manufacturer Part Number"; Value = "06033C104KAT2A"; VariantName = "[No Variations]"
Add component (AddParameter): Name = "PackageReference"; Value = "06033C104KAT2A"; VariantName = "[No Variations]"
Add component (AddParameter): Name = "Value"; Value = "100nF"; VariantName = "[No Variations]"
Added Component: Designator=Cboot4(0603)
Add component (AddParameter): Name = "Manufacturer Name"; Value = "AVX"; VariantName = "[No Variations]"
Add component (AddParameter): Name = "Manufacturer Part Number"; Value = "06033C104KAT2A"; VariantName = "[No Variations]"
Add component (AddParameter): Name = "PackageReference"; Value = "06033C104KAT2A"; VariantName = "[No Variations]"
Add component (AddParameter): Name = "Value"; Value = "100nF"; VariantName = "[No Variations]"
Added Component: Designator=Cbulk2(CAPSMT_62_E12)
Add component (AddParameter): Name = "Manufacturer Name"; Value = "Panasonic"; VariantName = "[No Variations]"
Add component (AddParameter): Name = "Manufacturer Part Number"; Value = "100SXV15M"; VariantName = "[No Variations]"
Add component (AddParameter): Name = "PackageReference"; Value = "100SXV15M"; VariantName = "[No Variations]"
Add component (AddParameter): Name = "Value"; Value = "15uF"; VariantName = "[No Variations]"
Added Component: Designator=Cbulk_5(CAPSMT_62_E12)
Add component (AddParameter): Name = "Manufacturer Name"; Value = "Panasonic"; VariantName = "[No Variations]"
Add component (AddParameter): Name = "Manufacturer Part Number"; Value = "100SXV15M"; VariantName = "[No Variations]"
Add component (AddParameter): Name = "PackageReference"; Value = "100SXV15M"; VariantName = "[No Variations]"
Add component (AddParameter): Name = "Value"; Value = "15uF"; VariantName = "[No Variations]"
Added Component: Designator=Cbulk_6(CAPSMT_62_E12)
Add component (AddParameter): Name = "Manufacturer Name"; Value = "Panasonic"; VariantName = "[No Variations]"
Add component (AddParameter): Name = "Manufacturer Part Number"; Value = "100SXV15M"; VariantName = "[No Variations]"
Add component (AddParameter): Name = "PackageReference"; Value = "100SXV15M"; VariantName = "[No Variations]"
Add component (AddParameter): Name = "Value"; Value = "15uF"; VariantName = "[No Variations]"
Added Component: Designator=Cbulk_7(CAPSMT_62_E12)
Add component (AddParameter): Name = "Manufacturer Name"; Value = "Panasonic"; VariantName = "[No Variations]"
Add component (AddParameter): Name = "Manufacturer Part Number"; Value = "100SXV15M"; VariantName = "[No Variations]"
Add component (AddParameter): Name = "PackageReference"; Value = "100SXV15M"; VariantName = "[No Variations]"
Add component (AddParameter): Name = "Value"; Value = "15uF"; VariantName = "[No Variations]"
Added Component: Designator=Cbulk_8(CAPSMT_62_E12)
Add component (AddParameter): Name = "Manufacturer Name"; Value = "Panasonic"; VariantName = "[No Variations]"
Add component (AddParameter): Name = "Manufacturer Part Number"; Value = "100SXV15M"; VariantName = "[No Variations]"
Add component (AddParameter): Name = "PackageReference"; Value = "100SXV15M"; VariantName = "[No Variations]"
Add component (AddParameter): Name = "Value"; Value = "15uF"; VariantName = "[No Variations]"
Added Component: Designator=Ccomp3(0805)
Add component (AddParameter): Name = "Manufacturer Name"; Value = "Kemet"; VariantName = "[No Variations]"
Add component (AddParameter): Name = "Manufacturer Part Number"; Value = "C0805C181K5GACTU"; VariantName = "[No Variations]"
Add component (AddParameter): Name = "PackageReference"; Value = "C0805C181K5GACTU"; VariantName = "[No Variations]"
Add component (AddParameter): Name = "Value"; Value = "180pF"; VariantName = "[No Variations]"
Added Component: Designator=Ccomp4(0402)
Add component (AddParameter): Name = "Manufacturer Name"; Value = "TDK"; VariantName = "[No Variations]"
Add component (AddParameter): Name = "Manufacturer Part Number"; Value = "CGA2B3X7R1H103K050BB"; VariantName = "[No Variations]"
Add component (AddParameter): Name = "PackageReference"; Value = "CGA2B3X7R1H103K050BB"; VariantName = "[No Variations]"
Add component (AddParameter): Name = "Value"; Value = "10nF"; VariantName = "[No Variations]"
Added Component: Designator=Ccomp_2(0402)
Add component (AddParameter): Name = "Manufacturer Name"; Value = "TDK"; VariantName = "[No Variations]"
Add component (AddParameter): Name = "Manufacturer Part Number"; Value = "CGA2B3X7R1H103K050BB"; VariantName = "[No Variations]"
Add component (AddParameter): Name = "PackageReference"; Value = "CGA2B3X7R1H103K050BB"; VariantName = "[No Variations]"
Add component (AddParameter): Name = "Value"; Value = "10nF"; VariantName = "[No Variations]"
Added Component: Designator=Ccs2(0603)
Add component (AddParameter): Name = "Manufacturer Name"; Value = "AVX"; VariantName = "[No Variations]"
Add component (AddParameter): Name = "Manufacturer Part Number"; Value = "06035A470JAT2A"; VariantName = "[No Variations]"
Add component (AddParameter): Name = "PackageReference"; Value = "06035A470JAT2A"; VariantName = "[No Variations]"
Add component (AddParameter): Name = "Value"; Value = "47pF"; VariantName = "[No Variations]"
Added Component: Designator=Cf2(0603)
Add component (AddParameter): Name = "Manufacturer Name"; Value = "TDK"; VariantName = "[No Variations]"
Add component (AddParameter): Name = "Manufacturer Part Number"; Value = "CGA3E2X7R1H104K080AA"; VariantName = "[No Variations]"
Add component (AddParameter): Name = "PackageReference"; Value = "CGA3E2X7R1H104K080AA"; VariantName = "[No Variations]"
Add component (AddParameter): Name = "Value"; Value = "100nF"; VariantName = "[No Variations]"
Added Component: Designator=Cin2(SM_RADIAL_10BMM)
Add component (AddParameter): Name = "Manufacturer Name"; Value = "Panasonic"; VariantName = "[No Variations]"
Add component (AddParameter): Name = "Manufacturer Part Number"; Value = "EEHZA1K330P"; VariantName = "[No Variations]"
Add component (AddParameter): Name = "PackageReference"; Value = "EEHZA1K330P"; VariantName = "[No Variations]"
Add component (AddParameter): Name = "Value"; Value = "33uF"; VariantName = "[No Variations]"
Added Component: Designator=Cin_2(SM_RADIAL_10BMM)
Add component (AddParameter): Name = "Manufacturer Name"; Value = "Panasonic"; VariantName = "[No Variations]"
Add component (AddParameter): Name = "Manufacturer Part Number"; Value = "EEHZA1K330P"; VariantName = "[No Variations]"
Add component (AddParameter): Name = "PackageReference"; Value = "EEHZA1K330P"; VariantName = "[No Variations]"
Add component (AddParameter): Name = "Value"; Value = "33uF"; VariantName = "[No Variations]"
Added Component: Designator=Cout2(CAPSMT_62_E61)
Add component (AddParameter): Name = "Manufacturer Name"; Value = "Panasonic"; VariantName = "[No Variations]"
Add component (AddParameter): Name = "Manufacturer Part Number"; Value = "16SVPF82M"; VariantName = "[No Variations]"
Add component (AddParameter): Name = "PackageReference"; Value = "16SVPF82M"; VariantName = "[No Variations]"
Add component (AddParameter): Name = "Value"; Value = "82uF"; VariantName = "[No Variations]"
Added Component: Designator=Cout_2(CAPSMT_62_E61)
Add component (AddParameter): Name = "Manufacturer Name"; Value = "Panasonic"; VariantName = "[No Variations]"
Add component (AddParameter): Name = "Manufacturer Part Number"; Value = "16SVPF82M"; VariantName = "[No Variations]"
Add component (AddParameter): Name = "PackageReference"; Value = "16SVPF82M"; VariantName = "[No Variations]"
Add component (AddParameter): Name = "Value"; Value = "82uF"; VariantName = "[No Variations]"
Added Component: Designator=Coutx4(0805)
Add component (AddParameter): Name = "Manufacturer Name"; Value = "TDK"; VariantName = "[No Variations]"
Add component (AddParameter): Name = "Manufacturer Part Number"; Value = "C2012X5R1V226M125AC"; VariantName = "[No Variations]"
Add component (AddParameter): Name = "PackageReference"; Value = "C2012X5R1V226M125AC"; VariantName = "[No Variations]"
Add component (AddParameter): Name = "Value"; Value = "22uF"; VariantName = "[No Variations]"
Added Component: Designator=Coutx5(0805)
Add component (AddParameter): Name = "Manufacturer Name"; Value = "TDK"; VariantName = "[No Variations]"
Add component (AddParameter): Name = "Manufacturer Part Number"; Value = "C2012X5R1V226M125AC"; VariantName = "[No Variations]"
Add component (AddParameter): Name = "PackageReference"; Value = "C2012X5R1V226M125AC"; VariantName = "[No Variations]"
Add component (AddParameter): Name = "Value"; Value = "22uF"; VariantName = "[No Variations]"
Added Component: Designator=Coutx6(0805)
Add component (AddParameter): Name = "Manufacturer Name"; Value = "TDK"; VariantName = "[No Variations]"
Add component (AddParameter): Name = "Manufacturer Part Number"; Value = "C2012X5R1V226M125AC"; VariantName = "[No Variations]"
Add component (AddParameter): Name = "PackageReference"; Value = "C2012X5R1V226M125AC"; VariantName = "[No Variations]"
Add component (AddParameter): Name = "Value"; Value = "22uF"; VariantName = "[No Variations]"
Added Component: Designator=Cslope2(0603)
Add component (AddParameter): Name = "Manufacturer Name"; Value = "Samsung Electro-Mechanics"; VariantName = "[No Variations]"
Add component (AddParameter): Name = "Manufacturer Part Number"; Value = "CL10C221JB8NNNC"; VariantName = "[No Variations]"
Add component (AddParameter): Name = "PackageReference"; Value = "CL10C221JB8NNNC"; VariantName = "[No Variations]"
Add component (AddParameter): Name = "Value"; Value = "220pF"; VariantName = "[No Variations]"
Added Component: Designator=Css2(0603)
Add component (AddParameter): Name = "Manufacturer Name"; Value = "Kemet"; VariantName = "[No Variations]"
Add component (AddParameter): Name = "Manufacturer Part Number"; Value = "C0603C153J3GACTU"; VariantName = "[No Variations]"
Add component (AddParameter): Name = "PackageReference"; Value = "C0603C153J3GACTU"; VariantName = "[No Variations]"
Add component (AddParameter): Name = "Value"; Value = "15nF"; VariantName = "[No Variations]"
Added Component: Designator=Cvcc2(0603)
Add component (AddParameter): Name = "Manufacturer Name"; Value = "Taiyo Yuden"; VariantName = "[No Variations]"
Add component (AddParameter): Name = "Manufacturer Part Number"; Value = "EMK107B7105KA-T"; VariantName = "[No Variations]"
Add component (AddParameter): Name = "PackageReference"; Value = "EMK107B7105KA-T"; VariantName = "[No Variations]"
Add component (AddParameter): Name = "Value"; Value = "1uF"; VariantName = "[No Variations]"
Added Component: Designator=Dboot3(GEN_Diode)
Add component (AddParameter): Name = "Manufacturer Name"; Value = "CUSTOM"; VariantName = "[No Variations]"
Add component (AddParameter): Name = "Manufacturer Part Number"; Value = "GENERIC_DIODE"; VariantName = "[No Variations]"
Add component (AddParameter): Name = "PackageReference"; Value = "CUSTOM"; VariantName = "[No Variations]"
Add component (AddParameter): Name = "Value"; Value = "500mV"; VariantName = "[No Variations]"
Added Component: Designator=Dboot4(SOD-123F)
Add component (AddParameter): Name = "Manufacturer Name"; Value = "Comchip Technology"; VariantName = "[No Variations]"
Add component (AddParameter): Name = "Manufacturer Part Number"; Value = "CDBK0520L-HF"; VariantName = "[No Variations]"
Add component (AddParameter): Name = "PackageReference"; Value = "CDBK0520L-HF"; VariantName = "[No Variations]"
Add component (AddParameter): Name = "Value"; Value = "385mV"; VariantName = "[No Variations]"
Added Component: Designator=Df2(GEN_Diode)
Add component (AddParameter): Name = "Manufacturer Name"; Value = "CUSTOM"; VariantName = "[No Variations]"
Add component (AddParameter): Name = "Manufacturer Part Number"; Value = "GENERIC_DIODE"; VariantName = "[No Variations]"
Add component (AddParameter): Name = "PackageReference"; Value = "CUSTOM"; VariantName = "[No Variations]"
Add component (AddParameter): Name = "Value"; Value = "500mV"; VariantName = "[No Variations]"
Added Component: Designator=L5(SRP1270)
Add component (AddParameter): Name = "Manufacturer Name"; Value = "Bourns"; VariantName = "[No Variations]"
Add component (AddParameter): Name = "Manufacturer Part Number"; Value = "SRP1270-3R3M"; VariantName = "[No Variations]"
Add component (AddParameter): Name = "PackageReference"; Value = "SRP1270-3R3M"; VariantName = "[No Variations]"
Add component (AddParameter): Name = "Value"; Value = "3.3uH"; VariantName = "[No Variations]"
Added Component: Designator=M5(TRANS_NexFET_Q5A)
Add component (AddParameter): Name = "Manufacturer Name"; Value = "Texas Instruments"; VariantName = "[No Variations]"
Add component (AddParameter): Name = "Manufacturer Part Number"; Value = "CSD19534Q5A"; VariantName = "[No Variations]"
Add component (AddParameter): Name = "PackageReference"; Value = "CSD19534Q5A"; VariantName = "[No Variations]"
Add component (AddParameter): Name = "Value"; Value = "100V"; VariantName = "[No Variations]"
Added Component: Designator=M6(TRANS_NexFET_Q5)
Add component (AddParameter): Name = "Manufacturer Name"; Value = "Texas Instruments"; VariantName = "[No Variations]"
Add component (AddParameter): Name = "Manufacturer Part Number"; Value = "CSD17303Q5"; VariantName = "[No Variations]"
Add component (AddParameter): Name = "PackageReference"; Value = "CSD17303Q5"; VariantName = "[No Variations]"
Add component (AddParameter): Name = "Value"; Value = "30V"; VariantName = "[No Variations]"
Added Component: Designator=M7(TRANS_NexFET_Q5A)
Add component (AddParameter): Name = "Manufacturer Name"; Value = "Texas Instruments"; VariantName = "[No Variations]"
Add component (AddParameter): Name = "Manufacturer Part Number"; Value = "CSD19534Q5A"; VariantName = "[No Variations]"
Add component (AddParameter): Name = "PackageReference"; Value = "CSD19534Q5A"; VariantName = "[No Variations]"
Add component (AddParameter): Name = "Value"; Value = "100V"; VariantName = "[No Variations]"
Added Component: Designator=M8(DNK0008A)
Add component (AddParameter): Name = "Manufacturer Name"; Value = "Texas Instruments"; VariantName = "[No Variations]"
Add component (AddParameter): Name = "Manufacturer Part Number"; Value = "CSD17573Q5B"; VariantName = "[No Variations]"
Add component (AddParameter): Name = "PackageReference"; Value = "CSD17573Q5B"; VariantName = "[No Variations]"
Add component (AddParameter): Name = "Value"; Value = "30V"; VariantName = "[No Variations]"
Added Component: Designator=Rcomp2(0402)
Add component (AddParameter): Name = "Manufacturer Name"; Value = "Vishay-Dale"; VariantName = "[No Variations]"
Add component (AddParameter): Name = "Manufacturer Part Number"; Value = "CRCW040212K7FKED"; VariantName = "[No Variations]"
Add component (AddParameter): Name = "PackageReference"; Value = "CRCW040212K7FKED"; VariantName = "[No Variations]"
Add component (AddParameter): Name = "Value"; Value = "12.7k"; VariantName = "[No Variations]"
Added Component: Designator=Rcsg2(0603)
Add component (AddParameter): Name = "Manufacturer Name"; Value = "Vishay-Dale"; VariantName = "[No Variations]"
Add component (AddParameter): Name = "Manufacturer Part Number"; Value = "CRCW0603100RFKEA"; VariantName = "[No Variations]"
Add component (AddParameter): Name = "PackageReference"; Value = "CRCW0603100RFKEA"; VariantName = "[No Variations]"
Add component (AddParameter): Name = "Value"; Value = "100"; VariantName = "[No Variations]"
Added Component: Designator=Rcsp2(0603)
Add component (AddParameter): Name = "Manufacturer Name"; Value = "Vishay-Dale"; VariantName = "[No Variations]"
Add component (AddParameter): Name = "Manufacturer Part Number"; Value = "CRCW0603100RFKEA"; VariantName = "[No Variations]"
Add component (AddParameter): Name = "PackageReference"; Value = "CRCW0603100RFKEA"; VariantName = "[No Variations]"
Add component (AddParameter): Name = "Value"; Value = "100"; VariantName = "[No Variations]"
Added Component: Designator=Rf2(0603)
Add component (AddParameter): Name = "Manufacturer Name"; Value = "Yageo"; VariantName = "[No Variations]"
Add component (AddParameter): Name = "Manufacturer Part Number"; Value = "RC0603FR-0710RL"; VariantName = "[No Variations]"
Add component (AddParameter): Name = "PackageReference"; Value = "RC0603FR-0710RL"; VariantName = "[No Variations]"
Add component (AddParameter): Name = "Value"; Value = "10"; VariantName = "[No Variations]"
Added Component: Designator=Rfbb2(0603)
Add component (AddParameter): Name = "Manufacturer Name"; Value = "Yageo"; VariantName = "[No Variations]"
Add component (AddParameter): Name = "Manufacturer Part Number"; Value = "RC0603FR-0720KL"; VariantName = "[No Variations]"
Add component (AddParameter): Name = "PackageReference"; Value = "RC0603FR-0720KL"; VariantName = "[No Variations]"
Add component (AddParameter): Name = "Value"; Value = "20k"; VariantName = "[No Variations]"
Added Component: Designator=Rfbb3(0603)
Add component (AddParameter): Name = "Manufacturer Name"; Value = "Yageo"; VariantName = "[No Variations]"
Add component (AddParameter): Name = "Manufacturer Part Number"; Value = "RC0603FR-0720KL"; VariantName = "[No Variations]"
Add component (AddParameter): Name = "PackageReference"; Value = "RC0603FR-0720KL"; VariantName = "[No Variations]"
Add component (AddParameter): Name = "Value"; Value = "20k"; VariantName = "[No Variations]"
Added Component: Designator=Rfbt2(0603)
Add component (AddParameter): Name = "Manufacturer Name"; Value = "Vishay-Dale"; VariantName = "[No Variations]"
Add component (AddParameter): Name = "Manufacturer Part Number"; Value = "CRCW0603280KFKEA"; VariantName = "[No Variations]"
Add component (AddParameter): Name = "PackageReference"; Value = "CRCW0603280KFKEA"; VariantName = "[No Variations]"
Add component (AddParameter): Name = "Value"; Value = "280k"; VariantName = "[No Variations]"
Added Component: Designator=Rmode2(0603)
Add component (AddParameter): Name = "Manufacturer Name"; Value = "Yageo"; VariantName = "[No Variations]"
Add component (AddParameter): Name = "Manufacturer Part Number"; Value = "RC0603FR-0793K1L"; VariantName = "[No Variations]"
Add component (AddParameter): Name = "PackageReference"; Value = "RC0603FR-0793K1L"; VariantName = "[No Variations]"
Add component (AddParameter): Name = "Value"; Value = "93.1k"; VariantName = "[No Variations]"
Added Component: Designator=Rpg2(0603)
Add component (AddParameter): Name = "Manufacturer Name"; Value = "Yageo"; VariantName = "[No Variations]"
Add component (AddParameter): Name = "Manufacturer Part Number"; Value = "RC0603FR-0710KL"; VariantName = "[No Variations]"
Add component (AddParameter): Name = "PackageReference"; Value = "RC0603FR-0710KL"; VariantName = "[No Variations]"
Add component (AddParameter): Name = "Value"; Value = "10k"; VariantName = "[No Variations]"
Added Component: Designator=Rsense2(4527)
Add component (AddParameter): Name = "Manufacturer Name"; Value = "Vishay-Dale"; VariantName = "[No Variations]"
Add component (AddParameter): Name = "Manufacturer Part Number"; Value = "WSR37L000FEA"; VariantName = "[No Variations]"
Add component (AddParameter): Name = "PackageReference"; Value = "WSR37L000FEA"; VariantName = "[No Variations]"
Add component (AddParameter): Name = "Value"; Value = "7m"; VariantName = "[No Variations]"
Added Component: Designator=Rt2(0402)
Add component (AddParameter): Name = "Manufacturer Name"; Value = "Vishay-Dale"; VariantName = "[No Variations]"
Add component (AddParameter): Name = "Manufacturer Part Number"; Value = "CRCW040223K2FKED"; VariantName = "[No Variations]"
Add component (AddParameter): Name = "PackageReference"; Value = "CRCW040223K2FKED"; VariantName = "[No Variations]"
Add component (AddParameter): Name = "Value"; Value = "23.2k"; VariantName = "[No Variations]"
Added Component: Designator=Ruvb2(0402)
Add component (AddParameter): Name = "Manufacturer Name"; Value = "Vishay-Dale"; VariantName = "[No Variations]"
Add component (AddParameter): Name = "Manufacturer Part Number"; Value = "CRCW040271K5FKED"; VariantName = "[No Variations]"
Add component (AddParameter): Name = "PackageReference"; Value = "CRCW040271K5FKED"; VariantName = "[No Variations]"
Add component (AddParameter): Name = "Value"; Value = "71.5k"; VariantName = "[No Variations]"
Added Component: Designator=Ruvt2(0402)
Add component (AddParameter): Name = "Manufacturer Name"; Value = "Vishay-Dale"; VariantName = "[No Variations]"
Add component (AddParameter): Name = "Manufacturer Part Number"; Value = "CRCW0402249KFKED"; VariantName = "[No Variations]"
Add component (AddParameter): Name = "PackageReference"; Value = "CRCW0402249KFKED"; VariantName = "[No Variations]"
Add component (AddParameter): Name = "Value"; Value = "249k"; VariantName = "[No Variations]"
Added Component: Designator=Rvisns2(0603)
Add component (AddParameter): Name = "Manufacturer Name"; Value = "Vishay-Dale"; VariantName = "[No Variations]"
Add component (AddParameter): Name = "Manufacturer Part Number"; Value = "CRCW06032K00FKEA"; VariantName = "[No Variations]"
Add component (AddParameter): Name = "PackageReference"; Value = "CRCW06032K00FKEA"; VariantName = "[No Variations]"
Add component (AddParameter): Name = "Value"; Value = "2k"; VariantName = "[No Variations]"
Added Component: Designator=U5(VQFN_76RHFT_TEX)
Add component (AddParameter): Name = "Copyright"; Value = "Copyright (C) 2022 Ultra Librarian. All rights reserved."; VariantName = "[No Variations]"
Add component (AddParameter): Name = "Digi-Key_Part_Number_1"; Value = "296-LM5176RHFTTR-ND"; VariantName = "[No Variations]"
Add component (AddParameter): Name = "Digi-Key_Part_Number_2"; Value = "296-LM5176RHFTCT-ND"; VariantName = "[No Variations]"
Add component (AddParameter): Name = "Digi-Key_Part_Number_3"; Value = "296-LM5176RHFTDKR-ND"; VariantName = "[No Variations]"
Add component (AddParameter): Name = "Manufacturer_Part_Number"; Value = "LM5176RHFT"; VariantName = "[No Variations]"
Add component (AddParameter): Name = "Mfr_Name"; Value = "Texas Instruments"; VariantName = "[No Variations]"
Add component (AddParameter): Name = "RefDes"; Value = "RefDes"; VariantName = "[No Variations]"
Add component (AddParameter): Name = "Type"; Value = "DEV"; VariantName = "[No Variations]"
Added Pin To Net: NetName=GND Pin=Cbias2-2
Added Pin To Net: NetName=VCC_BATT_FILT Pin=Cbulk2-1
Added Pin To Net: NetName=GND Pin=Cbulk2-2
Added Pin To Net: NetName=VCC_BATT_FILT Pin=Cbulk_5-1
Added Pin To Net: NetName=GND Pin=Cbulk_5-2
Added Pin To Net: NetName=VCC_BATT_FILT Pin=Cbulk_6-1
Added Pin To Net: NetName=GND Pin=Cbulk_6-2
Added Pin To Net: NetName=VCC_BATT_FILT Pin=Cbulk_7-1
Added Pin To Net: NetName=GND Pin=Cbulk_7-2
Added Pin To Net: NetName=VCC_BATT_FILT Pin=Cbulk_8-1
Added Pin To Net: NetName=GND Pin=Cbulk_8-2
Added Pin To Net: NetName=GND Pin=Ccomp3-2
Added Pin To Net: NetName=GND Pin=Ccomp_1-2
Added Pin To Net: NetName=GND Pin=Cf2-2
Added Pin To Net: NetName=VCC_BATT_FILT Pin=Cin2-1
Added Pin To Net: NetName=GND Pin=Cin2-2
Added Pin To Net: NetName=VCC_BATT_FILT Pin=Cin_2-1
Added Pin To Net: NetName=GND Pin=Cin_2-2
Added Pin To Net: NetName=V12P0 Pin=Cout2-1
Added Pin To Net: NetName=GND Pin=Cout2-2
Added Pin To Net: NetName=V12P0 Pin=Cout_2-1
Added Pin To Net: NetName=GND Pin=Cout_2-2
Added Pin To Net: NetName=V12P0 Pin=Coutx4-1
Added Pin To Net: NetName=GND Pin=Coutx4-2
Added Pin To Net: NetName=V12P0 Pin=Coutx5-1
Added Pin To Net: NetName=GND Pin=Coutx5-2
Added Pin To Net: NetName=V12P0 Pin=Coutx6-1
Added Pin To Net: NetName=GND Pin=Coutx6-2
Added Pin To Net: NetName=GND Pin=Cslope2-2
Added Pin To Net: NetName=GND Pin=Css2-2
Added Pin To Net: NetName=GND Pin=Cvcc2-2
Added Pin To Net: NetName=VCC_BATT_FILT Pin=Df2-2
Added Pin To Net: NetName=VCC_BATT_FILT Pin=M5-5
Added Pin To Net: NetName=VCC_BATT_FILT Pin=M5-6
Added Pin To Net: NetName=VCC_BATT_FILT Pin=M5-7
Added Pin To Net: NetName=VCC_BATT_FILT Pin=M5-8
Added Pin To Net: NetName=VCC_BATT_FILT Pin=M5-9
Added Pin To Net: NetName=V12P0 Pin=M6-5
Added Pin To Net: NetName=V12P0 Pin=M6-6
Added Pin To Net: NetName=V12P0 Pin=M6-7
Added Pin To Net: NetName=V12P0 Pin=M6-8
Added Pin To Net: NetName=V12P0 Pin=M6-9
Added Pin To Net: NetName=GND Pin=Rcomp2-2
Added Pin To Net: NetName=GND Pin=Rcsg2-2
Added Pin To Net: NetName=GND Pin=Rfbb2-2
Added Pin To Net: NetName=GND Pin=Rfbb3-2
Added Pin To Net: NetName=V12P0 Pin=Rfbt2-1
Added Pin To Net: NetName=GND Pin=Rmode2-2
Added Pin To Net: NetName=GND Pin=Rsense2-2
Added Pin To Net: NetName=GND Pin=Rt2-2
Added Pin To Net: NetName=GND Pin=Ruvb2-2
Added Pin To Net: NetName=VCC_BATT_FILT Pin=Ruvt2-1
Added Pin To Net: NetName=VCC_BATT_FILT Pin=Rvisns2-2
Added Pin To Net: NetName=GND Pin=U5-2
Added Pin To Net: NetName=GND Pin=U5-7
Added Pin To Net: NetName=V12P0 Pin=U5-9
Added Pin To Net: NetName=GND Pin=U5-10
Added Pin To Net: NetName=GND Pin=U5-11
Added Pin To Net: NetName=GND Pin=U5-19
Added Pin To Net: NetName=GND Pin=U5-29
Added Pin To Net: NetName=11 Pin=Cboot4-2
Added Pin To Net: NetName=11 Pin=L5-2
Added Pin To Net: NetName=11 Pin=M6-1
Added Pin To Net: NetName=11 Pin=M6-2
Added Pin To Net: NetName=11 Pin=M6-3
Added Pin To Net: NetName=11 Pin=M8-5
Added Pin To Net: NetName=11 Pin=M8-6
Added Pin To Net: NetName=11 Pin=M8-7
Added Pin To Net: NetName=11 Pin=M8-8
Added Pin To Net: NetName=11 Pin=M8-9
Added Pin To Net: NetName=11 Pin=U5-15
Added Net: Name=11
Added Pin To Net: NetName=15 Pin=M7-1
Added Pin To Net: NetName=15 Pin=M7-2
Added Pin To Net: NetName=15 Pin=M7-3
Added Pin To Net: NetName=15 Pin=M8-1
Added Pin To Net: NetName=15 Pin=M8-2
Added Pin To Net: NetName=15 Pin=M8-3
Added Pin To Net: NetName=15 Pin=Rcsp2-2
Added Pin To Net: NetName=15 Pin=Rsense2-1
Added Net: Name=15
Added Pin To Net: NetName=26 Pin=Cboot3-2
Added Pin To Net: NetName=26 Pin=L5-1
Added Pin To Net: NetName=26 Pin=M5-1
Added Pin To Net: NetName=26 Pin=M5-2
Added Pin To Net: NetName=26 Pin=M5-3
Added Pin To Net: NetName=26 Pin=M7-5
Added Pin To Net: NetName=26 Pin=M7-6
Added Pin To Net: NetName=26 Pin=M7-7
Added Pin To Net: NetName=26 Pin=M7-8
Added Pin To Net: NetName=26 Pin=M7-9
Added Pin To Net: NetName=26 Pin=U5-25
Added Net: Name=26
Added Pin To Net: NetName=27 Pin=M8-4
Added Pin To Net: NetName=27 Pin=U5-18
Added Net: Name=27
Added Pin To Net: NetName=32 Pin=M7-4
Added Pin To Net: NetName=32 Pin=U5-22
Added Net: Name=32
Added Pin To Net: NetName=33 Pin=M5-4
Added Pin To Net: NetName=33 Pin=U5-24
Added Net: Name=33
Added Pin To Net: NetName=34 Pin=M6-4
Added Pin To Net: NetName=34 Pin=U5-16
Added Net: Name=34
Added Pin To Net: NetName=NetCbias2_1 Pin=Cbias2-1
Added Pin To Net: NetName=NetCbias2_1 Pin=U5-21
Added Net: Name=NetCbias2_1
Added Pin To Net: NetName=NetCboot3_1 Pin=Cboot3-1
Added Pin To Net: NetName=NetCboot3_1 Pin=Dboot3-1
Added Pin To Net: NetName=NetCboot3_1 Pin=U5-23
Added Net: Name=NetCboot3_1
Added Pin To Net: NetName=NetCboot4_1 Pin=Cboot4-1
Added Pin To Net: NetName=NetCboot4_1 Pin=Dboot4-1
Added Pin To Net: NetName=NetCboot4_1 Pin=U5-17
Added Net: Name=NetCboot4_1
Added Pin To Net: NetName=NetCcomp1_2 Pin=Ccomp1-2
Added Pin To Net: NetName=NetCcomp1_2 Pin=Ccomp2-2
Added Pin To Net: NetName=NetCcomp1_2 Pin=Rcomp1-1
Added Net: Name=NetCcomp1_2
Added Pin To Net: NetName=NetCcomp3_1 Pin=Ccomp3-1
Added Pin To Net: NetName=NetCcomp3_1 Pin=Ccomp4-1
Added Pin To Net: NetName=NetCcomp3_1 Pin=Ccomp_2-1
Added Pin To Net: NetName=NetCcomp3_1 Pin=U5-6
Added Net: Name=NetCcomp3_1
Added Pin To Net: NetName=NetCcomp4_2 Pin=Ccomp4-2
Added Pin To Net: NetName=NetCcomp4_2 Pin=Ccomp_2-2
Added Pin To Net: NetName=NetCcomp4_2 Pin=Rcomp2-1
Added Net: Name=NetCcomp4_2
Added Pin To Net: NetName=NetCcs2_1 Pin=Ccs2-1
Added Pin To Net: NetName=NetCcs2_1 Pin=Rcsp2-1
Added Pin To Net: NetName=NetCcs2_1 Pin=U5-13
Added Net: Name=NetCcs2_1
Added Pin To Net: NetName=NetCcs2_2 Pin=Ccs2-2
Added Pin To Net: NetName=NetCcs2_2 Pin=Rcsg2-1
Added Pin To Net: NetName=NetCcs2_2 Pin=U5-12
Added Net: Name=NetCcs2_2
Added Pin To Net: NetName=NetCf2_1 Pin=Cf2-1
Added Pin To Net: NetName=NetCf2_1 Pin=Rf2-2
Added Pin To Net: NetName=NetCf2_1 Pin=U5-27
Added Net: Name=NetCf2_1
Added Pin To Net: NetName=NetCslope2_1 Pin=Cslope2-1
Added Pin To Net: NetName=NetCslope2_1 Pin=U5-4
Added Net: Name=NetCslope2_1
Added Pin To Net: NetName=NetCss2_1 Pin=Css2-1
Added Pin To Net: NetName=NetCss2_1 Pin=U5-5
Added Net: Name=NetCss2_1
Added Pin To Net: NetName=NetCvcc2_1 Pin=Cvcc2-1
Added Pin To Net: NetName=NetCvcc2_1 Pin=Dboot3-2
Added Pin To Net: NetName=NetCvcc2_1 Pin=Dboot4-2
Added Pin To Net: NetName=NetCvcc2_1 Pin=Rpg2-1
Added Pin To Net: NetName=NetCvcc2_1 Pin=U5-20
Added Net: Name=NetCvcc2_1
Added Pin To Net: NetName=NetDf2_1 Pin=Df2-1
Added Pin To Net: NetName=NetDf2_1 Pin=Rf2-1
Added Net: Name=NetDf2_1
Added Pin To Net: NetName=NetRfbb2_1 Pin=Rfbb2-1
Added Pin To Net: NetName=NetRfbb2_1 Pin=Rfbb3-1
Added Pin To Net: NetName=NetRfbb2_1 Pin=Rfbt2-2
Added Pin To Net: NetName=NetRfbb2_1 Pin=U5-8
Added Net: Name=NetRfbb2_1
Added Pin To Net: NetName=NetRmode2_1 Pin=Rmode2-1
Added Pin To Net: NetName=NetRmode2_1 Pin=U5-1
Added Net: Name=NetRmode2_1
Added Pin To Net: NetName=NetRpg2_2 Pin=Rpg2-2
Added Pin To Net: NetName=NetRpg2_2 Pin=U5-14
Added Net: Name=NetRpg2_2
Added Pin To Net: NetName=NetRt2_1 Pin=Rt2-1
Added Pin To Net: NetName=NetRt2_1 Pin=U5-3
Added Net: Name=NetRt2_1
Added Pin To Net: NetName=NetRuvb2_1 Pin=Ruvb2-1
Added Pin To Net: NetName=NetRuvb2_1 Pin=Ruvt2-2
Added Pin To Net: NetName=NetRuvb2_1 Pin=U5-26
Added Net: Name=NetRuvb2_1
Added Pin To Net: NetName=NetRvisns2_1 Pin=Rvisns2-1
Added Pin To Net: NetName=NetRvisns2_1 Pin=U5-28
Added Net: Name=NetRvisns2_1
Change Class Name : Old Net Name=Ccomp1_Nets New Net Name=Ccomp_1_Nets
Added Class: Name=Sht2-V12P0
Added Class: Name=Cbias2_Nets
Added Class: Name=Cboot3_Nets
Added Class: Name=Cboot4_Nets
Added Class: Name=Cbulk2_Nets
Added Class: Name=Cbulk_5_Nets
Added Class: Name=Cbulk_6_Nets
Added Class: Name=Cbulk_7_Nets
Added Class: Name=Cbulk_8_Nets
Added Class: Name=Ccomp1_Nets
Added Class: Name=Ccomp3_Nets
Added Class: Name=Ccomp4_Nets
Added Class: Name=Ccomp_2_Nets
Added Class: Name=Ccs2_Nets
Added Class: Name=Cf2_Nets
Added Class: Name=Cin2_Nets
Added Class: Name=Cin_2_Nets
Added Class: Name=Cout2_Nets
Added Class: Name=Cout_2_Nets
Added Class: Name=Coutx4_Nets
Added Class: Name=Coutx5_Nets
Added Class: Name=Coutx6_Nets
Added Class: Name=Cslope2_Nets
Added Class: Name=Css2_Nets
Added Class: Name=Cvcc2_Nets
Added Class: Name=Dboot3_Nets
Added Class: Name=Dboot4_Nets
Added Class: Name=Df2_Nets
Added Class: Name=L5_Nets
Added Class: Name=M5_Nets
Added Class: Name=M6_Nets
Added Class: Name=M7_Nets
Added Class: Name=M8_Nets
Added Class: Name=Rcomp2_Nets
Added Class: Name=Rcsg2_Nets
Added Class: Name=Rcsp2_Nets
Added Class: Name=Rf2_Nets
Added Class: Name=Rfbb2_Nets
Added Class: Name=Rfbb3_Nets
Added Class: Name=Rfbt2_Nets
Added Class: Name=Rmode2_Nets
Added Class: Name=Rpg2_Nets
Added Class: Name=Rsense2_Nets
Added Class: Name=Rt2_Nets
Added Class: Name=Ruvb2_Nets
Added Class: Name=Ruvt2_Nets
Added Class: Name=Rvisns2_Nets
Added Class: Name=U5_Nets
Added Member To Class: ClassName=Ccomp2_Nets Member=Wire NetCcomp1_2
Added Member To Class: ClassName=Rcomp1_Nets Member=Wire NetCcomp1_2
Added Room: Name=Sht2-V12P0
