Added Class: Name=C1_Nets
Added Class: Name=C2_Nets
Added Class: Name=C3_Nets
Added Class: Name=C4_Nets
Added Class: Name=C5_Nets
Added Class: Name=C6_Nets
Added Class: Name=C7_Nets
Added Class: Name=C8_Nets
Added Class: Name=C9_Nets
Added Class: Name=C10_Nets
Added Class: Name=C11_Nets
Added Class: Name=C12_Nets
Added Class: Name=C13_Nets
Added Class: Name=C14_Nets
Added Class: Name=C15_Nets
Added Class: Name=C16_Nets
Added Class: Name=C17_Nets
Added Class: Name=C18_Nets
Added Class: Name=C19_Nets
Added Class: Name=C20_Nets
Added Class: Name=C21_Nets
Added Class: Name=Cbias1_Nets
Added Class: Name=Cbias2_Nets
Added Class: Name=Cboot1_Nets
Added Class: Name=Cboot2_Nets
Added Class: Name=Cboot3_Nets
Added Class: Name=Cboot4_Nets
Added Class: Name=Cbulk1_Nets
Added Class: Name=Cbulk2_Nets
Added Class: Name=Cbulk_1_Nets
Added Class: Name=Cbulk_2_Nets
Added Class: Name=Cbulk_3_Nets
Added Class: Name=Cbulk_4_Nets
Added Class: Name=Cbulk_5_Nets
Added Class: Name=Cbulk_6_Nets
Added Class: Name=Cbulk_7_Nets
Added Class: Name=Cbulk_8_Nets
Added Class: Name=Ccomp1_Nets
Added Class: Name=Ccomp2_Nets
Added Class: Name=Ccomp3_Nets
Added Class: Name=Ccomp4_Nets
Added Class: Name=Ccomp_1_Nets
Added Class: Name=Ccomp_2_Nets
Added Class: Name=Ccs1_Nets
Added Class: Name=Ccs2_Nets
Added Class: Name=Cf1_Nets
Added Class: Name=Cf2_Nets
Added Class: Name=Cin1_Nets
Added Class: Name=Cin2_Nets
Added Class: Name=Cin_1_Nets
Added Class: Name=Cin_2_Nets
Added Class: Name=Cout1_Nets
Added Class: Name=Cout2_Nets
Added Class: Name=Cout_1_Nets
Added Class: Name=Cout_2_Nets
Added Class: Name=Coutx1_Nets
Added Class: Name=Coutx2_Nets
Added Class: Name=Coutx3_Nets
Added Class: Name=Coutx4_Nets
Added Class: Name=Coutx5_Nets
Added Class: Name=Coutx6_Nets
Added Class: Name=Cslope1_Nets
Added Class: Name=Cslope2_Nets
Added Class: Name=Css1_Nets
Added Class: Name=Css2_Nets
Added Class: Name=Cvcc1_Nets
Added Class: Name=Cvcc2_Nets
Added Class: Name=D1_Nets
Added Class: Name=D2_Nets
Added Class: Name=D3_Nets
Added Class: Name=D4_Nets
Added Class: Name=D5_Nets
Added Class: Name=D6_Nets
Added Class: Name=D7_Nets
Added Class: Name=D8_Nets
Added Class: Name=D9_Nets
Added Class: Name=D10_Nets
Added Class: Name=Dboot1_Nets
Added Class: Name=Dboot2_Nets
Added Class: Name=Dboot3_Nets
Added Class: Name=Dboot4_Nets
Added Class: Name=Df1_Nets
Added Class: Name=Df2_Nets
Added Class: Name=F1_Nets
Added Class: Name=F2_Nets
Added Class: Name=F3_Nets
Added Class: Name=J1_Nets
Added Class: Name=J_Nets
Added Class: Name=L1_Nets
Added Class: Name=L2_Nets
Added Class: Name=L3_Nets
Added Class: Name=L4_Nets
Added Class: Name=L5_Nets
Added Class: Name=M1_Nets
Added Class: Name=M2_Nets
Added Class: Name=M3_Nets
Added Class: Name=M4_Nets
Added Class: Name=M5_Nets
Added Class: Name=M6_Nets
Added Class: Name=M7_Nets
Added Class: Name=M8_Nets
Added Class: Name=MH1_Nets
Added Class: Name=MH2_Nets
Added Class: Name=MH3_Nets
Added Class: Name=MH4_Nets
Added Class: Name=NT1_Nets
Added Class: Name=P1_Nets
Added Class: Name=P2_Nets
Added Class: Name=P3_Nets
Added Class: Name=Q1_Nets
Added Class: Name=Q_Nets
Added Class: Name=R1_Nets
Added Class: Name=R2_Nets
Added Class: Name=R3_Nets
Added Class: Name=R4_Nets
Added Class: Name=R5_Nets
Added Class: Name=R6_Nets
Added Class: Name=R7_Nets
Added Class: Name=R8_Nets
Added Class: Name=R9_Nets
Added Class: Name=R10_Nets
Added Class: Name=R11_Nets
Added Class: Name=R12_Nets
Added Class: Name=R13_Nets
Added Class: Name=R14_Nets
Added Class: Name=R15_Nets
Added Class: Name=R16_Nets
Added Class: Name=R17_Nets
Added Class: Name=R18_Nets
Added Class: Name=R19_Nets
Added Class: Name=R20_Nets
Added Class: Name=Rcomp1_Nets
Added Class: Name=Rcomp2_Nets
Added Class: Name=Rcsg1_Nets
Added Class: Name=Rcsg2_Nets
Added Class: Name=Rcsp1_Nets
Added Class: Name=Rcsp2_Nets
Added Class: Name=Rf1_Nets
Added Class: Name=Rf2_Nets
Added Class: Name=Rfbb1_Nets
Added Class: Name=Rfbb2_Nets
Added Class: Name=Rfbb?_Nets
Added Class: Name=Rfbt1_Nets
Added Class: Name=Rfbt2_Nets
Added Class: Name=Rmode1_Nets
Added Class: Name=Rmode2_Nets
Added Class: Name=Rpg1_Nets
Added Class: Name=Rpg2_Nets
Added Class: Name=Rsense1_Nets
Added Class: Name=Rsense2_Nets
Added Class: Name=Rt1_Nets
Added Class: Name=Rt2_Nets
Added Class: Name=Ruvb1_Nets
Added Class: Name=Ruvb2_Nets
Added Class: Name=Ruvt1_Nets
Added Class: Name=Ruvt2_Nets
Added Class: Name=Rvisns1_Nets
Added Class: Name=Rvisns2_Nets
Added Class: Name=TP1_Nets
Added Class: Name=TP2_Nets
Added Class: Name=TP3_Nets
Added Class: Name=TP4_Nets
Added Class: Name=TP5_Nets
Added Class: Name=TP6_Nets
Added Class: Name=TP7_Nets
Added Class: Name=TP8_Nets
Added Class: Name=TP9_Nets
Added Class: Name=TP10_Nets
Added Class: Name=TP11_Nets
Added Class: Name=U1_Nets
Added Class: Name=U2_Nets
Added Class: Name=U3_Nets
Added Class: Name=U4_Nets
Added Class: Name=U5_Nets
