Removed Member From Class: ClassName=C2_Nets Member=Ard_AREF
Removed Member From Class: ClassName=C3_Nets Member=Ard_AREF
Removed Member From Class: ClassName=C5_Nets Member=Ard_AREF
Removed Member From Class: ClassName=C6_Nets Member=Ard_AREF
Removed Member From Class: ClassName=C7_Nets Member=Ard_AREF
Removed Member From Class: ClassName=C10_Nets Member=Ard_AREF
Removed Member From Class: ClassName=C11_Nets Member=Ard_AREF
Removed Member From Class: ClassName=C12_Nets Member=Ard_AREF
Removed Member From Class: ClassName=C13_Nets Member=Ard_AREF
Removed Member From Class: ClassName=C16_Nets Member=Ard_AREF
Removed Member From Class: ClassName=C17_Nets Member=Ard_AREF
Removed Member From Class: ClassName=C18_Nets Member=Ard_AREF
Removed Member From Class: ClassName=C19_Nets Member=Ard_AREF
Removed Member From Class: ClassName=C20_Nets Member=Ard_AREF
Removed Member From Class: ClassName=C21_Nets Member=Ard_AREF
Removed Member From Class: ClassName=Cbias1_Nets Member=Ard_AREF
Removed Member From Class: ClassName=Cbias2_Nets Member=Ard_AREF
Removed Member From Class: ClassName=Cbulk1_Nets Member=Ard_AREF
Removed Member From Class: ClassName=Cbulk2_Nets Member=Ard_AREF
Removed Member From Class: ClassName=Cbulk_1_Nets Member=Ard_AREF
Removed Member From Class: ClassName=Cbulk_2_Nets Member=Ard_AREF
Removed Member From Class: ClassName=Cbulk_3_Nets Member=Ard_AREF
Removed Member From Class: ClassName=Cbulk_4_Nets Member=Ard_AREF
Removed Member From Class: ClassName=Cbulk_5_Nets Member=Ard_AREF
Removed Member From Class: ClassName=Cbulk_6_Nets Member=Ard_AREF
Removed Member From Class: ClassName=Cbulk_7_Nets Member=Ard_AREF
Removed Member From Class: ClassName=Cbulk_8_Nets Member=Ard_AREF
Removed Member From Class: ClassName=Ccomp1_Nets Member=Ard_AREF
Removed Member From Class: ClassName=Ccomp3_Nets Member=Ard_AREF
Removed Member From Class: ClassName=Cf1_Nets Member=Ard_AREF
Removed Member From Class: ClassName=Cf2_Nets Member=Ard_AREF
Removed Member From Class: ClassName=Cin1_Nets Member=Ard_AREF
Removed Member From Class: ClassName=Cin2_Nets Member=Ard_AREF
Removed Member From Class: ClassName=Cin_1_Nets Member=Ard_AREF
Removed Member From Class: ClassName=Cin_2_Nets Member=Ard_AREF
Removed Member From Class: ClassName=Cout1_Nets Member=Ard_AREF
Removed Member From Class: ClassName=Cout2_Nets Member=Ard_AREF
Removed Member From Class: ClassName=Cout_1_Nets Member=Ard_AREF
Removed Member From Class: ClassName=Cout_2_Nets Member=Ard_AREF
Removed Member From Class: ClassName=Coutx1_Nets Member=Ard_AREF
Removed Member From Class: ClassName=Coutx2_Nets Member=Ard_AREF
Removed Member From Class: ClassName=Coutx3_Nets Member=Ard_AREF
Removed Member From Class: ClassName=Coutx4_Nets Member=Ard_AREF
Removed Member From Class: ClassName=Coutx5_Nets Member=Ard_AREF
Removed Member From Class: ClassName=Coutx6_Nets Member=Ard_AREF
Removed Member From Class: ClassName=Cslope1_Nets Member=Ard_AREF
Removed Member From Class: ClassName=Cslope2_Nets Member=Ard_AREF
Removed Member From Class: ClassName=Css1_Nets Member=Ard_AREF
Removed Member From Class: ClassName=Css2_Nets Member=Ard_AREF
Removed Member From Class: ClassName=Cvcc1_Nets Member=Ard_AREF
Removed Member From Class: ClassName=Cvcc2_Nets Member=Ard_AREF
Removed Member From Class: ClassName=D1_Nets Member=Ard_AREF
Removed Member From Class: ClassName=D2_Nets Member=Ard_AREF
Removed Member From Class: ClassName=D3_Nets Member=Ard_AREF
Removed Member From Class: ClassName=D4_Nets Member=Ard_AREF
Removed Member From Class: ClassName=D5_Nets Member=Ard_AREF
Removed Member From Class: ClassName=D6_Nets Member=Ard_AREF
Removed Member From Class: ClassName=D7_Nets Member=Ard_AREF
Removed Member From Class: ClassName=D8_Nets Member=Ard_AREF
Removed Member From Class: ClassName=D10_Nets Member=Ard_AREF
Removed Member From Class: ClassName=J1_Nets Member=Ard_AREF
Removed Member From Class: ClassName=J_Nets Member=Ard_AREF
Removed Member From Class: ClassName=MH1_Nets Member=Ard_AREF
Removed Member From Class: ClassName=MH2_Nets Member=Ard_AREF
Removed Member From Class: ClassName=MH3_Nets Member=Ard_AREF
Removed Member From Class: ClassName=MH4_Nets Member=Ard_AREF
Removed Member From Class: ClassName=NT1_Nets Member=Ard_AREF
Removed Member From Class: ClassName=P1_Nets Member=Ard_AREF
Removed Member From Class: ClassName=P2_Nets Member=Ard_AREF
Removed Member From Class: ClassName=R2_Nets Member=Ard_AREF
Removed Member From Class: ClassName=R5_Nets Member=Ard_AREF
Removed Member From Class: ClassName=R6_Nets Member=Ard_AREF
Removed Member From Class: ClassName=R17_Nets Member=Ard_AREF
Removed Member From Class: ClassName=R18_Nets Member=Ard_AREF
Removed Member From Class: ClassName=R20_Nets Member=Ard_AREF
Removed Member From Class: ClassName=Rcomp1_Nets Member=Ard_AREF
Removed Member From Class: ClassName=Rcomp2_Nets Member=Ard_AREF
Removed Member From Class: ClassName=Rcsg1_Nets Member=Ard_AREF
Removed Member From Class: ClassName=Rcsg2_Nets Member=Ard_AREF
Removed Member From Class: ClassName=Rfbb1_Nets Member=Ard_AREF
Removed Member From Class: ClassName=Rfbb2_Nets Member=Ard_AREF
Removed Member From Class: ClassName=Rfbb?_Nets Member=Ard_AREF
Removed Member From Class: ClassName=Rmode1_Nets Member=Ard_AREF
Removed Member From Class: ClassName=Rmode2_Nets Member=Ard_AREF
Removed Member From Class: ClassName=Rsense1_Nets Member=Ard_AREF
Removed Member From Class: ClassName=Rsense2_Nets Member=Ard_AREF
Removed Member From Class: ClassName=Rt1_Nets Member=Ard_AREF
Removed Member From Class: ClassName=Rt2_Nets Member=Ard_AREF
Removed Member From Class: ClassName=Ruvb1_Nets Member=Ard_AREF
Removed Member From Class: ClassName=Ruvb2_Nets Member=Ard_AREF
Removed Member From Class: ClassName=Sht3-Regulators_Nets Member=Ard_AREF
Removed Member From Class: ClassName=TP1_Nets Member=Ard_AREF
Removed Member From Class: ClassName=TP3_Nets Member=Ard_AREF
Removed Member From Class: ClassName=U1_Nets Member=Ard_AREF
Removed Member From Class: ClassName=U2_Nets Member=Ard_AREF
Removed Member From Class: ClassName=U3_Nets Member=Ard_AREF
Removed Member From Class: ClassName=U4_Nets Member=Ard_AREF
Removed Member From Class: ClassName=U5_Nets Member=Ard_AREF
Change Net Name : Old Net Name=Ard_AREF New Net Name=Ard_GND
Added Member To Class: ClassName=C2_Nets Member=Wire Ard_GND
Added Member To Class: ClassName=C3_Nets Member=Wire Ard_GND
Added Member To Class: ClassName=C5_Nets Member=Wire Ard_GND
Added Member To Class: ClassName=C6_Nets Member=Wire Ard_GND
Added Member To Class: ClassName=C7_Nets Member=Wire Ard_GND
Added Member To Class: ClassName=C10_Nets Member=Wire Ard_GND
Added Member To Class: ClassName=C11_Nets Member=Wire Ard_GND
Added Member To Class: ClassName=C12_Nets Member=Wire Ard_GND
Added Member To Class: ClassName=C13_Nets Member=Wire Ard_GND
Added Member To Class: ClassName=C16_Nets Member=Wire Ard_GND
Added Member To Class: ClassName=C17_Nets Member=Wire Ard_GND
Added Member To Class: ClassName=C18_Nets Member=Wire Ard_GND
Added Member To Class: ClassName=C19_Nets Member=Wire Ard_GND
Added Member To Class: ClassName=C20_Nets Member=Wire Ard_GND
Added Member To Class: ClassName=C21_Nets Member=Wire Ard_GND
Added Member To Class: ClassName=Cbias1_Nets Member=Wire Ard_GND
Added Member To Class: ClassName=Cbias2_Nets Member=Wire Ard_GND
Added Member To Class: ClassName=Cbulk1_Nets Member=Wire Ard_GND
Added Member To Class: ClassName=Cbulk2_Nets Member=Wire Ard_GND
Added Member To Class: ClassName=Cbulk_1_Nets Member=Wire Ard_GND
Added Member To Class: ClassName=Cbulk_2_Nets Member=Wire Ard_GND
Added Member To Class: ClassName=Cbulk_3_Nets Member=Wire Ard_GND
Added Member To Class: ClassName=Cbulk_4_Nets Member=Wire Ard_GND
Added Member To Class: ClassName=Cbulk_5_Nets Member=Wire Ard_GND
Added Member To Class: ClassName=Cbulk_6_Nets Member=Wire Ard_GND
Added Member To Class: ClassName=Cbulk_7_Nets Member=Wire Ard_GND
Added Member To Class: ClassName=Cbulk_8_Nets Member=Wire Ard_GND
Added Member To Class: ClassName=Ccomp1_Nets Member=Wire Ard_GND
Added Member To Class: ClassName=Ccomp3_Nets Member=Wire Ard_GND
Added Member To Class: ClassName=Cf1_Nets Member=Wire Ard_GND
Added Member To Class: ClassName=Cf2_Nets Member=Wire Ard_GND
Added Member To Class: ClassName=Cin1_Nets Member=Wire Ard_GND
Added Member To Class: ClassName=Cin2_Nets Member=Wire Ard_GND
Added Member To Class: ClassName=Cin_1_Nets Member=Wire Ard_GND
Added Member To Class: ClassName=Cin_2_Nets Member=Wire Ard_GND
Added Member To Class: ClassName=Cout1_Nets Member=Wire Ard_GND
Added Member To Class: ClassName=Cout2_Nets Member=Wire Ard_GND
Added Member To Class: ClassName=Cout_1_Nets Member=Wire Ard_GND
Added Member To Class: ClassName=Cout_2_Nets Member=Wire Ard_GND
Added Member To Class: ClassName=Coutx1_Nets Member=Wire Ard_GND
Added Member To Class: ClassName=Coutx2_Nets Member=Wire Ard_GND
Added Member To Class: ClassName=Coutx3_Nets Member=Wire Ard_GND
Added Member To Class: ClassName=Coutx4_Nets Member=Wire Ard_GND
Added Member To Class: ClassName=Coutx5_Nets Member=Wire Ard_GND
Added Member To Class: ClassName=Coutx6_Nets Member=Wire Ard_GND
Added Member To Class: ClassName=Cslope1_Nets Member=Wire Ard_GND
Added Member To Class: ClassName=Cslope2_Nets Member=Wire Ard_GND
Added Member To Class: ClassName=Css1_Nets Member=Wire Ard_GND
Added Member To Class: ClassName=Css2_Nets Member=Wire Ard_GND
Added Member To Class: ClassName=Cvcc1_Nets Member=Wire Ard_GND
Added Member To Class: ClassName=Cvcc2_Nets Member=Wire Ard_GND
Added Member To Class: ClassName=D1_Nets Member=Wire Ard_GND
Added Member To Class: ClassName=D2_Nets Member=Wire Ard_GND
Added Member To Class: ClassName=D3_Nets Member=Wire Ard_GND
Added Member To Class: ClassName=D4_Nets Member=Wire Ard_GND
Added Member To Class: ClassName=D5_Nets Member=Wire Ard_GND
Added Member To Class: ClassName=D6_Nets Member=Wire Ard_GND
Added Member To Class: ClassName=D7_Nets Member=Wire Ard_GND
Added Member To Class: ClassName=D8_Nets Member=Wire Ard_GND
Added Member To Class: ClassName=D10_Nets Member=Wire Ard_GND
Added Member To Class: ClassName=J1_Nets Member=Wire Ard_GND
Added Member To Class: ClassName=J_Nets Member=Wire Ard_GND
Added Member To Class: ClassName=MH1_Nets Member=Wire Ard_GND
Added Member To Class: ClassName=MH2_Nets Member=Wire Ard_GND
Added Member To Class: ClassName=MH3_Nets Member=Wire Ard_GND
Added Member To Class: ClassName=MH4_Nets Member=Wire Ard_GND
Added Member To Class: ClassName=NT1_Nets Member=Wire Ard_GND
Added Member To Class: ClassName=P1_Nets Member=Wire Ard_GND
Added Member To Class: ClassName=P2_Nets Member=Wire Ard_GND
Added Member To Class: ClassName=R2_Nets Member=Wire Ard_GND
Added Member To Class: ClassName=R5_Nets Member=Wire Ard_GND
Added Member To Class: ClassName=R6_Nets Member=Wire Ard_GND
Added Member To Class: ClassName=R17_Nets Member=Wire Ard_GND
Added Member To Class: ClassName=R18_Nets Member=Wire Ard_GND
Added Member To Class: ClassName=R20_Nets Member=Wire Ard_GND
Added Member To Class: ClassName=Rcomp1_Nets Member=Wire Ard_GND
Added Member To Class: ClassName=Rcomp2_Nets Member=Wire Ard_GND
Added Member To Class: ClassName=Rcsg1_Nets Member=Wire Ard_GND
Added Member To Class: ClassName=Rcsg2_Nets Member=Wire Ard_GND
Added Member To Class: ClassName=Rfbb1_Nets Member=Wire Ard_GND
Added Member To Class: ClassName=Rfbb2_Nets Member=Wire Ard_GND
Added Member To Class: ClassName=Rfbb?_Nets Member=Wire Ard_GND
Added Member To Class: ClassName=Rmode1_Nets Member=Wire Ard_GND
Added Member To Class: ClassName=Rmode2_Nets Member=Wire Ard_GND
Added Member To Class: ClassName=Rsense1_Nets Member=Wire Ard_GND
Added Member To Class: ClassName=Rsense2_Nets Member=Wire Ard_GND
Added Member To Class: ClassName=Rt1_Nets Member=Wire Ard_GND
Added Member To Class: ClassName=Rt2_Nets Member=Wire Ard_GND
Added Member To Class: ClassName=Ruvb1_Nets Member=Wire Ard_GND
Added Member To Class: ClassName=Ruvb2_Nets Member=Wire Ard_GND
Added Member To Class: ClassName=Sht3-Regulators_Nets Member=Wire Ard_GND
Added Member To Class: ClassName=TP1_Nets Member=Wire Ard_GND
Added Member To Class: ClassName=TP3_Nets Member=Wire Ard_GND
Added Member To Class: ClassName=U1_Nets Member=Wire Ard_GND
Added Member To Class: ClassName=U2_Nets Member=Wire Ard_GND
Added Member To Class: ClassName=U3_Nets Member=Wire Ard_GND
Added Member To Class: ClassName=U4_Nets Member=Wire Ard_GND
Added Member To Class: ClassName=U5_Nets Member=Wire Ard_GND
