Removed Pin From Net: NetName=GND Pin=Cbias1-2
Removed Pin From Net: NetName=VCC_BATT_FILT Pin=Cbulk_1-1
Removed Pin From Net: NetName=GND Pin=Cbulk_1-2
Removed Pin From Net: NetName=VCC_BATT_FILT Pin=Cbulk_2-1
Removed Pin From Net: NetName=GND Pin=Cbulk_2-2
Removed Pin From Net: NetName=GND Pin=Ccomp1-2
Removed Pin From Net: NetName=GND Pin=Cf1-2
Removed Pin From Net: NetName=VCC_BATT_FILT Pin=Cin_1-1
Removed Pin From Net: NetName=GND Pin=Cin_1-2
Removed Pin From Net: NetName=VCC_BATT_FILT Pin=Cin_2-1
Removed Pin From Net: NetName=GND Pin=Cin_2-2
Removed Pin From Net: NetName=VCC_BATT_FILT Pin=Cin_3-1
Removed Pin From Net: NetName=GND Pin=Cin_3-2
Removed Pin From Net: NetName=V12P0 Pin=Cout_1-1
Removed Pin From Net: NetName=GND Pin=Cout_1-2
Removed Pin From Net: NetName=V12P0 Pin=Cout_2-1
Removed Pin From Net: NetName=GND Pin=Cout_2-2
Removed Pin From Net: NetName=V12P0 Pin=Cout_3-1
Removed Pin From Net: NetName=GND Pin=Cout_3-2
Removed Pin From Net: NetName=V12P0 Pin=Coutx1-1
Removed Pin From Net: NetName=GND Pin=Coutx1-2
Removed Pin From Net: NetName=V12P0 Pin=Coutx2-1
Removed Pin From Net: NetName=GND Pin=Coutx2-2
Removed Pin From Net: NetName=V12P0 Pin=Coutx3-1
Removed Pin From Net: NetName=GND Pin=Coutx3-2
Removed Pin From Net: NetName=GND Pin=Cslope1-2
Removed Pin From Net: NetName=GND Pin=Css1-2
Removed Pin From Net: NetName=GND Pin=Cvcc1-2
Removed Pin From Net: NetName=VCC_BATT_FILT Pin=Df1-2
Removed Pin From Net: NetName=VCC_BATT_FILT Pin=M1-5
Removed Pin From Net: NetName=VCC_BATT_FILT Pin=M1-6
Removed Pin From Net: NetName=VCC_BATT_FILT Pin=M1-7
Removed Pin From Net: NetName=VCC_BATT_FILT Pin=M1-8
Removed Pin From Net: NetName=VCC_BATT_FILT Pin=M1-9
Removed Pin From Net: NetName=V12P0 Pin=M2-5
Removed Pin From Net: NetName=V12P0 Pin=M2-6
Removed Pin From Net: NetName=V12P0 Pin=M2-7
Removed Pin From Net: NetName=V12P0 Pin=M2-8
Removed Pin From Net: NetName=V12P0 Pin=M2-9
Removed Pin From Net: NetName=GND Pin=Rcomp1-2
Removed Pin From Net: NetName=GND Pin=Rcsg1-2
Removed Pin From Net: NetName=GND Pin=Rfbb1-2
Removed Pin From Net: NetName=V12P0 Pin=Rfbt1-1
Removed Pin From Net: NetName=GND Pin=Rmode1-2
Removed Pin From Net: NetName=GND Pin=Rsense1-2
Removed Pin From Net: NetName=GND Pin=Rt1-2
Removed Pin From Net: NetName=GND Pin=Ruvb1-2
Removed Pin From Net: NetName=VCC_BATT_FILT Pin=Ruvt1-1
Removed Pin From Net: NetName=VCC_BATT_FILT Pin=Rvisns1-2
Removed Pin From Net: NetName=GND Pin=U1-2
Removed Pin From Net: NetName=GND Pin=U1-7
Removed Pin From Net: NetName=V12P0 Pin=U1-9
Removed Pin From Net: NetName=GND Pin=U1-10
Removed Pin From Net: NetName=GND Pin=U1-11
Removed Pin From Net: NetName=GND Pin=U1-19
Removed Pin From Net: NetName=GND Pin=U1-29
Removed Member From Class: ClassName=Sht2-V12P0_reg Member=Cbias1
Removed Member From Class: ClassName=Sht2-V12P0_reg Member=Cboot1
Removed Member From Class: ClassName=Sht2-V12P0_reg Member=Cboot2
Removed Member From Class: ClassName=Sht2-V12P0_reg Member=Cbulk_1
Removed Member From Class: ClassName=Sht2-V12P0_reg Member=Cbulk_2
Removed Member From Class: ClassName=Sht2-V12P0_reg Member=Ccomp1
Removed Member From Class: ClassName=Sht2-V12P0_reg Member=Ccomp2
Removed Member From Class: ClassName=Sht2-V12P0_reg Member=Ccomp3
Removed Member From Class: ClassName=Sht2-V12P0_reg Member=Ccs1
Removed Member From Class: ClassName=Sht2-V12P0_reg Member=Cf1
Removed Member From Class: ClassName=Sht2-V12P0_reg Member=Cin_1
Removed Member From Class: ClassName=Sht2-V12P0_reg Member=Cin_2
Removed Member From Class: ClassName=Sht2-V12P0_reg Member=Cin_3
Removed Member From Class: ClassName=Sht2-V12P0_reg Member=Cout_1
Removed Member From Class: ClassName=Sht2-V12P0_reg Member=Cout_2
Removed Member From Class: ClassName=Sht2-V12P0_reg Member=Cout_3
Removed Member From Class: ClassName=Sht2-V12P0_reg Member=Coutx1
Removed Member From Class: ClassName=Sht2-V12P0_reg Member=Coutx2
Removed Member From Class: ClassName=Sht2-V12P0_reg Member=Coutx3
Removed Member From Class: ClassName=Sht2-V12P0_reg Member=Cslope1
Removed Member From Class: ClassName=Sht2-V12P0_reg Member=Css1
Removed Member From Class: ClassName=Sht2-V12P0_reg Member=Cvcc1
Removed Member From Class: ClassName=Sht2-V12P0_reg Member=Dboot1
Removed Member From Class: ClassName=Sht2-V12P0_reg Member=Dboot2
Removed Member From Class: ClassName=Sht2-V12P0_reg Member=Df1
Removed Member From Class: ClassName=Sht2-V12P0_reg Member=L1
Removed Member From Class: ClassName=Sht2-V12P0_reg Member=M1
Removed Member From Class: ClassName=Sht2-V12P0_reg Member=M2
Removed Member From Class: ClassName=Sht2-V12P0_reg Member=M3
Removed Member From Class: ClassName=Sht2-V12P0_reg Member=M4
Removed Member From Class: ClassName=Sht2-V12P0_reg Member=Rcomp1
Removed Member From Class: ClassName=Sht2-V12P0_reg Member=Rcsg1
Removed Member From Class: ClassName=Sht2-V12P0_reg Member=Rcsp1
Removed Member From Class: ClassName=Sht2-V12P0_reg Member=Rf1
Removed Member From Class: ClassName=Sht2-V12P0_reg Member=Rfbb1
Removed Member From Class: ClassName=Sht2-V12P0_reg Member=Rfbt1
Removed Member From Class: ClassName=Sht2-V12P0_reg Member=Rmode1
Removed Member From Class: ClassName=Sht2-V12P0_reg Member=Rpg1
Removed Member From Class: ClassName=Sht2-V12P0_reg Member=Rsense1
Removed Member From Class: ClassName=Sht2-V12P0_reg Member=Rt1
Removed Member From Class: ClassName=Sht2-V12P0_reg Member=Ruvb1
Removed Member From Class: ClassName=Sht2-V12P0_reg Member=Ruvt1
Removed Member From Class: ClassName=Sht2-V12P0_reg Member=Rvisns1
Removed Member From Class: ClassName=Sht2-V12P0_reg Member=U1
Removed Member From Class: ClassName=U8_Nets Member=NetU8_B2
Added Pin To Net: NetName=GND Pin=U8-B2
Added Pin To Net: NetName=GND Pin=U8-B3
Added Pin To Net: NetName=GND Pin=U8-B4
Added Pin To Net: NetName=GND Pin=U8-B5
Added Pin To Net: NetName=GND Pin=U8-B6
Added Pin To Net: NetName=GND Pin=U8-B7
Added Pin To Net: NetName=GND Pin=U8-B8
Added Pin To Net: NetName=GND Pin=U8-B9
Added Pin To Net: NetName=GND Pin=U8-C2
Added Pin To Net: NetName=GND Pin=U8-C3
Added Pin To Net: NetName=GND Pin=U8-C4
Added Pin To Net: NetName=GND Pin=U8-C5
Added Pin To Net: NetName=GND Pin=U8-C6
Added Pin To Net: NetName=GND Pin=U8-C7
Added Pin To Net: NetName=GND Pin=U8-C8
Added Pin To Net: NetName=GND Pin=U8-C9
Added Pin To Net: NetName=GND Pin=U8-D2
Added Pin To Net: NetName=GND Pin=U8-D3
Added Pin To Net: NetName=GND Pin=U8-D4
Added Pin To Net: NetName=GND Pin=U8-D5
Added Pin To Net: NetName=GND Pin=U8-D6
Added Pin To Net: NetName=GND Pin=U8-D7
Added Pin To Net: NetName=GND Pin=U8-D8
Added Pin To Net: NetName=GND Pin=U8-D9
Added Pin To Net: NetName=GND Pin=U8-E2
Added Pin To Net: NetName=GND Pin=U8-E3
Added Pin To Net: NetName=GND Pin=U8-E4
Added Pin To Net: NetName=GND Pin=U8-E5
Added Room: Name=Designator
Added Room: Name=Designator
