Removed Pin From Net: NetName=VRef+ Pin=U5-4
Removed Pin From Net: NetName=GND Pin=U5-7
Removed Pin From Net: NetName=GND Pin=U5-8
Removed Member From Class: ClassName=U_Tx Member=D8
Removed Member From Class: ClassName=Main Member=R7
Change Component Designator: OldDesignator=C2 NewDesignator=C3
Change Component Designator: OldDesignator=C3 NewDesignator=C2
Change Component Designator: OldDesignator=C6 NewDesignator=C19
Change Component Designator: OldDesignator=C7 NewDesignator=C17
Change Component Designator: OldDesignator=C9 NewDesignator=C18
Change Component Designator: OldDesignator=C10 NewDesignator=C9
Change Component Designator: OldDesignator=C11 NewDesignator=C16
Change Component Designator: OldDesignator=C12 NewDesignator=C10
Change Component Designator: OldDesignator=C14 NewDesignator=C20
Change Component Designator: OldDesignator=C15 NewDesignator=C6
Change Component Designator: OldDesignator=C16 NewDesignator=C7
Change Component Designator: OldDesignator=C17 NewDesignator=C15
Change Component Designator: OldDesignator=C18 NewDesignator=C12
Change Component Designator: OldDesignator=C19 NewDesignator=C14
Change Component Designator: OldDesignator=C20 NewDesignator=C11
Change Component Designator: OldDesignator=D1 NewDesignator=D7
Change Component Designator: OldDesignator=D2 NewDesignator=D9
Change Component Designator: OldDesignator=D3 NewDesignator=D10
Change Component Designator: OldDesignator=D4 NewDesignator=D6
Change Component Designator: OldDesignator=D5 NewDesignator=D3
Change Component Designator: OldDesignator=D6 NewDesignator=D4
Change Component Designator: OldDesignator=D7 NewDesignator=D8
Change Component Designator: OldDesignator=D8 NewDesignator=D5
Change Component Designator: OldDesignator=D9 NewDesignator=D1
Change Component Designator: OldDesignator=D10 NewDesignator=D2
Change Component Designator: OldDesignator=J1 NewDesignator=J2
Change Component Designator: OldDesignator=J2 NewDesignator=J3
Change Component Designator: OldDesignator=J3 NewDesignator=J1
Change Component Designator: OldDesignator=Q3 NewDesignator=Q4
Change Component Designator: OldDesignator=Q4 NewDesignator=Q3
Change Component Designator: OldDesignator=R1 NewDesignator=R4
Change Component Designator: OldDesignator=R2 NewDesignator=R3
Change Component Designator: OldDesignator=R3 NewDesignator=R7
Change Component Designator: OldDesignator=R4 NewDesignator=R6
Change Component Designator: OldDesignator=R5 NewDesignator=R2
Change Component Designator: OldDesignator=R6 NewDesignator=R10
Change Component Designator: OldDesignator=R7 NewDesignator=R5
Change Component Designator: OldDesignator=R8 NewDesignator=R9
Change Component Designator: OldDesignator=R9 NewDesignator=R8
Change Component Designator: OldDesignator=R10 NewDesignator=R1
Change Component Designator: OldDesignator=R11 NewDesignator=R30
Change Component Designator: OldDesignator=R12 NewDesignator=R15
Change Component Designator: OldDesignator=R13 NewDesignator=R29
Change Component Designator: OldDesignator=R14 NewDesignator=R31
Change Component Designator: OldDesignator=R15 NewDesignator=R13
Change Component Designator: OldDesignator=R16 NewDesignator=R14
Change Component Designator: OldDesignator=R17 NewDesignator=R16
Change Component Designator: OldDesignator=R18 NewDesignator=R28
Change Component Designator: OldDesignator=R20 NewDesignator=R22
Change Component Designator: OldDesignator=R21 NewDesignator=R26
Change Component Designator: OldDesignator=R22 NewDesignator=R27
Change Component Designator: OldDesignator=R23 NewDesignator=R24
Change Component Designator: OldDesignator=R24 NewDesignator=R18
Change Component Designator: OldDesignator=R25 NewDesignator=R17
Change Component Designator: OldDesignator=R26 NewDesignator=R21
Change Component Designator: OldDesignator=R27 NewDesignator=R20
Change Component Designator: OldDesignator=R28 NewDesignator=R23
Change Component Designator: OldDesignator=R29 NewDesignator=R25
Change Component Designator: OldDesignator=U5 NewDesignator=U8
Change Component Designator: OldDesignator=U6 NewDesignator=U7
Change Component Designator: OldDesignator=U7 NewDesignator=U6
Added Component: Designator=C21(0805)
Add component (AddParameter): Name = "CPAR"; Value = ""; VariantName = "[No Variations]"
Add component (AddParameter): Name = "LSER"; Value = ""; VariantName = "[No Variations]"
Add component (AddParameter): Name = "RLSHUNT"; Value = ""; VariantName = "[No Variations]"
Add component (AddParameter): Name = "RPAR"; Value = ""; VariantName = "[No Variations]"
Add component (AddParameter): Name = "RSER"; Value = ""; VariantName = "[No Variations]"
Add component (AddParameter): Name = "SimulationGenericComponent"; Value = "True"; VariantName = "[No Variations]"
Add component (AddParameter): Name = "TEMP"; Value = ""; VariantName = "[No Variations]"
Add component (AddParameter): Name = "Value"; Value = "100n"; VariantName = "[No Variations]"
Added Component: Designator=C22(0805)
Add component (AddParameter): Name = "CPAR"; Value = ""; VariantName = "[No Variations]"
Add component (AddParameter): Name = "LSER"; Value = ""; VariantName = "[No Variations]"
Add component (AddParameter): Name = "RLSHUNT"; Value = ""; VariantName = "[No Variations]"
Add component (AddParameter): Name = "RPAR"; Value = ""; VariantName = "[No Variations]"
Add component (AddParameter): Name = "RSER"; Value = ""; VariantName = "[No Variations]"
Add component (AddParameter): Name = "SimulationGenericComponent"; Value = "True"; VariantName = "[No Variations]"
Add component (AddParameter): Name = "TEMP"; Value = ""; VariantName = "[No Variations]"
Add component (AddParameter): Name = "Value"; Value = "100n"; VariantName = "[No Variations]"
Added Component: Designator=R11(0805)
Add component (AddParameter): Name = "DTEMP"; Value = ""; VariantName = "[No Variations]"
Add component (AddParameter): Name = "SimulationGenericComponent"; Value = "True"; VariantName = "[No Variations]"
Add component (AddParameter): Name = "T_REL_LOCAL"; Value = ""; VariantName = "[No Variations]"
Add component (AddParameter): Name = "TC"; Value = ""; VariantName = "[No Variations]"
Add component (AddParameter): Name = "TC1"; Value = "0"; VariantName = "[No Variations]"
Add component (AddParameter): Name = "TC2"; Value = "0"; VariantName = "[No Variations]"
Add component (AddParameter): Name = "TEMP"; Value = ""; VariantName = "[No Variations]"
Add component (AddParameter): Name = "Value"; Value = "0"; VariantName = "[No Variations]"
Added Component: Designator=R12(0805)
Add component (AddParameter): Name = "DTEMP"; Value = ""; VariantName = "[No Variations]"
Add component (AddParameter): Name = "SimulationGenericComponent"; Value = "True"; VariantName = "[No Variations]"
Add component (AddParameter): Name = "T_REL_LOCAL"; Value = ""; VariantName = "[No Variations]"
Add component (AddParameter): Name = "TC"; Value = ""; VariantName = "[No Variations]"
Add component (AddParameter): Name = "TC1"; Value = "0"; VariantName = "[No Variations]"
Add component (AddParameter): Name = "TC2"; Value = "0"; VariantName = "[No Variations]"
Add component (AddParameter): Name = "TEMP"; Value = ""; VariantName = "[No Variations]"
Add component (AddParameter): Name = "Value"; Value = "0"; VariantName = "[No Variations]"
Added Pin To Net: NetName=GND Pin=C22-1
Added Pin To Net: NetName=VRef+ Pin=R11-2
Added Pin To Net: NetName=AD8338_VREF Pin=R12-2
Added Pin To Net: NetName=NetC21_1 Pin=C21-1
Added Pin To Net: NetName=NetC21_1 Pin=U8-4
Added Net: Name=NetC21_1
Added Pin To Net: NetName=NetC21_2 Pin=C21-2
Added Pin To Net: NetName=NetC21_2 Pin=R11-1
Added Pin To Net: NetName=NetC21_2 Pin=R12-1
Added Net: Name=NetC21_2
Added Pin To Net: NetName=NetC22_2 Pin=C22-2
Added Pin To Net: NetName=NetC22_2 Pin=U8-7
Added Pin To Net: NetName=NetC22_2 Pin=U8-8
Added Net: Name=NetC22_2
Added Member To Class: ClassName=U_Tx Member=Component C3 Capacitor
Added Member To Class: ClassName=U_Rx Member=Component C7 Capacitor
Added Member To Class: ClassName=U_Rx Member=Component C9 Capacitor
Added Member To Class: ClassName=U_Rx Member=Component C12 Capacitor
Added Member To Class: ClassName=U_Rx Member=Component C16 C3216X5R1H106K160AB
Added Member To Class: ClassName=U_Rx Member=Component C17 Capacitor
Added Member To Class: ClassName=U_Rx Member=Component C18 Capacitor
Added Member To Class: ClassName=U_Rx Member=Component C19 Capacitor
Added Member To Class: ClassName=U_Rx Member=Component C20 Capacitor
Added Member To Class: ClassName=U_Rx Member=Component C21 Capacitor
Added Member To Class: ClassName=U_Rx Member=Component C22 Capacitor
Added Member To Class: ClassName=Main Member=Component D3 Diode
Added Member To Class: ClassName=Main Member=Component D6 Diode
Added Member To Class: ClassName=Main Member=Component D7 Diode
Added Member To Class: ClassName=Main Member=Component D8 Diode
Added Member To Class: ClassName=U_Tx Member=Component D9 Diode
Added Member To Class: ClassName=Main Member=Component J3 031-5540
Added Member To Class: ClassName=U_Tx Member=Component Q4 IPD35N10S3L-26
Added Member To Class: ClassName=Main Member=Component R2 Resistor
Added Member To Class: ClassName=Main Member=Component R3 Resistor
Added Member To Class: ClassName=Main Member=Component R4 Resistor
Added Member To Class: ClassName=U_Tx Member=Component R9 Resistor
Added Member To Class: ClassName=U_Rx Member=Component R15 3296W-1-503LF
Added Member To Class: ClassName=U_Rx Member=Component R17 Resistor
Added Member To Class: ClassName=U_Rx Member=Component R23 Resistor
Added Member To Class: ClassName=U_Rx Member=Component R24 Resistor
Added Member To Class: ClassName=U_Rx Member=Component R26 Resistor
Added Member To Class: ClassName=U_Rx Member=Component R27 Resistor
Added Member To Class: ClassName=U_Rx Member=Component R28 Resistor
Added Member To Class: ClassName=U_Rx Member=Component R29 Resistor
Added Member To Class: ClassName=U_Rx Member=Component R30 Resistor
Added Member To Class: ClassName=U_Rx Member=Component R31 Resistor
Added Member To Class: ClassName=U_Rx Member=Component U7 AD8221ARMZ-R7
