Update Managed Component C6 From CMP-2000-06045-2[C3216X5R1H106K160AB] To CMP-2000-06045-2[C3216X5R1H106K160AB] in Rx.SchDoc
Replace Part C7 Capacitor in C:\Development\TAUV-Hardware\TAUV-Modem\TAUV-Modem\Rx.SchDoc with Capacitor from Simulation Generic Components.IntLib
Update Managed Component C8 From CMP-2000-06045-2[C3216X5R1H106K160AB] To CMP-2000-06045-2[C3216X5R1H106K160AB] in Rx.SchDoc
Replace Part C9 Capacitor in C:\Development\TAUV-Hardware\TAUV-Modem\TAUV-Modem\Rx.SchDoc with Capacitor from Simulation Generic Components.IntLib
Replace Part C10 Capacitor in C:\Development\TAUV-Hardware\TAUV-Modem\TAUV-Modem\Rx.SchDoc with Capacitor from Simulation Generic Components.IntLib
Replace Part C11 Capacitor in C:\Development\TAUV-Hardware\TAUV-Modem\TAUV-Modem\Rx.SchDoc with Capacitor from Simulation Generic Components.IntLib
Replace Part C12 Capacitor in C:\Development\TAUV-Hardware\TAUV-Modem\TAUV-Modem\Rx.SchDoc with Capacitor from Simulation Generic Components.IntLib
Replace Part C13 Capacitor in C:\Development\TAUV-Hardware\TAUV-Modem\TAUV-Modem\Rx.SchDoc with Capacitor from Simulation Generic Components.IntLib
Replace Part C14 Capacitor in C:\Development\TAUV-Hardware\TAUV-Modem\TAUV-Modem\Rx.SchDoc with Capacitor from Simulation Generic Components.IntLib
Replace Part C15 Capacitor in C:\Development\TAUV-Hardware\TAUV-Modem\TAUV-Modem\Rx.SchDoc with Capacitor from Simulation Generic Components.IntLib
Update Managed Component C16 From CMP-2000-06045-2[C3216X5R1H106K160AB] To CMP-2000-06045-2[C3216X5R1H106K160AB] in Rx.SchDoc
Replace Part C17 Capacitor in C:\Development\TAUV-Hardware\TAUV-Modem\TAUV-Modem\Rx.SchDoc with Capacitor from Simulation Generic Components.IntLib
Replace Part C18 Capacitor in C:\Development\TAUV-Hardware\TAUV-Modem\TAUV-Modem\Rx.SchDoc with Capacitor from Simulation Generic Components.IntLib
Replace Part C19 Capacitor in C:\Development\TAUV-Hardware\TAUV-Modem\TAUV-Modem\Rx.SchDoc with Capacitor from Simulation Generic Components.IntLib
Replace Part R13 Resistor in C:\Development\TAUV-Hardware\TAUV-Modem\TAUV-Modem\Rx.SchDoc with Resistor from Simulation Generic Components.IntLib
Replace Part R14 Resistor in C:\Development\TAUV-Hardware\TAUV-Modem\TAUV-Modem\Rx.SchDoc with Resistor from Simulation Generic Components.IntLib
Update Managed Component R15 From CMP-07234-000043-1[3296W-1-503LF] To CMP-07234-000043-1[3296W-1-503LF] in Rx.SchDoc
Replace Part R16 Resistor in C:\Development\TAUV-Hardware\TAUV-Modem\TAUV-Modem\Rx.SchDoc with Resistor from Simulation Generic Components.IntLib
Replace Part R17 Resistor in C:\Development\TAUV-Hardware\TAUV-Modem\TAUV-Modem\Rx.SchDoc with Resistor from Simulation Generic Components.IntLib
Replace Part R18 Resistor in C:\Development\TAUV-Hardware\TAUV-Modem\TAUV-Modem\Rx.SchDoc with Resistor from Simulation Generic Components.IntLib
Replace Part R19 Resistor in C:\Development\TAUV-Hardware\TAUV-Modem\TAUV-Modem\Rx.SchDoc with Resistor from Simulation Generic Components.IntLib
Replace Part R20 Resistor in C:\Development\TAUV-Hardware\TAUV-Modem\TAUV-Modem\Rx.SchDoc with Resistor from Simulation Generic Components.IntLib
Replace Part R21 Resistor in C:\Development\TAUV-Hardware\TAUV-Modem\TAUV-Modem\Rx.SchDoc with Resistor from Simulation Generic Components.IntLib
Replace Part R22 Resistor in C:\Development\TAUV-Hardware\TAUV-Modem\TAUV-Modem\Rx.SchDoc with Resistor from Simulation Generic Components.IntLib
Replace Part R23 Resistor in C:\Development\TAUV-Hardware\TAUV-Modem\TAUV-Modem\Rx.SchDoc with Resistor from Simulation Generic Components.IntLib
Replace Part R24 Resistor in C:\Development\TAUV-Hardware\TAUV-Modem\TAUV-Modem\Rx.SchDoc with Resistor from Simulation Generic Components.IntLib
Replace Part R25 Resistor in C:\Development\TAUV-Hardware\TAUV-Modem\TAUV-Modem\Rx.SchDoc with Resistor from Simulation Generic Components.IntLib
Replace Part R26 Resistor in C:\Development\TAUV-Hardware\TAUV-Modem\TAUV-Modem\Rx.SchDoc with Resistor from Simulation Generic Components.IntLib
Replace Part R27 Resistor in C:\Development\TAUV-Hardware\TAUV-Modem\TAUV-Modem\Rx.SchDoc with Resistor from Simulation Generic Components.IntLib
Replace Part R28 Resistor in C:\Development\TAUV-Hardware\TAUV-Modem\TAUV-Modem\Rx.SchDoc with Resistor from Simulation Generic Components.IntLib
Replace Part R29 Resistor in C:\Development\TAUV-Hardware\TAUV-Modem\TAUV-Modem\Rx.SchDoc with Resistor from Simulation Generic Components.IntLib
Replace Part R30 Resistor in C:\Development\TAUV-Hardware\TAUV-Modem\TAUV-Modem\Rx.SchDoc with Resistor from Simulation Generic Components.IntLib
Replace Part R31 Resistor in C:\Development\TAUV-Hardware\TAUV-Modem\TAUV-Modem\Rx.SchDoc with Resistor from Simulation Generic Components.IntLib
Update Managed Component U6 From CMP-0359-00487-2[LTC6257CMS#PBF] To CMP-0359-00487-2[LTC6257CMS#PBF] in Rx.SchDoc
Update Managed Component U6 From CMP-0359-00487-2[LTC6257CMS#PBF] To CMP-0359-00487-2[LTC6257CMS#PBF] in Rx.SchDoc
Update Managed Component U6 From CMP-0359-00487-2[LTC6257CMS#PBF] To CMP-0359-00487-2[LTC6257CMS#PBF] in Rx.SchDoc
Update Managed Component U6 From CMP-0359-00487-2[LTC6257CMS#PBF] To CMP-0359-00487-2[LTC6257CMS#PBF] in Rx.SchDoc
Update Managed Component U6 From CMP-0359-00487-2[LTC6257CMS#PBF] To CMP-0359-00487-2[LTC6257CMS#PBF] in Rx.SchDoc
Update Managed Component U7 From CMP-0934-00067-1[AD8221ARMZ-R7] To CMP-0934-00067-1[AD8221ARMZ-R7] in Rx.SchDoc
Update Managed Component U8 From CMP-09116-000032-1[AD8338ACPZ-R7] To CMP-09116-000032-1[AD8338ACPZ-R7] in Rx.SchDoc
