Change Component Designator: OldDesignator=C1 NewDesignator=C18
Change Component Designator: OldDesignator=C2 NewDesignator=C21
Change Component Designator: OldDesignator=C3 NewDesignator=C28
Change Component Designator: OldDesignator=C4 NewDesignator=C24
Change Component Designator: OldDesignator=C5 NewDesignator=C29
Change Component Designator: OldDesignator=C6 NewDesignator=C27
Change Component Designator: OldDesignator=C7 NewDesignator=C16
Change Component Designator: OldDesignator=C8 NewDesignator=C20
Change Component Designator: OldDesignator=C9 NewDesignator=C22
Change Component Designator: OldDesignator=C10 NewDesignator=C23
Change Component Designator: OldDesignator=C11 NewDesignator=C25
Change Component Designator: OldDesignator=C12 NewDesignator=C26
Change Component Designator: OldDesignator=C13 NewDesignator=C15
Change Component Designator: OldDesignator=C14 NewDesignator=C17
Change Component Designator: OldDesignator=C15 NewDesignator=C6
Change Component Designator: OldDesignator=C16 NewDesignator=C3
Change Component Designator: OldDesignator=C17 NewDesignator=C12
Change Component Designator: OldDesignator=C18 NewDesignator=C14
Change Component Designator: OldDesignator=C19 NewDesignator=C8
Change Component Designator: OldDesignator=C20 NewDesignator=C10
Change Component Designator: OldDesignator=C21 NewDesignator=C5
Change Component Designator: OldDesignator=C22 NewDesignator=C2
Change Component Designator: OldDesignator=C23 NewDesignator=C13
Change Component Designator: OldDesignator=C24 NewDesignator=C7
Change Component Designator: OldDesignator=C25 NewDesignator=C11
Change Component Designator: OldDesignator=C26 NewDesignator=C9
Change Component Designator: OldDesignator=C27 NewDesignator=C4
Change Component Designator: OldDesignator=C28 NewDesignator=C1
Change Component Designator: OldDesignator=C29 NewDesignator=C38
Change Component Designator: OldDesignator=C30 NewDesignator=C31
Change Component Designator: OldDesignator=C31 NewDesignator=C40
Change Component Designator: OldDesignator=C32 NewDesignator=C33
Change Component Designator: OldDesignator=C33 NewDesignator=C37
Change Component Designator: OldDesignator=C34 NewDesignator=C39
Change Component Designator: OldDesignator=C36 NewDesignator=C34
Change Component Designator: OldDesignator=C37 NewDesignator=C36
Change Component Designator: OldDesignator=C38 NewDesignator=C32
Change Component Designator: OldDesignator=C39 NewDesignator=C19
Change Component Designator: OldDesignator=C40 NewDesignator=C30
Change Component Designator: OldDesignator=D1 NewDesignator=D2
Change Component Designator: OldDesignator=D2 NewDesignator=D3
Change Component Designator: OldDesignator=D3 NewDesignator=D4
Change Component Designator: OldDesignator=D4 NewDesignator=D5
Change Component Designator: OldDesignator=D5 NewDesignator=D6
Change Component Designator: OldDesignator=D6 NewDesignator=D17
Change Component Designator: OldDesignator=D7 NewDesignator=D14
Change Component Designator: OldDesignator=D8 NewDesignator=D13
Change Component Designator: OldDesignator=D9 NewDesignator=D12
Change Component Designator: OldDesignator=D11 NewDesignator=D9
Change Component Designator: OldDesignator=D12 NewDesignator=D8
Change Component Designator: OldDesignator=D13 NewDesignator=D7
Change Component Designator: OldDesignator=D14 NewDesignator=D1
Change Component Designator: OldDesignator=D15 NewDesignator=D22
Change Component Designator: OldDesignator=D16 NewDesignator=D18
Change Component Designator: OldDesignator=D17 NewDesignator=D20
Change Component Designator: OldDesignator=D18 NewDesignator=D19
Change Component Designator: OldDesignator=D19 NewDesignator=D21
Change Component Designator: OldDesignator=D20 NewDesignator=D16
Change Component Designator: OldDesignator=D21 NewDesignator=D15
Change Component Designator: OldDesignator=D22 NewDesignator=D11
Change Component Designator: OldDesignator=F1 NewDesignator=F3
Change Component Designator: OldDesignator=F2 NewDesignator=F4
Change Component Designator: OldDesignator=F3 NewDesignator=F2
Change Component Designator: OldDesignator=F4 NewDesignator=F1
Change Component Designator: OldDesignator=J1 NewDesignator=J7
Change Component Designator: OldDesignator=J2 NewDesignator=J8
Change Component Designator: OldDesignator=J3 NewDesignator=J5
Change Component Designator: OldDesignator=J4 NewDesignator=J6
Change Component Designator: OldDesignator=J5 NewDesignator=J3
Change Component Designator: OldDesignator=J6 NewDesignator=J4
Change Component Designator: OldDesignator=J7 NewDesignator=J1
Change Component Designator: OldDesignator=J8 NewDesignator=J2
Change Component Designator: OldDesignator=L1 NewDesignator=L3
Change Component Designator: OldDesignator=L2 NewDesignator=L4
Change Component Designator: OldDesignator=L3 NewDesignator=L2
Change Component Designator: OldDesignator=L4 NewDesignator=L1
Change Component Designator: OldDesignator=MH1 NewDesignator=MH3
Change Component Designator: OldDesignator=MH2 NewDesignator=MH4
Change Component Designator: OldDesignator=MH3 NewDesignator=MH1
Change Component Designator: OldDesignator=MH4 NewDesignator=MH2
Change Component Designator: OldDesignator=P1 NewDesignator=P2
Change Component Designator: OldDesignator=P2 NewDesignator=P3
Change Component Designator: OldDesignator=P3 NewDesignator=P1
Change Component Designator: OldDesignator=Q1 NewDesignator=Q2
Change Component Designator: OldDesignator=Q2 NewDesignator=Q1
Change Component Designator: OldDesignator=Q3 NewDesignator=Q4
Change Component Designator: OldDesignator=Q4 NewDesignator=Q3
Change Component Designator: OldDesignator=R1 NewDesignator=R3
Change Component Designator: OldDesignator=R2 NewDesignator=R7
Change Component Designator: OldDesignator=R3 NewDesignator=R13
Change Component Designator: OldDesignator=R4 NewDesignator=R14
Change Component Designator: OldDesignator=R5 NewDesignator=R8
Change Component Designator: OldDesignator=R6 NewDesignator=R9
Change Component Designator: OldDesignator=R7 NewDesignator=R11
Change Component Designator: OldDesignator=R8 NewDesignator=R10
Change Component Designator: OldDesignator=R9 NewDesignator=R4
Change Component Designator: OldDesignator=R10 NewDesignator=R2
Change Component Designator: OldDesignator=R11 NewDesignator=R6
Change Component Designator: OldDesignator=R12 NewDesignator=R5
Change Component Designator: OldDesignator=R13 NewDesignator=R21
Change Component Designator: OldDesignator=R14 NewDesignator=R22
Change Component Designator: OldDesignator=R19 NewDesignator=R20
Change Component Designator: OldDesignator=R20 NewDesignator=R30
Change Component Designator: OldDesignator=R21 NewDesignator=R19
Change Component Designator: OldDesignator=R22 NewDesignator=R24
Change Component Designator: OldDesignator=R23 NewDesignator=R27
Change Component Designator: OldDesignator=R24 NewDesignator=R23
Change Component Designator: OldDesignator=R25 NewDesignator=R28
Change Component Designator: OldDesignator=R27 NewDesignator=R39
Change Component Designator: OldDesignator=R28 NewDesignator=R38
Change Component Designator: OldDesignator=R29 NewDesignator=R31
Change Component Designator: OldDesignator=R30 NewDesignator=R37
Change Component Designator: OldDesignator=R31 NewDesignator=R32
Change Component Designator: OldDesignator=R32 NewDesignator=R35
Change Component Designator: OldDesignator=R33 NewDesignator=R34
Change Component Designator: OldDesignator=R34 NewDesignator=R33
Change Component Designator: OldDesignator=R35 NewDesignator=R29
Change Component Designator: OldDesignator=R36 NewDesignator=R25
Change Component Designator: OldDesignator=R37 NewDesignator=R1
Change Component Designator: OldDesignator=R38 NewDesignator=R44
Change Component Designator: OldDesignator=R39 NewDesignator=R40
Change Component Designator: OldDesignator=R40 NewDesignator=R42
Change Component Designator: OldDesignator=R42 NewDesignator=R43
Change Component Designator: OldDesignator=R43 NewDesignator=R12
Change Component Designator: OldDesignator=R44 NewDesignator=R36
Change Component Designator: OldDesignator=TP1 NewDesignator=TP7
Change Component Designator: OldDesignator=TP2 NewDesignator=TP1
Change Component Designator: OldDesignator=TP3 NewDesignator=TP9
Change Component Designator: OldDesignator=TP4 NewDesignator=TP10
Change Component Designator: OldDesignator=TP5 NewDesignator=TP4
Change Component Designator: OldDesignator=TP6 NewDesignator=TP3
Change Component Designator: OldDesignator=TP7 NewDesignator=TP2
Change Component Designator: OldDesignator=TP8 NewDesignator=TP6
Change Component Designator: OldDesignator=TP9 NewDesignator=TP5
Change Component Designator: OldDesignator=TP10 NewDesignator=TP8
Change Component Designator: OldDesignator=U1 NewDesignator=U4
Change Component Designator: OldDesignator=U2 NewDesignator=U5
Change Component Designator: OldDesignator=U3 NewDesignator=U2
Change Component Designator: OldDesignator=U4 NewDesignator=U1
Change Component Designator: OldDesignator=U5 NewDesignator=U12
Change Component Designator: OldDesignator=U6 NewDesignator=U8
Change Component Designator: OldDesignator=U7 NewDesignator=U9
Change Component Designator: OldDesignator=U8 NewDesignator=U7
Change Component Designator: OldDesignator=U9 NewDesignator=U11
Change Component Designator: OldDesignator=U11 NewDesignator=U13
Change Component Designator: OldDesignator=U12 NewDesignator=U3
Change Component Designator: OldDesignator=U13 NewDesignator=U6
