Removed Pin From Net: NetName=VBAT Pin=C24-1
Removed Pin From Net: NetName=GND Pin=C24-2
Removed Pin From Net: NetName=SRP Pin=C27-1
Removed Pin From Net: NetName=GND Pin=C27-2
Removed Pin From Net: NetName=SRN Pin=C29-1
Removed Pin From Net: NetName=GND Pin=C29-2
Change Component Footprint: Designator=C11 Old Footprint=CAPC1206(3216)190_L New Footprint=CAPC1206(3216)190_M
Change Component Footprint: Designator=C24 Old Footprint=CAPC1210(3225)100_L New Footprint=CAPC1210(3225)220_M
Change Component Footprint: Designator=R5 Old Footprint=J1-0603 New Footprint=RESC0603(1608)_L
Change Component Footprint: Designator=R4 Old Footprint=J1-0603 New Footprint=RESC0603(1608)_N
Change Component Comment : Designator=C13 Old Comment=1uF New Comment=1uF 25V
Change Component Comment : Designator=C14 Old Comment=1uF New Comment=1uF 25V
Change Component Comment : Designator=C22 Old Comment=1uF New Comment=1uF 25V
Change Component Comment : Designator=C24 Old Comment=22uF New Comment=CAP 22uF 25V 1210(3225)
Change Component Comment : Designator=C11 Old Comment=47uF New Comment=CAP 33uF 16V 1206(3216)
Change Component Comment : Designator=C27 Old Comment=100nF 25V New Comment=100nF
Change Component Comment : Designator=C28 Old Comment=100nF 25V New Comment=100nF
Change Component Comment : Designator=C29 Old Comment=100nF 25V New Comment=100nF
Change Component Comment : Designator=C30 Old Comment=100nF 25V New Comment=100nF
Change Component Comment : Designator=R5 Old Comment=Res3 New Comment=22K1 1%
Change Component Comment : Designator=R4 Old Comment=Res3 New Comment=51K 1%
Change component parameters: Designator = "C11"; Footprint = "CAPC1206(3216)190_M"; UniqueID = "\FVSOLMQG\UWLURYNQ"
Change component parameters. Clean all parameters for all variants
Change component parameters (AddParameter): Name = "Case-EIA"; Value = "1206"; VariantName = "[No Variations]"
Change component parameters (AddParameter): Name = "Case-Metric"; Value = "3216"; VariantName = "[No Variations]"
Change component parameters (AddParameter): Name = "Max Thickness"; Value = "1.9 mm"; VariantName = "[No Variations]"
Change component parameters (AddParameter): Name = "Rated Voltage"; Value = "16 V"; VariantName = "[No Variations]"
Change component parameters (AddParameter): Name = "Technology"; Value = "SMT"; VariantName = "[No Variations]"
Change component parameters (AddParameter): Name = "Tolerance"; Value = "±20%"; VariantName = "[No Variations]"
Change component parameters (AddParameter): Name = "Value"; Value = "33uF"; VariantName = "[No Variations]"
Added Pin To Net: NetName=GND Pin=C24-1
Added Pin To Net: NetName=VBAT Pin=C24-2
Added Pin To Net: NetName=GND Pin=C27-1
Added Pin To Net: NetName=SRP Pin=C27-2
Added Pin To Net: NetName=GND Pin=C29-1
Added Pin To Net: NetName=SRN Pin=C29-2
Added Member To Class: ClassName=U_Regulators Member=Component C11 CAP 33uF 16V 1206(3216)
