Removed Member From Class: ClassName=U_Interface Member=R36
Removed Member From Class: ClassName=U_Thrusters Member=U7
Added Component: Designator=C30(CAPC0603(1608)100_L)
Add component. Clean all parameters for all variants
Add component (AddParameter): Name = "Case-EIA"; Value = "0603"; VariantName = "[No Variations]"
Add component (AddParameter): Name = "Case-Metric"; Value = "1608"; VariantName = "[No Variations]"
Add component (AddParameter): Name = "Max Thickness"; Value = "1 mm"; VariantName = "[No Variations]"
Add component (AddParameter): Name = "Rated Voltage"; Value = "25 V"; VariantName = "[No Variations]"
Add component (AddParameter): Name = "Technology"; Value = "SMT"; VariantName = "[No Variations]"
Add component (AddParameter): Name = "Tolerance"; Value = "±10%"; VariantName = "[No Variations]"
Add component (AddParameter): Name = "Value"; Value = "100nF"; VariantName = "[No Variations]"
Added Pin To Net: NetName=GND Pin=C30-1
Added Pin To Net: NetName=VCC_3V3 Pin=C30-2
Added Member To Class: ClassName=U_BMS Member=Component C30 100nF 25V
Added Member To Class: ClassName=U_Interface Member=Component D12 LED GREEN
Added Member To Class: ClassName=U_Interface Member=Component D13 LED GREEN
Added Member To Class: ClassName=U_Interface Member=Component R37 1K2
Added Member To Class: ClassName=U_Interface Member=Component R38 1K2
Added Member To Class: ClassName=U_Interface Member=Component R39 470R
Added Member To Class: ClassName=U_Thrusters Member=Component U6 MIC5021YM
Added Member To Class: ClassName=U_BMS Member=Component U8 SN74HC164PW
