Removed Pin From Net: NetName=GND Pin=C7-2
Removed Pin From Net: NetName=NetC7_1 Pin=F1-1
Removed Pin From Net: NetName=NetC7_1 Pin=F1-1
Removed Pin From Net: NetName=NetC7_1 Pin=L1-2
Removed Pin From Net: NetName=NetC1_2 Pin=U1-1
Removed Pin From Net: NetName=NetC1_1 Pin=U1-8
Change Component Footprint: Designator=L1 Old Footprint=744373965120 New Footprint=IND_SRP6540-100M
Change Component Footprint: Designator=C7 Old Footprint=AVX-TAJ-C-2_M New Footprint=CAPC0603(1608)100_L
Change Component Footprint: Designator=C1 Old Footprint=CAPC0603(1608)100_M New Footprint=CAPC0603(1608)100_L
Change Component Footprint: Designator=C3 Old Footprint=CAPC1206(3216)190_L New Footprint=CAPC0603(1608)100_L
Change Component Footprint: Designator=U1 Old Footprint=DDA8_3P1X2P4 New Footprint=DDA0008E_N
Change Component Footprint: Designator=R7 Old Footprint=RESC0603(1608)_N New Footprint=RESC0603(1608)_L
Change Component Comment : Designator=C6 Old Comment=4.7uF New Comment=10uF
Change Component Comment : Designator=C3 Old Comment=4.7uF New Comment=100nF
Change Component Comment : Designator=R7 Old Comment=10K 1% New Comment=22K1 1%
Change Component Comment : Designator=C1 Old Comment=10nF New Comment=680nF
Change Component Comment : Designator=L1 Old Comment=15UH 10A New Comment=SRP6540-100M
Change Component Comment : Designator=U1 Old Comment=Part Number: TPS5450QDDARQ1 New Comment=LMR23630-Q1
Change Component Comment : Designator=C7 Old Comment=TAJC107K016RNJ New Comment=12pF
Change component parameters: Designator = "R7"; Footprint = "RESC0603(1608)_L"; UniqueID = "\FVSOLMQG\EQTIOLHD"
Change component parameters. Clean all parameters for all variants
Change component parameters (AddParameter): Name = "Case-EIA"; Value = "0603"; VariantName = "[No Variations]"
Change component parameters (AddParameter): Name = "Case-Metric"; Value = "1608"; VariantName = "[No Variations]"
Change component parameters (AddParameter): Name = "Power"; Value = "0.1 W"; VariantName = "[No Variations]"
Change component parameters (AddParameter): Name = "Technology"; Value = "SMT"; VariantName = "[No Variations]"
Change component parameters (AddParameter): Name = "Tolerance"; Value = "1 %"; VariantName = "[No Variations]"
Change component parameters (AddParameter): Name = "Value"; Value = "22100.00 Ohm"; VariantName = "[No Variations]"
Change component parameters: Designator = "C6"; Footprint = "CAPC1206(3216)190_L"; UniqueID = "\FVSOLMQG\VLFEHEIJ"
Change component parameters. Clean all parameters for all variants
Change component parameters (AddParameter): Name = "Case-EIA"; Value = "1206"; VariantName = "[No Variations]"
Change component parameters (AddParameter): Name = "Case-Metric"; Value = "3216"; VariantName = "[No Variations]"
Change component parameters (AddParameter): Name = "Max Thickness"; Value = "1.9 mm"; VariantName = "[No Variations]"
Change component parameters (AddParameter): Name = "Rated Voltage"; Value = "50 V"; VariantName = "[No Variations]"
Change component parameters (AddParameter): Name = "Technology"; Value = "SMT"; VariantName = "[No Variations]"
Change component parameters (AddParameter): Name = "Tolerance"; Value = "Â±10%"; VariantName = "[No Variations]"
Change component parameters (AddParameter): Name = "Value"; Value = "10uF"; VariantName = "[No Variations]"
Change component parameters: Designator = "C1"; Footprint = "CAPC0603(1608)100_L"; UniqueID = "\FVSOLMQG\CJAYYNRM"
Change component parameters. Clean all parameters for all variants
Change component parameters (AddParameter): Name = "Case-EIA"; Value = "0603"; VariantName = "[No Variations]"
Change component parameters (AddParameter): Name = "Case-Metric"; Value = "1608"; VariantName = "[No Variations]"
Change component parameters (AddParameter): Name = "Max Thickness"; Value = "1 mm"; VariantName = "[No Variations]"
Change component parameters (AddParameter): Name = "Rated Voltage"; Value = "50 V"; VariantName = "[No Variations]"
Change component parameters (AddParameter): Name = "Technology"; Value = "SMT"; VariantName = "[No Variations]"
Change component parameters (AddParameter): Name = "Tolerance"; Value = "Â±10%"; VariantName = "[No Variations]"
Change component parameters (AddParameter): Name = "Value"; Value = "680nF"; VariantName = "[No Variations]"
Change component parameters: Designator = "C3"; Footprint = "CAPC0603(1608)100_L"; UniqueID = "\FVSOLMQG\FNOGORHR"
Change component parameters. Clean all parameters for all variants
Change component parameters (AddParameter): Name = "Case-EIA"; Value = "0603"; VariantName = "[No Variations]"
Change component parameters (AddParameter): Name = "Case-Metric"; Value = "1608"; VariantName = "[No Variations]"
Change component parameters (AddParameter): Name = "Max Thickness"; Value = "1 mm"; VariantName = "[No Variations]"
Change component parameters (AddParameter): Name = "Rated Voltage"; Value = "100 V"; VariantName = "[No Variations]"
Change component parameters (AddParameter): Name = "Technology"; Value = "SMT"; VariantName = "[No Variations]"
Change component parameters (AddParameter): Name = "Tolerance"; Value = "Â±10%"; VariantName = "[No Variations]"
Change component parameters (AddParameter): Name = "Value"; Value = "100nF"; VariantName = "[No Variations]"
Change component parameters: Designator = "L1"; Footprint = "IND_SRP6540-100M"; UniqueID = "\FVSOLMQG\OPMBYGBH"
Change component parameters. Clean all parameters for all variants
Change component parameters (AddParameter): Name = "Digi-Key_Part_Number"; Value = "SRP6540-100MCT-ND"; VariantName = "[No Variations]"
Change component parameters (AddParameter): Name = "Digi-Key_Purchase_URL"; Value = "https://www.digikey.com/product-detail/en/bourns-inc/SRP6540-100M/SRP6540-100MCT-ND/3986041?utm_source=snapeda&utm_medium=aggregator&utm_campaign=symbol"; VariantName = "[No Variations]"
Change component parameters (AddParameter): Name = "MF"; Value = "Bourns"; VariantName = "[No Variations]"
Change component parameters (AddParameter): Name = "MP"; Value = "SRP6540-100M"; VariantName = "[No Variations]"
Change component parameters (AddParameter): Name = "Package"; Value = "Nonstandard Bourns"; VariantName = "[No Variations]"
Change component parameters (AddParameter): Name = "SnapEDA_Link"; Value = "https://www.snapeda.com/parts/SRP6540-100M/Bourns/view-part/?ref=snap"; VariantName = "[No Variations]"
Change component parameters (AddParameter): Name = "Value"; Value = ""; VariantName = "[No Variations]"
Change component parameters: Designator = "U1"; Footprint = "DDA0008E_N"; UniqueID = "\FVSOLMQG\TBXXPUKF"
Change component parameters. Clean all parameters for all variants
Change component parameters (AddParameter): Name = "Category"; Value = "Integrated Circuits (ICs)"; VariantName = "[No Variations]"
Change component parameters (AddParameter): Name = "ComponentLink1Description"; Value = "http://www.ti.com/lit/ds/symlink/lmr23630-q1.pdf"; VariantName = "[No Variations]"
Change component parameters (AddParameter): Name = "ComponentLink1URL"; Value = "http://www.ti.com/lit/ds/symlink/lmr23630-q1.pdf"; VariantName = "[No Variations]"
Change component parameters (AddParameter): Name = "Current - Output"; Value = "3A"; VariantName = "[No Variations]"
Change component parameters (AddParameter): Name = "Frequency - Switching"; Value = "400kHz"; VariantName = "[No Variations]"
Change component parameters (AddParameter): Name = "Function"; Value = "Step-Down"; VariantName = "[No Variations]"
Change component parameters (AddParameter): Name = "Manufacturer"; Value = "Texas Instruments"; VariantName = "[No Variations]"
Change component parameters (AddParameter): Name = "Manufacturer Part Number"; Value = "LMR23630AFQDDARQ1"; VariantName = "[No Variations]"
Change component parameters (AddParameter): Name = "Mounting Type"; Value = "Surface Mount"; VariantName = "[No Variations]"
Change component parameters (AddParameter): Name = "Number of Outputs"; Value = "1"; VariantName = "[No Variations]"
Change component parameters (AddParameter): Name = "Operating Temperature"; Value = "-40°C ~ 125°C (TJ)"; VariantName = "[No Variations]"
Change component parameters (AddParameter): Name = "Output Configuration"; Value = "Positive"; VariantName = "[No Variations]"
Change component parameters (AddParameter): Name = "Output Type"; Value = "Adjustable"; VariantName = "[No Variations]"
Change component parameters (AddParameter): Name = "Package / Case"; Value = "8-SOIC (0.154", 3.90mm Width) Exposed Pad"; VariantName = "[No Variations]"
Change component parameters (AddParameter): Name = "Packaging"; Value = "Digi-Reel®"; VariantName = "[No Variations]"
Change component parameters (AddParameter): Name = "Part Status"; Value = "Active"; VariantName = "[No Variations]"
Change component parameters (AddParameter): Name = "Pricing 1"; Value = "1=3.97, 10=3.564, 100=2.9204, 500=2.48604, 1000=2.09667 (USD)"; VariantName = "[No Variations]"
Change component parameters (AddParameter): Name = "RoHS"; Value = "RoHS Compliant"; VariantName = "[No Variations]"
Change component parameters (AddParameter): Name = "Stock 1"; Value = "1636"; VariantName = "[No Variations]"
Change component parameters (AddParameter): Name = "Supplier 1"; Value = "Digi-Key"; VariantName = "[No Variations]"
Change component parameters (AddParameter): Name = "Supplier Device Package"; Value = "8-SO PowerPad"; VariantName = "[No Variations]"
Change component parameters (AddParameter): Name = "Supplier Part Number 1"; Value = "296-45260-6-ND"; VariantName = "[No Variations]"
Change component parameters (AddParameter): Name = "Synchronous Rectifier"; Value = "Yes"; VariantName = "[No Variations]"
Change component parameters (AddParameter): Name = "Topology"; Value = "Buck"; VariantName = "[No Variations]"
Change component parameters (AddParameter): Name = "Voltage - Input (Max)"; Value = "36V"; VariantName = "[No Variations]"
Change component parameters (AddParameter): Name = "Voltage - Input (Min)"; Value = "4.5V"; VariantName = "[No Variations]"
Change component parameters (AddParameter): Name = "Voltage - Output (Max)"; Value = "28V"; VariantName = "[No Variations]"
Change component parameters (AddParameter): Name = "Voltage - Output (Min/Fixed)"; Value = "1V"; VariantName = "[No Variations]"
Change component parameters: Designator = "C7"; Footprint = "CAPC0603(1608)100_L"; UniqueID = "\FVSOLMQG\LPUGQRMC"
Change component parameters. Clean all parameters for all variants
Change component parameters (AddParameter): Name = "Case-EIA"; Value = "0603"; VariantName = "[No Variations]"
Change component parameters (AddParameter): Name = "Case-Metric"; Value = "1608"; VariantName = "[No Variations]"
Change component parameters (AddParameter): Name = "Max Thickness"; Value = "1 mm"; VariantName = "[No Variations]"
Change component parameters (AddParameter): Name = "Rated Voltage"; Value = "50 V"; VariantName = "[No Variations]"
Change component parameters (AddParameter): Name = "Technology"; Value = "SMT"; VariantName = "[No Variations]"
Change component parameters (AddParameter): Name = "Tolerance"; Value = "Â±0.25pF"; VariantName = "[No Variations]"
Change component parameters (AddParameter): Name = "Value"; Value = "12pF"; VariantName = "[No Variations]"
Added Component: Designator=C9(CAPC1206(3216)190_L)
Add component. Clean all parameters for all variants
Add component (AddParameter): Name = "Case-EIA"; Value = "1206"; VariantName = "[No Variations]"
Add component (AddParameter): Name = "Case-Metric"; Value = "3216"; VariantName = "[No Variations]"
Add component (AddParameter): Name = "Max Thickness"; Value = "1.9 mm"; VariantName = "[No Variations]"
Add component (AddParameter): Name = "Rated Voltage"; Value = "35 V"; VariantName = "[No Variations]"
Add component (AddParameter): Name = "Supplier 1"; Value = "Digi-Key"; VariantName = "[No Variations]"
Add component (AddParameter): Name = "Technology"; Value = "SMT"; VariantName = "[No Variations]"
Add component (AddParameter): Name = "Tolerance"; Value = "Â±10%"; VariantName = "[No Variations]"
Add component (AddParameter): Name = "Value"; Value = "4.7uF"; VariantName = "[No Variations]"
Added Component: Designator=C11(CAPC1206(3216)190_L)
Add component. Clean all parameters for all variants
Add component (AddParameter): Name = "Case-EIA"; Value = "1206"; VariantName = "[No Variations]"
Add component (AddParameter): Name = "Case-Metric"; Value = "3216"; VariantName = "[No Variations]"
Add component (AddParameter): Name = "Max Thickness"; Value = "1.9 mm"; VariantName = "[No Variations]"
Add component (AddParameter): Name = "Rated Voltage"; Value = "16 V"; VariantName = "[No Variations]"
Add component (AddParameter): Name = "Technology"; Value = "SMT"; VariantName = "[No Variations]"
Add component (AddParameter): Name = "Tolerance"; Value = "Â±20%"; VariantName = "[No Variations]"
Add component (AddParameter): Name = "Value"; Value = "22uF"; VariantName = "[No Variations]"
Added Component: Designator=C13(CAPC0603(1608)100_L)
Add component. Clean all parameters for all variants
Add component (AddParameter): Name = "Case-EIA"; Value = "0603"; VariantName = "[No Variations]"
Add component (AddParameter): Name = "Case-Metric"; Value = "1608"; VariantName = "[No Variations]"
Add component (AddParameter): Name = "Max Thickness"; Value = "1 mm"; VariantName = "[No Variations]"
Add component (AddParameter): Name = "Rated Voltage"; Value = "25 V"; VariantName = "[No Variations]"
Add component (AddParameter): Name = "Technology"; Value = "SMT"; VariantName = "[No Variations]"
Add component (AddParameter): Name = "Tolerance"; Value = "Â±10%"; VariantName = "[No Variations]"
Add component (AddParameter): Name = "Value"; Value = "1uF"; VariantName = "[No Variations]"
Added Component: Designator=J1(2-pin Megafit RA)
Add component. Clean all parameters for all variants
Added Component: Designator=J10(2-pin Megafit RA)
Add component. Clean all parameters for all variants
Added Component: Designator=P?(MOLEX NANO-FIT 2X7 - Right Angle)
Add component. Clean all parameters for all variants
Add component (AddParameter): Name = "ComponentLink1Description"; Value = "Mouser Link"; VariantName = "[No Variations]"
Add component (AddParameter): Name = "ComponentLink1URL"; Value = "https://www.mouser.com/ProductDetail/Molex/105314-1214?qs=PqFvFmEiOr6wLIXpvlvqbA%3D%3D"; VariantName = "[No Variations]"
Add component (AddParameter): Name = "Manufacturer"; Value = "Molex"; VariantName = "[No Variations]"
Add component (AddParameter): Name = "Part Number"; Value = "105314-1214"; VariantName = "[No Variations]"
Add component (AddParameter): Name = "Supplier"; Value = "Mouser"; VariantName = "[No Variations]"
Add component (AddParameter): Name = "Supplier 1"; Value = "Mouser"; VariantName = "[No Variations]"
Add component (AddParameter): Name = "Supplier Part Number"; Value = "538-105314-1214"; VariantName = "[No Variations]"
Add component (AddParameter): Name = "Supplier Part Number 1"; Value = "538-105314-1214"; VariantName = "[No Variations]"
Added Component: Designator=Q4(ONSC-SOT-223-4-318E-04_V)
Add component. Clean all parameters for all variants
Add component (AddParameter): Name = "Channel Polarity"; Value = "P Channel"; VariantName = "[No Variations]"
Add component (AddParameter): Name = "ComponentLink1Description"; Value = "Manufacturer URL"; VariantName = "[No Variations]"
Add component (AddParameter): Name = "ComponentLink1URL"; Value = "http://www.onsemi.com/"; VariantName = "[No Variations]"
Add component (AddParameter): Name = "ComponentLink2Description"; Value = "Datasheet"; VariantName = "[No Variations]"
Add component (AddParameter): Name = "ComponentLink2URL"; Value = "http://www.onsemi.com/pub_link/Collateral/NTF6P02T3-D.PDF"; VariantName = "[No Variations]"
Add component (AddParameter): Name = "ComponentLink3Description"; Value = "Package Specification"; VariantName = "[No Variations]"
Add component (AddParameter): Name = "ComponentLink3URL"; Value = "http://www.onsemi.com/pub_link/Collateral/318E-04.PDF"; VariantName = "[No Variations]"
Add component (AddParameter): Name = "Configuration"; Value = "Single"; VariantName = "[No Variations]"
Add component (AddParameter): Name = "DatasheetVersion"; Value = "Rev. 6"; VariantName = "[No Variations]"
Add component (AddParameter): Name = "Manufacturer"; Value = "On Semiconductor"; VariantName = "[No Variations]"
Add component (AddParameter): Name = "Mounting Technology"; Value = "Surface Mount"; VariantName = "[No Variations]"
Add component (AddParameter): Name = "PackageDescription"; Value = "4-Pin Small Outline Transistor, Body 6.5 x 3.5 mm, Pitch 2.3 mm"; VariantName = "[No Variations]"
Add component (AddParameter): Name = "PackageReference"; Value = "SOT-223-4-318E-04"; VariantName = "[No Variations]"
Add component (AddParameter): Name = "Package Type"; Value = "SOT-223-4 / TO-261-4"; VariantName = "[No Variations]"
Add component (AddParameter): Name = "PackageVersion"; Value = "Rev. N, 08/2009"; VariantName = "[No Variations]"
Add component (AddParameter): Name = "Packing"; Value = "Tape and Reel"; VariantName = "[No Variations]"
Add component (AddParameter): Name = "PartNumber"; Value = "NVF6P02T3G"; VariantName = "[No Variations]"
Add component (AddParameter): Name = "PD Max (W)"; Value = "8.3"; VariantName = "[No Variations]"
Add component (AddParameter): Name = "Qrr Typ (nC)"; Value = "36"; VariantName = "[No Variations]"
Add component (AddParameter): Name = "RoHS"; Value = "Pb-Free"; VariantName = "[No Variations]"
Add component (AddParameter): Name = "V(BR)DSS Min (V)"; Value = "20"; VariantName = "[No Variations]"
Add component (AddParameter): Name = "VGS(th) Max (V)"; Value = "1"; VariantName = "[No Variations]"
Add component (AddParameter): Name = "VGS Max (V)"; Value = "8"; VariantName = "[No Variations]"
Added Component: Designator=R4(RESC0603(1608)_L)
Add component. Clean all parameters for all variants
Add component (AddParameter): Name = "Case-EIA"; Value = "0603"; VariantName = "[No Variations]"
Add component (AddParameter): Name = "Case-Metric"; Value = "1608"; VariantName = "[No Variations]"
Add component (AddParameter): Name = "Power"; Value = "0.1 W"; VariantName = "[No Variations]"
Add component (AddParameter): Name = "Technology"; Value = "SMT"; VariantName = "[No Variations]"
Add component (AddParameter): Name = "Tolerance"; Value = "1 %"; VariantName = "[No Variations]"
Add component (AddParameter): Name = "Value"; Value = "200000.00 Ohm"; VariantName = "[No Variations]"
Added Component: Designator=R43(RESC0603(1608)_N)
Add component. Clean all parameters for all variants
Add component (AddParameter): Name = "Case-EIA"; Value = "0603"; VariantName = "[No Variations]"
Add component (AddParameter): Name = "Case-Metric"; Value = "1608"; VariantName = "[No Variations]"
Add component (AddParameter): Name = "Power"; Value = "0.1 W"; VariantName = "[No Variations]"
Add component (AddParameter): Name = "Technology"; Value = "SMT"; VariantName = "[No Variations]"
Add component (AddParameter): Name = "Tolerance"; Value = "5 %"; VariantName = "[No Variations]"
Add component (AddParameter): Name = "Value"; Value = "10000.00 Ohm"; VariantName = "[No Variations]"
Added Component: Designator=TP?(Test Point Loop - Black)
Add component. Clean all parameters for all variants
Add component (AddParameter): Name = "Color"; Value = "Black"; VariantName = "[No Variations]"
Add component (AddParameter): Name = "Manufacturer"; Value = "Keystone Electronics"; VariantName = "[No Variations]"
Add component (AddParameter): Name = "Manufacturer P/N"; Value = "5001"; VariantName = "[No Variations]"
Add component (AddParameter): Name = "Supplier 1"; Value = "Digi-Key"; VariantName = "[No Variations]"
Add component (AddParameter): Name = "Supplier Part Number 1"; Value = "36-5001-ND"; VariantName = "[No Variations]"
Added Component: Designator=TP?(Test Point Loop - Black)
Add component. Clean all parameters for all variants
Add component (AddParameter): Name = "Color"; Value = "Black"; VariantName = "[No Variations]"
Add component (AddParameter): Name = "Manufacturer"; Value = "Keystone Electronics"; VariantName = "[No Variations]"
Add component (AddParameter): Name = "Manufacturer P/N"; Value = "5001"; VariantName = "[No Variations]"
Add component (AddParameter): Name = "Supplier 1"; Value = "Digi-Key"; VariantName = "[No Variations]"
Add component (AddParameter): Name = "Supplier Part Number 1"; Value = "36-5001-ND"; VariantName = "[No Variations]"
Added Component: Designator=U12(DQJ8)
Add component. Clean all parameters for all variants
Add component (AddParameter): Name = "Built_By"; Value = "EMA_UL_Team"; VariantName = "[No Variations]"
Add component (AddParameter): Name = "Copyright"; Value = "Copyright (C) 2018 Accelerated Designs. All rights reserved"; VariantName = "[No Variations]"
Add component (AddParameter): Name = "Manufacturer_Part_Number"; Value = "CSD18563Q5A"; VariantName = "[No Variations]"
Add component (AddParameter): Name = "RefDes"; Value = "RefDes"; VariantName = "[No Variations]"
Add component (AddParameter): Name = "Type"; Value = "DEV"; VariantName = "[No Variations]"
Add component (AddParameter): Name = "Value"; Value = "Value"; VariantName = "[No Variations]"
Add component (AddParameter): Name = "Vendor"; Value = "Texas Instruments"; VariantName = "[No Variations]"
Added Component: Designator=U13(MICL-SOICN-8LD-PL-1_V)
Add component. Clean all parameters for all variants
Add component (AddParameter): Name = "ComponentLink1Description"; Value = "Manufacturer URL"; VariantName = "[No Variations]"
Add component (AddParameter): Name = "ComponentLink1URL"; Value = "http://www.micrel.com/"; VariantName = "[No Variations]"
Add component (AddParameter): Name = "ComponentLink2Description"; Value = "Datasheet"; VariantName = "[No Variations]"
Add component (AddParameter): Name = "ComponentLink2URL"; Value = "http://www.micrel.com/_PDF/mic5021.pdf"; VariantName = "[No Variations]"
Add component (AddParameter): Name = "ComponentLink3Description"; Value = "Package Specification"; VariantName = "[No Variations]"
Add component (AddParameter): Name = "ComponentLink3URL"; Value = "http://www.micrel.com/_Packages/SOICN-8LD-PL-1.pdf"; VariantName = "[No Variations]"
Add component (AddParameter): Name = "Mounting Technology"; Value = "Surface Mount"; VariantName = "[No Variations]"
Add component (AddParameter): Name = "PackageDescription"; Value = "8-Pin Small Outline Integrated Package, Body 4.89 x 3.90 mm, Pitch 1.27 mm"; VariantName = "[No Variations]"
Add component (AddParameter): Name = "PackageVersion"; Value = "Rev. A"; VariantName = "[No Variations]"
Add component (AddParameter): Name = "Packing"; Value = "Tube"; VariantName = "[No Variations]"
Add component (AddParameter): Name = "PartNumber"; Value = "MIC5021YM"; VariantName = "[No Variations]"
Add component (AddParameter): Name = "RoHS"; Value = "TRUE"; VariantName = "[No Variations]"
Add component (AddParameter): Name = "Temperature Max"; Value = "85 degC"; VariantName = "[No Variations]"
Add component (AddParameter): Name = "Temperature Min"; Value = "-40 degC"; VariantName = "[No Variations]"
Add component (AddParameter): Name = "VDD Max"; Value = "36 V"; VariantName = "[No Variations]"
Add component (AddParameter): Name = "VDD Min"; Value = "12 V"; VariantName = "[No Variations]"
Added Pin To Net: NetName=GND Pin=C9-1
Added Pin To Net: NetName=GND Pin=C11-1
Added Pin To Net: NetName=GND Pin=C13-1
Added Pin To Net: NetName=GND Pin=J1-1
Added Pin To Net: NetName=VBAT_EXT Pin=J1-2
Added Pin To Net: NetName=GND Pin=J10-1
Added Pin To Net: NetName=VBAT_EXT Pin=J10-2
Added Pin To Net: NetName=VCC_BATT_FILT Pin=P?-1
Added Pin To Net: NetName=VBAT_THRUSTERS Pin=P?-2
Added Pin To Net: NetName=VCC_3V3 Pin=P?-3
Added Pin To Net: NetName=VCC_3V3 Pin=P?-4
Added Pin To Net: NetName=NetP?_5 Pin=P?-5
Added Pin To Net: NetName=NetP?_6 Pin=P?-6
Added Pin To Net: NetName=GND Pin=P?-7
Added Pin To Net: NetName=GND Pin=P?-8
Added Pin To Net: NetName=GND Pin=P?-9
Added Pin To Net: NetName=THRST_EN Pin=P?-10
Added Pin To Net: NetName=NetP?_11 Pin=P?-11
Added Pin To Net: NetName=GND Pin=P?-12
Added Pin To Net: NetName=NetP?_13 Pin=P?-13
Added Pin To Net: NetName=GND Pin=P?-14
Added Pin To Net: NetName=NetP?_5 Pin=Q4-1
Added Pin To Net: NetName=NetD1_2 Pin=Q4-2
Added Pin To Net: NetName=VCC_BATT_FILT Pin=Q4-3
Added Pin To Net: NetName=NetD1_2 Pin=Q4-4
Added Pin To Net: NetName=NetC7_1 Pin=R4-1
Added Pin To Net: NetName=GND Pin=R7-1
Added Pin To Net: NetName=NetP?_11 Pin=R43-1
Added Pin To Net: NetName=GND Pin=R43-2
Added Pin To Net: NetName=NetP?_6 Pin=TP?-1
Added Pin To Net: NetName=NetP?_13 Pin=TP?-1
Added Pin To Net: NetName=NetC1_1 Pin=U1-1
Added Pin To Net: NetName=NetC1_2 Pin=U1-2
Added Pin To Net: NetName=NetC7_1 Pin=U1-4
Added Pin To Net: NetName=VCC_BATT_FILT Pin=U1-5
Added Pin To Net: NetName=GND Pin=U1-8
Added Pin To Net: NetName=VBAT_EXT Pin=U12-1
Added Pin To Net: NetName=VBAT_EXT Pin=U12-2
Added Pin To Net: NetName=VBAT_EXT Pin=U12-3
Added Pin To Net: NetName=EXT_GATE Pin=U12-4
Added Pin To Net: NetName=VBAT Pin=U12-5
Added Pin To Net: NetName=VBAT Pin=U12-6
Added Pin To Net: NetName=VBAT Pin=U12-7
Added Pin To Net: NetName=VBAT Pin=U12-8
Added Pin To Net: NetName=VBAT Pin=U13-1
Added Pin To Net: NetName=NetP?_11 Pin=U13-2
Added Pin To Net: NetName=GND Pin=U13-4
Added Pin To Net: NetName=VBAT_EXT Pin=U13-5
Added Pin To Net: NetName=VBAT_EXT Pin=U13-6
Added Pin To Net: NetName=EXT_GATE Pin=U13-7
Added Pin To Net: NetName=NetC9_1 Pin=U13-8
Added Pin To Net: NetName=NetC7_2 Pin=C7-2
Added Pin To Net: NetName=NetC7_2 Pin=C9-2
Added Pin To Net: NetName=NetC7_2 Pin=C11-2
Added Pin To Net: NetName=NetC7_2 Pin=F1-1
Added Pin To Net: NetName=NetC7_2 Pin=F1-1
Added Pin To Net: NetName=NetC7_2 Pin=L1-2
Added Pin To Net: NetName=NetC7_2 Pin=R4-2
Added Net: Name=NetC7_2
Added Pin To Net: NetName=NetC13_2 Pin=C13-2
Added Pin To Net: NetName=NetC13_2 Pin=U1-3
Added Net: Name=NetC13_2
Added Member To Class: ClassName=U_Regulators Member=Component C1 680nF
Added Member To Class: ClassName=U_Regulators Member=Component C3 100nF
Added Member To Class: ClassName=U_Regulators Member=Component C6 10uF
Added Member To Class: ClassName=U_Regulators Member=Component C7 12pF
Added Member To Class: ClassName=U_External Member=Component C9 10nF
Added Member To Class: ClassName=U_Regulators Member=Component C9 4.7uF
Added Member To Class: ClassName=U_External Member=Component C11 CAP 22uF 25V 1210(3225)
Added Member To Class: ClassName=U_Regulators Member=Component C11 CAP 22uF 16V 1206(3216)
Added Member To Class: ClassName=U_Regulators Member=Component C13 1uF 25V
Added Member To Class: ClassName=U_External Member=Component J1 2-pin megafit
Added Member To Class: ClassName=U_External Member=Component J10 2-pin megafit
Added Member To Class: ClassName=U_Regulators Member=Component L1 SRP6540-100M
Added Member To Class: ClassName=U_Interface Member=Component P? 14-Pin 2-Row Nano-Fit Right Angle
Added Member To Class: ClassName=U_Power Member=Component Q4 NVF6P02T3G
Added Member To Class: ClassName=U_Power Member=Component R4 4K7
Added Member To Class: ClassName=U_Regulators Member=Component R4 200K 1%
Added Member To Class: ClassName=U_Regulators Member=Component R7 22K1 1%
Added Member To Class: ClassName=U_External Member=Component R43 10K
Added Member To Class: ClassName=U_Interface Member=Component TP? Test Point Loop
Added Member To Class: ClassName=U_Interface Member=Component TP? Test Point Loop
Added Member To Class: ClassName=U_Regulators Member=Component U1 LMR23630-Q1
Added Member To Class: ClassName=U_External Member=Component U12 Part Number: CSD18563Q5A
Added Member To Class: ClassName=U_External Member=Component U13 MIC5021YM
