Removed Member From Class: ClassName=U_Regulators Member=C31
Removed Member From Class: ClassName=U_Regulators Member=C32
Removed Member From Class: ClassName=U_Regulators Member=C33
Removed Member From Class: ClassName=U_Regulators Member=C34
Removed Member From Class: ClassName=U_Regulators Member=C35
Removed Member From Class: ClassName=U_Thrusters Member=C35
Removed Member From Class: ClassName=U_Regulators Member=C36
Removed Member From Class: ClassName=U_Thrusters Member=C36
Removed Member From Class: ClassName=U_Power Member=J3
Removed Member From Class: ClassName=U_Power Member=R5
Removed Member From Class: ClassName=U_Interface Member=R29
Removed Member From Class: ClassName=U_Interface Member=R32
Removed Member From Class: ClassName=U_Regulators Member=U7
Added Component: Designator=C15(CAPC0603(1608)100_L)
Add component. Clean all parameters for all variants
Add component (AddParameter): Name = "Case-EIA"; Value = "0603"; VariantName = "[No Variations]"
Add component (AddParameter): Name = "Case-Metric"; Value = "1608"; VariantName = "[No Variations]"
Add component (AddParameter): Name = "Max Thickness"; Value = "1 mm"; VariantName = "[No Variations]"
Add component (AddParameter): Name = "Rated Voltage"; Value = "100 V"; VariantName = "[No Variations]"
Add component (AddParameter): Name = "Technology"; Value = "SMT"; VariantName = "[No Variations]"
Add component (AddParameter): Name = "Tolerance"; Value = "Â±10%"; VariantName = "[No Variations]"
Add component (AddParameter): Name = "Value"; Value = "100nF"; VariantName = "[No Variations]"
Added Component: Designator=C16(CAPC0603(1608)100_L)
Add component. Clean all parameters for all variants
Add component (AddParameter): Name = "Case-EIA"; Value = "0603"; VariantName = "[No Variations]"
Add component (AddParameter): Name = "Case-Metric"; Value = "1608"; VariantName = "[No Variations]"
Add component (AddParameter): Name = "Max Thickness"; Value = "1 mm"; VariantName = "[No Variations]"
Add component (AddParameter): Name = "Rated Voltage"; Value = "100 V"; VariantName = "[No Variations]"
Add component (AddParameter): Name = "Technology"; Value = "SMT"; VariantName = "[No Variations]"
Add component (AddParameter): Name = "Tolerance"; Value = "Â±10%"; VariantName = "[No Variations]"
Add component (AddParameter): Name = "Value"; Value = "100nF"; VariantName = "[No Variations]"
Added Component: Designator=C17(CAPC1206(3216)190_L)
Add component. Clean all parameters for all variants
Add component (AddParameter): Name = "Case-EIA"; Value = "1206"; VariantName = "[No Variations]"
Add component (AddParameter): Name = "Case-Metric"; Value = "3216"; VariantName = "[No Variations]"
Add component (AddParameter): Name = "Max Thickness"; Value = "1.9 mm"; VariantName = "[No Variations]"
Add component (AddParameter): Name = "Rated Voltage"; Value = "35 V"; VariantName = "[No Variations]"
Add component (AddParameter): Name = "Technology"; Value = "SMT"; VariantName = "[No Variations]"
Add component (AddParameter): Name = "Tolerance"; Value = "Â±10%"; VariantName = "[No Variations]"
Add component (AddParameter): Name = "Value"; Value = "4.7uF"; VariantName = "[No Variations]"
Added Component: Designator=C18(CAPC1206(3216)190_L)
Add component. Clean all parameters for all variants
Add component (AddParameter): Name = "Case-EIA"; Value = "1206"; VariantName = "[No Variations]"
Add component (AddParameter): Name = "Case-Metric"; Value = "3216"; VariantName = "[No Variations]"
Add component (AddParameter): Name = "Max Thickness"; Value = "1.9 mm"; VariantName = "[No Variations]"
Add component (AddParameter): Name = "Rated Voltage"; Value = "35 V"; VariantName = "[No Variations]"
Add component (AddParameter): Name = "Technology"; Value = "SMT"; VariantName = "[No Variations]"
Add component (AddParameter): Name = "Tolerance"; Value = "Â±10%"; VariantName = "[No Variations]"
Add component (AddParameter): Name = "Value"; Value = "4.7uF"; VariantName = "[No Variations]"
Added Component: Designator=C19(CAPC1206(3216)190_L)
Add component. Clean all parameters for all variants
Add component (AddParameter): Name = "Case-EIA"; Value = "1206"; VariantName = "[No Variations]"
Add component (AddParameter): Name = "Case-Metric"; Value = "3216"; VariantName = "[No Variations]"
Add component (AddParameter): Name = "Max Thickness"; Value = "1.9 mm"; VariantName = "[No Variations]"
Add component (AddParameter): Name = "Rated Voltage"; Value = "35 V"; VariantName = "[No Variations]"
Add component (AddParameter): Name = "Technology"; Value = "SMT"; VariantName = "[No Variations]"
Add component (AddParameter): Name = "Tolerance"; Value = "Â±10%"; VariantName = "[No Variations]"
Add component (AddParameter): Name = "Value"; Value = "4.7uF"; VariantName = "[No Variations]"
Added Component: Designator=C20(CAPC1206(3216)190_L)
Add component. Clean all parameters for all variants
Add component (AddParameter): Name = "Case-EIA"; Value = "1206"; VariantName = "[No Variations]"
Add component (AddParameter): Name = "Case-Metric"; Value = "3216"; VariantName = "[No Variations]"
Add component (AddParameter): Name = "Max Thickness"; Value = "1.9 mm"; VariantName = "[No Variations]"
Add component (AddParameter): Name = "Rated Voltage"; Value = "35 V"; VariantName = "[No Variations]"
Add component (AddParameter): Name = "Technology"; Value = "SMT"; VariantName = "[No Variations]"
Add component (AddParameter): Name = "Tolerance"; Value = "Â±10%"; VariantName = "[No Variations]"
Add component (AddParameter): Name = "Value"; Value = "4.7uF"; VariantName = "[No Variations]"
Added Component: Designator=C21(CAPC0603(1608)100_N)
Add component. Clean all parameters for all variants
Add component (AddParameter): Name = "Case-EIA"; Value = "0603"; VariantName = "[No Variations]"
Add component (AddParameter): Name = "Case-Metric"; Value = "1608"; VariantName = "[No Variations]"
Add component (AddParameter): Name = "Max Thickness"; Value = "1 mm"; VariantName = "[No Variations]"
Add component (AddParameter): Name = "Rated Voltage"; Value = "50 V"; VariantName = "[No Variations]"
Add component (AddParameter): Name = "Technology"; Value = "SMT"; VariantName = "[No Variations]"
Add component (AddParameter): Name = "Tolerance"; Value = "Â±10%"; VariantName = "[No Variations]"
Add component (AddParameter): Name = "Value"; Value = "30pF"; VariantName = "[No Variations]"
Added Component: Designator=C22(CAPC0603(1608)100_N)
Add component. Clean all parameters for all variants
Add component (AddParameter): Name = "Case-EIA"; Value = "0603"; VariantName = "[No Variations]"
Add component (AddParameter): Name = "Case-Metric"; Value = "1608"; VariantName = "[No Variations]"
Add component (AddParameter): Name = "Max Thickness"; Value = "1 mm"; VariantName = "[No Variations]"
Add component (AddParameter): Name = "Rated Voltage"; Value = "50 V"; VariantName = "[No Variations]"
Add component (AddParameter): Name = "Technology"; Value = "SMT"; VariantName = "[No Variations]"
Add component (AddParameter): Name = "Tolerance"; Value = "Â±10%"; VariantName = "[No Variations]"
Add component (AddParameter): Name = "Value"; Value = "30pF"; VariantName = "[No Variations]"
Added Component: Designator=F3(Fuse Holder 3588)
Add component. Clean all parameters for all variants
Add component (AddParameter): Name = "Datasheet"; Value = "http://keyelco.com/userAssets/file/M65p43.pdf"; VariantName = "[No Variations]"
Add component (AddParameter): Name = "Supplier 1"; Value = "Digi-Key"; VariantName = "[No Variations]"
Add component (AddParameter): Name = "Supplier Part Number 1"; Value = "36-3588-ND"; VariantName = "[No Variations]"
Added Component: Designator=L3(BOURNS SRP5030T)
Add component. Clean all parameters for all variants
Add component (AddParameter): Name = "Category"; Value = "Inductors, Coils, Chokes"; VariantName = "[No Variations]"
Add component (AddParameter): Name = "ComponentLink1Description"; Value = "http://www.bourns.com/docs/Product-Datasheets/SRP5030TA.pdf"; VariantName = "[No Variations]"
Add component (AddParameter): Name = "ComponentLink1URL"; Value = "http://www.bourns.com/docs/Product-Datasheets/SRP5030TA.pdf"; VariantName = "[No Variations]"
Add component (AddParameter): Name = "DC Resistance (DCR)"; Value = "76.2 mOhm Max"; VariantName = "[No Variations]"
Add component (AddParameter): Name = "Height - Seated (Max)"; Value = "0.118" (3.00mm)"; VariantName = "[No Variations]"
Add component (AddParameter): Name = "Manufacturer"; Value = "Bourns Inc."; VariantName = "[No Variations]"
Add component (AddParameter): Name = "Manufacturer Part Number"; Value = "SRP5030TA-6R8M"; VariantName = "[No Variations]"
Add component (AddParameter): Name = "Material - Core"; Value = "Carbonyl Powder"; VariantName = "[No Variations]"
Add component (AddParameter): Name = "Mounting Type"; Value = "Surface Mount"; VariantName = "[No Variations]"
Add component (AddParameter): Name = "Operating Temperature"; Value = "-40°C ~ 150°C"; VariantName = "[No Variations]"
Add component (AddParameter): Name = "Package / Case"; Value = "Nonstandard"; VariantName = "[No Variations]"
Add component (AddParameter): Name = "Packaging"; Value = "Cut Tape (CT)"; VariantName = "[No Variations]"
Add component (AddParameter): Name = "Part Status"; Value = "Active"; VariantName = "[No Variations]"
Add component (AddParameter): Name = "Pricing 1"; Value = "1=1.51, 10=1.397, 100=0.9781, 500=0.79178, 1000=0.72191 (USD)"; VariantName = "[No Variations]"
Add component (AddParameter): Name = "Q @ Freq"; Value = "15 @ 100kHz"; VariantName = "[No Variations]"
Add component (AddParameter): Name = "Ratings"; Value = "AEC-Q200"; VariantName = "[No Variations]"
Add component (AddParameter): Name = "RoHS"; Value = "RoHS Compliant"; VariantName = "[No Variations]"
Add component (AddParameter): Name = "Shielding"; Value = "Shielded"; VariantName = "[No Variations]"
Add component (AddParameter): Name = "Size / Dimension"; Value = "0.224" L x 0.205" W (5.70mm x 5.20mm)"; VariantName = "[No Variations]"
Add component (AddParameter): Name = "Stock 1"; Value = "5626"; VariantName = "[No Variations]"
Add component (AddParameter): Name = "Supplier 1"; Value = "Digi-Key"; VariantName = "[No Variations]"
Add component (AddParameter): Name = "Supplier Device Package"; Value = "-"; VariantName = "[No Variations]"
Add component (AddParameter): Name = "Supplier Part Number 1"; Value = "SRP5030TA-6R8MCT-ND"; VariantName = "[No Variations]"
Add component (AddParameter): Name = "Tolerance"; Value = "±20%"; VariantName = "[No Variations]"
Add component (AddParameter): Name = "Type"; Value = "Wirewound"; VariantName = "[No Variations]"
Added Component: Designator=P?(XT90)
Add component. Clean all parameters for all variants
Added Component: Designator=R8(RESC0603(1608)_L)
Add component. Clean all parameters for all variants
Add component (AddParameter): Name = "Case-EIA"; Value = "0603"; VariantName = "[No Variations]"
Add component (AddParameter): Name = "Case-Metric"; Value = "1608"; VariantName = "[No Variations]"
Add component (AddParameter): Name = "Power"; Value = "0.1 W"; VariantName = "[No Variations]"
Add component (AddParameter): Name = "Technology"; Value = "SMT"; VariantName = "[No Variations]"
Add component (AddParameter): Name = "Tolerance"; Value = "1 %"; VariantName = "[No Variations]"
Add component (AddParameter): Name = "Value"; Value = "88700.00 Ohm"; VariantName = "[No Variations]"
Added Component: Designator=R9(RESC0603(1608)_L)
Add component. Clean all parameters for all variants
Add component (AddParameter): Name = "Case-EIA"; Value = "0603"; VariantName = "[No Variations]"
Add component (AddParameter): Name = "Case-Metric"; Value = "1608"; VariantName = "[No Variations]"
Add component (AddParameter): Name = "Power"; Value = "0.1 W"; VariantName = "[No Variations]"
Add component (AddParameter): Name = "Technology"; Value = "SMT"; VariantName = "[No Variations]"
Add component (AddParameter): Name = "Tolerance"; Value = "1 %"; VariantName = "[No Variations]"
Add component (AddParameter): Name = "Value"; Value = "88700.00 Ohm"; VariantName = "[No Variations]"
Added Component: Designator=R10(RESC0603(1608)_L)
Add component. Clean all parameters for all variants
Add component (AddParameter): Name = "Case-EIA"; Value = "0603"; VariantName = "[No Variations]"
Add component (AddParameter): Name = "Case-Metric"; Value = "1608"; VariantName = "[No Variations]"
Add component (AddParameter): Name = "Power"; Value = "0.1 W"; VariantName = "[No Variations]"
Add component (AddParameter): Name = "Technology"; Value = "SMT"; VariantName = "[No Variations]"
Add component (AddParameter): Name = "Tolerance"; Value = "1 %"; VariantName = "[No Variations]"
Add component (AddParameter): Name = "Value"; Value = "22100.00 Ohm"; VariantName = "[No Variations]"
Added Component: Designator=R11(RESC0603(1608)_L)
Add component. Clean all parameters for all variants
Add component (AddParameter): Name = "Case-EIA"; Value = "0603"; VariantName = "[No Variations]"
Add component (AddParameter): Name = "Case-Metric"; Value = "1608"; VariantName = "[No Variations]"
Add component (AddParameter): Name = "Power"; Value = "0.1 W"; VariantName = "[No Variations]"
Add component (AddParameter): Name = "Technology"; Value = "SMT"; VariantName = "[No Variations]"
Add component (AddParameter): Name = "Tolerance"; Value = "1 %"; VariantName = "[No Variations]"
Add component (AddParameter): Name = "Value"; Value = "22100.00 Ohm"; VariantName = "[No Variations]"
Added Component: Designator=U3(DDA0008E_N)
Add component. Clean all parameters for all variants
Add component (AddParameter): Name = "Category"; Value = "Integrated Circuits (ICs)"; VariantName = "[No Variations]"
Add component (AddParameter): Name = "ComponentLink1Description"; Value = "http://www.ti.com/lit/ds/symlink/lmr23630-q1.pdf"; VariantName = "[No Variations]"
Add component (AddParameter): Name = "ComponentLink1URL"; Value = "http://www.ti.com/lit/ds/symlink/lmr23630-q1.pdf"; VariantName = "[No Variations]"
Add component (AddParameter): Name = "Current - Output"; Value = "3A"; VariantName = "[No Variations]"
Add component (AddParameter): Name = "Frequency - Switching"; Value = "400kHz"; VariantName = "[No Variations]"
Add component (AddParameter): Name = "Function"; Value = "Step-Down"; VariantName = "[No Variations]"
Add component (AddParameter): Name = "Manufacturer"; Value = "Texas Instruments"; VariantName = "[No Variations]"
Add component (AddParameter): Name = "Manufacturer Part Number"; Value = "LMR23630AFQDDARQ1"; VariantName = "[No Variations]"
Add component (AddParameter): Name = "Mounting Type"; Value = "Surface Mount"; VariantName = "[No Variations]"
Add component (AddParameter): Name = "Number of Outputs"; Value = "1"; VariantName = "[No Variations]"
Add component (AddParameter): Name = "Operating Temperature"; Value = "-40°C ~ 125°C (TJ)"; VariantName = "[No Variations]"
Add component (AddParameter): Name = "Output Configuration"; Value = "Positive"; VariantName = "[No Variations]"
Add component (AddParameter): Name = "Output Type"; Value = "Adjustable"; VariantName = "[No Variations]"
Add component (AddParameter): Name = "Package / Case"; Value = "8-SOIC (0.154", 3.90mm Width) Exposed Pad"; VariantName = "[No Variations]"
Add component (AddParameter): Name = "Packaging"; Value = "Digi-Reel®"; VariantName = "[No Variations]"
Add component (AddParameter): Name = "Part Status"; Value = "Active"; VariantName = "[No Variations]"
Add component (AddParameter): Name = "Pricing 1"; Value = "1=3.97, 10=3.564, 100=2.9204, 500=2.48604, 1000=2.09667 (USD)"; VariantName = "[No Variations]"
Add component (AddParameter): Name = "RoHS"; Value = "RoHS Compliant"; VariantName = "[No Variations]"
Add component (AddParameter): Name = "Stock 1"; Value = "1636"; VariantName = "[No Variations]"
Add component (AddParameter): Name = "Supplier 1"; Value = "Digi-Key"; VariantName = "[No Variations]"
Add component (AddParameter): Name = "Supplier Device Package"; Value = "8-SO PowerPad"; VariantName = "[No Variations]"
Add component (AddParameter): Name = "Supplier Part Number 1"; Value = "296-45260-6-ND"; VariantName = "[No Variations]"
Add component (AddParameter): Name = "Synchronous Rectifier"; Value = "Yes"; VariantName = "[No Variations]"
Add component (AddParameter): Name = "Topology"; Value = "Buck"; VariantName = "[No Variations]"
Add component (AddParameter): Name = "Voltage - Input (Max)"; Value = "36V"; VariantName = "[No Variations]"
Add component (AddParameter): Name = "Voltage - Input (Min)"; Value = "4.5V"; VariantName = "[No Variations]"
Add component (AddParameter): Name = "Voltage - Output (Max)"; Value = "28V"; VariantName = "[No Variations]"
Add component (AddParameter): Name = "Voltage - Output (Min/Fixed)"; Value = "1V"; VariantName = "[No Variations]"
Added Pin To Net: NetName=NetC15_1 Pin=C15-1
Added Pin To Net: NetName=NetC15_2 Pin=C15-2
Added Pin To Net: NetName=NetC16_1 Pin=C16-1
Added Pin To Net: NetName=NetC16_2 Pin=C16-2
Added Pin To Net: NetName=GND Pin=C17-1
Added Pin To Net: NetName=VCC_BATT_FILT Pin=C17-2
Added Pin To Net: NetName=GND Pin=C18-1
Added Pin To Net: NetName=VCC_BATT_FILT Pin=C18-2
Added Pin To Net: NetName=GND Pin=C19-1
Added Pin To Net: NetName=VCC_BATT_FILT Pin=C19-2
Added Pin To Net: NetName=GND Pin=C20-1
Added Pin To Net: NetName=VCC_BATT_FILT Pin=C20-2
Added Pin To Net: NetName=NetC21_1 Pin=C21-1
Added Pin To Net: NetName=NetC21_2 Pin=C21-2
Added Pin To Net: NetName=NetC22_1 Pin=C22-1
Added Pin To Net: NetName=NetC22_2 Pin=C22-2
Added Pin To Net: NetName=NetC21_2 Pin=F3-1
Added Pin To Net: NetName=NetC21_2 Pin=F3-1
Added Pin To Net: NetName=VCC_5V_SRV Pin=F3-2
Added Pin To Net: NetName=VCC_5V_SRV Pin=F3-2
Added Pin To Net: NetName=NetC15_1 Pin=L3-1
Added Pin To Net: NetName=NetC21_2 Pin=L3-2
Added Pin To Net: NetName=RSENSE- Pin=P?-1
Added Pin To Net: NetName=VBAT Pin=P?-2
Added Pin To Net: NetName=NetC21_1 Pin=R8-1
Added Pin To Net: NetName=NetC21_2 Pin=R8-2
Added Pin To Net: NetName=NetC22_1 Pin=R9-1
Added Pin To Net: NetName=NetC22_2 Pin=R9-2
Added Pin To Net: NetName=GND Pin=R10-1
Added Pin To Net: NetName=NetC21_1 Pin=R10-2
Added Pin To Net: NetName=GND Pin=R11-1
Added Pin To Net: NetName=NetC22_1 Pin=R11-2
Added Pin To Net: NetName=NetC15_1 Pin=U3-1
Added Pin To Net: NetName=NetC15_2 Pin=U3-2
Added Pin To Net: NetName=NetC27_2 Pin=U3-3
Added Pin To Net: NetName=NetC21_1 Pin=U3-4
Added Pin To Net: NetName=VCC_BATT_FILT Pin=U3-5
Added Pin To Net: NetName=GND Pin=U3-6
Added Pin To Net: NetName=VCC_BATT_FILT Pin=U3-7
Added Pin To Net: NetName=GND Pin=U3-8
Added Pin To Net: NetName=GND Pin=U3-9
Added Member To Class: ClassName=U_Regulators Member=Component C4 4.7uF
Added Member To Class: ClassName=U_Regulators Member=Component C5 4.7uF
Added Member To Class: ClassName=U_Regulators Member=Component C15 100nF
Added Member To Class: ClassName=U_Regulators Member=Component C16 100nF
Added Member To Class: ClassName=U_Regulators Member=Component C17 4.7uF
Added Member To Class: ClassName=U_Regulators Member=Component C18 4.7uF
Added Member To Class: ClassName=U_Regulators Member=Component C19 4.7uF
Added Member To Class: ClassName=U_Regulators Member=Component C20 4.7uF
Added Member To Class: ClassName=U_Regulators Member=Component C21 30pF
Added Member To Class: ClassName=U_Regulators Member=Component C22 30pF
Added Member To Class: ClassName=U_Regulators Member=Component C23 4.7uF
Added Member To Class: ClassName=U_Regulators Member=Component C24 4.7uF
Added Member To Class: ClassName=U_Regulators Member=Component C25 47uF
Added Member To Class: ClassName=U_Regulators Member=Component C26 47uF
Added Member To Class: ClassName=U_Regulators Member=Component C27 1uF 25V
Added Member To Class: ClassName=U_Regulators Member=Component C28 1uF 25V
Added Member To Class: ClassName=U_Thrusters Member=Component C29 10nF
Added Member To Class: ClassName=U_Thrusters Member=Component C30 CAP 22uF 25V 1210(3225)
Added Member To Class: ClassName=U_Interface Member=Component D16 LED GREEN
Added Member To Class: ClassName=U_Regulators Member=Component F3 Fuse Holder 3588
Added Member To Class: ClassName=U_Thrusters Member=Component J2 2-pin megafit RA
Added Member To Class: ClassName=U_Thrusters Member=Component J4 2-pin megafit RA
Added Member To Class: ClassName=U_Thrusters Member=Component J6 2-pin megafit RA
Added Member To Class: ClassName=U_Thrusters Member=Component J7 2-pin megafit RA
Added Member To Class: ClassName=U_Regulators Member=Component L3 6.8uH
Added Member To Class: ClassName=U_Interface Member=Component P1 8-Pin 4x2 Molex Nano-Fit
Added Member To Class: ClassName=U_Interface Member=Component P2 14-Pin 2-Row Nano-Fit Right Angle
Added Member To Class: ClassName=U_Power Member=Component P? XT90
Added Member To Class: ClassName=U_Power Member=Component R1 4K7
Added Member To Class: ClassName=U_Power Member=Component R2 WSLP59312 2mR 8W
Added Member To Class: ClassName=U_Regulators Member=Component R4 200K 1%
Added Member To Class: ClassName=U_Regulators Member=Component R6 22K1 1%
Added Member To Class: ClassName=U_Regulators Member=Component R7 22K1 1%
Added Member To Class: ClassName=U_Regulators Member=Component R8 88K7 1%
Added Member To Class: ClassName=U_Regulators Member=Component R9 88K7 1%
Added Member To Class: ClassName=U_Regulators Member=Component R10 22K1 1%
Added Member To Class: ClassName=U_Regulators Member=Component R11 22K1 1%
Added Member To Class: ClassName=U_Thrusters Member=Component R12 22AR100KLFTR
Added Member To Class: ClassName=U_Thrusters Member=Component R13 1K 1% 0603(1608)
Added Member To Class: ClassName=U_Thrusters Member=Component R14 330R 1% 0603(1608)
Added Member To Class: ClassName=U_BMS Member=Component R15 4K7
Added Member To Class: ClassName=U_BMS Member=Component R17 100R
Added Member To Class: ClassName=U_BMS Member=Component R18 100R
Added Member To Class: ClassName=U_BMS Member=Component R20 100R
Added Member To Class: ClassName=U_BMS Member=Component R22 16K5
Added Member To Class: ClassName=U_BMS Member=Component R23 100R
Added Member To Class: ClassName=U_BMS Member=Component R25 100R
Added Member To Class: ClassName=U_BMS Member=Component R28 100R
Added Member To Class: ClassName=U_BMS Member=Component R30 100R 1%
Added Member To Class: ClassName=U_BMS Member=Component R31 100R
Added Member To Class: ClassName=U_Interface Member=Component R33 1K2
Added Member To Class: ClassName=U_Interface Member=Component R36 220R
Added Member To Class: ClassName=U_Interface Member=Component R37 220R
Added Member To Class: ClassName=U_Interface Member=Component TP9 Test Point Loop
Added Member To Class: ClassName=U_Regulators Member=Component U3 LMR23630-Q1
Added Member To Class: ClassName=U_Regulators Member=Component U4 LMR23630-Q1
Added Member To Class: ClassName=U_Thrusters Member=Component U5 Part Number: CSD18563Q5A
Added Member To Class: ClassName=U_Thrusters Member=Component U6 Part Number: CSD18563Q5A
