Change Component Designator: Old Designator=Cbias? New Designator=Cbias1
Change Component Designator: Old Designator=Cboot? New Designator=Cboot1
Change Component Designator: Old Designator=Cboot? New Designator=Cboot2
Change Component Designator: Old Designator=Cbulk? New Designator=Cbulk1
Change Component Designator: Old Designator=Cbulk_? New Designator=Cbulk_1
Change Component Designator: Old Designator=Ccomp? New Designator=Ccomp1
Change Component Designator: Old Designator=Ccomp? New Designator=Ccomp2
Change Component Designator: Old Designator=Ccs? New Designator=Ccs1
Change Component Designator: Old Designator=Cf? New Designator=Cf1
Change Component Designator: Old Designator=Cin? New Designator=Cin1
Change Component Designator: Old Designator=Cin_? New Designator=Cin_1
Change Component Designator: Old Designator=Cout? New Designator=Cout1
Change Component Designator: Old Designator=Coutx? New Designator=Coutx1
Change Component Designator: Old Designator=Coutx? New Designator=Coutx2
Change Component Designator: Old Designator=Coutx? New Designator=Coutx3
Change Component Designator: Old Designator=Cslope? New Designator=Cslope1
Change Component Designator: Old Designator=Css? New Designator=Css1
Change Component Designator: Old Designator=Cvcc? New Designator=Cvcc1
Change Component Designator: Old Designator=Dboot? New Designator=Dboot1
Change Component Designator: Old Designator=Dboot? New Designator=Dboot2
Change Component Designator: Old Designator=Df? New Designator=Df1
Change Component Designator: Old Designator=Iout? New Designator=Iout1
Change Component Designator: Old Designator=L? New Designator=L1
Change Component Designator: Old Designator=M? New Designator=M1
Change Component Designator: Old Designator=M? New Designator=M2
Change Component Designator: Old Designator=M? New Designator=M3
Change Component Designator: Old Designator=M? New Designator=M4
Change Component Designator: Old Designator=Rcomp? New Designator=Rcomp1
Change Component Designator: Old Designator=Rcsg? New Designator=Rcsg1
Change Component Designator: Old Designator=Rcsp? New Designator=Rcsp1
Change Component Designator: Old Designator=Rf? New Designator=Rf1
Change Component Designator: Old Designator=Rfbb? New Designator=Rfbb1
Change Component Designator: Old Designator=Rfbt? New Designator=Rfbt1
Change Component Designator: Old Designator=Rmode? New Designator=Rmode1
Change Component Designator: Old Designator=Rpg? New Designator=Rpg1
Change Component Designator: Old Designator=Rsense? New Designator=Rsense1
Change Component Designator: Old Designator=Rt? New Designator=Rt1
Change Component Designator: Old Designator=Ruvb? New Designator=Ruvb1
Change Component Designator: Old Designator=Ruvt? New Designator=Ruvt1
Change Component Designator: Old Designator=Rvisns? New Designator=Rvisns1
Change Component Designator: Old Designator=U? New Designator=U1
Change Component Designator: Old Designator=Vin? New Designator=Vin1
