Change Component Footprint: Designator=Ccomp2 Old Footprint=0402 New Footprint=0805
Change Component Footprint: Designator=Ccomp1 Old Footprint=0805 New Footprint=0402
Change Component Footprint: Designator=Coutx1 Old Footprint=0805 New Footprint=CAPSMT_62_E61
Change Component Footprint: Designator=Cout_1 Old Footprint=CAPSMT_62_E61 New Footprint=0805
Change Component Comment: Designator=Cout_1 Old Comment=16SVPF82M New Comment=C2012X5R1V226M125AC
Change Component Comment: Designator=Ccomp1 Old Comment=C0805C181K5GACTU New Comment=CGA2B3X7R1H103K050BB
Change Component Comment: Designator=Coutx1 Old Comment=C2012X5R1V226M125AC New Comment=16SVPF82M
Change Component Comment: Designator=Ccomp2 Old Comment=CGA2B3X7R1H103K050BB New Comment=C0805C181K5GACTU
Change Component Designator: OldDesignator=Cbias1 NewDesignator=Cbias1
Change Component Designator: OldDesignator=Cboot1 NewDesignator=Cboot1
Change Component Designator: OldDesignator=Cboot2 NewDesignator=Cboot2
Change Component Designator: OldDesignator=Cbulk1 NewDesignator=Cbulk_1
Change Component Designator: OldDesignator=Cbulk_1 NewDesignator=Cbulk_2
Change Component Designator: OldDesignator=Cbulk_2 NewDesignator=Cbulk_3
Change Component Designator: OldDesignator=Cbulk_3 NewDesignator=Cbulk_4
Change Component Designator: OldDesignator=Cbulk_4 NewDesignator=Cbulk1
Change Component Designator: OldDesignator=Ccomp1 NewDesignator=Ccomp_1
Change Component Designator: OldDesignator=Ccomp2 NewDesignator=Ccomp1
Change Component Designator: OldDesignator=Ccomp_1 NewDesignator=Ccomp2
Change Component Designator: OldDesignator=Ccs1 NewDesignator=Ccs1
Change Component Designator: OldDesignator=Cf1 NewDesignator=Cf1
Change Component Designator: OldDesignator=Cin1 NewDesignator=Cin_1
Change Component Designator: OldDesignator=Cin_1 NewDesignator=Cin1
Change Component Designator: OldDesignator=Cout1 NewDesignator=Cout_1
Change Component Designator: OldDesignator=Cout_1 NewDesignator=Coutx3
Change Component Designator: OldDesignator=Coutx1 NewDesignator=Cout1
Change Component Designator: OldDesignator=Coutx2 NewDesignator=Coutx1
Change Component Designator: OldDesignator=Coutx3 NewDesignator=Coutx2
Change Component Designator: OldDesignator=Cslope1 NewDesignator=Cslope1
Change Component Designator: OldDesignator=Css1 NewDesignator=Css1
Change Component Designator: OldDesignator=Cvcc1 NewDesignator=Cvcc1
Change Component Designator: OldDesignator=Dboot1 NewDesignator=Dboot1
Change Component Designator: OldDesignator=Dboot2 NewDesignator=Dboot2
Change Component Designator: OldDesignator=Df1 NewDesignator=Df1
Change Component Designator: OldDesignator=L1 NewDesignator=L1
Change Component Designator: OldDesignator=M1 NewDesignator=M1
Change Component Designator: OldDesignator=M2 NewDesignator=M2
Change Component Designator: OldDesignator=M3 NewDesignator=M3
Change Component Designator: OldDesignator=M4 NewDesignator=M4
Change Component Designator: OldDesignator=Rcomp1 NewDesignator=Rcomp1
Change Component Designator: OldDesignator=Rcsg1 NewDesignator=Rcsg1
Change Component Designator: OldDesignator=Rcsp1 NewDesignator=Rcsp1
Change Component Designator: OldDesignator=Rf1 NewDesignator=Rf1
Change Component Designator: OldDesignator=Rfbb1 NewDesignator=Rfbb1
Change Component Designator: OldDesignator=Rfbt1 NewDesignator=Rfbt1
Change Component Designator: OldDesignator=Rmode1 NewDesignator=Rmode1
Change Component Designator: OldDesignator=Rpg1 NewDesignator=Rpg1
Change Component Designator: OldDesignator=Rsense1 NewDesignator=Rsense1
Change Component Designator: OldDesignator=Rt1 NewDesignator=Rt1
Change Component Designator: OldDesignator=Ruvb1 NewDesignator=Ruvb1
Change Component Designator: OldDesignator=Ruvt1 NewDesignator=Ruvt1
Change Component Designator: OldDesignator=Rvisns1 NewDesignator=Rvisns1
Change Component Designator: OldDesignator=U1 NewDesignator=U1
