Change Component Designator: Old Designator=Cbias? New Designator=Cbias2
Change Component Designator: Old Designator=Cboot? New Designator=Cboot3
Change Component Designator: Old Designator=Cboot? New Designator=Cboot4
Change Component Designator: Old Designator=Cbulk? New Designator=Cbulk2
Change Component Designator: Old Designator=Cbulk_? New Designator=Cbulk_5
Change Component Designator: Old Designator=Cbulk_? New Designator=Cbulk_6
Change Component Designator: Old Designator=Cbulk_? New Designator=Cbulk_7
Change Component Designator: Old Designator=Cbulk_? New Designator=Cbulk_8
Change Component Designator: Old Designator=Ccomp? New Designator=Ccomp3
Change Component Designator: Old Designator=Ccomp? New Designator=Ccomp4
Change Component Designator: Old Designator=Ccomp_? New Designator=Ccomp_2
Change Component Designator: Old Designator=Ccs? New Designator=Ccs2
Change Component Designator: Old Designator=Cf? New Designator=Cf2
Change Component Designator: Old Designator=Cin? New Designator=Cin2
Change Component Designator: Old Designator=Cin_? New Designator=Cin_2
Change Component Designator: Old Designator=Cout? New Designator=Cout2
Change Component Designator: Old Designator=Coutx? New Designator=Coutx4
Change Component Designator: Old Designator=Coutx? New Designator=Coutx5
Change Component Designator: Old Designator=Coutx? New Designator=Coutx6
Change Component Designator: Old Designator=Cslope? New Designator=Cslope2
Change Component Designator: Old Designator=Css? New Designator=Css2
Change Component Designator: Old Designator=Cvcc? New Designator=Cvcc2
Change Component Designator: Old Designator=Dboot? New Designator=Dboot3
Change Component Designator: Old Designator=Dboot? New Designator=Dboot4
Change Component Designator: Old Designator=Df? New Designator=Df2
Change Component Designator: Old Designator=L? New Designator=L5
Change Component Designator: Old Designator=M? New Designator=M5
Change Component Designator: Old Designator=M? New Designator=M6
Change Component Designator: Old Designator=M? New Designator=M7
Change Component Designator: Old Designator=M? New Designator=M8
Change Component Designator: Old Designator=Rcomp? New Designator=Rcomp2
Change Component Designator: Old Designator=Rcsg? New Designator=Rcsg2
Change Component Designator: Old Designator=Rcsp? New Designator=Rcsp2
Change Component Designator: Old Designator=Rf? New Designator=Rf2
Change Component Designator: Old Designator=Rfbb? New Designator=Rfbb2
Change Component Designator: Old Designator=Rfbt? New Designator=Rfbt2
Change Component Designator: Old Designator=Rmode? New Designator=Rmode2
Change Component Designator: Old Designator=Rpg? New Designator=Rpg2
Change Component Designator: Old Designator=Rsense? New Designator=Rsense2
Change Component Designator: Old Designator=Rt? New Designator=Rt2
Change Component Designator: Old Designator=Ruvb? New Designator=Ruvb2
Change Component Designator: Old Designator=Ruvt? New Designator=Ruvt2
Change Component Designator: Old Designator=Rvisns? New Designator=Rvisns2
Change Component Designator: Old Designator=U? New Designator=U5
