Removed Member From Class: ClassName=Designator_Nets Member=NetC?_1
Removed Member From Class: ClassName=U?_Nets Member=NetC?_1
Removed Member From Class: ClassName=Designator_Nets Member=NetC?_2
Removed Member From Class: ClassName=U?_Nets Member=NetC?_2
Removed Member From Class: ClassName=Designator_Nets Member=NetR?_1
Removed Member From Class: ClassName=Designator_Nets Member=NetR?_2
Removed Member From Class: ClassName=U?_Nets Member=NetR?_2
Change Component Designator: OldDesignator=C? NewDesignator=C1
Change Component Designator: OldDesignator=C? NewDesignator=C2
Change Component Designator: OldDesignator=C? NewDesignator=C3
Change Component Designator: OldDesignator=C? NewDesignator=C4
Change Component Designator: OldDesignator=C? NewDesignator=C5
Change Component Designator: OldDesignator=C? NewDesignator=C6
Change Component Designator: OldDesignator=C? NewDesignator=C7
Change Component Designator: OldDesignator=C? NewDesignator=C9
Change Component Designator: OldDesignator=C? NewDesignator=C12
Change Component Designator: OldDesignator=C? NewDesignator=C13
Change Component Designator: OldDesignator=C? NewDesignator=C15
Change Component Designator: OldDesignator=C? NewDesignator=C17
Change Component Designator: OldDesignator=C? NewDesignator=C19
Change Component Designator: OldDesignator=C? NewDesignator=C21
Change Component Designator: OldDesignator=C? NewDesignator=C81
Change Component Designator: OldDesignator=L? NewDesignator=L2
Change Component Designator: OldDesignator=L? NewDesignator=L4
Change Component Designator: OldDesignator=R? NewDesignator=R1
Change Component Designator: OldDesignator=R? NewDesignator=R2
Change Component Designator: OldDesignator=R? NewDesignator=R4
Change Component Designator: OldDesignator=R? NewDesignator=R6
Change Component Designator: OldDesignator=R? NewDesignator=R40
Change Component Designator: OldDesignator=R? NewDesignator=R41
Change Component Designator: OldDesignator=R? NewDesignator=R54
Change Component Designator: OldDesignator=R? NewDesignator=R55
Change Component Designator: OldDesignator=R? NewDesignator=R56
Change Component Designator: OldDesignator=R? NewDesignator=R57
Change Component Designator: OldDesignator=R? NewDesignator=R58
Change Component Designator: OldDesignator=R? NewDesignator=R59
Change Component Designator: OldDesignator=R? NewDesignator=R60
Change Component Designator: OldDesignator=U? NewDesignator=U2
Change Net Name : Old Net Name=NetC?_1 New Net Name=NetC15_1
Change Net Name : Old Net Name=NetC?_2 New Net Name=NetC1_2
Change Net Name : Old Net Name=NetR?_1 New Net Name=NetR57_2
Change Net Name : Old Net Name=NetR?_2 New Net Name=NetR55_2
Added Pin To Net: NetName=NetC1_1 Pin=C1-1
Added Pin To Net: NetName=NetC1_1 Pin=U2-6
Added Net: Name=NetC1_1
Added Pin To Net: NetName=NetC15_2 Pin=C15-2
Added Pin To Net: NetName=NetC15_2 Pin=L4-1
Added Pin To Net: NetName=NetC15_2 Pin=U2-3
Added Net: Name=NetC15_2
Added Pin To Net: NetName=NetR2_2 Pin=R2-2
Added Pin To Net: NetName=NetR2_2 Pin=R40-1
Added Net: Name=NetR2_2
Change Class Name : Old Net Name=U?_Nets New Net Name=U2_Nets
Added Class: Name=C1_Nets
Added Class: Name=C2_Nets
Added Class: Name=C3_Nets
Added Class: Name=C4_Nets
Added Class: Name=C5_Nets
Added Class: Name=C6_Nets
Added Class: Name=C7_Nets
Added Class: Name=C9_Nets
Added Class: Name=C12_Nets
Added Class: Name=C13_Nets
Added Class: Name=C15_Nets
Added Class: Name=C17_Nets
Added Class: Name=C19_Nets
Added Class: Name=C21_Nets
Added Class: Name=C81_Nets
Added Class: Name=L2_Nets
Added Class: Name=L4_Nets
Added Class: Name=R1_Nets
Added Class: Name=R2_Nets
Added Class: Name=R4_Nets
Added Class: Name=R6_Nets
Added Class: Name=R40_Nets
Added Class: Name=R41_Nets
Added Class: Name=R54_Nets
Added Class: Name=R55_Nets
Added Class: Name=R56_Nets
Added Class: Name=R57_Nets
Added Class: Name=R58_Nets
Added Class: Name=R59_Nets
Added Class: Name=R60_Nets
Added Member To Class: ClassName=Designator Member=Component C1 100nF
Added Member To Class: ClassName=Designator Member=Component C2 100nF
Added Member To Class: ClassName=Designator Member=Component C4 10uF
Added Member To Class: ClassName=Designator Member=Component C5 10uF
Added Member To Class: ClassName=Designator Member=Component C6 10uF
Added Member To Class: ClassName=Designator Member=Component C7 10uF
Added Member To Class: ClassName=Designator Member=Component C9 47uF
Added Member To Class: ClassName=Designator Member=Component C12 22uF
Added Member To Class: ClassName=Designator Member=Component C13 100nF
Added Member To Class: ClassName=Designator Member=Component C15 100nF
Added Member To Class: ClassName=Designator Member=Component C17 1uF
Added Member To Class: ClassName=Designator Member=Component C19 47uF
Added Member To Class: ClassName=Designator Member=Component C21 22uF
Added Member To Class: ClassName=Designator Member=Component C81 100nF
Added Member To Class: ClassName=Designator Member=Component L2 6.8uH
Added Member To Class: ClassName=Designator Member=Component R1 DNP
Added Member To Class: ClassName=Designator Member=Component R2 DNP
Added Member To Class: ClassName=Designator Member=Component R4 10K
Added Member To Class: ClassName=Designator Member=Component R6 DNP
Added Member To Class: ClassName=Designator Member=Component R40 DNP
Added Member To Class: ClassName=Designator Member=Component R54 10K
Added Member To Class: ClassName=Designator Member=Component R55 39K2
Added Member To Class: ClassName=Designator Member=Component R56 DNP
Added Member To Class: ClassName=Designator Member=Component R57 DNP
Added Member To Class: ClassName=Designator Member=Component R58 10K
Added Member To Class: ClassName=Designator Member=Component R59 DNP
Added Member To Class: ClassName=Designator Member=Component R60 DNP
Added Member To Class: ClassName=Designator_Nets Member=Wire NetC1_1
Added Member To Class: ClassName=U2_Nets Member=Wire NetC1_1
Added Member To Class: ClassName=Designator_Nets Member=Wire NetC1_2
Added Member To Class: ClassName=U2_Nets Member=Wire NetC1_2
Added Member To Class: ClassName=Designator_Nets Member=Wire NetC15_1
Added Member To Class: ClassName=U2_Nets Member=Wire NetC15_1
Added Member To Class: ClassName=Designator_Nets Member=Wire NetC15_2
Added Member To Class: ClassName=U2_Nets Member=Wire NetC15_2
Added Member To Class: ClassName=Designator_Nets Member=Wire NetR2_2
Added Member To Class: ClassName=Designator_Nets Member=Wire NetR55_2
Added Member To Class: ClassName=U2_Nets Member=Wire NetR55_2
Added Member To Class: ClassName=Designator_Nets Member=Wire NetR57_2
