Removed Member From Class: ClassName=Sht5-V12P0_Jetson Member=Sht5-V12P0_Jetson.SchDoc1
Removed Member From Class: ClassName=Sht5-V12P0_Jetson Member=Sht5-V12P0_Jetson.SchDoc2
Change Component Designator: OldDesignator=Cbias1_Sht5-V12P0_Jetson.SchDoc1 NewDesignator=Cbias1_1
Change Component Designator: OldDesignator=Cbias1_Sht5-V12P0_Jetson.SchDoc2 NewDesignator=Cbias1_2
Change Component Designator: OldDesignator=Cboot1_Sht5-V12P0_Jetson.SchDoc1 NewDesignator=Cboot1_1
Change Component Designator: OldDesignator=Cboot1_Sht5-V12P0_Jetson.SchDoc2 NewDesignator=Cboot1_2
Change Component Designator: OldDesignator=Cboot2_Sht5-V12P0_Jetson.SchDoc1 NewDesignator=Cboot2_1
Change Component Designator: OldDesignator=Cboot2_Sht5-V12P0_Jetson.SchDoc2 NewDesignator=Cboot2_2
Change Component Designator: OldDesignator=Cbulk1_Sht5-V12P0_Jetson.SchDoc1 NewDesignator=Cbulk1_1
Change Component Designator: OldDesignator=Cbulk1_Sht5-V12P0_Jetson.SchDoc2 NewDesignator=Cbulk1_2
Change Component Designator: OldDesignator=Cbulk_1_Sht5-V12P0_Jetson.SchDoc1 NewDesignator=Cbulk_1_1
Change Component Designator: OldDesignator=Cbulk_1_Sht5-V12P0_Jetson.SchDoc2 NewDesignator=Cbulk_1_2
Change Component Designator: OldDesignator=Cbulk_2_Sht5-V12P0_Jetson.SchDoc1 NewDesignator=Cbulk_2_1
Change Component Designator: OldDesignator=Cbulk_2_Sht5-V12P0_Jetson.SchDoc2 NewDesignator=Cbulk_2_2
Change Component Designator: OldDesignator=Cbulk_3_Sht5-V12P0_Jetson.SchDoc1 NewDesignator=Cbulk_3_1
Change Component Designator: OldDesignator=Cbulk_3_Sht5-V12P0_Jetson.SchDoc2 NewDesignator=Cbulk_3_2
Change Component Designator: OldDesignator=Cbulk_4_Sht5-V12P0_Jetson.SchDoc1 NewDesignator=Cbulk_4_1
Change Component Designator: OldDesignator=Cbulk_4_Sht5-V12P0_Jetson.SchDoc2 NewDesignator=Cbulk_4_2
Change Component Designator: OldDesignator=Ccomp1_Sht5-V12P0_Jetson.SchDoc1 NewDesignator=Ccomp1_1
Change Component Designator: OldDesignator=Ccomp1_Sht5-V12P0_Jetson.SchDoc2 NewDesignator=Ccomp1_2
Change Component Designator: OldDesignator=Ccomp2_Sht5-V12P0_Jetson.SchDoc1 NewDesignator=Ccomp2_1
Change Component Designator: OldDesignator=Ccomp2_Sht5-V12P0_Jetson.SchDoc2 NewDesignator=Ccomp2_2
Change Component Designator: OldDesignator=Ccomp_1_Sht5-V12P0_Jetson.SchDoc1 NewDesignator=Ccomp_1_1
Change Component Designator: OldDesignator=Ccomp_1_Sht5-V12P0_Jetson.SchDoc2 NewDesignator=Ccomp_1_2
Change Component Designator: OldDesignator=Ccs1_Sht5-V12P0_Jetson.SchDoc1 NewDesignator=Ccs1_1
Change Component Designator: OldDesignator=Ccs1_Sht5-V12P0_Jetson.SchDoc2 NewDesignator=Ccs1_2
Change Component Designator: OldDesignator=Cf1_Sht5-V12P0_Jetson.SchDoc1 NewDesignator=Cf1_1
Change Component Designator: OldDesignator=Cf1_Sht5-V12P0_Jetson.SchDoc2 NewDesignator=Cf1_2
Change Component Designator: OldDesignator=Cin1_Sht5-V12P0_Jetson.SchDoc1 NewDesignator=Cin1_1
Change Component Designator: OldDesignator=Cin1_Sht5-V12P0_Jetson.SchDoc2 NewDesignator=Cin1_2
Change Component Designator: OldDesignator=Cin_1_Sht5-V12P0_Jetson.SchDoc1 NewDesignator=Cin_1_1
Change Component Designator: OldDesignator=Cin_1_Sht5-V12P0_Jetson.SchDoc2 NewDesignator=Cin_1_2
Change Component Designator: OldDesignator=Cout1_Sht5-V12P0_Jetson.SchDoc1 NewDesignator=Cout1_1
Change Component Designator: OldDesignator=Cout1_Sht5-V12P0_Jetson.SchDoc2 NewDesignator=Cout1_2
Change Component Designator: OldDesignator=Cout_1_Sht5-V12P0_Jetson.SchDoc1 NewDesignator=Cout_1_1
Change Component Designator: OldDesignator=Cout_1_Sht5-V12P0_Jetson.SchDoc2 NewDesignator=Cout_1_2
Change Component Designator: OldDesignator=Coutx1_Sht5-V12P0_Jetson.SchDoc1 NewDesignator=Coutx1_1
Change Component Designator: OldDesignator=Coutx1_Sht5-V12P0_Jetson.SchDoc2 NewDesignator=Coutx1_2
Change Component Designator: OldDesignator=Coutx2_Sht5-V12P0_Jetson.SchDoc1 NewDesignator=Coutx2_1
Change Component Designator: OldDesignator=Coutx2_Sht5-V12P0_Jetson.SchDoc2 NewDesignator=Coutx2_2
Change Component Designator: OldDesignator=Coutx3_Sht5-V12P0_Jetson.SchDoc1 NewDesignator=Coutx3_1
Change Component Designator: OldDesignator=Coutx3_Sht5-V12P0_Jetson.SchDoc2 NewDesignator=Coutx3_2
Change Component Designator: OldDesignator=Cslope1_Sht5-V12P0_Jetson.SchDoc1 NewDesignator=Cslope1_1
Change Component Designator: OldDesignator=Cslope1_Sht5-V12P0_Jetson.SchDoc2 NewDesignator=Cslope1_2
Change Component Designator: OldDesignator=Css1_Sht5-V12P0_Jetson.SchDoc1 NewDesignator=Css1_1
Change Component Designator: OldDesignator=Css1_Sht5-V12P0_Jetson.SchDoc2 NewDesignator=Css1_2
Change Component Designator: OldDesignator=Cvcc1_Sht5-V12P0_Jetson.SchDoc1 NewDesignator=Cvcc1_1
Change Component Designator: OldDesignator=Cvcc1_Sht5-V12P0_Jetson.SchDoc2 NewDesignator=Cvcc1_2
Change Component Designator: OldDesignator=Dboot1_Sht5-V12P0_Jetson.SchDoc1 NewDesignator=Dboot1_1
Change Component Designator: OldDesignator=Dboot1_Sht5-V12P0_Jetson.SchDoc2 NewDesignator=Dboot1_2
Change Component Designator: OldDesignator=Dboot2_Sht5-V12P0_Jetson.SchDoc1 NewDesignator=Dboot2_1
Change Component Designator: OldDesignator=Dboot2_Sht5-V12P0_Jetson.SchDoc2 NewDesignator=Dboot2_2
Change Component Designator: OldDesignator=Df1_Sht5-V12P0_Jetson.SchDoc1 NewDesignator=Df1_1
Change Component Designator: OldDesignator=Df1_Sht5-V12P0_Jetson.SchDoc2 NewDesignator=Df1_2
Change Component Designator: OldDesignator=L1_Sht5-V12P0_Jetson.SchDoc1 NewDesignator=L1_1
Change Component Designator: OldDesignator=L1_Sht5-V12P0_Jetson.SchDoc2 NewDesignator=L1_2
Change Component Designator: OldDesignator=M1_Sht5-V12P0_Jetson.SchDoc1 NewDesignator=M1_1
Change Component Designator: OldDesignator=M1_Sht5-V12P0_Jetson.SchDoc2 NewDesignator=M1_2
Change Component Designator: OldDesignator=M2_Sht5-V12P0_Jetson.SchDoc1 NewDesignator=M2_1
Change Component Designator: OldDesignator=M2_Sht5-V12P0_Jetson.SchDoc2 NewDesignator=M2_2
Change Component Designator: OldDesignator=M3_Sht5-V12P0_Jetson.SchDoc1 NewDesignator=M3_1
Change Component Designator: OldDesignator=M3_Sht5-V12P0_Jetson.SchDoc2 NewDesignator=M3_2
Change Component Designator: OldDesignator=M4_Sht5-V12P0_Jetson.SchDoc1 NewDesignator=M4_1
Change Component Designator: OldDesignator=M4_Sht5-V12P0_Jetson.SchDoc2 NewDesignator=M4_2
Change Component Designator: OldDesignator=Rcomp1_Sht5-V12P0_Jetson.SchDoc1 NewDesignator=Rcomp1_1
Change Component Designator: OldDesignator=Rcomp1_Sht5-V12P0_Jetson.SchDoc2 NewDesignator=Rcomp1_2
Change Component Designator: OldDesignator=Rcsg1_Sht5-V12P0_Jetson.SchDoc1 NewDesignator=Rcsg1_1
Change Component Designator: OldDesignator=Rcsg1_Sht5-V12P0_Jetson.SchDoc2 NewDesignator=Rcsg1_2
Change Component Designator: OldDesignator=Rcsp1_Sht5-V12P0_Jetson.SchDoc1 NewDesignator=Rcsp1_1
Change Component Designator: OldDesignator=Rcsp1_Sht5-V12P0_Jetson.SchDoc2 NewDesignator=Rcsp1_2
Change Component Designator: OldDesignator=Rf1_Sht5-V12P0_Jetson.SchDoc1 NewDesignator=Rf1_1
Change Component Designator: OldDesignator=Rf1_Sht5-V12P0_Jetson.SchDoc2 NewDesignator=Rf1_2
Change Component Designator: OldDesignator=Rfbb1_Sht5-V12P0_Jetson.SchDoc1 NewDesignator=Rfbb1_1
Change Component Designator: OldDesignator=Rfbb1_Sht5-V12P0_Jetson.SchDoc2 NewDesignator=Rfbb1_2
Change Component Designator: OldDesignator=Rfbt1_Sht5-V12P0_Jetson.SchDoc1 NewDesignator=Rfbt1_1
Change Component Designator: OldDesignator=Rfbt1_Sht5-V12P0_Jetson.SchDoc2 NewDesignator=Rfbt1_2
Change Component Designator: OldDesignator=Rmode1_Sht5-V12P0_Jetson.SchDoc1 NewDesignator=Rmode1_1
Change Component Designator: OldDesignator=Rmode1_Sht5-V12P0_Jetson.SchDoc2 NewDesignator=Rmode1_2
Change Component Designator: OldDesignator=Rpg1_Sht5-V12P0_Jetson.SchDoc1 NewDesignator=Rpg1_1
Change Component Designator: OldDesignator=Rpg1_Sht5-V12P0_Jetson.SchDoc2 NewDesignator=Rpg1_2
Change Component Designator: OldDesignator=Rsense1_Sht5-V12P0_Jetson.SchDoc1 NewDesignator=Rsense1_1
Change Component Designator: OldDesignator=Rsense1_Sht5-V12P0_Jetson.SchDoc2 NewDesignator=Rsense1_2
Change Component Designator: OldDesignator=Rt1_Sht5-V12P0_Jetson.SchDoc1 NewDesignator=Rt1_1
Change Component Designator: OldDesignator=Rt1_Sht5-V12P0_Jetson.SchDoc2 NewDesignator=Rt1_2
Change Component Designator: OldDesignator=Ruvb1_Sht5-V12P0_Jetson.SchDoc1 NewDesignator=Ruvb1_1
Change Component Designator: OldDesignator=Ruvb1_Sht5-V12P0_Jetson.SchDoc2 NewDesignator=Ruvb1_2
Change Component Designator: OldDesignator=Ruvt1_Sht5-V12P0_Jetson.SchDoc1 NewDesignator=Ruvt1_1
Change Component Designator: OldDesignator=Ruvt1_Sht5-V12P0_Jetson.SchDoc2 NewDesignator=Ruvt1_2
Change Component Designator: OldDesignator=Rvisns1_Sht5-V12P0_Jetson.SchDoc1 NewDesignator=Rvisns1_1
Change Component Designator: OldDesignator=Rvisns1_Sht5-V12P0_Jetson.SchDoc2 NewDesignator=Rvisns1_2
Change Component Designator: OldDesignator=U1_Sht5-V12P0_Jetson.SchDoc1 NewDesignator=U1_1
Change Component Designator: OldDesignator=U1_Sht5-V12P0_Jetson.SchDoc2 NewDesignator=U1_2
Change Net Name : Old Net Name=NetCbias1_Sht5-V12P0_Jetson.SchDoc1_1 New Net Name=NetCbias1_1_1
Change Net Name : Old Net Name=NetCbias1_Sht5-V12P0_Jetson.SchDoc2_1 New Net Name=NetCbias1_2_1
Change Net Name : Old Net Name=NetCboot1_Sht5-V12P0_Jetson.SchDoc1_1 New Net Name=NetCboot1_1_1
Change Net Name : Old Net Name=NetCboot1_Sht5-V12P0_Jetson.SchDoc2_1 New Net Name=NetCboot1_2_1
Change Net Name : Old Net Name=NetCboot2_Sht5-V12P0_Jetson.SchDoc1_1 New Net Name=NetCboot2_1_1
Change Net Name : Old Net Name=NetCboot2_Sht5-V12P0_Jetson.SchDoc2_1 New Net Name=NetCboot2_2_1
Change Net Name : Old Net Name=NetCcomp1_Sht5-V12P0_Jetson.SchDoc1_1 New Net Name=NetCcomp1_1_1
Change Net Name : Old Net Name=NetCcomp1_Sht5-V12P0_Jetson.SchDoc1_2 New Net Name=NetCcomp1_1_2
Change Net Name : Old Net Name=NetCcomp1_Sht5-V12P0_Jetson.SchDoc2_1 New Net Name=NetCcomp1_2_1
Change Net Name : Old Net Name=NetCcomp1_Sht5-V12P0_Jetson.SchDoc2_2 New Net Name=NetCcomp1_2_2
Change Net Name : Old Net Name=NetCcs1_Sht5-V12P0_Jetson.SchDoc1_1 New Net Name=NetCcs1_1_1
Change Net Name : Old Net Name=NetCcs1_Sht5-V12P0_Jetson.SchDoc1_2 New Net Name=NetCcs1_1_2
Change Net Name : Old Net Name=NetCcs1_Sht5-V12P0_Jetson.SchDoc2_1 New Net Name=NetCcs1_2_1
Change Net Name : Old Net Name=NetCcs1_Sht5-V12P0_Jetson.SchDoc2_2 New Net Name=NetCcs1_2_2
Change Net Name : Old Net Name=NetCf1_Sht5-V12P0_Jetson.SchDoc1_1 New Net Name=NetCf1_1_1
Change Net Name : Old Net Name=NetCf1_Sht5-V12P0_Jetson.SchDoc2_1 New Net Name=NetCf1_2_1
Change Net Name : Old Net Name=NetCslope1_Sht5-V12P0_Jetson.SchDoc1_1 New Net Name=NetCslope1_1_1
Change Net Name : Old Net Name=NetCslope1_Sht5-V12P0_Jetson.SchDoc2_1 New Net Name=NetCslope1_2_1
Change Net Name : Old Net Name=NetCss1_Sht5-V12P0_Jetson.SchDoc1_1 New Net Name=NetCss1_1_1
Change Net Name : Old Net Name=NetCss1_Sht5-V12P0_Jetson.SchDoc2_1 New Net Name=NetCss1_2_1
Change Net Name : Old Net Name=NetCvcc1_Sht5-V12P0_Jetson.SchDoc1_1 New Net Name=NetCvcc1_1_1
Change Net Name : Old Net Name=NetCvcc1_Sht5-V12P0_Jetson.SchDoc2_1 New Net Name=NetCvcc1_2_1
Change Net Name : Old Net Name=NetDf1_Sht5-V12P0_Jetson.SchDoc1_1 New Net Name=NetDf1_1_1
Change Net Name : Old Net Name=NetDf1_Sht5-V12P0_Jetson.SchDoc2_1 New Net Name=NetDf1_2_1
Change Net Name : Old Net Name=NetRfbb1_Sht5-V12P0_Jetson.SchDoc1_1 New Net Name=NetRfbb1_1_1
Change Net Name : Old Net Name=NetRfbb1_Sht5-V12P0_Jetson.SchDoc2_1 New Net Name=NetRfbb1_2_1
Change Net Name : Old Net Name=NetRmode1_Sht5-V12P0_Jetson.SchDoc1_1 New Net Name=NetRmode1_1_1
Change Net Name : Old Net Name=NetRmode1_Sht5-V12P0_Jetson.SchDoc2_1 New Net Name=NetRmode1_2_1
Change Net Name : Old Net Name=NetRpg1_Sht5-V12P0_Jetson.SchDoc1_2 New Net Name=NetRpg1_1_2
Change Net Name : Old Net Name=NetRpg1_Sht5-V12P0_Jetson.SchDoc2_2 New Net Name=NetRpg1_2_2
Change Net Name : Old Net Name=NetRt1_Sht5-V12P0_Jetson.SchDoc1_1 New Net Name=NetRt1_1_1
Change Net Name : Old Net Name=NetRt1_Sht5-V12P0_Jetson.SchDoc2_1 New Net Name=NetRt1_2_1
Change Net Name : Old Net Name=NetRuvb1_Sht5-V12P0_Jetson.SchDoc1_1 New Net Name=NetRuvb1_1_1
Change Net Name : Old Net Name=NetRuvb1_Sht5-V12P0_Jetson.SchDoc2_1 New Net Name=NetRuvb1_2_1
Change Net Name : Old Net Name=NetRvisns1_Sht5-V12P0_Jetson.SchDoc1_1 New Net Name=NetRvisns1_1_1
Change Net Name : Old Net Name=NetRvisns1_Sht5-V12P0_Jetson.SchDoc2_1 New Net Name=NetRvisns1_2_1
Change Class Name : Old Net Name=Sht5-V12P0_Jetson.SchDoc1 New Net Name=1
Change Class Name : Old Net Name=Sht5-V12P0_Jetson.SchDoc2 New Net Name=2
Change Class Name : Old Net Name=Cbulk1_Sht5-V12P0_Jetson.SchDoc1_Nets New Net Name=Cbulk_2_1_Nets
Change Class Name : Old Net Name=Cbulk1_Sht5-V12P0_Jetson.SchDoc2_Nets New Net Name=Cbulk_2_2_Nets
Change Class Name : Old Net Name=Cin_1_Sht5-V12P0_Jetson.SchDoc2_Nets New Net Name=Cbulk_3_1_Nets
Change Class Name : Old Net Name=Coutx1_Sht5-V12P0_Jetson.SchDoc1_Nets New Net Name=Coutx1_1_Nets
Change Class Name : Old Net Name=L1_Sht5-V12P0_Jetson.SchDoc1_Nets New Net Name=L1_1_Nets
Change Class Name : Old Net Name=L1_Sht5-V12P0_Jetson.SchDoc2_Nets New Net Name=L1_2_Nets
Change Class Name : Old Net Name=M1_Sht5-V12P0_Jetson.SchDoc2_Nets New Net Name=M1_2_Nets
Change Class Name : Old Net Name=M2_Sht5-V12P0_Jetson.SchDoc1_Nets New Net Name=M2_2_Nets
Change Class Name : Old Net Name=M3_Sht5-V12P0_Jetson.SchDoc1_Nets New Net Name=M3_2_Nets
Change Class Name : Old Net Name=M3_Sht5-V12P0_Jetson.SchDoc2_Nets New Net Name=M3_1_Nets
Change Class Name : Old Net Name=M4_Sht5-V12P0_Jetson.SchDoc1_Nets New Net Name=M4_1_Nets
Change Class Name : Old Net Name=M4_Sht5-V12P0_Jetson.SchDoc2_Nets New Net Name=M4_2_Nets
Change Class Name : Old Net Name=Rsense1_Sht5-V12P0_Jetson.SchDoc1_Nets New Net Name=Rsense1_2_Nets
Added Class: Name=Cbias1_1_Nets
Added Class: Name=Cbias1_2_Nets
Added Class: Name=Cboot1_1_Nets
Added Class: Name=Cboot1_2_Nets
Added Class: Name=Cboot2_1_Nets
Added Class: Name=Cboot2_2_Nets
Added Class: Name=Cbulk1_1_Nets
Added Class: Name=Cbulk1_2_Nets
Added Class: Name=Cbulk_1_1_Nets
Added Class: Name=Cbulk_1_2_Nets
Added Class: Name=Cbulk_3_2_Nets
Added Class: Name=Cbulk_4_1_Nets
Added Class: Name=Cbulk_4_2_Nets
Added Class: Name=Ccomp1_1_Nets
Added Class: Name=Ccomp1_2_Nets
Added Class: Name=Ccomp2_1_Nets
Added Class: Name=Ccomp2_2_Nets
Added Class: Name=Ccomp_1_1_Nets
Added Class: Name=Ccomp_1_2_Nets
Added Class: Name=Ccs1_1_Nets
Added Class: Name=Ccs1_2_Nets
Added Class: Name=Cf1_1_Nets
Added Class: Name=Cf1_2_Nets
Added Class: Name=Cin1_1_Nets
Added Class: Name=Cin1_2_Nets
Added Class: Name=Cin_1_1_Nets
Added Class: Name=Cin_1_2_Nets
Added Class: Name=Cout1_1_Nets
Added Class: Name=Cout1_2_Nets
Added Class: Name=Cout_1_1_Nets
Added Class: Name=Cout_1_2_Nets
Added Class: Name=Coutx1_2_Nets
Added Class: Name=Coutx2_1_Nets
Added Class: Name=Coutx2_2_Nets
Added Class: Name=Coutx3_1_Nets
Added Class: Name=Coutx3_2_Nets
Added Class: Name=Cslope1_1_Nets
Added Class: Name=Cslope1_2_Nets
Added Class: Name=Css1_1_Nets
Added Class: Name=Css1_2_Nets
Added Class: Name=Cvcc1_1_Nets
Added Class: Name=Cvcc1_2_Nets
Added Class: Name=Dboot1_1_Nets
Added Class: Name=Dboot1_2_Nets
Added Class: Name=Dboot2_1_Nets
Added Class: Name=Dboot2_2_Nets
Added Class: Name=Df1_1_Nets
Added Class: Name=Df1_2_Nets
Added Class: Name=M1_1_Nets
Added Class: Name=M2_1_Nets
Added Class: Name=Rcomp1_1_Nets
Added Class: Name=Rcomp1_2_Nets
Added Class: Name=Rcsg1_1_Nets
Added Class: Name=Rcsg1_2_Nets
Added Class: Name=Rcsp1_1_Nets
Added Class: Name=Rcsp1_2_Nets
Added Class: Name=Rf1_1_Nets
Added Class: Name=Rf1_2_Nets
Added Class: Name=Rfbb1_1_Nets
Added Class: Name=Rfbb1_2_Nets
Added Class: Name=Rfbt1_1_Nets
Added Class: Name=Rfbt1_2_Nets
Added Class: Name=Rmode1_1_Nets
Added Class: Name=Rmode1_2_Nets
Added Class: Name=Rpg1_1_Nets
Added Class: Name=Rpg1_2_Nets
Added Class: Name=Rsense1_1_Nets
Added Class: Name=Rt1_1_Nets
Added Class: Name=Rt1_2_Nets
Added Class: Name=Ruvb1_1_Nets
Added Class: Name=Ruvb1_2_Nets
Added Class: Name=Ruvt1_1_Nets
Added Class: Name=Ruvt1_2_Nets
Added Class: Name=Rvisns1_1_Nets
Added Class: Name=Rvisns1_2_Nets
Added Class: Name=U1_1_Nets
Added Class: Name=U1_2_Nets
Added Member To Class: ClassName=Sht5-V12P0_Jetson Member=1 (Sht5-V12P0_Jetson.SchDoc)
Added Member To Class: ClassName=Sht5-V12P0_Jetson Member=2 (Sht5-V12P0_Jetson.SchDoc)
