Removed Pin From Net: NetName=GND Pin=Ccomp_1-2
Removed Member From Class: ClassName=U1_Nets Member=26_0
Removed Member From Class: ClassName=U1_Nets Member=27_0
Removed Member From Class: ClassName=U1_Nets Member=32_0
Removed Member From Class: ClassName=U1_Nets Member=33_0
Removed Member From Class: ClassName=U1_Nets Member=GND
Removed Member From Class: ClassName=U1_Nets Member=NetCbias1_1
Removed Member From Class: ClassName=U1_Nets Member=NetCboot1_1
Removed Member From Class: ClassName=U1_Nets Member=NetCboot2_1
Removed Member From Class: ClassName=U1_Nets Member=NetCcomp1_1
Removed Member From Class: ClassName=U1_Nets Member=NetCcs1_1
Removed Member From Class: ClassName=U1_Nets Member=NetCcs1_2
Removed Member From Class: ClassName=U1_Nets Member=NetCf1_1
Removed Member From Class: ClassName=U1_Nets Member=NetCslope1_1
Removed Member From Class: ClassName=U1_Nets Member=NetCss1_1
Removed Member From Class: ClassName=U1_Nets Member=NetCvcc1_1
Removed Member From Class: ClassName=U1_Nets Member=NetRfbb1_1
Removed Member From Class: ClassName=U1_Nets Member=NetRmode1_1
Removed Member From Class: ClassName=U1_Nets Member=NetRpg1_2
Removed Member From Class: ClassName=U1_Nets Member=NetRt1_1
Removed Member From Class: ClassName=U1_Nets Member=NetRuvb1_1
Removed Member From Class: ClassName=U1_Nets Member=NetRvisns1_1
Change Component Designator: OldDesignator=Cbias1 NewDesignator=Cbias1_Sht5-V12P0_Jetson.SchDoc1
Change Component Designator: OldDesignator=Cboot1 NewDesignator=Cboot1_Sht5-V12P0_Jetson.SchDoc1
Change Component Designator: OldDesignator=Cboot2 NewDesignator=Cboot2_Sht5-V12P0_Jetson.SchDoc1
Change Component Designator: OldDesignator=Cbulk1 NewDesignator=Cbulk1_Sht5-V12P0_Jetson.SchDoc1
Change Component Designator: OldDesignator=Cbulk_1 NewDesignator=Cbulk_1_Sht5-V12P0_Jetson.SchDoc1
Change Component Designator: OldDesignator=Cbulk_2 NewDesignator=Cbulk_2_Sht5-V12P0_Jetson.SchDoc1
Change Component Designator: OldDesignator=Cbulk_3 NewDesignator=Cbulk_3_Sht5-V12P0_Jetson.SchDoc1
Change Component Designator: OldDesignator=Cbulk_4 NewDesignator=Cbulk_4_Sht5-V12P0_Jetson.SchDoc1
Change Component Designator: OldDesignator=Ccomp1 NewDesignator=Ccomp1_Sht5-V12P0_Jetson.SchDoc1
Change Component Designator: OldDesignator=Ccomp2 NewDesignator=Ccomp2_Sht5-V12P0_Jetson.SchDoc1
Change Component Designator: OldDesignator=Ccomp_1 NewDesignator=Ccomp_1_Sht5-V12P0_Jetson.SchDoc1
Change Component Designator: OldDesignator=Ccs1 NewDesignator=Ccs1_Sht5-V12P0_Jetson.SchDoc1
Change Component Designator: OldDesignator=Cf1 NewDesignator=Cf1_Sht5-V12P0_Jetson.SchDoc1
Change Component Designator: OldDesignator=Cin1 NewDesignator=Cin1_Sht5-V12P0_Jetson.SchDoc1
Change Component Designator: OldDesignator=Cin_1 NewDesignator=Cin_1_Sht5-V12P0_Jetson.SchDoc1
Change Component Designator: OldDesignator=Cout1 NewDesignator=Cout1_Sht5-V12P0_Jetson.SchDoc1
Change Component Designator: OldDesignator=Cout_1 NewDesignator=Cout_1_Sht5-V12P0_Jetson.SchDoc1
Change Component Designator: OldDesignator=Coutx1 NewDesignator=Coutx1_Sht5-V12P0_Jetson.SchDoc1
Change Component Designator: OldDesignator=Coutx2 NewDesignator=Coutx2_Sht5-V12P0_Jetson.SchDoc1
Change Component Designator: OldDesignator=Coutx3 NewDesignator=Coutx3_Sht5-V12P0_Jetson.SchDoc1
Change Component Designator: OldDesignator=Cslope1 NewDesignator=Cslope1_Sht5-V12P0_Jetson.SchDoc1
Change Component Designator: OldDesignator=Css1 NewDesignator=Css1_Sht5-V12P0_Jetson.SchDoc1
Change Component Designator: OldDesignator=Cvcc1 NewDesignator=Cvcc1_Sht5-V12P0_Jetson.SchDoc1
Change Component Designator: OldDesignator=Dboot1 NewDesignator=Dboot1_Sht5-V12P0_Jetson.SchDoc1
Change Component Designator: OldDesignator=Dboot2 NewDesignator=Dboot2_Sht5-V12P0_Jetson.SchDoc1
Change Component Designator: OldDesignator=Df1 NewDesignator=Df1_Sht5-V12P0_Jetson.SchDoc1
Change Component Designator: OldDesignator=L1 NewDesignator=L1_Sht5-V12P0_Jetson.SchDoc1
Change Component Designator: OldDesignator=M1 NewDesignator=M1_Sht5-V12P0_Jetson.SchDoc1
Change Component Designator: OldDesignator=M2 NewDesignator=M2_Sht5-V12P0_Jetson.SchDoc1
Change Component Designator: OldDesignator=M3 NewDesignator=M3_Sht5-V12P0_Jetson.SchDoc1
Change Component Designator: OldDesignator=M4 NewDesignator=M4_Sht5-V12P0_Jetson.SchDoc1
Change Component Designator: OldDesignator=Rcomp1 NewDesignator=Rcomp1_Sht5-V12P0_Jetson.SchDoc1
Change Component Designator: OldDesignator=Rcsg1 NewDesignator=Rcsg1_Sht5-V12P0_Jetson.SchDoc1
Change Component Designator: OldDesignator=Rcsp1 NewDesignator=Rcsp1_Sht5-V12P0_Jetson.SchDoc1
Change Component Designator: OldDesignator=Rf1 NewDesignator=Rf1_Sht5-V12P0_Jetson.SchDoc1
Change Component Designator: OldDesignator=Rfbb1 NewDesignator=Rfbb1_Sht5-V12P0_Jetson.SchDoc1
Change Component Designator: OldDesignator=Rfbt1 NewDesignator=Rfbt1_Sht5-V12P0_Jetson.SchDoc1
Change Component Designator: OldDesignator=Rmode1 NewDesignator=Rmode1_Sht5-V12P0_Jetson.SchDoc1
Change Component Designator: OldDesignator=Rpg1 NewDesignator=Rpg1_Sht5-V12P0_Jetson.SchDoc1
Change Component Designator: OldDesignator=Rsense1 NewDesignator=Rsense1_Sht5-V12P0_Jetson.SchDoc1
Change Component Designator: OldDesignator=Rt1 NewDesignator=Rt1_Sht5-V12P0_Jetson.SchDoc1
Change Component Designator: OldDesignator=Ruvb1 NewDesignator=Ruvb1_Sht5-V12P0_Jetson.SchDoc1
Change Component Designator: OldDesignator=Ruvt1 NewDesignator=Ruvt1_Sht5-V12P0_Jetson.SchDoc1
Change Component Designator: OldDesignator=Rvisns1 NewDesignator=Rvisns1_Sht5-V12P0_Jetson.SchDoc1
Change Component Designator: OldDesignator=U1 NewDesignator=U1_Sht5-V12P0_Jetson.SchDoc1
Change component parameters: Designator = "Ccomp2" ("Ccomp_1"); Footprint = "0402"; UniqueID = "\1UOPVBCHE\KOXSPMUE" ("\1UOPVBCHE\KOXSPMUE")
Change component parameters (AddParameter): Name = "Manufacturer Name"; Value = "Kemet"; VariantName = "[No Variations]"
Change component parameters (AddParameter): Name = "Manufacturer Part Number"; Value = "C0805C181K5GACTU"; VariantName = "[No Variations]"
Change component parameters (AddParameter): Name = "PackageReference"; Value = "C0805C181K5GACTU"; VariantName = "[No Variations]"
Change component parameters (AddParameter): Name = "Value"; Value = "180pF"; VariantName = "[No Variations]"
Change component parameters: Designator = "Ccomp_1" ("Ccomp1"); Footprint = "0402"; UniqueID = "\1UOPVBCHE\XSOSYDJV" ("\1UOPVBCHE\XSOSYDJV")
Change component parameters (AddParameter): Name = "Manufacturer Name"; Value = "TDK"; VariantName = "[No Variations]"
Change component parameters (AddParameter): Name = "Manufacturer Part Number"; Value = "CGA2B3X7R1H103K050BB"; VariantName = "[No Variations]"
Change component parameters (AddParameter): Name = "PackageReference"; Value = "CGA2B3X7R1H103K050BB"; VariantName = "[No Variations]"
Change component parameters (AddParameter): Name = "Value"; Value = "10nF"; VariantName = "[No Variations]"
Change component parameters: Designator = "Cin1" ("Cin_1"); Footprint = "SM_RADIAL_10BMM"; UniqueID = "\1UOPVBCHE\KKNURNPO" ("\1UOPVBCHE\KKNURNPO")
Change component parameters (AddParameter): Name = "Cap"; Value = "3.3E-5"; VariantName = "[No Variations]"
Change component parameters (AddParameter): Name = "Copyright"; Value = "Copyright (C) 2018 Accelerated Designs. All rights reserved"; VariantName = "[No Variations]"
Change component parameters (AddParameter): Name = "Datasheet_URL"; Value = "http://industrial.panasonic.com/www%2Ddata/pdf/ABA0000/ABA0000CE136.pdf"; VariantName = "[No Variations]"
Change component parameters (AddParameter): Name = "ESR"; Value = "0.036"; VariantName = "[No Variations]"
Change component parameters (AddParameter): Name = "IRMS"; Value = "1.7"; VariantName = "[No Variations]"
Change component parameters (AddParameter): Name = "Manufacturer_Name"; Value = "Panasonic"; VariantName = "[No Variations]"
Change component parameters (AddParameter): Name = "Manufacturer_Part_Number"; Value = "EEHZA1K330P"; VariantName = "[No Variations]"
Change component parameters (AddParameter): Name = "RefDes"; Value = "RefDes"; VariantName = "[No Variations]"
Change component parameters (AddParameter): Name = "Type"; Value = "DEV"; VariantName = "[No Variations]"
Change component parameters (AddParameter): Name = "Value"; Value = "33 uF"; VariantName = "[No Variations]"
Change component parameters (AddParameter): Name = "VDC"; Value = "80.0"; VariantName = "[No Variations]"
Change component parameters (AddParameter): Name = "Vendor"; Value = "Panasonic"; VariantName = "[No Variations]"
Change component parameters: Designator = "Cin_1" ("Cin1"); Footprint = "SM_RADIAL_10BMM"; UniqueID = "\1UOPVBCHE\QIMYQLMT" ("\1UOPVBCHE\QIMYQLMT")
Change component parameters (AddParameter): Name = "Cap"; Value = "3.3E-5"; VariantName = "[No Variations]"
Change component parameters (AddParameter): Name = "Copyright"; Value = "Copyright (C) 2018 Accelerated Designs. All rights reserved"; VariantName = "[No Variations]"
Change component parameters (AddParameter): Name = "Datasheet_URL"; Value = "http://industrial.panasonic.com/www%2Ddata/pdf/ABA0000/ABA0000CE136.pdf"; VariantName = "[No Variations]"
Change component parameters (AddParameter): Name = "ESR"; Value = "0.036"; VariantName = "[No Variations]"
Change component parameters (AddParameter): Name = "IRMS"; Value = "1.7"; VariantName = "[No Variations]"
Change component parameters (AddParameter): Name = "Manufacturer_Name"; Value = "Panasonic"; VariantName = "[No Variations]"
Change component parameters (AddParameter): Name = "Manufacturer_Part_Number"; Value = "EEHZA1K330P"; VariantName = "[No Variations]"
Change component parameters (AddParameter): Name = "RefDes"; Value = "RefDes"; VariantName = "[No Variations]"
Change component parameters (AddParameter): Name = "Type"; Value = "DEV"; VariantName = "[No Variations]"
Change component parameters (AddParameter): Name = "Value"; Value = "33uF"; VariantName = "[No Variations]"
Change component parameters (AddParameter): Name = "VDC"; Value = "80.0"; VariantName = "[No Variations]"
Change component parameters (AddParameter): Name = "Vendor"; Value = "Panasonic"; VariantName = "[No Variations]"
Change component parameters: Designator = "Cout_1" ("Cout1"); Footprint = "CAPSMT_62_E61"; UniqueID = "\1UOPVBCHE\UFDBNKDA" ("\1UOPVBCHE\UFDBNKDA")
Change component parameters (AddParameter): Name = "Manufacturer Name"; Value = "TDK"; VariantName = "[No Variations]"
Change component parameters (AddParameter): Name = "Manufacturer Part Number"; Value = "C2012X5R1V226M125AC"; VariantName = "[No Variations]"
Change component parameters (AddParameter): Name = "PackageReference"; Value = "C2012X5R1V226M125AC"; VariantName = "[No Variations]"
Change component parameters (AddParameter): Name = "Value"; Value = "22uF"; VariantName = "[No Variations]"
Change component parameters: Designator = "Coutx2" ("Coutx3"); Footprint = "0805"; UniqueID = "\1UOPVBCHE\ESJBADWP" ("\1UOPVBCHE\ESJBADWP")
Change component parameters (AddParameter): Name = "Manufacturer Name"; Value = "Panasonic"; VariantName = "[No Variations]"
Change component parameters (AddParameter): Name = "Manufacturer Part Number"; Value = "16SVPF82M"; VariantName = "[No Variations]"
Change component parameters (AddParameter): Name = "PackageReference"; Value = "16SVPF82M"; VariantName = "[No Variations]"
Change component parameters (AddParameter): Name = "Value"; Value = "82uF"; VariantName = "[No Variations]"
Added Component: Designator=Cbias1_Sht5-V12P0_Jetson.SchDoc2(0805)
Add component (AddParameter): Name = "Manufacturer Name"; Value = "AVX"; VariantName = "[No Variations]"
Add component (AddParameter): Name = "Manufacturer Part Number"; Value = "08053C104KAT2A"; VariantName = "[No Variations]"
Add component (AddParameter): Name = "PackageReference"; Value = "08053C104KAT2A"; VariantName = "[No Variations]"
Add component (AddParameter): Name = "Value"; Value = "100nF"; VariantName = "[No Variations]"
Added Component: Designator=Cbias2(0805)
Add component (AddParameter): Name = "Manufacturer Name"; Value = "AVX"; VariantName = "[No Variations]"
Add component (AddParameter): Name = "Manufacturer Part Number"; Value = "08053C104KAT2A"; VariantName = "[No Variations]"
Add component (AddParameter): Name = "PackageReference"; Value = "08053C104KAT2A"; VariantName = "[No Variations]"
Add component (AddParameter): Name = "Value"; Value = "100nF"; VariantName = "[No Variations]"
Added Component: Designator=Cboot1_Sht5-V12P0_Jetson.SchDoc2(0603)
Add component (AddParameter): Name = "Manufacturer Name"; Value = "AVX"; VariantName = "[No Variations]"
Add component (AddParameter): Name = "Manufacturer Part Number"; Value = "06033C104KAT2A"; VariantName = "[No Variations]"
Add component (AddParameter): Name = "PackageReference"; Value = "06033C104KAT2A"; VariantName = "[No Variations]"
Add component (AddParameter): Name = "Value"; Value = "100nF"; VariantName = "[No Variations]"
Added Component: Designator=Cboot2_Sht5-V12P0_Jetson.SchDoc2(0603)
Add component (AddParameter): Name = "Manufacturer Name"; Value = "AVX"; VariantName = "[No Variations]"
Add component (AddParameter): Name = "Manufacturer Part Number"; Value = "06033C104KAT2A"; VariantName = "[No Variations]"
Add component (AddParameter): Name = "PackageReference"; Value = "06033C104KAT2A"; VariantName = "[No Variations]"
Add component (AddParameter): Name = "Value"; Value = "100nF"; VariantName = "[No Variations]"
Added Component: Designator=Cboot3(0603)
Add component (AddParameter): Name = "Manufacturer Name"; Value = "AVX"; VariantName = "[No Variations]"
Add component (AddParameter): Name = "Manufacturer Part Number"; Value = "06033C104KAT2A"; VariantName = "[No Variations]"
Add component (AddParameter): Name = "PackageReference"; Value = "06033C104KAT2A"; VariantName = "[No Variations]"
Add component (AddParameter): Name = "Value"; Value = "100nF"; VariantName = "[No Variations]"
Added Component: Designator=Cboot4(0603)
Add component (AddParameter): Name = "Manufacturer Name"; Value = "AVX"; VariantName = "[No Variations]"
Add component (AddParameter): Name = "Manufacturer Part Number"; Value = "06033C104KAT2A"; VariantName = "[No Variations]"
Add component (AddParameter): Name = "PackageReference"; Value = "06033C104KAT2A"; VariantName = "[No Variations]"
Add component (AddParameter): Name = "Value"; Value = "100nF"; VariantName = "[No Variations]"
Added Component: Designator=Cbulk1_Sht5-V12P0_Jetson.SchDoc2(CAPSMT_62_E12)
Add component (AddParameter): Name = "Manufacturer Name"; Value = "Panasonic"; VariantName = "[No Variations]"
Add component (AddParameter): Name = "Manufacturer Part Number"; Value = "100SXV15M"; VariantName = "[No Variations]"
Add component (AddParameter): Name = "PackageReference"; Value = "100SXV15M"; VariantName = "[No Variations]"
Add component (AddParameter): Name = "Value"; Value = "15uF"; VariantName = "[No Variations]"
Added Component: Designator=Cbulk2(CAPSMT_62_E12)
Add component (AddParameter): Name = "Manufacturer Name"; Value = "Panasonic"; VariantName = "[No Variations]"
Add component (AddParameter): Name = "Manufacturer Part Number"; Value = "100SXV15M"; VariantName = "[No Variations]"
Add component (AddParameter): Name = "PackageReference"; Value = "100SXV15M"; VariantName = "[No Variations]"
Add component (AddParameter): Name = "Value"; Value = "15uF"; VariantName = "[No Variations]"
Added Component: Designator=Cbulk_1_Sht5-V12P0_Jetson.SchDoc2(CAPSMT_62_E12)
Add component (AddParameter): Name = "Manufacturer Name"; Value = "Panasonic"; VariantName = "[No Variations]"
Add component (AddParameter): Name = "Manufacturer Part Number"; Value = "100SXV15M"; VariantName = "[No Variations]"
Add component (AddParameter): Name = "PackageReference"; Value = "100SXV15M"; VariantName = "[No Variations]"
Add component (AddParameter): Name = "Value"; Value = "15uF"; VariantName = "[No Variations]"
Added Component: Designator=Cbulk_2_Sht5-V12P0_Jetson.SchDoc2(CAPSMT_62_E12)
Add component (AddParameter): Name = "Manufacturer Name"; Value = "Panasonic"; VariantName = "[No Variations]"
Add component (AddParameter): Name = "Manufacturer Part Number"; Value = "100SXV15M"; VariantName = "[No Variations]"
Add component (AddParameter): Name = "PackageReference"; Value = "100SXV15M"; VariantName = "[No Variations]"
Add component (AddParameter): Name = "Value"; Value = "15uF"; VariantName = "[No Variations]"
Added Component: Designator=Cbulk_3_Sht5-V12P0_Jetson.SchDoc2(CAPSMT_62_E12)
Add component (AddParameter): Name = "Manufacturer Name"; Value = "Panasonic"; VariantName = "[No Variations]"
Add component (AddParameter): Name = "Manufacturer Part Number"; Value = "100SXV15M"; VariantName = "[No Variations]"
Add component (AddParameter): Name = "PackageReference"; Value = "100SXV15M"; VariantName = "[No Variations]"
Add component (AddParameter): Name = "Value"; Value = "15uF"; VariantName = "[No Variations]"
Added Component: Designator=Cbulk_4_Sht5-V12P0_Jetson.SchDoc2(CAPSMT_62_E12)
Add component (AddParameter): Name = "Manufacturer Name"; Value = "Panasonic"; VariantName = "[No Variations]"
Add component (AddParameter): Name = "Manufacturer Part Number"; Value = "100SXV15M"; VariantName = "[No Variations]"
Add component (AddParameter): Name = "PackageReference"; Value = "100SXV15M"; VariantName = "[No Variations]"
Add component (AddParameter): Name = "Value"; Value = "15uF"; VariantName = "[No Variations]"
Added Component: Designator=Cbulk_5(CAPSMT_62_E12)
Add component (AddParameter): Name = "Manufacturer Name"; Value = "Panasonic"; VariantName = "[No Variations]"
Add component (AddParameter): Name = "Manufacturer Part Number"; Value = "100SXV15M"; VariantName = "[No Variations]"
Add component (AddParameter): Name = "PackageReference"; Value = "100SXV15M"; VariantName = "[No Variations]"
Add component (AddParameter): Name = "Value"; Value = "15uF"; VariantName = "[No Variations]"
Added Component: Designator=Cbulk_6(CAPSMT_62_E12)
Add component (AddParameter): Name = "Manufacturer Name"; Value = "Panasonic"; VariantName = "[No Variations]"
Add component (AddParameter): Name = "Manufacturer Part Number"; Value = "100SXV15M"; VariantName = "[No Variations]"
Add component (AddParameter): Name = "PackageReference"; Value = "100SXV15M"; VariantName = "[No Variations]"
Add component (AddParameter): Name = "Value"; Value = "15uF"; VariantName = "[No Variations]"
Added Component: Designator=Cbulk_7(CAPSMT_62_E12)
Add component (AddParameter): Name = "Manufacturer Name"; Value = "Panasonic"; VariantName = "[No Variations]"
Add component (AddParameter): Name = "Manufacturer Part Number"; Value = "100SXV15M"; VariantName = "[No Variations]"
Add component (AddParameter): Name = "PackageReference"; Value = "100SXV15M"; VariantName = "[No Variations]"
Add component (AddParameter): Name = "Value"; Value = "15uF"; VariantName = "[No Variations]"
Added Component: Designator=Cbulk_8(CAPSMT_62_E12)
Add component (AddParameter): Name = "Manufacturer Name"; Value = "Panasonic"; VariantName = "[No Variations]"
Add component (AddParameter): Name = "Manufacturer Part Number"; Value = "100SXV15M"; VariantName = "[No Variations]"
Add component (AddParameter): Name = "PackageReference"; Value = "100SXV15M"; VariantName = "[No Variations]"
Add component (AddParameter): Name = "Value"; Value = "15uF"; VariantName = "[No Variations]"
Added Component: Designator=Ccomp1_Sht5-V12P0_Jetson.SchDoc2(0805)
Add component (AddParameter): Name = "Manufacturer Name"; Value = "TDK"; VariantName = "[No Variations]"
Add component (AddParameter): Name = "Manufacturer Part Number"; Value = "CGA2B3X7R1H103K050BB"; VariantName = "[No Variations]"
Add component (AddParameter): Name = "PackageReference"; Value = "CGA2B3X7R1H103K050BB"; VariantName = "[No Variations]"
Add component (AddParameter): Name = "Value"; Value = "10nF"; VariantName = "[No Variations]"
Added Component: Designator=Ccomp2_Sht5-V12P0_Jetson.SchDoc2(0402)
Add component (AddParameter): Name = "Manufacturer Name"; Value = "Kemet"; VariantName = "[No Variations]"
Add component (AddParameter): Name = "Manufacturer Part Number"; Value = "C0805C181K5GACTU"; VariantName = "[No Variations]"
Add component (AddParameter): Name = "PackageReference"; Value = "C0805C181K5GACTU"; VariantName = "[No Variations]"
Add component (AddParameter): Name = "Value"; Value = "180pF"; VariantName = "[No Variations]"
Added Component: Designator=Ccomp3(0805)
Add component (AddParameter): Name = "Manufacturer Name"; Value = "Kemet"; VariantName = "[No Variations]"
Add component (AddParameter): Name = "Manufacturer Part Number"; Value = "C0805C181K5GACTU"; VariantName = "[No Variations]"
Add component (AddParameter): Name = "PackageReference"; Value = "C0805C181K5GACTU"; VariantName = "[No Variations]"
Add component (AddParameter): Name = "Value"; Value = "180pF"; VariantName = "[No Variations]"
Added Component: Designator=Ccomp4(0402)
Add component (AddParameter): Name = "Manufacturer Name"; Value = "TDK"; VariantName = "[No Variations]"
Add component (AddParameter): Name = "Manufacturer Part Number"; Value = "CGA2B3X7R1H103K050BB"; VariantName = "[No Variations]"
Add component (AddParameter): Name = "PackageReference"; Value = "CGA2B3X7R1H103K050BB"; VariantName = "[No Variations]"
Add component (AddParameter): Name = "Value"; Value = "10nF"; VariantName = "[No Variations]"
Added Component: Designator=Ccomp_1_Sht5-V12P0_Jetson.SchDoc2(0402)
Add component (AddParameter): Name = "Manufacturer Name"; Value = "TDK"; VariantName = "[No Variations]"
Add component (AddParameter): Name = "Manufacturer Part Number"; Value = "CGA2B3X7R1H103K050BB"; VariantName = "[No Variations]"
Add component (AddParameter): Name = "PackageReference"; Value = "CGA2B3X7R1H103K050BB"; VariantName = "[No Variations]"
Add component (AddParameter): Name = "Value"; Value = "10nF"; VariantName = "[No Variations]"
Added Component: Designator=Ccomp_2(0402)
Add component (AddParameter): Name = "Manufacturer Name"; Value = "TDK"; VariantName = "[No Variations]"
Add component (AddParameter): Name = "Manufacturer Part Number"; Value = "CGA2B3X7R1H103K050BB"; VariantName = "[No Variations]"
Add component (AddParameter): Name = "PackageReference"; Value = "CGA2B3X7R1H103K050BB"; VariantName = "[No Variations]"
Add component (AddParameter): Name = "Value"; Value = "10nF"; VariantName = "[No Variations]"
Added Component: Designator=Ccs1_Sht5-V12P0_Jetson.SchDoc2(0603)
Add component (AddParameter): Name = "Manufacturer Name"; Value = "AVX"; VariantName = "[No Variations]"
Add component (AddParameter): Name = "Manufacturer Part Number"; Value = "06035A470JAT2A"; VariantName = "[No Variations]"
Add component (AddParameter): Name = "PackageReference"; Value = "06035A470JAT2A"; VariantName = "[No Variations]"
Add component (AddParameter): Name = "Value"; Value = "47pF"; VariantName = "[No Variations]"
Added Component: Designator=Ccs2(0603)
Add component (AddParameter): Name = "Manufacturer Name"; Value = "AVX"; VariantName = "[No Variations]"
Add component (AddParameter): Name = "Manufacturer Part Number"; Value = "06035A470JAT2A"; VariantName = "[No Variations]"
Add component (AddParameter): Name = "PackageReference"; Value = "06035A470JAT2A"; VariantName = "[No Variations]"
Add component (AddParameter): Name = "Value"; Value = "47pF"; VariantName = "[No Variations]"
Added Component: Designator=Cf1_Sht5-V12P0_Jetson.SchDoc2(0603)
Add component (AddParameter): Name = "Manufacturer Name"; Value = "TDK"; VariantName = "[No Variations]"
Add component (AddParameter): Name = "Manufacturer Part Number"; Value = "CGA3E2X7R1H104K080AA"; VariantName = "[No Variations]"
Add component (AddParameter): Name = "PackageReference"; Value = "CGA3E2X7R1H104K080AA"; VariantName = "[No Variations]"
Add component (AddParameter): Name = "Value"; Value = "100nF"; VariantName = "[No Variations]"
Added Component: Designator=Cf2(0603)
Add component (AddParameter): Name = "Manufacturer Name"; Value = "TDK"; VariantName = "[No Variations]"
Add component (AddParameter): Name = "Manufacturer Part Number"; Value = "CGA3E2X7R1H104K080AA"; VariantName = "[No Variations]"
Add component (AddParameter): Name = "PackageReference"; Value = "CGA3E2X7R1H104K080AA"; VariantName = "[No Variations]"
Add component (AddParameter): Name = "Value"; Value = "100nF"; VariantName = "[No Variations]"
Added Component: Designator=Cin1_Sht5-V12P0_Jetson.SchDoc2(SM_RADIAL_10BMM)
Add component (AddParameter): Name = "Cap"; Value = "3.3E-5"; VariantName = "[No Variations]"
Add component (AddParameter): Name = "Copyright"; Value = "Copyright (C) 2018 Accelerated Designs. All rights reserved"; VariantName = "[No Variations]"
Add component (AddParameter): Name = "Datasheet_URL"; Value = "http://industrial.panasonic.com/www%2Ddata/pdf/ABA0000/ABA0000CE136.pdf"; VariantName = "[No Variations]"
Add component (AddParameter): Name = "ESR"; Value = "0.036"; VariantName = "[No Variations]"
Add component (AddParameter): Name = "IRMS"; Value = "1.7"; VariantName = "[No Variations]"
Add component (AddParameter): Name = "Manufacturer_Name"; Value = "Panasonic"; VariantName = "[No Variations]"
Add component (AddParameter): Name = "Manufacturer_Part_Number"; Value = "EEHZA1K330P"; VariantName = "[No Variations]"
Add component (AddParameter): Name = "RefDes"; Value = "RefDes"; VariantName = "[No Variations]"
Add component (AddParameter): Name = "Type"; Value = "DEV"; VariantName = "[No Variations]"
Add component (AddParameter): Name = "Value"; Value = "33 uF"; VariantName = "[No Variations]"
Add component (AddParameter): Name = "VDC"; Value = "80.0"; VariantName = "[No Variations]"
Add component (AddParameter): Name = "Vendor"; Value = "Panasonic"; VariantName = "[No Variations]"
Added Component: Designator=Cin2(SM_RADIAL_10BMM)
Add component (AddParameter): Name = "Manufacturer Name"; Value = "Panasonic"; VariantName = "[No Variations]"
Add component (AddParameter): Name = "Manufacturer Part Number"; Value = "EEHZA1K330P"; VariantName = "[No Variations]"
Add component (AddParameter): Name = "PackageReference"; Value = "EEHZA1K330P"; VariantName = "[No Variations]"
Add component (AddParameter): Name = "Value"; Value = "33uF"; VariantName = "[No Variations]"
Added Component: Designator=Cin_1_Sht5-V12P0_Jetson.SchDoc2(SM_RADIAL_10BMM)
Add component (AddParameter): Name = "Cap"; Value = "3.3E-5"; VariantName = "[No Variations]"
Add component (AddParameter): Name = "Copyright"; Value = "Copyright (C) 2018 Accelerated Designs. All rights reserved"; VariantName = "[No Variations]"
Add component (AddParameter): Name = "Datasheet_URL"; Value = "http://industrial.panasonic.com/www%2Ddata/pdf/ABA0000/ABA0000CE136.pdf"; VariantName = "[No Variations]"
Add component (AddParameter): Name = "ESR"; Value = "0.036"; VariantName = "[No Variations]"
Add component (AddParameter): Name = "IRMS"; Value = "1.7"; VariantName = "[No Variations]"
Add component (AddParameter): Name = "Manufacturer_Name"; Value = "Panasonic"; VariantName = "[No Variations]"
Add component (AddParameter): Name = "Manufacturer_Part_Number"; Value = "EEHZA1K330P"; VariantName = "[No Variations]"
Add component (AddParameter): Name = "RefDes"; Value = "RefDes"; VariantName = "[No Variations]"
Add component (AddParameter): Name = "Type"; Value = "DEV"; VariantName = "[No Variations]"
Add component (AddParameter): Name = "Value"; Value = "33uF"; VariantName = "[No Variations]"
Add component (AddParameter): Name = "VDC"; Value = "80.0"; VariantName = "[No Variations]"
Add component (AddParameter): Name = "Vendor"; Value = "Panasonic"; VariantName = "[No Variations]"
Added Component: Designator=Cin_2(SM_RADIAL_10BMM)
Add component (AddParameter): Name = "Manufacturer Name"; Value = "Panasonic"; VariantName = "[No Variations]"
Add component (AddParameter): Name = "Manufacturer Part Number"; Value = "EEHZA1K330P"; VariantName = "[No Variations]"
Add component (AddParameter): Name = "PackageReference"; Value = "EEHZA1K330P"; VariantName = "[No Variations]"
Add component (AddParameter): Name = "Value"; Value = "33uF"; VariantName = "[No Variations]"
Added Component: Designator=Cout1_Sht5-V12P0_Jetson.SchDoc2(CAPSMT_62_E61)
Add component (AddParameter): Name = "Manufacturer Name"; Value = "TDK"; VariantName = "[No Variations]"
Add component (AddParameter): Name = "Manufacturer Part Number"; Value = "C2012X5R1V226M125AC"; VariantName = "[No Variations]"
Add component (AddParameter): Name = "PackageReference"; Value = "C2012X5R1V226M125AC"; VariantName = "[No Variations]"
Add component (AddParameter): Name = "Value"; Value = "22uF"; VariantName = "[No Variations]"
Added Component: Designator=Cout2(CAPSMT_62_E61)
Add component (AddParameter): Name = "Manufacturer Name"; Value = "Panasonic"; VariantName = "[No Variations]"
Add component (AddParameter): Name = "Manufacturer Part Number"; Value = "16SVPF82M"; VariantName = "[No Variations]"
Add component (AddParameter): Name = "PackageReference"; Value = "16SVPF82M"; VariantName = "[No Variations]"
Add component (AddParameter): Name = "Value"; Value = "82uF"; VariantName = "[No Variations]"
Added Component: Designator=Cout_1_Sht5-V12P0_Jetson.SchDoc2(CAPSMT_62_E61)
Add component (AddParameter): Name = "Manufacturer Name"; Value = "TDK"; VariantName = "[No Variations]"
Add component (AddParameter): Name = "Manufacturer Part Number"; Value = "C2012X5R1V226M125AC"; VariantName = "[No Variations]"
Add component (AddParameter): Name = "PackageReference"; Value = "C2012X5R1V226M125AC"; VariantName = "[No Variations]"
Add component (AddParameter): Name = "Value"; Value = "22uF"; VariantName = "[No Variations]"
Added Component: Designator=Cout_2(CAPSMT_62_E61)
Add component (AddParameter): Name = "Manufacturer Name"; Value = "Panasonic"; VariantName = "[No Variations]"
Add component (AddParameter): Name = "Manufacturer Part Number"; Value = "16SVPF82M"; VariantName = "[No Variations]"
Add component (AddParameter): Name = "PackageReference"; Value = "16SVPF82M"; VariantName = "[No Variations]"
Add component (AddParameter): Name = "Value"; Value = "82uF"; VariantName = "[No Variations]"
Added Component: Designator=Coutx1_Sht5-V12P0_Jetson.SchDoc2(0805)
Add component (AddParameter): Name = "Manufacturer Name"; Value = "TDK"; VariantName = "[No Variations]"
Add component (AddParameter): Name = "Manufacturer Part Number"; Value = "C2012X5R1V226M125AC"; VariantName = "[No Variations]"
Add component (AddParameter): Name = "PackageReference"; Value = "C2012X5R1V226M125AC"; VariantName = "[No Variations]"
Add component (AddParameter): Name = "Value"; Value = "22uF"; VariantName = "[No Variations]"
Added Component: Designator=Coutx2_Sht5-V12P0_Jetson.SchDoc2(0805)
Add component (AddParameter): Name = "Manufacturer Name"; Value = "Panasonic"; VariantName = "[No Variations]"
Add component (AddParameter): Name = "Manufacturer Part Number"; Value = "16SVPF82M"; VariantName = "[No Variations]"
Add component (AddParameter): Name = "PackageReference"; Value = "16SVPF82M"; VariantName = "[No Variations]"
Add component (AddParameter): Name = "Value"; Value = "82uF"; VariantName = "[No Variations]"
Added Component: Designator=Coutx3_Sht5-V12P0_Jetson.SchDoc2(0805)
Add component (AddParameter): Name = "Manufacturer Name"; Value = "Panasonic"; VariantName = "[No Variations]"
Add component (AddParameter): Name = "Manufacturer Part Number"; Value = "16SVPF82M"; VariantName = "[No Variations]"
Add component (AddParameter): Name = "PackageReference"; Value = "16SVPF82M"; VariantName = "[No Variations]"
Add component (AddParameter): Name = "Value"; Value = "82uF"; VariantName = "[No Variations]"
Added Component: Designator=Coutx4(0805)
Add component (AddParameter): Name = "Manufacturer Name"; Value = "TDK"; VariantName = "[No Variations]"
Add component (AddParameter): Name = "Manufacturer Part Number"; Value = "C2012X5R1V226M125AC"; VariantName = "[No Variations]"
Add component (AddParameter): Name = "PackageReference"; Value = "C2012X5R1V226M125AC"; VariantName = "[No Variations]"
Add component (AddParameter): Name = "Value"; Value = "22uF"; VariantName = "[No Variations]"
Added Component: Designator=Coutx5(0805)
Add component (AddParameter): Name = "Manufacturer Name"; Value = "TDK"; VariantName = "[No Variations]"
Add component (AddParameter): Name = "Manufacturer Part Number"; Value = "C2012X5R1V226M125AC"; VariantName = "[No Variations]"
Add component (AddParameter): Name = "PackageReference"; Value = "C2012X5R1V226M125AC"; VariantName = "[No Variations]"
Add component (AddParameter): Name = "Value"; Value = "22uF"; VariantName = "[No Variations]"
Added Component: Designator=Coutx6(0805)
Add component (AddParameter): Name = "Manufacturer Name"; Value = "TDK"; VariantName = "[No Variations]"
Add component (AddParameter): Name = "Manufacturer Part Number"; Value = "C2012X5R1V226M125AC"; VariantName = "[No Variations]"
Add component (AddParameter): Name = "PackageReference"; Value = "C2012X5R1V226M125AC"; VariantName = "[No Variations]"
Add component (AddParameter): Name = "Value"; Value = "22uF"; VariantName = "[No Variations]"
Added Component: Designator=Cslope1_Sht5-V12P0_Jetson.SchDoc2(0603)
Add component (AddParameter): Name = "Manufacturer Name"; Value = "Samsung Electro-Mechanics"; VariantName = "[No Variations]"
Add component (AddParameter): Name = "Manufacturer Part Number"; Value = "CL10C221JB8NNNC"; VariantName = "[No Variations]"
Add component (AddParameter): Name = "PackageReference"; Value = "CL10C221JB8NNNC"; VariantName = "[No Variations]"
Add component (AddParameter): Name = "Value"; Value = "220pF"; VariantName = "[No Variations]"
Added Component: Designator=Cslope2(0603)
Add component (AddParameter): Name = "Manufacturer Name"; Value = "Samsung Electro-Mechanics"; VariantName = "[No Variations]"
Add component (AddParameter): Name = "Manufacturer Part Number"; Value = "CL10C221JB8NNNC"; VariantName = "[No Variations]"
Add component (AddParameter): Name = "PackageReference"; Value = "CL10C221JB8NNNC"; VariantName = "[No Variations]"
Add component (AddParameter): Name = "Value"; Value = "220pF"; VariantName = "[No Variations]"
Added Component: Designator=Css1_Sht5-V12P0_Jetson.SchDoc2(0603)
Add component (AddParameter): Name = "Manufacturer Name"; Value = "Kemet"; VariantName = "[No Variations]"
Add component (AddParameter): Name = "Manufacturer Part Number"; Value = "C0603C153J3GACTU"; VariantName = "[No Variations]"
Add component (AddParameter): Name = "PackageReference"; Value = "C0603C153J3GACTU"; VariantName = "[No Variations]"
Add component (AddParameter): Name = "Value"; Value = "15nF"; VariantName = "[No Variations]"
Added Component: Designator=Css2(0603)
Add component (AddParameter): Name = "Manufacturer Name"; Value = "Kemet"; VariantName = "[No Variations]"
Add component (AddParameter): Name = "Manufacturer Part Number"; Value = "C0603C153J3GACTU"; VariantName = "[No Variations]"
Add component (AddParameter): Name = "PackageReference"; Value = "C0603C153J3GACTU"; VariantName = "[No Variations]"
Add component (AddParameter): Name = "Value"; Value = "15nF"; VariantName = "[No Variations]"
Added Component: Designator=Cvcc1_Sht5-V12P0_Jetson.SchDoc2(0603)
Add component (AddParameter): Name = "Manufacturer Name"; Value = "Taiyo Yuden"; VariantName = "[No Variations]"
Add component (AddParameter): Name = "Manufacturer Part Number"; Value = "EMK107B7105KA-T"; VariantName = "[No Variations]"
Add component (AddParameter): Name = "PackageReference"; Value = "EMK107B7105KA-T"; VariantName = "[No Variations]"
Add component (AddParameter): Name = "Value"; Value = "1uF"; VariantName = "[No Variations]"
Added Component: Designator=Cvcc2(0603)
Add component (AddParameter): Name = "Manufacturer Name"; Value = "Taiyo Yuden"; VariantName = "[No Variations]"
Add component (AddParameter): Name = "Manufacturer Part Number"; Value = "EMK107B7105KA-T"; VariantName = "[No Variations]"
Add component (AddParameter): Name = "PackageReference"; Value = "EMK107B7105KA-T"; VariantName = "[No Variations]"
Add component (AddParameter): Name = "Value"; Value = "1uF"; VariantName = "[No Variations]"
Added Component: Designator=Dboot1_Sht5-V12P0_Jetson.SchDoc2(GEN_Diode)
Add component (AddParameter): Name = "Manufacturer Name"; Value = "CUSTOM"; VariantName = "[No Variations]"
Add component (AddParameter): Name = "Manufacturer Part Number"; Value = "GENERIC_DIODE"; VariantName = "[No Variations]"
Add component (AddParameter): Name = "PackageReference"; Value = "CUSTOM"; VariantName = "[No Variations]"
Add component (AddParameter): Name = "Value"; Value = "500mV"; VariantName = "[No Variations]"
Added Component: Designator=Dboot2_Sht5-V12P0_Jetson.SchDoc2(SOD-123F)
Add component (AddParameter): Name = "Manufacturer Name"; Value = "Comchip Technology"; VariantName = "[No Variations]"
Add component (AddParameter): Name = "Manufacturer Part Number"; Value = "CDBK0520L-HF"; VariantName = "[No Variations]"
Add component (AddParameter): Name = "PackageReference"; Value = "CDBK0520L-HF"; VariantName = "[No Variations]"
Add component (AddParameter): Name = "Value"; Value = "385mV"; VariantName = "[No Variations]"
Added Component: Designator=Dboot3(GEN_Diode)
Add component (AddParameter): Name = "Manufacturer Name"; Value = "CUSTOM"; VariantName = "[No Variations]"
Add component (AddParameter): Name = "Manufacturer Part Number"; Value = "GENERIC_DIODE"; VariantName = "[No Variations]"
Add component (AddParameter): Name = "PackageReference"; Value = "CUSTOM"; VariantName = "[No Variations]"
Add component (AddParameter): Name = "Value"; Value = "500mV"; VariantName = "[No Variations]"
Added Component: Designator=Dboot4(SOD-123F)
Add component (AddParameter): Name = "Manufacturer Name"; Value = "Comchip Technology"; VariantName = "[No Variations]"
Add component (AddParameter): Name = "Manufacturer Part Number"; Value = "CDBK0520L-HF"; VariantName = "[No Variations]"
Add component (AddParameter): Name = "PackageReference"; Value = "CDBK0520L-HF"; VariantName = "[No Variations]"
Add component (AddParameter): Name = "Value"; Value = "385mV"; VariantName = "[No Variations]"
Added Component: Designator=Df1_Sht5-V12P0_Jetson.SchDoc2(GEN_Diode)
Add component (AddParameter): Name = "Manufacturer Name"; Value = "CUSTOM"; VariantName = "[No Variations]"
Add component (AddParameter): Name = "Manufacturer Part Number"; Value = "GENERIC_DIODE"; VariantName = "[No Variations]"
Add component (AddParameter): Name = "PackageReference"; Value = "CUSTOM"; VariantName = "[No Variations]"
Add component (AddParameter): Name = "Value"; Value = "500mV"; VariantName = "[No Variations]"
Added Component: Designator=Df2(GEN_Diode)
Add component (AddParameter): Name = "Manufacturer Name"; Value = "CUSTOM"; VariantName = "[No Variations]"
Add component (AddParameter): Name = "Manufacturer Part Number"; Value = "GENERIC_DIODE"; VariantName = "[No Variations]"
Add component (AddParameter): Name = "PackageReference"; Value = "CUSTOM"; VariantName = "[No Variations]"
Add component (AddParameter): Name = "Value"; Value = "500mV"; VariantName = "[No Variations]"
Added Component: Designator=L1_Sht5-V12P0_Jetson.SchDoc2(SRP1270)
Add component (AddParameter): Name = "Manufacturer Name"; Value = "Bourns"; VariantName = "[No Variations]"
Add component (AddParameter): Name = "Manufacturer Part Number"; Value = "SRP1270-3R3M"; VariantName = "[No Variations]"
Add component (AddParameter): Name = "PackageReference"; Value = "SRP1270-3R3M"; VariantName = "[No Variations]"
Add component (AddParameter): Name = "Value"; Value = "3.3uH"; VariantName = "[No Variations]"
Added Component: Designator=L5(SRP1270)
Add component (AddParameter): Name = "Manufacturer Name"; Value = "Bourns"; VariantName = "[No Variations]"
Add component (AddParameter): Name = "Manufacturer Part Number"; Value = "SRP1270-3R3M"; VariantName = "[No Variations]"
Add component (AddParameter): Name = "PackageReference"; Value = "SRP1270-3R3M"; VariantName = "[No Variations]"
Add component (AddParameter): Name = "Value"; Value = "3.3uH"; VariantName = "[No Variations]"
Added Component: Designator=M1_Sht5-V12P0_Jetson.SchDoc2(TRANS_NexFET_Q5A)
Add component (AddParameter): Name = "Manufacturer Name"; Value = "Texas Instruments"; VariantName = "[No Variations]"
Add component (AddParameter): Name = "Manufacturer Part Number"; Value = "CSD19534Q5A"; VariantName = "[No Variations]"
Add component (AddParameter): Name = "PackageReference"; Value = "CSD19534Q5A"; VariantName = "[No Variations]"
Add component (AddParameter): Name = "Value"; Value = "100V"; VariantName = "[No Variations]"
Added Component: Designator=M2_Sht5-V12P0_Jetson.SchDoc2(TRANS_NexFET_Q5)
Add component (AddParameter): Name = "Manufacturer Name"; Value = "Texas Instruments"; VariantName = "[No Variations]"
Add component (AddParameter): Name = "Manufacturer Part Number"; Value = "CSD17303Q5"; VariantName = "[No Variations]"
Add component (AddParameter): Name = "PackageReference"; Value = "CSD17303Q5"; VariantName = "[No Variations]"
Add component (AddParameter): Name = "Value"; Value = "30V"; VariantName = "[No Variations]"
Added Component: Designator=M3_Sht5-V12P0_Jetson.SchDoc2(TRANS_NexFET_Q5A)
Add component (AddParameter): Name = "Manufacturer Name"; Value = "Texas Instruments"; VariantName = "[No Variations]"
Add component (AddParameter): Name = "Manufacturer Part Number"; Value = "CSD19534Q5A"; VariantName = "[No Variations]"
Add component (AddParameter): Name = "PackageReference"; Value = "CSD19534Q5A"; VariantName = "[No Variations]"
Add component (AddParameter): Name = "Value"; Value = "100V"; VariantName = "[No Variations]"
Added Component: Designator=M4_Sht5-V12P0_Jetson.SchDoc2(DNK0008A)
Add component (AddParameter): Name = "Manufacturer Name"; Value = "Texas Instruments"; VariantName = "[No Variations]"
Add component (AddParameter): Name = "Manufacturer Part Number"; Value = "CSD17573Q5B"; VariantName = "[No Variations]"
Add component (AddParameter): Name = "PackageReference"; Value = "CSD17573Q5B"; VariantName = "[No Variations]"
Add component (AddParameter): Name = "Value"; Value = "30V"; VariantName = "[No Variations]"
Added Component: Designator=M5(TRANS_NexFET_Q5A)
Add component (AddParameter): Name = "Manufacturer Name"; Value = "Texas Instruments"; VariantName = "[No Variations]"
Add component (AddParameter): Name = "Manufacturer Part Number"; Value = "CSD19534Q5A"; VariantName = "[No Variations]"
Add component (AddParameter): Name = "PackageReference"; Value = "CSD19534Q5A"; VariantName = "[No Variations]"
Add component (AddParameter): Name = "Value"; Value = "100V"; VariantName = "[No Variations]"
Added Component: Designator=M6(TRANS_NexFET_Q5)
Add component (AddParameter): Name = "Manufacturer Name"; Value = "Texas Instruments"; VariantName = "[No Variations]"
Add component (AddParameter): Name = "Manufacturer Part Number"; Value = "CSD17303Q5"; VariantName = "[No Variations]"
Add component (AddParameter): Name = "PackageReference"; Value = "CSD17303Q5"; VariantName = "[No Variations]"
Add component (AddParameter): Name = "Value"; Value = "30V"; VariantName = "[No Variations]"
Added Component: Designator=M7(TRANS_NexFET_Q5A)
Add component (AddParameter): Name = "Manufacturer Name"; Value = "Texas Instruments"; VariantName = "[No Variations]"
Add component (AddParameter): Name = "Manufacturer Part Number"; Value = "CSD19534Q5A"; VariantName = "[No Variations]"
Add component (AddParameter): Name = "PackageReference"; Value = "CSD19534Q5A"; VariantName = "[No Variations]"
Add component (AddParameter): Name = "Value"; Value = "100V"; VariantName = "[No Variations]"
Added Component: Designator=M8(DNK0008A)
Add component (AddParameter): Name = "Manufacturer Name"; Value = "Texas Instruments"; VariantName = "[No Variations]"
Add component (AddParameter): Name = "Manufacturer Part Number"; Value = "CSD17573Q5B"; VariantName = "[No Variations]"
Add component (AddParameter): Name = "PackageReference"; Value = "CSD17573Q5B"; VariantName = "[No Variations]"
Add component (AddParameter): Name = "Value"; Value = "30V"; VariantName = "[No Variations]"
Added Component: Designator=Rcomp1_Sht5-V12P0_Jetson.SchDoc2(0402)
Add component (AddParameter): Name = "Manufacturer Name"; Value = "Vishay-Dale"; VariantName = "[No Variations]"
Add component (AddParameter): Name = "Manufacturer Part Number"; Value = "CRCW040212K7FKED"; VariantName = "[No Variations]"
Add component (AddParameter): Name = "PackageReference"; Value = "CRCW040212K7FKED"; VariantName = "[No Variations]"
Add component (AddParameter): Name = "Value"; Value = "12.7k"; VariantName = "[No Variations]"
Added Component: Designator=Rcomp2(0402)
Add component (AddParameter): Name = "Manufacturer Name"; Value = "Vishay-Dale"; VariantName = "[No Variations]"
Add component (AddParameter): Name = "Manufacturer Part Number"; Value = "CRCW040212K7FKED"; VariantName = "[No Variations]"
Add component (AddParameter): Name = "PackageReference"; Value = "CRCW040212K7FKED"; VariantName = "[No Variations]"
Add component (AddParameter): Name = "Value"; Value = "12.7k"; VariantName = "[No Variations]"
Added Component: Designator=Rcsg1_Sht5-V12P0_Jetson.SchDoc2(0603)
Add component (AddParameter): Name = "Manufacturer Name"; Value = "Vishay-Dale"; VariantName = "[No Variations]"
Add component (AddParameter): Name = "Manufacturer Part Number"; Value = "CRCW0603100RFKEA"; VariantName = "[No Variations]"
Add component (AddParameter): Name = "PackageReference"; Value = "CRCW0603100RFKEA"; VariantName = "[No Variations]"
Add component (AddParameter): Name = "Value"; Value = "100"; VariantName = "[No Variations]"
Added Component: Designator=Rcsg2(0603)
Add component (AddParameter): Name = "Manufacturer Name"; Value = "Vishay-Dale"; VariantName = "[No Variations]"
Add component (AddParameter): Name = "Manufacturer Part Number"; Value = "CRCW0603100RFKEA"; VariantName = "[No Variations]"
Add component (AddParameter): Name = "PackageReference"; Value = "CRCW0603100RFKEA"; VariantName = "[No Variations]"
Add component (AddParameter): Name = "Value"; Value = "100"; VariantName = "[No Variations]"
Added Component: Designator=Rcsp1_Sht5-V12P0_Jetson.SchDoc2(0603)
Add component (AddParameter): Name = "Manufacturer Name"; Value = "Vishay-Dale"; VariantName = "[No Variations]"
Add component (AddParameter): Name = "Manufacturer Part Number"; Value = "CRCW0603100RFKEA"; VariantName = "[No Variations]"
Add component (AddParameter): Name = "PackageReference"; Value = "CRCW0603100RFKEA"; VariantName = "[No Variations]"
Add component (AddParameter): Name = "Value"; Value = "100"; VariantName = "[No Variations]"
Added Component: Designator=Rcsp2(0603)
Add component (AddParameter): Name = "Manufacturer Name"; Value = "Vishay-Dale"; VariantName = "[No Variations]"
Add component (AddParameter): Name = "Manufacturer Part Number"; Value = "CRCW0603100RFKEA"; VariantName = "[No Variations]"
Add component (AddParameter): Name = "PackageReference"; Value = "CRCW0603100RFKEA"; VariantName = "[No Variations]"
Add component (AddParameter): Name = "Value"; Value = "100"; VariantName = "[No Variations]"
Added Component: Designator=Rf1_Sht5-V12P0_Jetson.SchDoc2(0603)
Add component (AddParameter): Name = "Manufacturer Name"; Value = "Yageo"; VariantName = "[No Variations]"
Add component (AddParameter): Name = "Manufacturer Part Number"; Value = "RC0603FR-0710RL"; VariantName = "[No Variations]"
Add component (AddParameter): Name = "PackageReference"; Value = "RC0603FR-0710RL"; VariantName = "[No Variations]"
Add component (AddParameter): Name = "Value"; Value = "10"; VariantName = "[No Variations]"
Added Component: Designator=Rf2(0603)
Add component (AddParameter): Name = "Manufacturer Name"; Value = "Yageo"; VariantName = "[No Variations]"
Add component (AddParameter): Name = "Manufacturer Part Number"; Value = "RC0603FR-0710RL"; VariantName = "[No Variations]"
Add component (AddParameter): Name = "PackageReference"; Value = "RC0603FR-0710RL"; VariantName = "[No Variations]"
Add component (AddParameter): Name = "Value"; Value = "10"; VariantName = "[No Variations]"
Added Component: Designator=Rfbb1_Sht5-V12P0_Jetson.SchDoc2(0603)
Add component (AddParameter): Name = "Manufacturer Name"; Value = "Yageo"; VariantName = "[No Variations]"
Add component (AddParameter): Name = "Manufacturer Part Number"; Value = "RC0603FR-0720KL"; VariantName = "[No Variations]"
Add component (AddParameter): Name = "PackageReference"; Value = "RC0603FR-0720KL"; VariantName = "[No Variations]"
Add component (AddParameter): Name = "Value"; Value = "20k"; VariantName = "[No Variations]"
Added Component: Designator=Rfbb2(0603)
Add component (AddParameter): Name = "Manufacturer Name"; Value = "Yageo"; VariantName = "[No Variations]"
Add component (AddParameter): Name = "Manufacturer Part Number"; Value = "RC0603FR-0720KL"; VariantName = "[No Variations]"
Add component (AddParameter): Name = "PackageReference"; Value = "RC0603FR-0720KL"; VariantName = "[No Variations]"
Add component (AddParameter): Name = "Value"; Value = "20k"; VariantName = "[No Variations]"
Added Component: Designator=Rfbb3(0603)
Add component (AddParameter): Name = "Manufacturer Name"; Value = "Yageo"; VariantName = "[No Variations]"
Add component (AddParameter): Name = "Manufacturer Part Number"; Value = "RC0603FR-0720KL"; VariantName = "[No Variations]"
Add component (AddParameter): Name = "PackageReference"; Value = "RC0603FR-0720KL"; VariantName = "[No Variations]"
Add component (AddParameter): Name = "Value"; Value = "20k"; VariantName = "[No Variations]"
Added Component: Designator=Rfbt1_Sht5-V12P0_Jetson.SchDoc2(0603)
Add component (AddParameter): Name = "Manufacturer Name"; Value = "Vishay-Dale"; VariantName = "[No Variations]"
Add component (AddParameter): Name = "Manufacturer Part Number"; Value = "CRCW0603280KFKEA"; VariantName = "[No Variations]"
Add component (AddParameter): Name = "PackageReference"; Value = "CRCW0603280KFKEA"; VariantName = "[No Variations]"
Add component (AddParameter): Name = "Value"; Value = "280k"; VariantName = "[No Variations]"
Added Component: Designator=Rfbt2(0603)
Add component (AddParameter): Name = "Manufacturer Name"; Value = "Vishay-Dale"; VariantName = "[No Variations]"
Add component (AddParameter): Name = "Manufacturer Part Number"; Value = "CRCW0603280KFKEA"; VariantName = "[No Variations]"
Add component (AddParameter): Name = "PackageReference"; Value = "CRCW0603280KFKEA"; VariantName = "[No Variations]"
Add component (AddParameter): Name = "Value"; Value = "280k"; VariantName = "[No Variations]"
Added Component: Designator=Rmode1_Sht5-V12P0_Jetson.SchDoc2(0603)
Add component (AddParameter): Name = "Manufacturer Name"; Value = "Yageo"; VariantName = "[No Variations]"
Add component (AddParameter): Name = "Manufacturer Part Number"; Value = "RC0603FR-0793K1L"; VariantName = "[No Variations]"
Add component (AddParameter): Name = "PackageReference"; Value = "RC0603FR-0793K1L"; VariantName = "[No Variations]"
Add component (AddParameter): Name = "Value"; Value = "93.1k"; VariantName = "[No Variations]"
Added Component: Designator=Rmode2(0603)
Add component (AddParameter): Name = "Manufacturer Name"; Value = "Yageo"; VariantName = "[No Variations]"
Add component (AddParameter): Name = "Manufacturer Part Number"; Value = "RC0603FR-0793K1L"; VariantName = "[No Variations]"
Add component (AddParameter): Name = "PackageReference"; Value = "RC0603FR-0793K1L"; VariantName = "[No Variations]"
Add component (AddParameter): Name = "Value"; Value = "93.1k"; VariantName = "[No Variations]"
Added Component: Designator=Rpg1_Sht5-V12P0_Jetson.SchDoc2(0603)
Add component (AddParameter): Name = "Manufacturer Name"; Value = "Yageo"; VariantName = "[No Variations]"
Add component (AddParameter): Name = "Manufacturer Part Number"; Value = "RC0603FR-0710KL"; VariantName = "[No Variations]"
Add component (AddParameter): Name = "PackageReference"; Value = "RC0603FR-0710KL"; VariantName = "[No Variations]"
Add component (AddParameter): Name = "Value"; Value = "10k"; VariantName = "[No Variations]"
Added Component: Designator=Rpg2(0603)
Add component (AddParameter): Name = "Manufacturer Name"; Value = "Yageo"; VariantName = "[No Variations]"
Add component (AddParameter): Name = "Manufacturer Part Number"; Value = "RC0603FR-0710KL"; VariantName = "[No Variations]"
Add component (AddParameter): Name = "PackageReference"; Value = "RC0603FR-0710KL"; VariantName = "[No Variations]"
Add component (AddParameter): Name = "Value"; Value = "10k"; VariantName = "[No Variations]"
Added Component: Designator=Rsense1_Sht5-V12P0_Jetson.SchDoc2(4527)
Add component (AddParameter): Name = "Manufacturer Name"; Value = "Vishay-Dale"; VariantName = "[No Variations]"
Add component (AddParameter): Name = "Manufacturer Part Number"; Value = "WSR37L000FEA"; VariantName = "[No Variations]"
Add component (AddParameter): Name = "PackageReference"; Value = "WSR37L000FEA"; VariantName = "[No Variations]"
Add component (AddParameter): Name = "Value"; Value = "7m"; VariantName = "[No Variations]"
Added Component: Designator=Rsense2(4527)
Add component (AddParameter): Name = "Manufacturer Name"; Value = "Vishay-Dale"; VariantName = "[No Variations]"
Add component (AddParameter): Name = "Manufacturer Part Number"; Value = "WSR37L000FEA"; VariantName = "[No Variations]"
Add component (AddParameter): Name = "PackageReference"; Value = "WSR37L000FEA"; VariantName = "[No Variations]"
Add component (AddParameter): Name = "Value"; Value = "7m"; VariantName = "[No Variations]"
Added Component: Designator=Rt1_Sht5-V12P0_Jetson.SchDoc2(0402)
Add component (AddParameter): Name = "Manufacturer Name"; Value = "Vishay-Dale"; VariantName = "[No Variations]"
Add component (AddParameter): Name = "Manufacturer Part Number"; Value = "CRCW040223K2FKED"; VariantName = "[No Variations]"
Add component (AddParameter): Name = "PackageReference"; Value = "CRCW040223K2FKED"; VariantName = "[No Variations]"
Add component (AddParameter): Name = "Value"; Value = "23.2k"; VariantName = "[No Variations]"
Added Component: Designator=Rt2(0402)
Add component (AddParameter): Name = "Manufacturer Name"; Value = "Vishay-Dale"; VariantName = "[No Variations]"
Add component (AddParameter): Name = "Manufacturer Part Number"; Value = "CRCW040223K2FKED"; VariantName = "[No Variations]"
Add component (AddParameter): Name = "PackageReference"; Value = "CRCW040223K2FKED"; VariantName = "[No Variations]"
Add component (AddParameter): Name = "Value"; Value = "23.2k"; VariantName = "[No Variations]"
Added Component: Designator=Ruvb1_Sht5-V12P0_Jetson.SchDoc2(0402)
Add component (AddParameter): Name = "Manufacturer Name"; Value = "Vishay-Dale"; VariantName = "[No Variations]"
Add component (AddParameter): Name = "Manufacturer Part Number"; Value = "CRCW040271K5FKED"; VariantName = "[No Variations]"
Add component (AddParameter): Name = "PackageReference"; Value = "CRCW040271K5FKED"; VariantName = "[No Variations]"
Add component (AddParameter): Name = "Value"; Value = "71.5k"; VariantName = "[No Variations]"
Added Component: Designator=Ruvb2(0402)
Add component (AddParameter): Name = "Manufacturer Name"; Value = "Vishay-Dale"; VariantName = "[No Variations]"
Add component (AddParameter): Name = "Manufacturer Part Number"; Value = "CRCW040271K5FKED"; VariantName = "[No Variations]"
Add component (AddParameter): Name = "PackageReference"; Value = "CRCW040271K5FKED"; VariantName = "[No Variations]"
Add component (AddParameter): Name = "Value"; Value = "71.5k"; VariantName = "[No Variations]"
Added Component: Designator=Ruvt1_Sht5-V12P0_Jetson.SchDoc2(0402)
Add component (AddParameter): Name = "Manufacturer Name"; Value = "Vishay-Dale"; VariantName = "[No Variations]"
Add component (AddParameter): Name = "Manufacturer Part Number"; Value = "CRCW0402249KFKED"; VariantName = "[No Variations]"
Add component (AddParameter): Name = "PackageReference"; Value = "CRCW0402249KFKED"; VariantName = "[No Variations]"
Add component (AddParameter): Name = "Value"; Value = "249k"; VariantName = "[No Variations]"
Added Component: Designator=Ruvt2(0402)
Add component (AddParameter): Name = "Manufacturer Name"; Value = "Vishay-Dale"; VariantName = "[No Variations]"
Add component (AddParameter): Name = "Manufacturer Part Number"; Value = "CRCW0402249KFKED"; VariantName = "[No Variations]"
Add component (AddParameter): Name = "PackageReference"; Value = "CRCW0402249KFKED"; VariantName = "[No Variations]"
Add component (AddParameter): Name = "Value"; Value = "249k"; VariantName = "[No Variations]"
Added Component: Designator=Rvisns1_Sht5-V12P0_Jetson.SchDoc2(0603)
Add component (AddParameter): Name = "Manufacturer Name"; Value = "Vishay-Dale"; VariantName = "[No Variations]"
Add component (AddParameter): Name = "Manufacturer Part Number"; Value = "CRCW06032K00FKEA"; VariantName = "[No Variations]"
Add component (AddParameter): Name = "PackageReference"; Value = "CRCW06032K00FKEA"; VariantName = "[No Variations]"
Add component (AddParameter): Name = "Value"; Value = "2k"; VariantName = "[No Variations]"
Added Component: Designator=Rvisns2(0603)
Add component (AddParameter): Name = "Manufacturer Name"; Value = "Vishay-Dale"; VariantName = "[No Variations]"
Add component (AddParameter): Name = "Manufacturer Part Number"; Value = "CRCW06032K00FKEA"; VariantName = "[No Variations]"
Add component (AddParameter): Name = "PackageReference"; Value = "CRCW06032K00FKEA"; VariantName = "[No Variations]"
Add component (AddParameter): Name = "Value"; Value = "2k"; VariantName = "[No Variations]"
Added Component: Designator=U1_Sht5-V12P0_Jetson.SchDoc2(VQFN_76RHFT_TEX)
Add component (AddParameter): Name = "Copyright"; Value = "Copyright (C) 2022 Ultra Librarian. All rights reserved."; VariantName = "[No Variations]"
Add component (AddParameter): Name = "Digi-Key_Part_Number_1"; Value = "296-LM5176RHFTTR-ND"; VariantName = "[No Variations]"
Add component (AddParameter): Name = "Digi-Key_Part_Number_2"; Value = "296-LM5176RHFTCT-ND"; VariantName = "[No Variations]"
Add component (AddParameter): Name = "Digi-Key_Part_Number_3"; Value = "296-LM5176RHFTDKR-ND"; VariantName = "[No Variations]"
Add component (AddParameter): Name = "Manufacturer_Part_Number"; Value = "LM5176RHFT"; VariantName = "[No Variations]"
Add component (AddParameter): Name = "Mfr_Name"; Value = "Texas Instruments"; VariantName = "[No Variations]"
Add component (AddParameter): Name = "RefDes"; Value = "RefDes"; VariantName = "[No Variations]"
Add component (AddParameter): Name = "Type"; Value = "DEV"; VariantName = "[No Variations]"
Added Component: Designator=U5(VQFN_76RHFT_TEX)
Add component (AddParameter): Name = "Copyright"; Value = "Copyright (C) 2022 Ultra Librarian. All rights reserved."; VariantName = "[No Variations]"
Add component (AddParameter): Name = "Digi-Key_Part_Number_1"; Value = "296-LM5176RHFTTR-ND"; VariantName = "[No Variations]"
Add component (AddParameter): Name = "Digi-Key_Part_Number_2"; Value = "296-LM5176RHFTCT-ND"; VariantName = "[No Variations]"
Add component (AddParameter): Name = "Digi-Key_Part_Number_3"; Value = "296-LM5176RHFTDKR-ND"; VariantName = "[No Variations]"
Add component (AddParameter): Name = "Manufacturer_Part_Number"; Value = "LM5176RHFT"; VariantName = "[No Variations]"
Add component (AddParameter): Name = "Mfr_Name"; Value = "Texas Instruments"; VariantName = "[No Variations]"
Add component (AddParameter): Name = "RefDes"; Value = "RefDes"; VariantName = "[No Variations]"
Add component (AddParameter): Name = "Type"; Value = "DEV"; VariantName = "[No Variations]"
Added Pin To Net: NetName=GND Pin=Cbias1_Sht5-V12P0_Jetson.SchDoc2-2
Added Pin To Net: NetName=NetCbias2_1 Pin=Cbias2-1
Added Pin To Net: NetName=GND Pin=Cbias2-2
Added Pin To Net: NetName=26_0 Pin=Cboot1_Sht5-V12P0_Jetson.SchDoc2-2
Added Pin To Net: NetName=11_0 Pin=Cboot2_Sht5-V12P0_Jetson.SchDoc2-2
Added Pin To Net: NetName=NetCboot3_1 Pin=Cboot3-1
Added Pin To Net: NetName=26 Pin=Cboot3-2
Added Pin To Net: NetName=NetCboot4_1 Pin=Cboot4-1
Added Pin To Net: NetName=11 Pin=Cboot4-2
Added Pin To Net: NetName=VCC_BATT_FILT Pin=Cbulk1_Sht5-V12P0_Jetson.SchDoc2-1
Added Pin To Net: NetName=GND Pin=Cbulk1_Sht5-V12P0_Jetson.SchDoc2-2
Added Pin To Net: NetName=VCC_BATT_FILT Pin=Cbulk2-1
Added Pin To Net: NetName=GND Pin=Cbulk2-2
Added Pin To Net: NetName=VCC_BATT_FILT Pin=Cbulk_1_Sht5-V12P0_Jetson.SchDoc2-1
Added Pin To Net: NetName=GND Pin=Cbulk_1_Sht5-V12P0_Jetson.SchDoc2-2
Added Pin To Net: NetName=VCC_BATT_FILT Pin=Cbulk_2_Sht5-V12P0_Jetson.SchDoc2-1
Added Pin To Net: NetName=GND Pin=Cbulk_2_Sht5-V12P0_Jetson.SchDoc2-2
Added Pin To Net: NetName=VCC_BATT_FILT Pin=Cbulk_3_Sht5-V12P0_Jetson.SchDoc2-1
Added Pin To Net: NetName=GND Pin=Cbulk_3_Sht5-V12P0_Jetson.SchDoc2-2
Added Pin To Net: NetName=VCC_BATT_FILT Pin=Cbulk_4_Sht5-V12P0_Jetson.SchDoc2-1
Added Pin To Net: NetName=GND Pin=Cbulk_4_Sht5-V12P0_Jetson.SchDoc2-2
Added Pin To Net: NetName=VCC_BATT_FILT Pin=Cbulk_5-1
Added Pin To Net: NetName=GND Pin=Cbulk_5-2
Added Pin To Net: NetName=VCC_BATT_FILT Pin=Cbulk_6-1
Added Pin To Net: NetName=GND Pin=Cbulk_6-2
Added Pin To Net: NetName=VCC_BATT_FILT Pin=Cbulk_7-1
Added Pin To Net: NetName=GND Pin=Cbulk_7-2
Added Pin To Net: NetName=VCC_BATT_FILT Pin=Cbulk_8-1
Added Pin To Net: NetName=GND Pin=Cbulk_8-2
Added Pin To Net: NetName=GND Pin=Ccomp2_Sht5-V12P0_Jetson.SchDoc1-2
Added Pin To Net: NetName=GND Pin=Ccomp2_Sht5-V12P0_Jetson.SchDoc2-2
Added Pin To Net: NetName=NetCcomp3_1 Pin=Ccomp3-1
Added Pin To Net: NetName=GND Pin=Ccomp3-2
Added Pin To Net: NetName=NetCcomp3_1 Pin=Ccomp4-1
Added Pin To Net: NetName=NetCcomp4_2 Pin=Ccomp4-2
Added Pin To Net: NetName=NetCcomp3_1 Pin=Ccomp_2-1
Added Pin To Net: NetName=NetCcomp4_2 Pin=Ccomp_2-2
Added Pin To Net: NetName=NetCcs2_1 Pin=Ccs2-1
Added Pin To Net: NetName=NetCcs2_2 Pin=Ccs2-2
Added Pin To Net: NetName=GND Pin=Cf1_Sht5-V12P0_Jetson.SchDoc2-2
Added Pin To Net: NetName=NetCf2_1 Pin=Cf2-1
Added Pin To Net: NetName=GND Pin=Cf2-2
Added Pin To Net: NetName=VCC_BATT_FILT Pin=Cin1_Sht5-V12P0_Jetson.SchDoc2-1
Added Pin To Net: NetName=GND Pin=Cin1_Sht5-V12P0_Jetson.SchDoc2-2
Added Pin To Net: NetName=VCC_BATT_FILT Pin=Cin2-1
Added Pin To Net: NetName=GND Pin=Cin2-2
Added Pin To Net: NetName=VCC_BATT_FILT Pin=Cin_1_Sht5-V12P0_Jetson.SchDoc2-1
Added Pin To Net: NetName=GND Pin=Cin_1_Sht5-V12P0_Jetson.SchDoc2-2
Added Pin To Net: NetName=VCC_BATT_FILT Pin=Cin_2-1
Added Pin To Net: NetName=GND Pin=Cin_2-2
Added Pin To Net: NetName=V12P0_Jetson Pin=Cout1_Sht5-V12P0_Jetson.SchDoc2-1
Added Pin To Net: NetName=GND Pin=Cout1_Sht5-V12P0_Jetson.SchDoc2-2
Added Pin To Net: NetName=V12P0 Pin=Cout2-1
Added Pin To Net: NetName=GND Pin=Cout2-2
Added Pin To Net: NetName=V12P0_Jetson Pin=Cout_1_Sht5-V12P0_Jetson.SchDoc2-1
Added Pin To Net: NetName=GND Pin=Cout_1_Sht5-V12P0_Jetson.SchDoc2-2
Added Pin To Net: NetName=V12P0 Pin=Cout_2-1
Added Pin To Net: NetName=GND Pin=Cout_2-2
Added Pin To Net: NetName=V12P0_Jetson Pin=Coutx1_Sht5-V12P0_Jetson.SchDoc2-1
Added Pin To Net: NetName=GND Pin=Coutx1_Sht5-V12P0_Jetson.SchDoc2-2
Added Pin To Net: NetName=V12P0_Jetson Pin=Coutx2_Sht5-V12P0_Jetson.SchDoc2-1
Added Pin To Net: NetName=GND Pin=Coutx2_Sht5-V12P0_Jetson.SchDoc2-2
Added Pin To Net: NetName=V12P0_Jetson Pin=Coutx3_Sht5-V12P0_Jetson.SchDoc2-1
Added Pin To Net: NetName=GND Pin=Coutx3_Sht5-V12P0_Jetson.SchDoc2-2
Added Pin To Net: NetName=V12P0 Pin=Coutx4-1
Added Pin To Net: NetName=GND Pin=Coutx4-2
Added Pin To Net: NetName=V12P0 Pin=Coutx5-1
Added Pin To Net: NetName=GND Pin=Coutx5-2
Added Pin To Net: NetName=V12P0 Pin=Coutx6-1
Added Pin To Net: NetName=GND Pin=Coutx6-2
Added Pin To Net: NetName=GND Pin=Cslope1_Sht5-V12P0_Jetson.SchDoc2-2
Added Pin To Net: NetName=NetCslope2_1 Pin=Cslope2-1
Added Pin To Net: NetName=GND Pin=Cslope2-2
Added Pin To Net: NetName=GND Pin=Css1_Sht5-V12P0_Jetson.SchDoc2-2
Added Pin To Net: NetName=NetCss2_1 Pin=Css2-1
Added Pin To Net: NetName=GND Pin=Css2-2
Added Pin To Net: NetName=GND Pin=Cvcc1_Sht5-V12P0_Jetson.SchDoc2-2
Added Pin To Net: NetName=NetCvcc2_1 Pin=Cvcc2-1
Added Pin To Net: NetName=GND Pin=Cvcc2-2
Added Pin To Net: NetName=NetCboot3_1 Pin=Dboot3-1
Added Pin To Net: NetName=NetCvcc2_1 Pin=Dboot3-2
Added Pin To Net: NetName=NetCboot4_1 Pin=Dboot4-1
Added Pin To Net: NetName=NetCvcc2_1 Pin=Dboot4-2
Added Pin To Net: NetName=VCC_BATT_FILT Pin=Df1_Sht5-V12P0_Jetson.SchDoc2-2
Added Pin To Net: NetName=NetDf2_1 Pin=Df2-1
Added Pin To Net: NetName=VCC_BATT_FILT Pin=Df2-2
Added Pin To Net: NetName=26_0 Pin=L1_Sht5-V12P0_Jetson.SchDoc2-1
Added Pin To Net: NetName=11_0 Pin=L1_Sht5-V12P0_Jetson.SchDoc2-2
Added Pin To Net: NetName=26 Pin=L5-1
Added Pin To Net: NetName=11 Pin=L5-2
Added Pin To Net: NetName=26_0 Pin=M1_Sht5-V12P0_Jetson.SchDoc2-1
Added Pin To Net: NetName=26_0 Pin=M1_Sht5-V12P0_Jetson.SchDoc2-2
Added Pin To Net: NetName=26_0 Pin=M1_Sht5-V12P0_Jetson.SchDoc2-3
Added Pin To Net: NetName=33_0 Pin=M1_Sht5-V12P0_Jetson.SchDoc2-4
Added Pin To Net: NetName=VCC_BATT_FILT Pin=M1_Sht5-V12P0_Jetson.SchDoc2-5
Added Pin To Net: NetName=VCC_BATT_FILT Pin=M1_Sht5-V12P0_Jetson.SchDoc2-6
Added Pin To Net: NetName=VCC_BATT_FILT Pin=M1_Sht5-V12P0_Jetson.SchDoc2-7
Added Pin To Net: NetName=VCC_BATT_FILT Pin=M1_Sht5-V12P0_Jetson.SchDoc2-8
Added Pin To Net: NetName=VCC_BATT_FILT Pin=M1_Sht5-V12P0_Jetson.SchDoc2-9
Added Pin To Net: NetName=11_0 Pin=M2_Sht5-V12P0_Jetson.SchDoc2-1
Added Pin To Net: NetName=11_0 Pin=M2_Sht5-V12P0_Jetson.SchDoc2-2
Added Pin To Net: NetName=11_0 Pin=M2_Sht5-V12P0_Jetson.SchDoc2-3
Added Pin To Net: NetName=34_0 Pin=M2_Sht5-V12P0_Jetson.SchDoc2-4
Added Pin To Net: NetName=V12P0_Jetson Pin=M2_Sht5-V12P0_Jetson.SchDoc2-5
Added Pin To Net: NetName=V12P0_Jetson Pin=M2_Sht5-V12P0_Jetson.SchDoc2-6
Added Pin To Net: NetName=V12P0_Jetson Pin=M2_Sht5-V12P0_Jetson.SchDoc2-7
Added Pin To Net: NetName=V12P0_Jetson Pin=M2_Sht5-V12P0_Jetson.SchDoc2-8
Added Pin To Net: NetName=V12P0_Jetson Pin=M2_Sht5-V12P0_Jetson.SchDoc2-9
Added Pin To Net: NetName=15_0 Pin=M3_Sht5-V12P0_Jetson.SchDoc2-1
Added Pin To Net: NetName=15_0 Pin=M3_Sht5-V12P0_Jetson.SchDoc2-2
Added Pin To Net: NetName=15_0 Pin=M3_Sht5-V12P0_Jetson.SchDoc2-3
Added Pin To Net: NetName=32_0 Pin=M3_Sht5-V12P0_Jetson.SchDoc2-4
Added Pin To Net: NetName=26_0 Pin=M3_Sht5-V12P0_Jetson.SchDoc2-5
Added Pin To Net: NetName=26_0 Pin=M3_Sht5-V12P0_Jetson.SchDoc2-6
Added Pin To Net: NetName=26_0 Pin=M3_Sht5-V12P0_Jetson.SchDoc2-7
Added Pin To Net: NetName=26_0 Pin=M3_Sht5-V12P0_Jetson.SchDoc2-8
Added Pin To Net: NetName=26_0 Pin=M3_Sht5-V12P0_Jetson.SchDoc2-9
Added Pin To Net: NetName=15_0 Pin=M4_Sht5-V12P0_Jetson.SchDoc2-1
Added Pin To Net: NetName=15_0 Pin=M4_Sht5-V12P0_Jetson.SchDoc2-2
Added Pin To Net: NetName=15_0 Pin=M4_Sht5-V12P0_Jetson.SchDoc2-3
Added Pin To Net: NetName=27_0 Pin=M4_Sht5-V12P0_Jetson.SchDoc2-4
Added Pin To Net: NetName=11_0 Pin=M4_Sht5-V12P0_Jetson.SchDoc2-5
Added Pin To Net: NetName=11_0 Pin=M4_Sht5-V12P0_Jetson.SchDoc2-6
Added Pin To Net: NetName=11_0 Pin=M4_Sht5-V12P0_Jetson.SchDoc2-7
Added Pin To Net: NetName=11_0 Pin=M4_Sht5-V12P0_Jetson.SchDoc2-8
Added Pin To Net: NetName=11_0 Pin=M4_Sht5-V12P0_Jetson.SchDoc2-9
Added Pin To Net: NetName=26 Pin=M5-1
Added Pin To Net: NetName=26 Pin=M5-2
Added Pin To Net: NetName=26 Pin=M5-3
Added Pin To Net: NetName=33 Pin=M5-4
Added Pin To Net: NetName=VCC_BATT_FILT Pin=M5-5
Added Pin To Net: NetName=VCC_BATT_FILT Pin=M5-6
Added Pin To Net: NetName=VCC_BATT_FILT Pin=M5-7
Added Pin To Net: NetName=VCC_BATT_FILT Pin=M5-8
Added Pin To Net: NetName=VCC_BATT_FILT Pin=M5-9
Added Pin To Net: NetName=11 Pin=M6-1
Added Pin To Net: NetName=11 Pin=M6-2
Added Pin To Net: NetName=11 Pin=M6-3
Added Pin To Net: NetName=34 Pin=M6-4
Added Pin To Net: NetName=V12P0 Pin=M6-5
Added Pin To Net: NetName=V12P0 Pin=M6-6
Added Pin To Net: NetName=V12P0 Pin=M6-7
Added Pin To Net: NetName=V12P0 Pin=M6-8
Added Pin To Net: NetName=V12P0 Pin=M6-9
Added Pin To Net: NetName=15 Pin=M7-1
Added Pin To Net: NetName=15 Pin=M7-2
Added Pin To Net: NetName=15 Pin=M7-3
Added Pin To Net: NetName=32 Pin=M7-4
Added Pin To Net: NetName=26 Pin=M7-5
Added Pin To Net: NetName=26 Pin=M7-6
Added Pin To Net: NetName=26 Pin=M7-7
Added Pin To Net: NetName=26 Pin=M7-8
Added Pin To Net: NetName=26 Pin=M7-9
Added Pin To Net: NetName=15 Pin=M8-1
Added Pin To Net: NetName=15 Pin=M8-2
Added Pin To Net: NetName=15 Pin=M8-3
Added Pin To Net: NetName=27 Pin=M8-4
Added Pin To Net: NetName=11 Pin=M8-5
Added Pin To Net: NetName=11 Pin=M8-6
Added Pin To Net: NetName=11 Pin=M8-7
Added Pin To Net: NetName=11 Pin=M8-8
Added Pin To Net: NetName=11 Pin=M8-9
Added Pin To Net: NetName=GND Pin=Rcomp1_Sht5-V12P0_Jetson.SchDoc2-2
Added Pin To Net: NetName=NetCcomp4_2 Pin=Rcomp2-1
Added Pin To Net: NetName=GND Pin=Rcomp2-2
Added Pin To Net: NetName=GND Pin=Rcsg1_Sht5-V12P0_Jetson.SchDoc2-2
Added Pin To Net: NetName=NetCcs2_2 Pin=Rcsg2-1
Added Pin To Net: NetName=GND Pin=Rcsg2-2
Added Pin To Net: NetName=15_0 Pin=Rcsp1_Sht5-V12P0_Jetson.SchDoc2-2
Added Pin To Net: NetName=NetCcs2_1 Pin=Rcsp2-1
Added Pin To Net: NetName=15 Pin=Rcsp2-2
Added Pin To Net: NetName=NetDf2_1 Pin=Rf2-1
Added Pin To Net: NetName=NetCf2_1 Pin=Rf2-2
Added Pin To Net: NetName=GND Pin=Rfbb1_Sht5-V12P0_Jetson.SchDoc2-2
Added Pin To Net: NetName=NetRfbb2_1 Pin=Rfbb2-1
Added Pin To Net: NetName=GND Pin=Rfbb2-2
Added Pin To Net: NetName=NetRfbb2_1 Pin=Rfbb3-1
Added Pin To Net: NetName=GND Pin=Rfbb3-2
Added Pin To Net: NetName=V12P0_Jetson Pin=Rfbt1_Sht5-V12P0_Jetson.SchDoc2-1
Added Pin To Net: NetName=V12P0 Pin=Rfbt2-1
Added Pin To Net: NetName=NetRfbb2_1 Pin=Rfbt2-2
Added Pin To Net: NetName=GND Pin=Rmode1_Sht5-V12P0_Jetson.SchDoc2-2
Added Pin To Net: NetName=NetRmode2_1 Pin=Rmode2-1
Added Pin To Net: NetName=GND Pin=Rmode2-2
Added Pin To Net: NetName=NetCvcc2_1 Pin=Rpg2-1
Added Pin To Net: NetName=NetRpg2_2 Pin=Rpg2-2
Added Pin To Net: NetName=15_0 Pin=Rsense1_Sht5-V12P0_Jetson.SchDoc2-1
Added Pin To Net: NetName=GND Pin=Rsense1_Sht5-V12P0_Jetson.SchDoc2-2
Added Pin To Net: NetName=15 Pin=Rsense2-1
Added Pin To Net: NetName=GND Pin=Rsense2-2
Added Pin To Net: NetName=GND Pin=Rt1_Sht5-V12P0_Jetson.SchDoc2-2
Added Pin To Net: NetName=NetRt2_1 Pin=Rt2-1
Added Pin To Net: NetName=GND Pin=Rt2-2
Added Pin To Net: NetName=GND Pin=Ruvb1_Sht5-V12P0_Jetson.SchDoc2-2
Added Pin To Net: NetName=NetRuvb2_1 Pin=Ruvb2-1
Added Pin To Net: NetName=GND Pin=Ruvb2-2
Added Pin To Net: NetName=VCC_BATT_FILT Pin=Ruvt1_Sht5-V12P0_Jetson.SchDoc2-1
Added Pin To Net: NetName=VCC_BATT_FILT Pin=Ruvt2-1
Added Pin To Net: NetName=NetRuvb2_1 Pin=Ruvt2-2
Added Pin To Net: NetName=VCC_BATT_FILT Pin=Rvisns1_Sht5-V12P0_Jetson.SchDoc2-2
Added Pin To Net: NetName=NetRvisns2_1 Pin=Rvisns2-1
Added Pin To Net: NetName=VCC_BATT_FILT Pin=Rvisns2-2
Added Pin To Net: NetName=GND Pin=U1_Sht5-V12P0_Jetson.SchDoc2-2
Added Pin To Net: NetName=GND Pin=U1_Sht5-V12P0_Jetson.SchDoc2-7
Added Pin To Net: NetName=V12P0_Jetson Pin=U1_Sht5-V12P0_Jetson.SchDoc2-9
Added Pin To Net: NetName=GND Pin=U1_Sht5-V12P0_Jetson.SchDoc2-10
Added Pin To Net: NetName=GND Pin=U1_Sht5-V12P0_Jetson.SchDoc2-11
Added Pin To Net: NetName=11_0 Pin=U1_Sht5-V12P0_Jetson.SchDoc2-15
Added Pin To Net: NetName=34_0 Pin=U1_Sht5-V12P0_Jetson.SchDoc2-16
Added Pin To Net: NetName=27_0 Pin=U1_Sht5-V12P0_Jetson.SchDoc2-18
Added Pin To Net: NetName=GND Pin=U1_Sht5-V12P0_Jetson.SchDoc2-19
Added Pin To Net: NetName=32_0 Pin=U1_Sht5-V12P0_Jetson.SchDoc2-22
Added Pin To Net: NetName=33_0 Pin=U1_Sht5-V12P0_Jetson.SchDoc2-24
Added Pin To Net: NetName=26_0 Pin=U1_Sht5-V12P0_Jetson.SchDoc2-25
Added Pin To Net: NetName=GND Pin=U1_Sht5-V12P0_Jetson.SchDoc2-29
Added Pin To Net: NetName=NetRmode2_1 Pin=U5-1
Added Pin To Net: NetName=GND Pin=U5-2
Added Pin To Net: NetName=NetRt2_1 Pin=U5-3
Added Pin To Net: NetName=NetCslope2_1 Pin=U5-4
Added Pin To Net: NetName=NetCss2_1 Pin=U5-5
Added Pin To Net: NetName=NetCcomp3_1 Pin=U5-6
Added Pin To Net: NetName=GND Pin=U5-7
Added Pin To Net: NetName=NetRfbb2_1 Pin=U5-8
Added Pin To Net: NetName=V12P0 Pin=U5-9
Added Pin To Net: NetName=GND Pin=U5-10
Added Pin To Net: NetName=GND Pin=U5-11
Added Pin To Net: NetName=NetCcs2_2 Pin=U5-12
Added Pin To Net: NetName=NetCcs2_1 Pin=U5-13
Added Pin To Net: NetName=NetRpg2_2 Pin=U5-14
Added Pin To Net: NetName=11 Pin=U5-15
Added Pin To Net: NetName=34 Pin=U5-16
Added Pin To Net: NetName=NetCboot4_1 Pin=U5-17
Added Pin To Net: NetName=27 Pin=U5-18
Added Pin To Net: NetName=GND Pin=U5-19
Added Pin To Net: NetName=NetCvcc2_1 Pin=U5-20
Added Pin To Net: NetName=NetCbias2_1 Pin=U5-21
Added Pin To Net: NetName=32 Pin=U5-22
Added Pin To Net: NetName=NetCboot3_1 Pin=U5-23
Added Pin To Net: NetName=33 Pin=U5-24
Added Pin To Net: NetName=26 Pin=U5-25
Added Pin To Net: NetName=NetRuvb2_1 Pin=U5-26
Added Pin To Net: NetName=NetCf2_1 Pin=U5-27
Added Pin To Net: NetName=NetRvisns2_1 Pin=U5-28
Added Pin To Net: NetName=GND Pin=U5-29
Change Net Name : Old Net Name=NetCbias1_1 New Net Name=NetCbias1_Sht5-V12P0_Jetson.SchDoc1_1
Change Net Name : Old Net Name=NetCboot1_1 New Net Name=NetCboot1_Sht5-V12P0_Jetson.SchDoc1_1
Change Net Name : Old Net Name=NetCboot2_1 New Net Name=NetCboot2_Sht5-V12P0_Jetson.SchDoc1_1
Change Net Name : Old Net Name=NetCcomp1_1 New Net Name=NetCcomp1_Sht5-V12P0_Jetson.SchDoc1_1
Change Net Name : Old Net Name=NetCcs1_1 New Net Name=NetCcs1_Sht5-V12P0_Jetson.SchDoc1_1
Change Net Name : Old Net Name=NetCcs1_2 New Net Name=NetCcs1_Sht5-V12P0_Jetson.SchDoc1_2
Change Net Name : Old Net Name=NetCf1_1 New Net Name=NetCf1_Sht5-V12P0_Jetson.SchDoc1_1
Change Net Name : Old Net Name=NetCslope1_1 New Net Name=NetCslope1_Sht5-V12P0_Jetson.SchDoc1_1
Change Net Name : Old Net Name=NetCss1_1 New Net Name=NetCss1_Sht5-V12P0_Jetson.SchDoc1_1
Change Net Name : Old Net Name=NetCvcc1_1 New Net Name=NetCvcc1_Sht5-V12P0_Jetson.SchDoc1_1
Change Net Name : Old Net Name=NetDf1_1 New Net Name=NetDf1_Sht5-V12P0_Jetson.SchDoc1_1
Change Net Name : Old Net Name=NetRfbb1_1 New Net Name=NetRfbb1_Sht5-V12P0_Jetson.SchDoc1_1
Change Net Name : Old Net Name=NetRmode1_1 New Net Name=NetRmode1_Sht5-V12P0_Jetson.SchDoc1_1
Change Net Name : Old Net Name=NetRpg1_2 New Net Name=NetRpg1_Sht5-V12P0_Jetson.SchDoc1_2
Change Net Name : Old Net Name=NetRt1_1 New Net Name=NetRt1_Sht5-V12P0_Jetson.SchDoc1_1
Change Net Name : Old Net Name=NetRuvb1_1 New Net Name=NetRuvb1_Sht5-V12P0_Jetson.SchDoc1_1
Change Net Name : Old Net Name=NetRvisns1_1 New Net Name=NetRvisns1_Sht5-V12P0_Jetson.SchDoc1_1
Added Pin To Net: NetName=NetCbias1_Sht5-V12P0_Jetson.SchDoc2_1 Pin=Cbias1_Sht5-V12P0_Jetson.SchDoc2-1
Added Pin To Net: NetName=NetCbias1_Sht5-V12P0_Jetson.SchDoc2_1 Pin=U1_Sht5-V12P0_Jetson.SchDoc2-21
Added Net: Name=NetCbias1_Sht5-V12P0_Jetson.SchDoc2_1
Added Pin To Net: NetName=NetCboot1_Sht5-V12P0_Jetson.SchDoc2_1 Pin=Cboot1_Sht5-V12P0_Jetson.SchDoc2-1
Added Pin To Net: NetName=NetCboot1_Sht5-V12P0_Jetson.SchDoc2_1 Pin=Dboot1_Sht5-V12P0_Jetson.SchDoc2-1
Added Pin To Net: NetName=NetCboot1_Sht5-V12P0_Jetson.SchDoc2_1 Pin=U1_Sht5-V12P0_Jetson.SchDoc2-23
Added Net: Name=NetCboot1_Sht5-V12P0_Jetson.SchDoc2_1
Added Pin To Net: NetName=NetCboot2_Sht5-V12P0_Jetson.SchDoc2_1 Pin=Cboot2_Sht5-V12P0_Jetson.SchDoc2-1
Added Pin To Net: NetName=NetCboot2_Sht5-V12P0_Jetson.SchDoc2_1 Pin=Dboot2_Sht5-V12P0_Jetson.SchDoc2-1
Added Pin To Net: NetName=NetCboot2_Sht5-V12P0_Jetson.SchDoc2_1 Pin=U1_Sht5-V12P0_Jetson.SchDoc2-17
Added Net: Name=NetCboot2_Sht5-V12P0_Jetson.SchDoc2_1
Added Pin To Net: NetName=NetCcomp1_Sht5-V12P0_Jetson.SchDoc1_2 Pin=Ccomp1_Sht5-V12P0_Jetson.SchDoc1-2
Added Pin To Net: NetName=NetCcomp1_Sht5-V12P0_Jetson.SchDoc1_2 Pin=Ccomp_1_Sht5-V12P0_Jetson.SchDoc1-2
Added Pin To Net: NetName=NetCcomp1_Sht5-V12P0_Jetson.SchDoc1_2 Pin=Rcomp1_Sht5-V12P0_Jetson.SchDoc1-1
Added Net: Name=NetCcomp1_Sht5-V12P0_Jetson.SchDoc1_2
Added Pin To Net: NetName=NetCcomp1_Sht5-V12P0_Jetson.SchDoc2_1 Pin=Ccomp1_Sht5-V12P0_Jetson.SchDoc2-1
Added Pin To Net: NetName=NetCcomp1_Sht5-V12P0_Jetson.SchDoc2_1 Pin=Ccomp2_Sht5-V12P0_Jetson.SchDoc2-1
Added Pin To Net: NetName=NetCcomp1_Sht5-V12P0_Jetson.SchDoc2_1 Pin=Ccomp_1_Sht5-V12P0_Jetson.SchDoc2-1
Added Pin To Net: NetName=NetCcomp1_Sht5-V12P0_Jetson.SchDoc2_1 Pin=U1_Sht5-V12P0_Jetson.SchDoc2-6
Added Net: Name=NetCcomp1_Sht5-V12P0_Jetson.SchDoc2_1
Added Pin To Net: NetName=NetCcomp1_Sht5-V12P0_Jetson.SchDoc2_2 Pin=Ccomp1_Sht5-V12P0_Jetson.SchDoc2-2
Added Pin To Net: NetName=NetCcomp1_Sht5-V12P0_Jetson.SchDoc2_2 Pin=Ccomp_1_Sht5-V12P0_Jetson.SchDoc2-2
Added Pin To Net: NetName=NetCcomp1_Sht5-V12P0_Jetson.SchDoc2_2 Pin=Rcomp1_Sht5-V12P0_Jetson.SchDoc2-1
Added Net: Name=NetCcomp1_Sht5-V12P0_Jetson.SchDoc2_2
Added Pin To Net: NetName=NetCcs1_Sht5-V12P0_Jetson.SchDoc2_1 Pin=Ccs1_Sht5-V12P0_Jetson.SchDoc2-1
Added Pin To Net: NetName=NetCcs1_Sht5-V12P0_Jetson.SchDoc2_1 Pin=Rcsp1_Sht5-V12P0_Jetson.SchDoc2-1
Added Pin To Net: NetName=NetCcs1_Sht5-V12P0_Jetson.SchDoc2_1 Pin=U1_Sht5-V12P0_Jetson.SchDoc2-13
Added Net: Name=NetCcs1_Sht5-V12P0_Jetson.SchDoc2_1
Added Pin To Net: NetName=NetCcs1_Sht5-V12P0_Jetson.SchDoc2_2 Pin=Ccs1_Sht5-V12P0_Jetson.SchDoc2-2
Added Pin To Net: NetName=NetCcs1_Sht5-V12P0_Jetson.SchDoc2_2 Pin=Rcsg1_Sht5-V12P0_Jetson.SchDoc2-1
Added Pin To Net: NetName=NetCcs1_Sht5-V12P0_Jetson.SchDoc2_2 Pin=U1_Sht5-V12P0_Jetson.SchDoc2-12
Added Net: Name=NetCcs1_Sht5-V12P0_Jetson.SchDoc2_2
Added Pin To Net: NetName=NetCf1_Sht5-V12P0_Jetson.SchDoc2_1 Pin=Cf1_Sht5-V12P0_Jetson.SchDoc2-1
Added Pin To Net: NetName=NetCf1_Sht5-V12P0_Jetson.SchDoc2_1 Pin=Rf1_Sht5-V12P0_Jetson.SchDoc2-2
Added Pin To Net: NetName=NetCf1_Sht5-V12P0_Jetson.SchDoc2_1 Pin=U1_Sht5-V12P0_Jetson.SchDoc2-27
Added Net: Name=NetCf1_Sht5-V12P0_Jetson.SchDoc2_1
Added Pin To Net: NetName=NetCslope1_Sht5-V12P0_Jetson.SchDoc2_1 Pin=Cslope1_Sht5-V12P0_Jetson.SchDoc2-1
Added Pin To Net: NetName=NetCslope1_Sht5-V12P0_Jetson.SchDoc2_1 Pin=U1_Sht5-V12P0_Jetson.SchDoc2-4
Added Net: Name=NetCslope1_Sht5-V12P0_Jetson.SchDoc2_1
Added Pin To Net: NetName=NetCss1_Sht5-V12P0_Jetson.SchDoc2_1 Pin=Css1_Sht5-V12P0_Jetson.SchDoc2-1
Added Pin To Net: NetName=NetCss1_Sht5-V12P0_Jetson.SchDoc2_1 Pin=U1_Sht5-V12P0_Jetson.SchDoc2-5
Added Net: Name=NetCss1_Sht5-V12P0_Jetson.SchDoc2_1
Added Pin To Net: NetName=NetCvcc1_Sht5-V12P0_Jetson.SchDoc2_1 Pin=Cvcc1_Sht5-V12P0_Jetson.SchDoc2-1
Added Pin To Net: NetName=NetCvcc1_Sht5-V12P0_Jetson.SchDoc2_1 Pin=Dboot1_Sht5-V12P0_Jetson.SchDoc2-2
Added Pin To Net: NetName=NetCvcc1_Sht5-V12P0_Jetson.SchDoc2_1 Pin=Dboot2_Sht5-V12P0_Jetson.SchDoc2-2
Added Pin To Net: NetName=NetCvcc1_Sht5-V12P0_Jetson.SchDoc2_1 Pin=Rpg1_Sht5-V12P0_Jetson.SchDoc2-1
Added Pin To Net: NetName=NetCvcc1_Sht5-V12P0_Jetson.SchDoc2_1 Pin=U1_Sht5-V12P0_Jetson.SchDoc2-20
Added Net: Name=NetCvcc1_Sht5-V12P0_Jetson.SchDoc2_1
Added Pin To Net: NetName=NetDf1_Sht5-V12P0_Jetson.SchDoc2_1 Pin=Df1_Sht5-V12P0_Jetson.SchDoc2-1
Added Pin To Net: NetName=NetDf1_Sht5-V12P0_Jetson.SchDoc2_1 Pin=Rf1_Sht5-V12P0_Jetson.SchDoc2-1
Added Net: Name=NetDf1_Sht5-V12P0_Jetson.SchDoc2_1
Added Pin To Net: NetName=NetRfbb1_Sht5-V12P0_Jetson.SchDoc2_1 Pin=Rfbb1_Sht5-V12P0_Jetson.SchDoc2-1
Added Pin To Net: NetName=NetRfbb1_Sht5-V12P0_Jetson.SchDoc2_1 Pin=Rfbt1_Sht5-V12P0_Jetson.SchDoc2-2
Added Pin To Net: NetName=NetRfbb1_Sht5-V12P0_Jetson.SchDoc2_1 Pin=U1_Sht5-V12P0_Jetson.SchDoc2-8
Added Net: Name=NetRfbb1_Sht5-V12P0_Jetson.SchDoc2_1
Added Pin To Net: NetName=NetRmode1_Sht5-V12P0_Jetson.SchDoc2_1 Pin=Rmode1_Sht5-V12P0_Jetson.SchDoc2-1
Added Pin To Net: NetName=NetRmode1_Sht5-V12P0_Jetson.SchDoc2_1 Pin=U1_Sht5-V12P0_Jetson.SchDoc2-1
Added Net: Name=NetRmode1_Sht5-V12P0_Jetson.SchDoc2_1
Added Pin To Net: NetName=NetRpg1_Sht5-V12P0_Jetson.SchDoc2_2 Pin=Rpg1_Sht5-V12P0_Jetson.SchDoc2-2
Added Pin To Net: NetName=NetRpg1_Sht5-V12P0_Jetson.SchDoc2_2 Pin=U1_Sht5-V12P0_Jetson.SchDoc2-14
Added Net: Name=NetRpg1_Sht5-V12P0_Jetson.SchDoc2_2
Added Pin To Net: NetName=NetRt1_Sht5-V12P0_Jetson.SchDoc2_1 Pin=Rt1_Sht5-V12P0_Jetson.SchDoc2-1
Added Pin To Net: NetName=NetRt1_Sht5-V12P0_Jetson.SchDoc2_1 Pin=U1_Sht5-V12P0_Jetson.SchDoc2-3
Added Net: Name=NetRt1_Sht5-V12P0_Jetson.SchDoc2_1
Added Pin To Net: NetName=NetRuvb1_Sht5-V12P0_Jetson.SchDoc2_1 Pin=Ruvb1_Sht5-V12P0_Jetson.SchDoc2-1
Added Pin To Net: NetName=NetRuvb1_Sht5-V12P0_Jetson.SchDoc2_1 Pin=Ruvt1_Sht5-V12P0_Jetson.SchDoc2-2
Added Pin To Net: NetName=NetRuvb1_Sht5-V12P0_Jetson.SchDoc2_1 Pin=U1_Sht5-V12P0_Jetson.SchDoc2-26
Added Net: Name=NetRuvb1_Sht5-V12P0_Jetson.SchDoc2_1
Added Pin To Net: NetName=NetRvisns1_Sht5-V12P0_Jetson.SchDoc2_1 Pin=Rvisns1_Sht5-V12P0_Jetson.SchDoc2-1
Added Pin To Net: NetName=NetRvisns1_Sht5-V12P0_Jetson.SchDoc2_1 Pin=U1_Sht5-V12P0_Jetson.SchDoc2-28
Added Net: Name=NetRvisns1_Sht5-V12P0_Jetson.SchDoc2_1
Change Class Name : Old Net Name=Sht5-V12P0_Jetson New Net Name=Sht5-V12P0_Jetson.SchDoc1
Change Class Name : Old Net Name=Cbulk_3_Nets New Net Name=Cbulk_2_Sht5-V12P0_Jetson.SchDoc2_Nets
Change Class Name : Old Net Name=Cbulk_4_Nets New Net Name=Cbulk_2_Sht5-V12P0_Jetson.SchDoc1_Nets
Change Class Name : Old Net Name=Cin_1_Nets New Net Name=Cbulk_3_Sht5-V12P0_Jetson.SchDoc1_Nets
Change Class Name : Old Net Name=Coutx3_Nets New Net Name=Cout_1_Sht5-V12P0_Jetson.SchDoc2_Nets
Change Class Name : Old Net Name=L1_Nets New Net Name=L1_Sht5-V12P0_Jetson.SchDoc1_Nets
Change Class Name : Old Net Name=M1_Nets New Net Name=M1_Sht5-V12P0_Jetson.SchDoc1_Nets
Change Class Name : Old Net Name=M2_Nets New Net Name=M2_Sht5-V12P0_Jetson.SchDoc2_Nets
Change Class Name : Old Net Name=M3_Nets New Net Name=M3_Sht5-V12P0_Jetson.SchDoc1_Nets
Change Class Name : Old Net Name=M4_Nets New Net Name=M4_Sht5-V12P0_Jetson.SchDoc1_Nets
Change Class Name : Old Net Name=Rsense1_Nets New Net Name=Rsense1_Sht5-V12P0_Jetson.SchDoc2_Nets
Change Class Name : Old Net Name=U1_Nets New Net Name=M2_Sht5-V12P0_Jetson.SchDoc1_Nets
Added Class: Name=Sht5-V12P0_Jetson.SchDoc2
Added Class: Name=Cbias1_Sht5-V12P0_Jetson.SchDoc1_Nets
Added Class: Name=Cbias1_Sht5-V12P0_Jetson.SchDoc2_Nets
Added Class: Name=Cboot1_Sht5-V12P0_Jetson.SchDoc1_Nets
Added Class: Name=Cboot1_Sht5-V12P0_Jetson.SchDoc2_Nets
Added Class: Name=Cboot2_Sht5-V12P0_Jetson.SchDoc1_Nets
Added Class: Name=Cboot2_Sht5-V12P0_Jetson.SchDoc2_Nets
Added Class: Name=Cbulk1_Sht5-V12P0_Jetson.SchDoc1_Nets
Added Class: Name=Cbulk1_Sht5-V12P0_Jetson.SchDoc2_Nets
Added Class: Name=Cbulk_1_Sht5-V12P0_Jetson.SchDoc1_Nets
Added Class: Name=Cbulk_1_Sht5-V12P0_Jetson.SchDoc2_Nets
Added Class: Name=Cbulk_3_Sht5-V12P0_Jetson.SchDoc2_Nets
Added Class: Name=Cbulk_4_Sht5-V12P0_Jetson.SchDoc1_Nets
Added Class: Name=Cbulk_4_Sht5-V12P0_Jetson.SchDoc2_Nets
Added Class: Name=Ccomp1_Sht5-V12P0_Jetson.SchDoc1_Nets
Added Class: Name=Ccomp1_Sht5-V12P0_Jetson.SchDoc2_Nets
Added Class: Name=Ccomp2_Sht5-V12P0_Jetson.SchDoc1_Nets
Added Class: Name=Ccomp2_Sht5-V12P0_Jetson.SchDoc2_Nets
Added Class: Name=Ccomp_1_Sht5-V12P0_Jetson.SchDoc1_Nets
Added Class: Name=Ccomp_1_Sht5-V12P0_Jetson.SchDoc2_Nets
Added Class: Name=Ccs1_Sht5-V12P0_Jetson.SchDoc1_Nets
Added Class: Name=Ccs1_Sht5-V12P0_Jetson.SchDoc2_Nets
Added Class: Name=Cf1_Sht5-V12P0_Jetson.SchDoc1_Nets
Added Class: Name=Cf1_Sht5-V12P0_Jetson.SchDoc2_Nets
Added Class: Name=Cin1_Sht5-V12P0_Jetson.SchDoc1_Nets
Added Class: Name=Cin1_Sht5-V12P0_Jetson.SchDoc2_Nets
Added Class: Name=Cin_1_Sht5-V12P0_Jetson.SchDoc1_Nets
Added Class: Name=Cin_1_Sht5-V12P0_Jetson.SchDoc2_Nets
Added Class: Name=Cout1_Sht5-V12P0_Jetson.SchDoc1_Nets
Added Class: Name=Cout1_Sht5-V12P0_Jetson.SchDoc2_Nets
Added Class: Name=Cout_1_Sht5-V12P0_Jetson.SchDoc1_Nets
Added Class: Name=Coutx1_Sht5-V12P0_Jetson.SchDoc1_Nets
Added Class: Name=Coutx1_Sht5-V12P0_Jetson.SchDoc2_Nets
Added Class: Name=Coutx2_Sht5-V12P0_Jetson.SchDoc1_Nets
Added Class: Name=Coutx2_Sht5-V12P0_Jetson.SchDoc2_Nets
Added Class: Name=Coutx3_Sht5-V12P0_Jetson.SchDoc1_Nets
Added Class: Name=Coutx3_Sht5-V12P0_Jetson.SchDoc2_Nets
Added Class: Name=Cslope1_Sht5-V12P0_Jetson.SchDoc1_Nets
Added Class: Name=Cslope1_Sht5-V12P0_Jetson.SchDoc2_Nets
Added Class: Name=Css1_Sht5-V12P0_Jetson.SchDoc1_Nets
Added Class: Name=Css1_Sht5-V12P0_Jetson.SchDoc2_Nets
Added Class: Name=Cvcc1_Sht5-V12P0_Jetson.SchDoc1_Nets
Added Class: Name=Cvcc1_Sht5-V12P0_Jetson.SchDoc2_Nets
Added Class: Name=Dboot1_Sht5-V12P0_Jetson.SchDoc1_Nets
Added Class: Name=Dboot1_Sht5-V12P0_Jetson.SchDoc2_Nets
Added Class: Name=Dboot2_Sht5-V12P0_Jetson.SchDoc1_Nets
Added Class: Name=Dboot2_Sht5-V12P0_Jetson.SchDoc2_Nets
Added Class: Name=Df1_Sht5-V12P0_Jetson.SchDoc1_Nets
Added Class: Name=Df1_Sht5-V12P0_Jetson.SchDoc2_Nets
Added Class: Name=L1_Sht5-V12P0_Jetson.SchDoc2_Nets
Added Class: Name=M1_Sht5-V12P0_Jetson.SchDoc2_Nets
Added Class: Name=M3_Sht5-V12P0_Jetson.SchDoc2_Nets
Added Class: Name=M4_Sht5-V12P0_Jetson.SchDoc2_Nets
Added Class: Name=Rcomp1_Sht5-V12P0_Jetson.SchDoc1_Nets
Added Class: Name=Rcomp1_Sht5-V12P0_Jetson.SchDoc2_Nets
Added Class: Name=Rcsg1_Sht5-V12P0_Jetson.SchDoc1_Nets
Added Class: Name=Rcsg1_Sht5-V12P0_Jetson.SchDoc2_Nets
Added Class: Name=Rcsp1_Sht5-V12P0_Jetson.SchDoc1_Nets
Added Class: Name=Rcsp1_Sht5-V12P0_Jetson.SchDoc2_Nets
Added Class: Name=Rf1_Sht5-V12P0_Jetson.SchDoc1_Nets
Added Class: Name=Rf1_Sht5-V12P0_Jetson.SchDoc2_Nets
Added Class: Name=Rfbb1_Sht5-V12P0_Jetson.SchDoc1_Nets
Added Class: Name=Rfbb1_Sht5-V12P0_Jetson.SchDoc2_Nets
Added Class: Name=Rfbt1_Sht5-V12P0_Jetson.SchDoc1_Nets
Added Class: Name=Rfbt1_Sht5-V12P0_Jetson.SchDoc2_Nets
Added Class: Name=Rmode1_Sht5-V12P0_Jetson.SchDoc1_Nets
Added Class: Name=Rmode1_Sht5-V12P0_Jetson.SchDoc2_Nets
Added Class: Name=Rpg1_Sht5-V12P0_Jetson.SchDoc1_Nets
Added Class: Name=Rpg1_Sht5-V12P0_Jetson.SchDoc2_Nets
Added Class: Name=Rsense1_Sht5-V12P0_Jetson.SchDoc1_Nets
Added Class: Name=Rt1_Sht5-V12P0_Jetson.SchDoc1_Nets
Added Class: Name=Rt1_Sht5-V12P0_Jetson.SchDoc2_Nets
Added Class: Name=Ruvb1_Sht5-V12P0_Jetson.SchDoc1_Nets
Added Class: Name=Ruvb1_Sht5-V12P0_Jetson.SchDoc2_Nets
Added Class: Name=Ruvt1_Sht5-V12P0_Jetson.SchDoc1_Nets
Added Class: Name=Ruvt1_Sht5-V12P0_Jetson.SchDoc2_Nets
Added Class: Name=Rvisns1_Sht5-V12P0_Jetson.SchDoc1_Nets
Added Class: Name=Rvisns1_Sht5-V12P0_Jetson.SchDoc2_Nets
Added Class: Name=U1_Sht5-V12P0_Jetson.SchDoc1_Nets
Added Class: Name=U1_Sht5-V12P0_Jetson.SchDoc2_Nets
Added Class: Name=Sht5-V12P0_Jetson
Added Member To Class: ClassName=Sht2-V12P0 Member=Component Cbias2 08053C104KAT2A
Added Member To Class: ClassName=Sht2-V12P0 Member=Component Cboot3 06033C104KAT2A
Added Member To Class: ClassName=Sht2-V12P0 Member=Component Cboot4 06033C104KAT2A
Added Member To Class: ClassName=Sht2-V12P0 Member=Component Cbulk2 100SXV15M
Added Member To Class: ClassName=Sht2-V12P0 Member=Component Cbulk_5 100SXV15M
Added Member To Class: ClassName=Sht2-V12P0 Member=Component Cbulk_6 100SXV15M
Added Member To Class: ClassName=Sht2-V12P0 Member=Component Cbulk_7 100SXV15M
Added Member To Class: ClassName=Sht2-V12P0 Member=Component Cbulk_8 100SXV15M
Added Member To Class: ClassName=Sht2-V12P0 Member=Component Ccomp3 C0805C181K5GACTU
Added Member To Class: ClassName=Sht2-V12P0 Member=Component Ccomp4 CGA2B3X7R1H103K050BB
Added Member To Class: ClassName=Sht2-V12P0 Member=Component Ccomp_2 CGA2B3X7R1H103K050BB
Added Member To Class: ClassName=Sht2-V12P0 Member=Component Ccs2 06035A470JAT2A
Added Member To Class: ClassName=Sht2-V12P0 Member=Component Cf2 CGA3E2X7R1H104K080AA
Added Member To Class: ClassName=Sht2-V12P0 Member=Component Cin2
Added Member To Class: ClassName=Sht2-V12P0 Member=Component Cin_2 EEHZA1K330P
Added Member To Class: ClassName=Sht2-V12P0 Member=Component Cout2 16SVPF82M
Added Member To Class: ClassName=Sht2-V12P0 Member=Component Cout_2 16SVPF82M
Added Member To Class: ClassName=Sht2-V12P0 Member=Component Coutx4 C2012X5R1V226M125AC
Added Member To Class: ClassName=Sht2-V12P0 Member=Component Coutx5 C2012X5R1V226M125AC
Added Member To Class: ClassName=Sht2-V12P0 Member=Component Coutx6 C2012X5R1V226M125AC
Added Member To Class: ClassName=Sht2-V12P0 Member=Component Cslope2 CL10C221JB8NNNC
Added Member To Class: ClassName=Sht2-V12P0 Member=Component Css2 C0603C153J3GACTU
Added Member To Class: ClassName=Sht2-V12P0 Member=Component Cvcc2 EMK107B7105KA-T
Added Member To Class: ClassName=Sht2-V12P0 Member=Component Dboot3 GENERIC_DIODE
Added Member To Class: ClassName=Sht2-V12P0 Member=Component Dboot4 CDBK0520L-HF
Added Member To Class: ClassName=Sht2-V12P0 Member=Component Df2 GENERIC_DIODE
Added Member To Class: ClassName=Sht2-V12P0 Member=Component L5 SRP1270-3R3M
Added Member To Class: ClassName=Sht2-V12P0 Member=Component M5 CSD19534Q5A
Added Member To Class: ClassName=Sht2-V12P0 Member=Component M6 CSD17303Q5
Added Member To Class: ClassName=Sht2-V12P0 Member=Component M7 CSD19534Q5A
Added Member To Class: ClassName=Sht2-V12P0 Member=Component M8 CSD17573Q5B
Added Member To Class: ClassName=Sht2-V12P0 Member=Component Rcomp2 CRCW040212K7FKED
Added Member To Class: ClassName=Sht2-V12P0 Member=Component Rcsg2 CRCW0603100RFKEA
Added Member To Class: ClassName=Sht2-V12P0 Member=Component Rcsp2 CRCW0603100RFKEA
Added Member To Class: ClassName=Sht2-V12P0 Member=Component Rf2 RC0603FR-0710RL
Added Member To Class: ClassName=Sht2-V12P0 Member=Component Rfbb2 RC0603FR-0720KL
Added Member To Class: ClassName=Sht2-V12P0 Member=Component Rfbb3 RC0603FR-0720KL
Added Member To Class: ClassName=Sht2-V12P0 Member=Component Rfbt2 CRCW0603280KFKEA
Added Member To Class: ClassName=Sht2-V12P0 Member=Component Rmode2 RC0603FR-0793K1L
Added Member To Class: ClassName=Sht2-V12P0 Member=Component Rpg2 RC0603FR-0710KL
Added Member To Class: ClassName=Sht2-V12P0 Member=Component Rsense2 WSR37L000FEA
Added Member To Class: ClassName=Sht2-V12P0 Member=Component Rt2 CRCW040223K2FKED
Added Member To Class: ClassName=Sht2-V12P0 Member=Component Ruvb2 CRCW040271K5FKED
Added Member To Class: ClassName=Sht2-V12P0 Member=Component Ruvt2 CRCW0402249KFKED
Added Member To Class: ClassName=Sht2-V12P0 Member=Component Rvisns2 CRCW06032K00FKEA
Added Member To Class: ClassName=Sht2-V12P0 Member=Component U5 LM5176RHFT
Change Room Name: Old Name=RoomDefinition New Name=Sht2-V12P0
Change Room Scope: Old Scope=False New Scope=InComponentClass('Sht2-V12P0')
Added Room: Name=Designator
