Removed Pin From Net: NetName=V5P0_12V_EN Pin=C23-1
Removed Pin From Net: NetName=GND Pin=C23-2
Removed Pin From Net: NetName=V12P0_ARD Pin=C61-1
Removed Pin From Net: NetName=GND Pin=C61-2
Change Footprint: Footprint Not Found IND_SRP6540-8R2M
Change Component Footprint: Designator=C23 Old Footprint=FP-CGA3E-0_3-0_1-IPC_A New Footprint=CAPC0603(1608)100_L
Change Component Footprint: Designator=C61 Old Footprint=FP-CGA3E-0_3-0_1-IPC_A New Footprint=CAPC0603(1608)100_L
Change Component Comment : Designator=L1 Old Comment=IHLP2525CZER1R5M01 New Comment=1.5uH
Change Component Comment : Designator=L4 Old Comment=SRP6540-8R2M New Comment=8.2µH
Change Managed Component Library Link : Designator=C23 Old VaultGUID=B7D15EC3-160A-466F-A46C-7801FE6295A7 New VaultGUID=B7D15EC3-160A-466F-A46C-7801FE6295A7 Old ItemGUID=FBC477B4-40F4-40DC-B87C-C4741D060168 New ItemGUID=CE7C8EE3-57A5-45FB-A5FF-64C1097FD2A2 Old RevisionGUID=B8081B6D-2D82-4EC7-9D27-B6D5B23EF644 New RevisionGUID=2DCA04A6-3B85-46B5-A121-BAD5107DA2F2
Change Managed Component Library Link : Designator=C61 Old VaultGUID=B7D15EC3-160A-466F-A46C-7801FE6295A7 New VaultGUID=B7D15EC3-160A-466F-A46C-7801FE6295A7 Old ItemGUID=FBC477B4-40F4-40DC-B87C-C4741D060168 New ItemGUID=CE7C8EE3-57A5-45FB-A5FF-64C1097FD2A2 Old RevisionGUID=B8081B6D-2D82-4EC7-9D27-B6D5B23EF644 New RevisionGUID=2DCA04A6-3B85-46B5-A121-BAD5107DA2F2
Change component parameters: Designator = "C23" ("C23"); Footprint = "FP-CGA3E-0_3-0_1-IPC_A"; UniqueID = "\TGPOKRRE\CDNVEIVB" ("\TGPOKRRE\CDNVEIVB")
Change component parameters (AddParameter): Name = "Case-EIA"; Value = "0603"; VariantName = "[No Variations]"
Change component parameters (AddParameter): Name = "Case-Metric"; Value = "1608"; VariantName = "[No Variations]"
Change component parameters (AddParameter): Name = "Max Thickness"; Value = "1 mm"; VariantName = "[No Variations]"
Change component parameters (AddParameter): Name = "Rated Voltage"; Value = "100 V"; VariantName = "[No Variations]"
Change component parameters (AddParameter): Name = "Technology"; Value = "SMT"; VariantName = "[No Variations]"
Change component parameters (AddParameter): Name = "Tolerance"; Value = "Â±10%"; VariantName = "[No Variations]"
Change component parameters (AddParameter): Name = "Value"; Value = "100nF"; VariantName = "[No Variations]"
Change component parameters: Designator = "C61" ("C61"); Footprint = "FP-CGA3E-0_3-0_1-IPC_A"; UniqueID = "\HCTMQPSF\ZLABJMQP" ("\HCTMQPSF\ZLABJMQP")
Change component parameters (AddParameter): Name = "Case-EIA"; Value = "0603"; VariantName = "[No Variations]"
Change component parameters (AddParameter): Name = "Case-Metric"; Value = "1608"; VariantName = "[No Variations]"
Change component parameters (AddParameter): Name = "Max Thickness"; Value = "1 mm"; VariantName = "[No Variations]"
Change component parameters (AddParameter): Name = "Rated Voltage"; Value = "100 V"; VariantName = "[No Variations]"
Change component parameters (AddParameter): Name = "Technology"; Value = "SMT"; VariantName = "[No Variations]"
Change component parameters (AddParameter): Name = "Tolerance"; Value = "Â±10%"; VariantName = "[No Variations]"
Change component parameters (AddParameter): Name = "Value"; Value = "100nF"; VariantName = "[No Variations]"
Change component parameters: Designator = "L4" ("L4"); Footprint = "BOURNS SRP5030T"; UniqueID = "\UXMHVJDP\PAEBBLUV" ("\UXMHVJDP\PAEBBLUV")
Change component parameters (AddParameter): Name = "ComponentLink1Description"; Value = "Link"; VariantName = "[No Variations]"
Change component parameters (AddParameter): Name = "ComponentLink1URL"; Value = "https://www.digikey.com/en/products/detail/bourns-inc/SRP6540-8R2M/3986098?s=N4IgTCBcDaIMoCUAKA2ArAFgAwFoAcCYAsiALoC%2BQA"; VariantName = "[No Variations]"
Change component parameters (AddParameter): Name = "Digi-Key_Part_Number"; Value = "SRP6540-8R2MCT-ND"; VariantName = "[No Variations]"
Change component parameters (AddParameter): Name = "MF"; Value = "Bourns"; VariantName = "[No Variations]"
Change component parameters (AddParameter): Name = "MP"; Value = "SRP6540-8R2M"; VariantName = "[No Variations]"
Change component parameters (AddParameter): Name = "Package"; Value = "Nonstandard Bourns"; VariantName = "[No Variations]"
Change component parameters (AddParameter): Name = "Purchase-URL"; Value = "https://pricing.snapeda.com/search/part/SRP6540-8R2M/?ref=eda"; VariantName = "[No Variations]"
Change component parameters (AddParameter): Name = "SnapEDA_Link"; Value = "https://www.snapeda.com/parts/SRP6540-8R2M/Bourns/view-part/1329449/?ref=snap"; VariantName = "[No Variations]"
Change component parameters (AddParameter): Name = "Value"; Value = ""; VariantName = "[No Variations]"
Added Pin To Net: NetName=GND Pin=C23-1
Added Pin To Net: NetName=V5P0_12V_EN Pin=C23-2
Added Pin To Net: NetName=GND Pin=C61-1
Added Pin To Net: NetName=V12P0_ARD Pin=C61-2
