Change Class Name : Old Net Name=V5P0 New Net Name=Sht3-Regulators
Added Member To Class: ClassName=Sht3-Regulators Member=Component C1 100nF
Added Member To Class: ClassName=Sht3-Regulators Member=Component C2 4.7uF
Added Member To Class: ClassName=Sht3-Regulators Member=Component C3 4.7uF
Added Member To Class: ClassName=Sht3-Regulators Member=Component C4 75pF
Added Member To Class: ClassName=Sht3-Regulators Member=Component C5 4.7uF
Added Member To Class: ClassName=Sht3-Regulators Member=Component C6 47uF
Added Member To Class: ClassName=Sht3-Regulators Member=Component C7 1uF 25V
Added Member To Class: ClassName=Sht3-Regulators Member=Component C8 100nF
Added Member To Class: ClassName=Sht3-Regulators Member=Component C10 4.7uF
Added Member To Class: ClassName=Sht3-Regulators Member=Component C11 4.7uF
Added Member To Class: ClassName=Sht3-Regulators Member=Component C14 30pF
Added Member To Class: ClassName=Sht3-Regulators Member=Component C16 4.7uF
Added Member To Class: ClassName=Sht3-Regulators Member=Component C18 47uF
Added Member To Class: ClassName=Sht3-Regulators Member=Component C20 1uF 25V
Added Member To Class: ClassName=Sht3-Regulators Member=Component F1 Fuse Holder 3588
Added Member To Class: ClassName=Sht3-Regulators Member=Component F2 Fuse Holder 3588
Added Member To Class: ClassName=Sht3-Regulators Member=Component L2 6.8uH
Added Member To Class: ClassName=Sht3-Regulators Member=Component L3 SRP6540-8R2M
Added Member To Class: ClassName=Sht3-Regulators Member=Component R1 51K 1%
Added Member To Class: ClassName=Sht3-Regulators Member=Component R2 22K1 1%
Added Member To Class: ClassName=Sht3-Regulators Member=Component R3 88K7 1%
Added Member To Class: ClassName=Sht3-Regulators Member=Component R5 22K1 1%
Added Member To Class: ClassName=Sht3-Regulators Member=Component U2 LMR23630-Q1
Added Member To Class: ClassName=Sht3-Regulators Member=Component U3 LMR23630-Q1
