Added Component: Designator=J1(SAMTEC_TSW-115-05-G-S)
Add component (AddParameter): Name = "Availability"; Value = "Unavailable"; VariantName = "[No Variations]"
Add component (AddParameter): Name = "MF"; Value = "Samtec"; VariantName = "[No Variations]"
Add component (AddParameter): Name = "MP"; Value = "TSW-115-05-G-S"; VariantName = "[No Variations]"
Add component (AddParameter): Name = "Package"; Value = "None"; VariantName = "[No Variations]"
Add component (AddParameter): Name = "Price"; Value = "None"; VariantName = "[No Variations]"
Add component (AddParameter): Name = "Value"; Value = ""; VariantName = "[No Variations]"
Added Component: Designator=J(SAMTEC_TSW-115-05-G-S)
Add component (AddParameter): Name = "Availability"; Value = "Unavailable"; VariantName = "[No Variations]"
Add component (AddParameter): Name = "MF"; Value = "Samtec"; VariantName = "[No Variations]"
Add component (AddParameter): Name = "MP"; Value = "TSW-115-05-G-S"; VariantName = "[No Variations]"
Add component (AddParameter): Name = "Package"; Value = "None"; VariantName = "[No Variations]"
Add component (AddParameter): Name = "Price"; Value = "None"; VariantName = "[No Variations]"
Add component (AddParameter): Name = "Value"; Value = ""; VariantName = "[No Variations]"
Add Component: Footprint Not Found BOURNS SRP5030T
Add Component: Footprint Not Found BOURNS SRP5030T
Add Component: Footprint Not Found XT90
Add Component: Footprint Not Found WSLP59312L000FEA
Add Component: Footprint Not Found WSLP59312L000FEA
Add Pin To Net: Unknown Pin: Pin Ccomp1-1
Add Pin To Net: Unknown Pin: Pin Ccomp1-2
Add Pin To Net: Unknown Pin: Pin Ccomp2-1
Add Pin To Net: Unknown Pin: Pin Ccomp2-2
Add Pin To Net: Unknown Pin: Pin Ccomp3-1
Add Pin To Net: Unknown Pin: Pin Ccomp3-2
Add Pin To Net: Unknown Pin: Pin Ccomp4-1
Add Pin To Net: Unknown Pin: Pin Ccomp4-2
Add Pin To Net: Unknown Pin: Pin Ccomp_1-1
Add Pin To Net: Unknown Pin: Pin Ccomp_1-2
Add Pin To Net: Unknown Pin: Pin Ccomp_2-1
Add Pin To Net: Unknown Pin: Pin Ccomp_2-2
Add Pin To Net: Unknown Pin: Pin Cf1-1
Add Pin To Net: Unknown Pin: Pin Cf1-2
Add Pin To Net: Unknown Pin: Pin Cf2-1
Add Pin To Net: Unknown Pin: Pin Cf2-2
Add Pin To Net: Unknown Pin: Pin Coutx1-1
Add Pin To Net: Unknown Pin: Pin Coutx1-2
Add Pin To Net: Unknown Pin: Pin Coutx2-1
Add Pin To Net: Unknown Pin: Pin Coutx2-2
Add Pin To Net: Unknown Pin: Pin Coutx3-1
Add Pin To Net: Unknown Pin: Pin Coutx3-2
Add Pin To Net: Unknown Pin: Pin Coutx4-1
Add Pin To Net: Unknown Pin: Pin Coutx4-2
Add Pin To Net: Unknown Pin: Pin Coutx5-1
Add Pin To Net: Unknown Pin: Pin Coutx5-2
Add Pin To Net: Unknown Pin: Pin Coutx6-1
Add Pin To Net: Unknown Pin: Pin Coutx6-2
Add Pin To Net: Unknown Pin: Pin Dboot1-1
Add Pin To Net: Unknown Pin: Pin Dboot1-2
Add Pin To Net: Unknown Pin: Pin Dboot3-1
Add Pin To Net: Unknown Pin: Pin Dboot3-2
Add Pin To Net: Unknown Pin: Pin Df1-1
Add Pin To Net: Unknown Pin: Pin Df1-2
Add Pin To Net: Unknown Pin: Pin Df2-1
Add Pin To Net: Unknown Pin: Pin Df2-2
Added Pin To Net: NetName=Ard_D12 Pin=J1-01
Added Pin To Net: NetName=Ard_D11 Pin=J1-02
Added Pin To Net: NetName=Ard_D10 Pin=J1-03
Added Pin To Net: NetName=Ard_D9 Pin=J1-04
Added Pin To Net: NetName=Ard_D8 Pin=J1-05
Added Pin To Net: NetName=Ard_D7 Pin=J1-06
Added Pin To Net: NetName=Ard_D6 Pin=J1-07
Added Pin To Net: NetName=Ard_D5 Pin=J1-08
Added Pin To Net: NetName=Ard_D4 Pin=J1-09
Added Pin To Net: NetName=Ard_D3 Pin=J1-10
Added Pin To Net: NetName=Ard_D2 Pin=J1-11
Added Pin To Net: NetName=Ard_AREF Pin=J1-12
Added Pin To Net: NetName=Ard_RESET Pin=J1-13
Added Pin To Net: NetName=Ard_D0/RX Pin=J1-14
Added Pin To Net: NetName=Ard_D1/TX Pin=J1-15
Added Pin To Net: NetName=Ard_D13 Pin=J-01
Added Pin To Net: NetName=Ard_3V3 Pin=J-02
Added Pin To Net: NetName=Ard_AREF Pin=J-03
Added Pin To Net: NetName=Ard_A0 Pin=J-04
Added Pin To Net: NetName=Ard_A1 Pin=J-05
Added Pin To Net: NetName=Ard_A2 Pin=J-06
Added Pin To Net: NetName=Ard_A3 Pin=J-07
Added Pin To Net: NetName=Ard_A4/SDA Pin=J-08
Added Pin To Net: NetName=Ard_A5/SCL Pin=J-09
Added Pin To Net: NetName=Ard_A6 Pin=J-10
Added Pin To Net: NetName=Ard_A7 Pin=J-11
Added Pin To Net: NetName=Ard_5V Pin=J-12
Added Pin To Net: NetName=Ard_RESET Pin=J-13
Added Pin To Net: NetName=Ard_AREF Pin=J-14
Added Pin To Net: NetName=Ard_VIN Pin=J-15
Add Pin To Net: Unknown Pin: Pin L3-1
Add Pin To Net: Unknown Pin: Pin L3-2
Add Pin To Net: Unknown Pin: Pin L4-1
Add Pin To Net: Unknown Pin: Pin L4-2
Add Pin To Net: Unknown Pin: Pin P3-1
Add Pin To Net: Unknown Pin: Pin P3-2
Add Pin To Net: Unknown Pin: Pin R17-1
Add Pin To Net: Unknown Pin: Pin R17-2
Add Pin To Net: Unknown Pin: Pin R18-1
Add Pin To Net: Unknown Pin: Pin R18-2
Add Pin To Net: Unknown Pin: Pin Rcomp1-1
Add Pin To Net: Unknown Pin: Pin Rcomp1-2
Add Pin To Net: Unknown Pin: Pin Rcomp2-1
Add Pin To Net: Unknown Pin: Pin Rcomp2-2
Add Pin To Net: Unknown Pin: Pin Rsense2-1
Add Pin To Net: Unknown Pin: Pin Rsense2-2
Add Pin To Net: Unknown Pin: Pin Rvisns1-1
Add Pin To Net: Unknown Pin: Pin Rvisns1-2
Add Class Member: Failed to add class member : Component Ccomp1 C0805C181K5GACTU
Add Class Member: Failed to add class member : Component Ccomp2 CGA2B3X7R1H103K050BB
Add Class Member: Failed to add class member : Component Ccomp3 C0805C181K5GACTU
Add Class Member: Failed to add class member : Component Ccomp4 CGA2B3X7R1H103K050BB
Add Class Member: Failed to add class member : Component Ccomp_1 CGA2B3X7R1H103K050BB
Add Class Member: Failed to add class member : Component Ccomp_2 CGA2B3X7R1H103K050BB
Add Class Member: Failed to add class member : Component Cf1 CGA3E2X7R1H104K080AA
Add Class Member: Failed to add class member : Component Cf2 CGA3E2X7R1H104K080AA
Add Class Member: Failed to add class member : Component Coutx1 C2012X5R1V226M125AC
Add Class Member: Failed to add class member : Component Coutx2 C2012X5R1V226M125AC
Add Class Member: Failed to add class member : Component Coutx3 C2012X5R1V226M125AC
Add Class Member: Failed to add class member : Component Coutx4 C2012X5R1V226M125AC
Add Class Member: Failed to add class member : Component Coutx5 C2012X5R1V226M125AC
Add Class Member: Failed to add class member : Component Coutx6 C2012X5R1V226M125AC
Add Class Member: Failed to add class member : Component Dboot1 GENERIC_DIODE
Add Class Member: Failed to add class member : Component Dboot3 GENERIC_DIODE
Add Class Member: Failed to add class member : Component Df1 GENERIC_DIODE
Add Class Member: Failed to add class member : Component Df2 GENERIC_DIODE
Added Member To Class: ClassName=Sht4-Interfaces Member=Component J1 TSW-115-05-G-S
Added Member To Class: ClassName=Sht4-Interfaces Member=Component J TSW-115-05-G-S
Add Class Member: Failed to add class member : Component L3 SRP6540-8R2M
Add Class Member: Failed to add class member : Component L4 SRP6540-8R2M
Add Class Member: Failed to add class member : Component P3 XT90
Add Class Member: Failed to add class member : Component R17 WSLP59312 2mR 8W
Add Class Member: Failed to add class member : Component R18 WSLP59312 2mR 8W
Add Class Member: Failed to add class member : Component Rcomp1 CRCW040212K7FKED
Add Class Member: Failed to add class member : Component Rcomp2 CRCW040212K7FKED
Add Class Member: Failed to add class member : Component Rsense2 WSR37L000FEA
Add Class Member: Failed to add class member : Component Rvisns1 CRCW06032K00FKEA
