Added Component: Designator=D4(LED_0805)
Add component (AddParameter): Name = "Category"; Value = "Optoelectronics"; VariantName = "[No Variations]"
Add component (AddParameter): Name = "Color"; Value = "Green"; VariantName = "[No Variations]"
Add component (AddParameter): Name = "ComponentLink1Description"; Value = "http://optoelectronics.liteon.com/upload/download/DS22-2000-118/LTST-C171KGKT.pdf"; VariantName = "[No Variations]"
Add component (AddParameter): Name = "ComponentLink1URL"; Value = "http://optoelectronics.liteon.com/upload/download/DS22-2000-118/LTST-C171KGKT.pdf"; VariantName = "[No Variations]"
Add component (AddParameter): Name = "Current - Test"; Value = "20mA"; VariantName = "[No Variations]"
Add component (AddParameter): Name = "Features"; Value = "-"; VariantName = "[No Variations]"
Add component (AddParameter): Name = "Height (Max)"; Value = "0.90mm"; VariantName = "[No Variations]"
Add component (AddParameter): Name = "Lens Color"; Value = "Colorless"; VariantName = "[No Variations]"
Add component (AddParameter): Name = "Lens Style/Size"; Value = "Rectangle with Flat Top, 1.40mm x 1.25mm"; VariantName = "[No Variations]"
Add component (AddParameter): Name = "Lens Transparency"; Value = "Clear"; VariantName = "[No Variations]"
Add component (AddParameter): Name = "Manufacturer"; Value = "Lite-On Inc."; VariantName = "[No Variations]"
Add component (AddParameter): Name = "Manufacturer Part Number"; Value = "LTST-C171KGKT"; VariantName = "[No Variations]"
Add component (AddParameter): Name = "Millicandela Rating"; Value = "35mcd"; VariantName = "[No Variations]"
Add component (AddParameter): Name = "Mounting Type"; Value = "Surface Mount"; VariantName = "[No Variations]"
Add component (AddParameter): Name = "Package / Case"; Value = "0805 (2012 Metric)"; VariantName = "[No Variations]"
Add component (AddParameter): Name = "Packaging"; Value = "Cut Tape (CT)"; VariantName = "[No Variations]"
Add component (AddParameter): Name = "Part Status"; Value = "Active"; VariantName = "[No Variations]"
Add component (AddParameter): Name = "Pricing 1"; Value = "1=0.31, 10=0.225, 25=0.1656, 100=0.1183, 250=0.0804, 500=0.07096, 1000=0.05558 (USD)"; VariantName = "[No Variations]"
Add component (AddParameter): Name = "RoHS"; Value = "RoHS Compliant"; VariantName = "[No Variations]"
Add component (AddParameter): Name = "Size / Dimension"; Value = "2.00mm L x 1.25mm W"; VariantName = "[No Variations]"
Add component (AddParameter): Name = "Stock 1"; Value = "350441"; VariantName = "[No Variations]"
Add component (AddParameter): Name = "Supplier 1"; Value = "Digi-Key"; VariantName = "[No Variations]"
Add component (AddParameter): Name = "Supplier Part Number 1"; Value = "160-1426-1-ND"; VariantName = "[No Variations]"
Add component (AddParameter): Name = "Viewing Angle"; Value = "130°"; VariantName = "[No Variations]"
Add component (AddParameter): Name = "Voltage - Forward (Vf) (Typ)"; Value = "2V"; VariantName = "[No Variations]"
Add component (AddParameter): Name = "Wavelength - Dominant"; Value = "571nm"; VariantName = "[No Variations]"
Add component (AddParameter): Name = "Wavelength - Peak"; Value = "574nm"; VariantName = "[No Variations]"
Added Component: Designator=D11(LED_0805)
Add component (AddParameter): Name = "Category"; Value = "Optoelectronics"; VariantName = "[No Variations]"
Add component (AddParameter): Name = "Color"; Value = "Green"; VariantName = "[No Variations]"
Add component (AddParameter): Name = "ComponentLink1Description"; Value = "http://optoelectronics.liteon.com/upload/download/DS22-2000-118/LTST-C171KGKT.pdf"; VariantName = "[No Variations]"
Add component (AddParameter): Name = "ComponentLink1URL"; Value = "http://optoelectronics.liteon.com/upload/download/DS22-2000-118/LTST-C171KGKT.pdf"; VariantName = "[No Variations]"
Add component (AddParameter): Name = "Current - Test"; Value = "20mA"; VariantName = "[No Variations]"
Add component (AddParameter): Name = "Features"; Value = "-"; VariantName = "[No Variations]"
Add component (AddParameter): Name = "Height (Max)"; Value = "0.90mm"; VariantName = "[No Variations]"
Add component (AddParameter): Name = "Lens Color"; Value = "Colorless"; VariantName = "[No Variations]"
Add component (AddParameter): Name = "Lens Style/Size"; Value = "Rectangle with Flat Top, 1.40mm x 1.25mm"; VariantName = "[No Variations]"
Add component (AddParameter): Name = "Lens Transparency"; Value = "Clear"; VariantName = "[No Variations]"
Add component (AddParameter): Name = "Manufacturer"; Value = "Lite-On Inc."; VariantName = "[No Variations]"
Add component (AddParameter): Name = "Manufacturer Part Number"; Value = "LTST-C171KGKT"; VariantName = "[No Variations]"
Add component (AddParameter): Name = "Millicandela Rating"; Value = "35mcd"; VariantName = "[No Variations]"
Add component (AddParameter): Name = "Mounting Type"; Value = "Surface Mount"; VariantName = "[No Variations]"
Add component (AddParameter): Name = "Package / Case"; Value = "0805 (2012 Metric)"; VariantName = "[No Variations]"
Add component (AddParameter): Name = "Packaging"; Value = "Cut Tape (CT)"; VariantName = "[No Variations]"
Add component (AddParameter): Name = "Part Status"; Value = "Active"; VariantName = "[No Variations]"
Add component (AddParameter): Name = "Pricing 1"; Value = "1=0.31, 10=0.225, 25=0.1656, 100=0.1183, 250=0.0804, 500=0.07096, 1000=0.05558 (USD)"; VariantName = "[No Variations]"
Add component (AddParameter): Name = "RoHS"; Value = "RoHS Compliant"; VariantName = "[No Variations]"
Add component (AddParameter): Name = "Size / Dimension"; Value = "2.00mm L x 1.25mm W"; VariantName = "[No Variations]"
Add component (AddParameter): Name = "Stock 1"; Value = "350441"; VariantName = "[No Variations]"
Add component (AddParameter): Name = "Supplier 1"; Value = "Digi-Key"; VariantName = "[No Variations]"
Add component (AddParameter): Name = "Supplier Part Number 1"; Value = "160-1426-1-ND"; VariantName = "[No Variations]"
Add component (AddParameter): Name = "Viewing Angle"; Value = "130°"; VariantName = "[No Variations]"
Add component (AddParameter): Name = "Voltage - Forward (Vf) (Typ)"; Value = "2V"; VariantName = "[No Variations]"
Add component (AddParameter): Name = "Wavelength - Dominant"; Value = "571nm"; VariantName = "[No Variations]"
Add component (AddParameter): Name = "Wavelength - Peak"; Value = "574nm"; VariantName = "[No Variations]"
Added Component: Designator=R36(RESC0603(1608)_L)
Add component (AddParameter): Name = "Case-EIA"; Value = "0603"; VariantName = "[No Variations]"
Add component (AddParameter): Name = "Case-Metric"; Value = "1608"; VariantName = "[No Variations]"
Add component (AddParameter): Name = "Power"; Value = "0.1 W"; VariantName = "[No Variations]"
Add component (AddParameter): Name = "Technology"; Value = "SMT"; VariantName = "[No Variations]"
Add component (AddParameter): Name = "Tolerance"; Value = "5 %"; VariantName = "[No Variations]"
Add component (AddParameter): Name = "Value"; Value = "220.00 Ohm"; VariantName = "[No Variations]"
Added Component: Designator=R37(RESC0603(1608)_L)
Add component (AddParameter): Name = "Case-EIA"; Value = "0603"; VariantName = "[No Variations]"
Add component (AddParameter): Name = "Case-Metric"; Value = "1608"; VariantName = "[No Variations]"
Add component (AddParameter): Name = "Power"; Value = "0.1 W"; VariantName = "[No Variations]"
Add component (AddParameter): Name = "Technology"; Value = "SMT"; VariantName = "[No Variations]"
Add component (AddParameter): Name = "Tolerance"; Value = "1 %"; VariantName = "[No Variations]"
Add component (AddParameter): Name = "Value"; Value = "681.00 Ohm"; VariantName = "[No Variations]"
Added Component: Designator=TP5(Test Point Pad)
Added Component: Designator=TP12(Test Point Pad)
Added Component: Designator=TP13(Test Point Pad)
Added Component: Designator=TP14(Test Point Pad)
Added Component: Designator=TP15(Test Point Pad)
Added Component: Designator=TP16(Test Point Pad)
Added Component: Designator=TP17(Test Point Pad)
Added Component: Designator=TP18(Test Point Pad)
Added Component: Designator=TP19(Test Point Pad)
Added Component: Designator=TP20(Test Point Pad)
Added Component: Designator=TP21(Test Point Pad)
Added Component: Designator=TP22(Test Point Pad)
Added Component: Designator=TP23(Test Point Pad)
Added Component: Designator=TP24(Test Point Pad)
Added Component: Designator=TP25(Test Point Pad)
Added Component: Designator=TP26(Test Point Pad)
Added Component: Designator=TP27(Test Point Pad)
Added Component: Designator=TP28(Test Point Pad)
Added Component: Designator=TP29(Test Point Pad)
Added Component: Designator=TP30(Test Point Pad)
Added Component: Designator=TP31(Test Point Pad)
Added Component: Designator=TP32(Test Point Pad)
Added Component: Designator=TP33(Test Point Pad)
Added Component: Designator=TP34(Test Point Pad)
Added Pin To Net: NetName=GND Pin=D4-1
Added Pin To Net: NetName=GND Pin=D11-1
Added Pin To Net: NetName=V5P0_12V_EN Pin=R36-2
Added Pin To Net: NetName=V12P0_ARD Pin=R37-2
Added Pin To Net: NetName=V5P0_S_Sense Pin=TP5-1
Added Pin To Net: NetName=V5P0_Sense Pin=TP12-1
Added Pin To Net: NetName=V12P0_Sense Pin=TP13-1
Added Pin To Net: NetName=VCC_Sense Pin=TP14-1
Added Pin To Net: NetName=VTHRUST_Sense Pin=TP15-1
Added Pin To Net: NetName=V12P0_ARD Pin=TP16-1
Added Pin To Net: NetName=THRST_EN Pin=TP17-1
Added Pin To Net: NetName=NetP1_5 Pin=TP18-1
Added Pin To Net: NetName=MUX_S0 Pin=TP19-1
Added Pin To Net: NetName=MUX_S1 Pin=TP20-1
Added Pin To Net: NetName=MUX_S2 Pin=TP21-1
Added Pin To Net: NetName=V5P0_12V_EN Pin=TP22-1
Added Pin To Net: NetName=SGND Pin=TP23-1
Added Pin To Net: NetName=NetR30_2 Pin=TP24-1
Added Pin To Net: NetName=NetL5_2 Pin=TP25-1
Added Pin To Net: NetName=NetL5_1 Pin=TP26-1
Added Pin To Net: NetName=NetR34_2 Pin=TP27-1
Added Pin To Net: NetName=V12P0_SYNC Pin=TP28-1
Added Pin To Net: NetName=NetL6_2 Pin=TP29-1
Added Pin To Net: NetName=NetL6_1 Pin=TP30-1
Added Pin To Net: NetName=GND Pin=TP31-1
Added Pin To Net: NetName=GND Pin=TP32-1
Added Pin To Net: NetName=GND Pin=TP33-1
Added Pin To Net: NetName=GND Pin=TP34-1
Added Pin To Net: NetName=NetD4_2 Pin=D4-2
Added Pin To Net: NetName=NetD4_2 Pin=R36-1
Added Net: Name=NetD4_2
Added Pin To Net: NetName=NetD11_2 Pin=D11-2
Added Pin To Net: NetName=NetD11_2 Pin=R37-1
Added Net: Name=NetD11_2
Added Class: Name=D4_Nets
Added Class: Name=D11_Nets
Added Class: Name=R36_Nets
Added Class: Name=R37_Nets
Added Class: Name=TP5_Nets
Added Class: Name=TP12_Nets
Added Class: Name=TP13_Nets
Added Class: Name=TP14_Nets
Added Class: Name=TP15_Nets
Added Class: Name=TP16_Nets
Added Class: Name=TP17_Nets
Added Class: Name=TP18_Nets
Added Class: Name=TP19_Nets
Added Class: Name=TP20_Nets
Added Class: Name=TP21_Nets
Added Class: Name=TP22_Nets
Added Class: Name=TP23_Nets
Added Class: Name=TP24_Nets
Added Class: Name=TP25_Nets
Added Class: Name=TP26_Nets
Added Class: Name=TP27_Nets
Added Class: Name=TP28_Nets
Added Class: Name=TP29_Nets
Added Class: Name=TP30_Nets
Added Class: Name=TP31_Nets
Added Class: Name=TP32_Nets
Added Class: Name=TP33_Nets
Added Class: Name=TP34_Nets
Added Member To Class: ClassName=Designator Member=Component D4 LED GREEN
Added Member To Class: ClassName=Designator Member=Component D11 LED GREEN
Added Member To Class: ClassName=Designator Member=Component R36 220R
Added Member To Class: ClassName=Designator Member=Component R37 681R
Added Member To Class: ClassName=Designator Member=Component TP5 Test Point Pad
Added Member To Class: ClassName=Designator Member=Component TP12 Test Point Pad
Added Member To Class: ClassName=Designator Member=Component TP13 Test Point Pad
Added Member To Class: ClassName=Designator Member=Component TP14 Test Point Pad
Added Member To Class: ClassName=Designator Member=Component TP15 Test Point Pad
Added Member To Class: ClassName=Designator Member=Component TP16 Test Point Pad
Added Member To Class: ClassName=Designator Member=Component TP17 Test Point Pad
Added Member To Class: ClassName=Designator Member=Component TP18 Test Point Pad
Added Member To Class: ClassName=Designator Member=Component TP19 Test Point Pad
Added Member To Class: ClassName=Designator Member=Component TP20 Test Point Pad
Added Member To Class: ClassName=Designator Member=Component TP21 Test Point Pad
Added Member To Class: ClassName=Sht2-V12P0_reg Member=Component TP22 Test Point Pad
Added Member To Class: ClassName=Sht2-V12P0_reg Member=Component TP23 Test Point Pad
Added Member To Class: ClassName=Sht2-V12P0_reg Member=Component TP24 Test Point Pad
Added Member To Class: ClassName=Sht2-V12P0_reg Member=Component TP25 Test Point Pad
Added Member To Class: ClassName=Sht2-V12P0_reg Member=Component TP26 Test Point Pad
Added Member To Class: ClassName=Sht2-V12P0_reg Member=Component TP27 Test Point Pad
Added Member To Class: ClassName=Sht2-V12P0_reg Member=Component TP28 Test Point Pad
Added Member To Class: ClassName=Sht2-V12P0_reg Member=Component TP29 Test Point Pad
Added Member To Class: ClassName=Sht2-V12P0_reg Member=Component TP30 Test Point Pad
Added Member To Class: ClassName=Designator Member=Component TP31 Test Point Pad
Added Member To Class: ClassName=Designator Member=Component TP32 Test Point Pad
Added Member To Class: ClassName=Designator Member=Component TP33 Test Point Pad
Added Member To Class: ClassName=Designator Member=Component TP34 Test Point Pad
Added Room: Name=Designator
Added Room: Name=Designator
