Add Component: Footprint Not Found LED_0805
Add Component: Footprint Not Found LED_0805
Add Component: Footprint Not Found LED_0805
Add Component: Footprint Not Found LED_0805
Add Component: Footprint Not Found LED_0805
Add Component: Footprint Not Found LED_0805
Add Component: Footprint Not Found LED_0805
Add Component: Footprint Not Found LED_0805
Add Component: Footprint Not Found SBRT15U50SP5-13
Add Component: Footprint Not Found Fuse Holder 3588
Add Component: Footprint Not Found Fuse Holder 3588
Add Component: Footprint Not Found Fuse Holder 3588
Add Component: Footprint Not Found SAMTEC_TSW-115-05-G-S
Add Component: Footprint Not Found SAMTEC_TSW-115-05-G-S
Add Component: Footprint Not Found BOURNS SRP5030T
Add Component: Footprint Not Found BOURNS SRP5030T
Add Component: Footprint Not Found Mounting Hole #4-40
Add Component: Footprint Not Found Mounting Hole #4-40
Add Component: Footprint Not Found Mounting Hole #4-40
Add Component: Footprint Not Found Mounting Hole #4-40
Add Component: Footprint Not Found Net_Tie_80mil
Add Component: Footprint Not Found MOLEX NANO-FIT 2X7 - Right Angle
Add Component: Footprint Not Found MOLEX NANO-FIT 2X7 - Right Angle
Add Component: Footprint Not Found XT90
Add Component: Footprint Not Found WSLP59312L000FEA
Add Component: Footprint Not Found WSLP59312L000FEA
Add Component: Footprint Not Found Test Point Loop - Black
Add Component: Footprint Not Found Test Point Loop - Black
Add Component: Footprint Not Found Test Point Loop - Black
Add Component: Footprint Not Found Test Point Loop - Black
Add Component: Footprint Not Found Test Point Loop - Black
Add Component: Footprint Not Found Test Point Loop - Black
Add Component: Footprint Not Found Test Point Loop - Black
Add Component: Footprint Not Found Test Point Loop - Black
Add Component: Footprint Not Found Test Point Loop - Black
Add Component: Footprint Not Found Test Point Loop - Black
Add Component: Footprint Not Found Test Point Loop - Black
Add Component: Footprint Not Found DDA0008E_N
Add Component: Footprint Not Found DDA0008E_N
Add Component: Footprint Not Found DDA0008E_N
Add Pin To Net: Unknown Pin: Pin Cbias1-1
Add Pin To Net: Unknown Pin: Pin Cbias1-2
Add Pin To Net: Unknown Pin: Pin Cbias2-1
Add Pin To Net: Unknown Pin: Pin Cbias2-2
Add Pin To Net: Unknown Pin: Pin Cboot1-1
Add Pin To Net: Unknown Pin: Pin Cboot1-2
Add Pin To Net: Unknown Pin: Pin Cboot2-1
Add Pin To Net: Unknown Pin: Pin Cboot2-2
Add Pin To Net: Unknown Pin: Pin Cboot3-1
Add Pin To Net: Unknown Pin: Pin Cboot3-2
Add Pin To Net: Unknown Pin: Pin Cboot4-1
Add Pin To Net: Unknown Pin: Pin Cboot4-2
Add Pin To Net: Unknown Pin: Pin Cbulk1-1
Add Pin To Net: Unknown Pin: Pin Cbulk1-2
Add Pin To Net: Unknown Pin: Pin Cbulk2-1
Add Pin To Net: Unknown Pin: Pin Cbulk2-2
Add Pin To Net: Unknown Pin: Pin Cbulk_1-1
Add Pin To Net: Unknown Pin: Pin Cbulk_1-2
Add Pin To Net: Unknown Pin: Pin Cbulk_2-1
Add Pin To Net: Unknown Pin: Pin Cbulk_2-2
Add Pin To Net: Unknown Pin: Pin Cbulk_3-1
Add Pin To Net: Unknown Pin: Pin Cbulk_3-2
Add Pin To Net: Unknown Pin: Pin Cbulk_4-1
Add Pin To Net: Unknown Pin: Pin Cbulk_4-2
Add Pin To Net: Unknown Pin: Pin Cbulk_5-1
Add Pin To Net: Unknown Pin: Pin Cbulk_5-2
Add Pin To Net: Unknown Pin: Pin Cbulk_6-1
Add Pin To Net: Unknown Pin: Pin Cbulk_6-2
Add Pin To Net: Unknown Pin: Pin Cbulk_7-1
Add Pin To Net: Unknown Pin: Pin Cbulk_7-2
Add Pin To Net: Unknown Pin: Pin Cbulk_8-1
Add Pin To Net: Unknown Pin: Pin Cbulk_8-2
Add Pin To Net: Unknown Pin: Pin Ccomp1-1
Add Pin To Net: Unknown Pin: Pin Ccomp1-2
Add Pin To Net: Unknown Pin: Pin Ccomp2-1
Add Pin To Net: Unknown Pin: Pin Ccomp2-2
Add Pin To Net: Unknown Pin: Pin Ccomp3-1
Add Pin To Net: Unknown Pin: Pin Ccomp3-2
Add Pin To Net: Unknown Pin: Pin Ccomp4-1
Add Pin To Net: Unknown Pin: Pin Ccomp4-2
Add Pin To Net: Unknown Pin: Pin Ccomp_1-1
Add Pin To Net: Unknown Pin: Pin Ccomp_1-2
Add Pin To Net: Unknown Pin: Pin Ccomp_2-1
Add Pin To Net: Unknown Pin: Pin Ccomp_2-2
Add Pin To Net: Unknown Pin: Pin Ccs1-1
Add Pin To Net: Unknown Pin: Pin Ccs1-2
Add Pin To Net: Unknown Pin: Pin Ccs2-1
Add Pin To Net: Unknown Pin: Pin Ccs2-2
Add Pin To Net: Unknown Pin: Pin Cf1-1
Add Pin To Net: Unknown Pin: Pin Cf1-2
Add Pin To Net: Unknown Pin: Pin Cf2-1
Add Pin To Net: Unknown Pin: Pin Cf2-2
Add Pin To Net: Unknown Pin: Pin Cin1-1
Add Pin To Net: Unknown Pin: Pin Cin1-2
Add Pin To Net: Unknown Pin: Pin Cin2-1
Add Pin To Net: Unknown Pin: Pin Cin2-2
Add Pin To Net: Unknown Pin: Pin Cin_1-1
Add Pin To Net: Unknown Pin: Pin Cin_1-2
Add Pin To Net: Unknown Pin: Pin Cin_2-1
Add Pin To Net: Unknown Pin: Pin Cin_2-2
Add Pin To Net: Unknown Pin: Pin Cout1-1
Add Pin To Net: Unknown Pin: Pin Cout1-2
Add Pin To Net: Unknown Pin: Pin Cout2-1
Add Pin To Net: Unknown Pin: Pin Cout2-2
Add Pin To Net: Unknown Pin: Pin Cout_1-1
Add Pin To Net: Unknown Pin: Pin Cout_1-2
Add Pin To Net: Unknown Pin: Pin Cout_2-1
Add Pin To Net: Unknown Pin: Pin Cout_2-2
Add Pin To Net: Unknown Pin: Pin Coutx1-1
Add Pin To Net: Unknown Pin: Pin Coutx1-2
Add Pin To Net: Unknown Pin: Pin Coutx2-1
Add Pin To Net: Unknown Pin: Pin Coutx2-2
Add Pin To Net: Unknown Pin: Pin Coutx3-1
Add Pin To Net: Unknown Pin: Pin Coutx3-2
Add Pin To Net: Unknown Pin: Pin Coutx4-1
Add Pin To Net: Unknown Pin: Pin Coutx4-2
Add Pin To Net: Unknown Pin: Pin Coutx5-1
Add Pin To Net: Unknown Pin: Pin Coutx5-2
Add Pin To Net: Unknown Pin: Pin Coutx6-1
Add Pin To Net: Unknown Pin: Pin Coutx6-2
Add Pin To Net: Unknown Pin: Pin Cslope1-1
Add Pin To Net: Unknown Pin: Pin Cslope1-2
Add Pin To Net: Unknown Pin: Pin Cslope2-1
Add Pin To Net: Unknown Pin: Pin Cslope2-2
Add Pin To Net: Unknown Pin: Pin Css1-1
Add Pin To Net: Unknown Pin: Pin Css1-2
Add Pin To Net: Unknown Pin: Pin Css2-1
Add Pin To Net: Unknown Pin: Pin Css2-2
Add Pin To Net: Unknown Pin: Pin Cvcc1-1
Add Pin To Net: Unknown Pin: Pin Cvcc1-2
Add Pin To Net: Unknown Pin: Pin Cvcc2-1
Add Pin To Net: Unknown Pin: Pin Cvcc2-2
Add Pin To Net: Unknown Pin: Pin D1-1
Add Pin To Net: Unknown Pin: Pin D1-2
Add Pin To Net: Unknown Pin: Pin D2-1
Add Pin To Net: Unknown Pin: Pin D2-2
Add Pin To Net: Unknown Pin: Pin D3-1
Add Pin To Net: Unknown Pin: Pin D3-2
Add Pin To Net: Unknown Pin: Pin D4-1
Add Pin To Net: Unknown Pin: Pin D4-2
Add Pin To Net: Unknown Pin: Pin D5-1
Add Pin To Net: Unknown Pin: Pin D5-2
Add Pin To Net: Unknown Pin: Pin D6-1
Add Pin To Net: Unknown Pin: Pin D6-2
Add Pin To Net: Unknown Pin: Pin D7-1
Add Pin To Net: Unknown Pin: Pin D7-2
Add Pin To Net: Unknown Pin: Pin D8-1
Add Pin To Net: Unknown Pin: Pin D8-2
Add Pin To Net: Unknown Pin: Pin D9-1
Add Pin To Net: Unknown Pin: Pin D9-2
Add Pin To Net: Unknown Pin: Pin Dboot1-1
Add Pin To Net: Unknown Pin: Pin Dboot1-2
Add Pin To Net: Unknown Pin: Pin Dboot2-1
Add Pin To Net: Unknown Pin: Pin Dboot2-2
Add Pin To Net: Unknown Pin: Pin Dboot3-1
Add Pin To Net: Unknown Pin: Pin Dboot3-2
Add Pin To Net: Unknown Pin: Pin Dboot4-1
Add Pin To Net: Unknown Pin: Pin Dboot4-2
Add Pin To Net: Unknown Pin: Pin Df1-1
Add Pin To Net: Unknown Pin: Pin Df1-2
Add Pin To Net: Unknown Pin: Pin Df2-1
Add Pin To Net: Unknown Pin: Pin Df2-2
Add Pin To Net: Unknown Pin: Pin F1-1
Add Pin To Net: Unknown Pin: Pin F1-2
Add Pin To Net: Unknown Pin: Pin F2-1
Add Pin To Net: Unknown Pin: Pin F2-2
Add Pin To Net: Unknown Pin: Pin F3-1
Add Pin To Net: Unknown Pin: Pin F3-2
Add Pin To Net: Unknown Pin: Pin J1-01
Add Pin To Net: Unknown Pin: Pin J1-02
Add Pin To Net: Unknown Pin: Pin J1-03
Add Pin To Net: Unknown Pin: Pin J1-04
Add Pin To Net: Unknown Pin: Pin J1-05
Add Pin To Net: Unknown Pin: Pin J1-06
Add Pin To Net: Unknown Pin: Pin J1-07
Add Pin To Net: Unknown Pin: Pin J1-08
Add Pin To Net: Unknown Pin: Pin J1-09
Add Pin To Net: Unknown Pin: Pin J1-10
Add Pin To Net: Unknown Pin: Pin J1-11
Add Pin To Net: Unknown Pin: Pin J1-12
Add Pin To Net: Unknown Pin: Pin J1-13
Add Pin To Net: Unknown Pin: Pin J1-14
Add Pin To Net: Unknown Pin: Pin J1-15
Add Pin To Net: Unknown Pin: Pin J-01
Add Pin To Net: Unknown Pin: Pin J-02
Add Pin To Net: Unknown Pin: Pin J-03
Add Pin To Net: Unknown Pin: Pin J-04
Add Pin To Net: Unknown Pin: Pin J-05
Add Pin To Net: Unknown Pin: Pin J-06
Add Pin To Net: Unknown Pin: Pin J-07
Add Pin To Net: Unknown Pin: Pin J-08
Add Pin To Net: Unknown Pin: Pin J-09
Add Pin To Net: Unknown Pin: Pin J-10
Add Pin To Net: Unknown Pin: Pin J-11
Add Pin To Net: Unknown Pin: Pin J-12
Add Pin To Net: Unknown Pin: Pin J-13
Add Pin To Net: Unknown Pin: Pin J-14
Add Pin To Net: Unknown Pin: Pin J-15
Add Pin To Net: Unknown Pin: Pin L1-1
Add Pin To Net: Unknown Pin: Pin L1-2
Add Pin To Net: Unknown Pin: Pin L3-1
Add Pin To Net: Unknown Pin: Pin L3-2
Add Pin To Net: Unknown Pin: Pin L4-1
Add Pin To Net: Unknown Pin: Pin L4-2
Add Pin To Net: Unknown Pin: Pin L5-1
Add Pin To Net: Unknown Pin: Pin L5-2
Add Pin To Net: Unknown Pin: Pin M1-1
Add Pin To Net: Unknown Pin: Pin M1-2
Add Pin To Net: Unknown Pin: Pin M1-3
Add Pin To Net: Unknown Pin: Pin M1-4
Add Pin To Net: Unknown Pin: Pin M1-5
Add Pin To Net: Unknown Pin: Pin M1-6
Add Pin To Net: Unknown Pin: Pin M1-7
Add Pin To Net: Unknown Pin: Pin M1-8
Add Pin To Net: Unknown Pin: Pin M1-9
Add Pin To Net: Unknown Pin: Pin M2-1
Add Pin To Net: Unknown Pin: Pin M2-2
Add Pin To Net: Unknown Pin: Pin M2-3
Add Pin To Net: Unknown Pin: Pin M2-4
Add Pin To Net: Unknown Pin: Pin M2-5
Add Pin To Net: Unknown Pin: Pin M2-6
Add Pin To Net: Unknown Pin: Pin M2-7
Add Pin To Net: Unknown Pin: Pin M2-8
Add Pin To Net: Unknown Pin: Pin M2-9
Add Pin To Net: Unknown Pin: Pin M3-1
Add Pin To Net: Unknown Pin: Pin M3-2
Add Pin To Net: Unknown Pin: Pin M3-3
Add Pin To Net: Unknown Pin: Pin M3-4
Add Pin To Net: Unknown Pin: Pin M3-5
Add Pin To Net: Unknown Pin: Pin M3-6
Add Pin To Net: Unknown Pin: Pin M3-7
Add Pin To Net: Unknown Pin: Pin M3-8
Add Pin To Net: Unknown Pin: Pin M3-9
Add Pin To Net: Unknown Pin: Pin M4-1
Add Pin To Net: Unknown Pin: Pin M4-2
Add Pin To Net: Unknown Pin: Pin M4-3
Add Pin To Net: Unknown Pin: Pin M4-4
Add Pin To Net: Unknown Pin: Pin M4-5
Add Pin To Net: Unknown Pin: Pin M4-6
Add Pin To Net: Unknown Pin: Pin M4-7
Add Pin To Net: Unknown Pin: Pin M4-8
Add Pin To Net: Unknown Pin: Pin M4-9
Add Pin To Net: Unknown Pin: Pin M5-1
Add Pin To Net: Unknown Pin: Pin M5-2
Add Pin To Net: Unknown Pin: Pin M5-3
Add Pin To Net: Unknown Pin: Pin M5-4
Add Pin To Net: Unknown Pin: Pin M5-5
Add Pin To Net: Unknown Pin: Pin M5-6
Add Pin To Net: Unknown Pin: Pin M5-7
Add Pin To Net: Unknown Pin: Pin M5-8
Add Pin To Net: Unknown Pin: Pin M5-9
Add Pin To Net: Unknown Pin: Pin M6-1
Add Pin To Net: Unknown Pin: Pin M6-2
Add Pin To Net: Unknown Pin: Pin M6-3
Add Pin To Net: Unknown Pin: Pin M6-4
Add Pin To Net: Unknown Pin: Pin M6-5
Add Pin To Net: Unknown Pin: Pin M6-6
Add Pin To Net: Unknown Pin: Pin M6-7
Add Pin To Net: Unknown Pin: Pin M6-8
Add Pin To Net: Unknown Pin: Pin M6-9
Add Pin To Net: Unknown Pin: Pin M7-1
Add Pin To Net: Unknown Pin: Pin M7-2
Add Pin To Net: Unknown Pin: Pin M7-3
Add Pin To Net: Unknown Pin: Pin M7-4
Add Pin To Net: Unknown Pin: Pin M7-5
Add Pin To Net: Unknown Pin: Pin M7-6
Add Pin To Net: Unknown Pin: Pin M7-7
Add Pin To Net: Unknown Pin: Pin M7-8
Add Pin To Net: Unknown Pin: Pin M7-9
Add Pin To Net: Unknown Pin: Pin M8-1
Add Pin To Net: Unknown Pin: Pin M8-2
Add Pin To Net: Unknown Pin: Pin M8-3
Add Pin To Net: Unknown Pin: Pin M8-4
Add Pin To Net: Unknown Pin: Pin M8-5
Add Pin To Net: Unknown Pin: Pin M8-6
Add Pin To Net: Unknown Pin: Pin M8-7
Add Pin To Net: Unknown Pin: Pin M8-8
Add Pin To Net: Unknown Pin: Pin M8-9
Add Pin To Net: Unknown Pin: Pin MH1-0
Add Pin To Net: Unknown Pin: Pin MH2-0
Add Pin To Net: Unknown Pin: Pin MH3-0
Add Pin To Net: Unknown Pin: Pin MH4-0
Add Pin To Net: Unknown Pin: Pin NT1-1
Add Pin To Net: Unknown Pin: Pin NT1-2
Add Pin To Net: Unknown Pin: Pin P1-1
Add Pin To Net: Unknown Pin: Pin P1-2
Add Pin To Net: Unknown Pin: Pin P1-3
Add Pin To Net: Unknown Pin: Pin P1-4
Add Pin To Net: Unknown Pin: Pin P1-5
Add Pin To Net: Unknown Pin: Pin P1-6
Add Pin To Net: Unknown Pin: Pin P1-7
Add Pin To Net: Unknown Pin: Pin P1-8
Add Pin To Net: Unknown Pin: Pin P1-9
Add Pin To Net: Unknown Pin: Pin P1-10
Add Pin To Net: Unknown Pin: Pin P1-11
Add Pin To Net: Unknown Pin: Pin P1-12
Add Pin To Net: Unknown Pin: Pin P1-13
Add Pin To Net: Unknown Pin: Pin P1-14
Add Pin To Net: Unknown Pin: Pin P2-1
Add Pin To Net: Unknown Pin: Pin P2-2
Add Pin To Net: Unknown Pin: Pin P2-3
Add Pin To Net: Unknown Pin: Pin P2-4
Add Pin To Net: Unknown Pin: Pin P2-5
Add Pin To Net: Unknown Pin: Pin P2-6
Add Pin To Net: Unknown Pin: Pin P2-7
Add Pin To Net: Unknown Pin: Pin P2-8
Add Pin To Net: Unknown Pin: Pin P2-9
Add Pin To Net: Unknown Pin: Pin P2-10
Add Pin To Net: Unknown Pin: Pin P2-11
Add Pin To Net: Unknown Pin: Pin P2-12
Add Pin To Net: Unknown Pin: Pin P2-13
Add Pin To Net: Unknown Pin: Pin P2-14
Add Pin To Net: Unknown Pin: Pin P3-1
Add Pin To Net: Unknown Pin: Pin P3-2
Add Pin To Net: Unknown Pin: Pin R17-1
Add Pin To Net: Unknown Pin: Pin R17-2
Add Pin To Net: Unknown Pin: Pin R18-1
Add Pin To Net: Unknown Pin: Pin R18-2
Add Pin To Net: Unknown Pin: Pin Rcomp1-1
Add Pin To Net: Unknown Pin: Pin Rcomp1-2
Add Pin To Net: Unknown Pin: Pin Rcomp2-1
Add Pin To Net: Unknown Pin: Pin Rcomp2-2
Add Pin To Net: Unknown Pin: Pin Rcsg1-1
Add Pin To Net: Unknown Pin: Pin Rcsg1-2
Add Pin To Net: Unknown Pin: Pin Rcsg2-1
Add Pin To Net: Unknown Pin: Pin Rcsg2-2
Add Pin To Net: Unknown Pin: Pin Rcsp1-1
Add Pin To Net: Unknown Pin: Pin Rcsp1-2
Add Pin To Net: Unknown Pin: Pin Rcsp2-1
Add Pin To Net: Unknown Pin: Pin Rcsp2-2
Add Pin To Net: Unknown Pin: Pin Rf1-1
Add Pin To Net: Unknown Pin: Pin Rf1-2
Add Pin To Net: Unknown Pin: Pin Rf2-1
Add Pin To Net: Unknown Pin: Pin Rf2-2
Add Pin To Net: Unknown Pin: Pin Rfbb1-1
Add Pin To Net: Unknown Pin: Pin Rfbb1-2
Add Pin To Net: Unknown Pin: Pin Rfbb2-1
Add Pin To Net: Unknown Pin: Pin Rfbb2-2
Add Pin To Net: Unknown Pin: Pin Rfbt1-1
Add Pin To Net: Unknown Pin: Pin Rfbt1-2
Add Pin To Net: Unknown Pin: Pin Rfbt2-1
Add Pin To Net: Unknown Pin: Pin Rfbt2-2
Add Pin To Net: Unknown Pin: Pin Rmode1-1
Add Pin To Net: Unknown Pin: Pin Rmode1-2
Add Pin To Net: Unknown Pin: Pin Rmode2-1
Add Pin To Net: Unknown Pin: Pin Rmode2-2
Add Pin To Net: Unknown Pin: Pin Rpg1-1
Add Pin To Net: Unknown Pin: Pin Rpg1-2
Add Pin To Net: Unknown Pin: Pin Rpg2-1
Add Pin To Net: Unknown Pin: Pin Rpg2-2
Add Pin To Net: Unknown Pin: Pin Rsense1-1
Add Pin To Net: Unknown Pin: Pin Rsense1-2
Add Pin To Net: Unknown Pin: Pin Rsense2-1
Add Pin To Net: Unknown Pin: Pin Rsense2-2
Add Pin To Net: Unknown Pin: Pin Rt1-1
Add Pin To Net: Unknown Pin: Pin Rt1-2
Add Pin To Net: Unknown Pin: Pin Rt2-1
Add Pin To Net: Unknown Pin: Pin Rt2-2
Add Pin To Net: Unknown Pin: Pin Ruvb1-1
Add Pin To Net: Unknown Pin: Pin Ruvb1-2
Add Pin To Net: Unknown Pin: Pin Ruvb2-1
Add Pin To Net: Unknown Pin: Pin Ruvb2-2
Add Pin To Net: Unknown Pin: Pin Ruvt1-1
Add Pin To Net: Unknown Pin: Pin Ruvt1-2
Add Pin To Net: Unknown Pin: Pin Ruvt2-1
Add Pin To Net: Unknown Pin: Pin Ruvt2-2
Add Pin To Net: Unknown Pin: Pin Rvisns1-1
Add Pin To Net: Unknown Pin: Pin Rvisns1-2
Add Pin To Net: Unknown Pin: Pin Rvisns2-1
Add Pin To Net: Unknown Pin: Pin Rvisns2-2
Add Pin To Net: Unknown Pin: Pin TP1-1
Add Pin To Net: Unknown Pin: Pin TP2-1
Add Pin To Net: Unknown Pin: Pin TP3-1
Add Pin To Net: Unknown Pin: Pin TP4-1
Add Pin To Net: Unknown Pin: Pin TP5-1
Add Pin To Net: Unknown Pin: Pin TP6-1
Add Pin To Net: Unknown Pin: Pin TP7-1
Add Pin To Net: Unknown Pin: Pin TP8-1
Add Pin To Net: Unknown Pin: Pin TP9-1
Add Pin To Net: Unknown Pin: Pin TP10-1
Add Pin To Net: Unknown Pin: Pin TP11-1
Add Pin To Net: Unknown Pin: Pin U2-1
Add Pin To Net: Unknown Pin: Pin U2-2
Add Pin To Net: Unknown Pin: Pin U2-3
Add Pin To Net: Unknown Pin: Pin U2-4
Add Pin To Net: Unknown Pin: Pin U2-5
Add Pin To Net: Unknown Pin: Pin U2-6
Add Pin To Net: Unknown Pin: Pin U2-7
Add Pin To Net: Unknown Pin: Pin U2-8
Add Pin To Net: Unknown Pin: Pin U2-9
Add Pin To Net: Unknown Pin: Pin U3-1
Add Pin To Net: Unknown Pin: Pin U3-2
Add Pin To Net: Unknown Pin: Pin U3-3
Add Pin To Net: Unknown Pin: Pin U3-4
Add Pin To Net: Unknown Pin: Pin U3-5
Add Pin To Net: Unknown Pin: Pin U3-6
Add Pin To Net: Unknown Pin: Pin U3-7
Add Pin To Net: Unknown Pin: Pin U3-8
Add Pin To Net: Unknown Pin: Pin U3-9
Add Pin To Net: Unknown Pin: Pin U4-1
Add Pin To Net: Unknown Pin: Pin U4-2
Add Pin To Net: Unknown Pin: Pin U4-3
Add Pin To Net: Unknown Pin: Pin U4-4
Add Pin To Net: Unknown Pin: Pin U4-5
Add Pin To Net: Unknown Pin: Pin U4-6
Add Pin To Net: Unknown Pin: Pin U4-7
Add Pin To Net: Unknown Pin: Pin U4-8
Add Pin To Net: Unknown Pin: Pin U4-9
Added Pin To Net: NetName=11 Pin=U5-15
Added Pin To Net: NetName=34 Pin=U5-16
Added Pin To Net: NetName=27 Pin=U5-18
Added Pin To Net: NetName=32 Pin=U5-22
Added Pin To Net: NetName=33 Pin=U5-24
Added Pin To Net: NetName=26 Pin=U5-25
Add Class Member: Failed to add class member : Component Cbias1 08053C104KAT2A
Add Class Member: Failed to add class member : Component Cbias2 08053C104KAT2A
Add Class Member: Failed to add class member : Component Cboot1 06033C104KAT2A
Add Class Member: Failed to add class member : Component Cboot2 06033C104KAT2A
Add Class Member: Failed to add class member : Component Cboot3 06033C104KAT2A
Add Class Member: Failed to add class member : Component Cboot4 06033C104KAT2A
Add Class Member: Failed to add class member : Component Cbulk1 100SXV15M
Add Class Member: Failed to add class member : Component Cbulk2 100SXV15M
Add Class Member: Failed to add class member : Component Cbulk_1 100SXV15M
Add Class Member: Failed to add class member : Component Cbulk_2 100SXV15M
Add Class Member: Failed to add class member : Component Cbulk_3 100SXV15M
Add Class Member: Failed to add class member : Component Cbulk_4 100SXV15M
Add Class Member: Failed to add class member : Component Cbulk_5 100SXV15M
Add Class Member: Failed to add class member : Component Cbulk_6 100SXV15M
Add Class Member: Failed to add class member : Component Cbulk_7 100SXV15M
Add Class Member: Failed to add class member : Component Cbulk_8 100SXV15M
Add Class Member: Failed to add class member : Component Ccomp1 C0805C181K5GACTU
Add Class Member: Failed to add class member : Component Ccomp2 CGA2B3X7R1H103K050BB
Add Class Member: Failed to add class member : Component Ccomp3 C0805C181K5GACTU
Add Class Member: Failed to add class member : Component Ccomp4 CGA2B3X7R1H103K050BB
Add Class Member: Failed to add class member : Component Ccomp_1 CGA2B3X7R1H103K050BB
Add Class Member: Failed to add class member : Component Ccomp_2 CGA2B3X7R1H103K050BB
Add Class Member: Failed to add class member : Component Ccs1 06035A470JAT2A
Add Class Member: Failed to add class member : Component Ccs2 06035A470JAT2A
Add Class Member: Failed to add class member : Component Cf1 CGA3E2X7R1H104K080AA
Add Class Member: Failed to add class member : Component Cf2 CGA3E2X7R1H104K080AA
Add Class Member: Failed to add class member : Component Cin1 EEHZA1K330P
Add Class Member: Failed to add class member : Component Cin2 EEHZA1K330P
Add Class Member: Failed to add class member : Component Cin_1 EEHZA1K330P
Add Class Member: Failed to add class member : Component Cin_2 EEHZA1K330P
Add Class Member: Failed to add class member : Component Cout1 16SVPF82M
Add Class Member: Failed to add class member : Component Cout2 16SVPF82M
Add Class Member: Failed to add class member : Component Cout_1 16SVPF82M
Add Class Member: Failed to add class member : Component Cout_2 16SVPF82M
Add Class Member: Failed to add class member : Component Coutx1 C2012X5R1V226M125AC
Add Class Member: Failed to add class member : Component Coutx2 C2012X5R1V226M125AC
Add Class Member: Failed to add class member : Component Coutx3 C2012X5R1V226M125AC
Add Class Member: Failed to add class member : Component Coutx4 C2012X5R1V226M125AC
Add Class Member: Failed to add class member : Component Coutx5 C2012X5R1V226M125AC
Add Class Member: Failed to add class member : Component Coutx6 C2012X5R1V226M125AC
Add Class Member: Failed to add class member : Component Cslope1 CL10C221JB8NNNC
Add Class Member: Failed to add class member : Component Cslope2 CL10C221JB8NNNC
Add Class Member: Failed to add class member : Component Css1 C0603C153J3GACTU
Add Class Member: Failed to add class member : Component Css2 C0603C153J3GACTU
Add Class Member: Failed to add class member : Component Cvcc1 EMK107B7105KA-T
Add Class Member: Failed to add class member : Component Cvcc2 EMK107B7105KA-T
Add Class Member: Failed to add class member : Component D1 LED GREEN
Add Class Member: Failed to add class member : Component D2 LED GREEN
Add Class Member: Failed to add class member : Component D3 LED GREEN
Add Class Member: Failed to add class member : Component D4 LED GREEN
Add Class Member: Failed to add class member : Component D5 LED GREEN
Add Class Member: Failed to add class member : Component D6 LED GREEN
Add Class Member: Failed to add class member : Component D7 LED GREEN
Add Class Member: Failed to add class member : Component D8 LED GREEN
Add Class Member: Failed to add class member : Component D9 SBRT15U50SP5-13
Add Class Member: Failed to add class member : Component Dboot1 GENERIC_DIODE
Add Class Member: Failed to add class member : Component Dboot2 CDBK0520L-HF
Add Class Member: Failed to add class member : Component Dboot3 GENERIC_DIODE
Add Class Member: Failed to add class member : Component Dboot4 CDBK0520L-HF
Add Class Member: Failed to add class member : Component Df1 GENERIC_DIODE
Add Class Member: Failed to add class member : Component Df2 GENERIC_DIODE
Add Class Member: Failed to add class member : Component F1 Fuse Holder 3588
Add Class Member: Failed to add class member : Component F2 Fuse Holder 3588
Add Class Member: Failed to add class member : Component F3 Fuse Holder 3588
Add Class Member: Failed to add class member : Component J1 TSW-115-05-G-S
Add Class Member: Failed to add class member : Component J TSW-115-05-G-S
Add Class Member: Failed to add class member : Component L1 SRP1270-3R3M
Add Class Member: Failed to add class member : Component L3 SRP6540-8R2M
Add Class Member: Failed to add class member : Component L4 SRP6540-8R2M
Add Class Member: Failed to add class member : Component L5 SRP1270-3R3M
Add Class Member: Failed to add class member : Component M1 CSD19534Q5A
Add Class Member: Failed to add class member : Component M2 CSD17303Q5
Add Class Member: Failed to add class member : Component M3 CSD19534Q5A
Add Class Member: Failed to add class member : Component M4 CSD17573Q5B
Add Class Member: Failed to add class member : Component M5 CSD19534Q5A
Add Class Member: Failed to add class member : Component M6 CSD17303Q5
Add Class Member: Failed to add class member : Component M7 CSD19534Q5A
Add Class Member: Failed to add class member : Component M8 CSD17573Q5B
Add Class Member: Failed to add class member : Component MH1 #4-40
Add Class Member: Failed to add class member : Component MH2 #4-40
Add Class Member: Failed to add class member : Component MH3 #4-40
Add Class Member: Failed to add class member : Component MH4 #4-40
Add Class Member: Failed to add class member : Component NT1 Net Tie
Add Class Member: Failed to add class member : Component P1 14-Pin 2-Row Nano-Fit Right Angle
Add Class Member: Failed to add class member : Component P2 14-Pin 2-Row Nano-Fit Right Angle
Add Class Member: Failed to add class member : Component P3 XT90
Add Class Member: Failed to add class member : Component R17 WSLP59312 2mR 8W
Add Class Member: Failed to add class member : Component R18 WSLP59312 2mR 8W
Add Class Member: Failed to add class member : Component Rcomp1 CRCW040212K7FKED
Add Class Member: Failed to add class member : Component Rcomp2 CRCW040212K7FKED
Add Class Member: Failed to add class member : Component Rcsg1 CRCW0603100RFKEA
Add Class Member: Failed to add class member : Component Rcsg2 CRCW0603100RFKEA
Add Class Member: Failed to add class member : Component Rcsp1 CRCW0603100RFKEA
Add Class Member: Failed to add class member : Component Rcsp2 CRCW0603100RFKEA
Add Class Member: Failed to add class member : Component Rf1 RC0603FR-0710RL
Add Class Member: Failed to add class member : Component Rf2 RC0603FR-0710RL
Add Class Member: Failed to add class member : Component Rfbb1 RC0603FR-0720KL
Add Class Member: Failed to add class member : Component Rfbb2 RC0603FR-0720KL
Add Class Member: Failed to add class member : Component Rfbt1 CRCW0603280KFKEA
Add Class Member: Failed to add class member : Component Rfbt2 CRCW0603280KFKEA
Add Class Member: Failed to add class member : Component Rmode1 RC0603FR-0793K1L
Add Class Member: Failed to add class member : Component Rmode2 RC0603FR-0793K1L
Add Class Member: Failed to add class member : Component Rpg1 RC0603FR-0710KL
Add Class Member: Failed to add class member : Component Rpg2 RC0603FR-0710KL
Add Class Member: Failed to add class member : Component Rsense1 WSR37L000FEA
Add Class Member: Failed to add class member : Component Rsense2 WSR37L000FEA
Add Class Member: Failed to add class member : Component Rt1 CRCW040223K2FKED
Add Class Member: Failed to add class member : Component Rt2 CRCW040223K2FKED
Add Class Member: Failed to add class member : Component Ruvb1 CRCW040271K5FKED
Add Class Member: Failed to add class member : Component Ruvb2 CRCW040271K5FKED
Add Class Member: Failed to add class member : Component Ruvt1 CRCW0402249KFKED
Add Class Member: Failed to add class member : Component Ruvt2 CRCW0402249KFKED
Add Class Member: Failed to add class member : Component Rvisns1 CRCW06032K00FKEA
Add Class Member: Failed to add class member : Component Rvisns2 CRCW06032K00FKEA
Add Class Member: Failed to add class member : Component TP1 Test Point Loop
Add Class Member: Failed to add class member : Component TP2 Test Point Loop
Add Class Member: Failed to add class member : Component TP3 Test Point Loop
Add Class Member: Failed to add class member : Component TP4 Test Point Loop
Add Class Member: Failed to add class member : Component TP5 Test Point Loop
Add Class Member: Failed to add class member : Component TP6 Test Point Loop
Add Class Member: Failed to add class member : Component TP7 Test Point Loop
Add Class Member: Failed to add class member : Component TP8 Test Point Loop
Add Class Member: Failed to add class member : Component TP9 Test Point Loop
Add Class Member: Failed to add class member : Component TP10 Test Point Loop
Add Class Member: Failed to add class member : Component TP11 Test Point Loop
Add Class Member: Failed to add class member : Component U2 LMR23630-Q1
Add Class Member: Failed to add class member : Component U3 LMR23630-Q1
Add Class Member: Failed to add class member : Component U4 LMR23630-Q1
