Change Class Name : Old Net Name=Cbulk_1_Sht5-V12P0_Jetson.SchDoc2_Nets New Net Name=Cbulk1_Nets
Change Class Name : Old Net Name=Cbulk_3_Sht5-V12P0_Jetson.SchDoc1_Nets New Net Name=Cbulk_1_Nets
Change Class Name : Old Net Name=Cbulk_3_Sht5-V12P0_Jetson.SchDoc2_Nets New Net Name=Cin1_Nets
Change Class Name : Old Net Name=Cout_1_Sht5-V12P0_Jetson.SchDoc2_Nets New Net Name=Coutx1_Nets
Change Class Name : Old Net Name=Coutx1_Sht5-V12P0_Jetson.SchDoc2_Nets New Net Name=Cout_1_Nets
Change Class Name : Old Net Name=L1_Sht5-V12P0_Jetson.SchDoc1_Nets New Net Name=L1_Nets
Change Class Name : Old Net Name=M1_Sht5-V12P0_Jetson.SchDoc1_Nets New Net Name=M1_Nets
Change Class Name : Old Net Name=M2_Sht5-V12P0_Jetson.SchDoc1_Nets New Net Name=M2_Nets
Change Class Name : Old Net Name=M3_Sht5-V12P0_Jetson.SchDoc2_Nets New Net Name=M3_Nets
Change Class Name : Old Net Name=M4_Sht5-V12P0_Jetson.SchDoc2_Nets New Net Name=M4_Nets
Change Class Name : Old Net Name=Rsense1_Sht5-V12P0_Jetson.SchDoc1_Nets New Net Name=Rsense1_Nets
Change Class Name : Old Net Name=U1_Sht5-V12P0_Jetson.SchDoc1_Nets New Net Name=U1_Nets
Added Class: Name=Sht5-V12P0_Jetson
Added Class: Name=Cbias1_Nets
Added Class: Name=Cboot1_Nets
Added Class: Name=Cboot2_Nets
Added Class: Name=Cbulk_2_Nets
Added Class: Name=Cbulk_3_Nets
Added Class: Name=Cbulk_4_Nets
Added Class: Name=Ccomp1_Nets
Added Class: Name=Ccomp2_Nets
Added Class: Name=Ccomp_1_Nets
Added Class: Name=Ccs1_Nets
Added Class: Name=Cf1_Nets
Added Class: Name=Cin_1_Nets
Added Class: Name=Cout1_Nets
Added Class: Name=Coutx2_Nets
Added Class: Name=Coutx3_Nets
Added Class: Name=Cslope1_Nets
Added Class: Name=Css1_Nets
Added Class: Name=Cvcc1_Nets
Added Class: Name=Dboot1_Nets
Added Class: Name=Dboot2_Nets
Added Class: Name=Df1_Nets
Added Class: Name=Rcomp1_Nets
Added Class: Name=Rcsg1_Nets
Added Class: Name=Rcsp1_Nets
Added Class: Name=Rf1_Nets
Added Class: Name=Rfbb1_Nets
Added Class: Name=Rfbt1_Nets
Added Class: Name=Rmode1_Nets
Added Class: Name=Rpg1_Nets
Added Class: Name=Rt1_Nets
Added Class: Name=Ruvb1_Nets
Added Class: Name=Ruvt1_Nets
Added Class: Name=Rvisns1_Nets
Added Member To Class: ClassName=U1_Nets Member=Wire NetCbias1_1
Added Member To Class: ClassName=U1_Nets Member=Wire NetCboot1_1
Added Member To Class: ClassName=U1_Nets Member=Wire NetCboot2_1
Added Member To Class: ClassName=U1_Nets Member=Wire NetCcomp1_1
Added Member To Class: ClassName=U1_Nets Member=Wire NetCcs1_1
Added Member To Class: ClassName=U1_Nets Member=Wire NetCcs1_2
Added Member To Class: ClassName=U1_Nets Member=Wire NetCf1_1
Added Member To Class: ClassName=U1_Nets Member=Wire NetCslope1_1
Added Member To Class: ClassName=U1_Nets Member=Wire NetCss1_1
Added Member To Class: ClassName=U1_Nets Member=Wire NetCvcc1_1
Added Member To Class: ClassName=U1_Nets Member=Wire NetRfbb1_1
Added Member To Class: ClassName=U1_Nets Member=Wire NetRmode1_1
Added Member To Class: ClassName=U1_Nets Member=Wire NetRpg1_2
Added Member To Class: ClassName=U1_Nets Member=Wire NetRt1_1
Added Member To Class: ClassName=U1_Nets Member=Wire NetRuvb1_1
Added Member To Class: ClassName=U1_Nets Member=Wire NetRvisns1_1
Change Room Name: Old Name=Designator_1 New Name=Designator
