Removed Pin From Net: NetName=VCC_BATT_FILT Pin=C12-1
Removed Pin From Net: NetName=V5P0_AUX Pin=C62-1
Removed Pin From Net: NetName=V5P0_Servo Pin=C63-1
Removed Pin From Net: NetName=NetC16_1 Pin=L1-1
Removed Pin From Net: NetName=V5P0_AUX Pin=R5-1
Removed Pin From Net: NetName=V5P0_Servo Pin=R27-2
Removed Pin From Net: NetName=GND Pin=R32-1
Removed Pin From Net: NetName=VCC_BATT_FILT Pin=R38-1
Removed Pin From Net: NetName=VCC_BATT_FILT Pin=R41-2
Removed Pin From Net: NetName=V5P0_AUX Pin=R42-2
Removed Pin From Net: NetName=GND Pin=U3-3
Removed Pin From Net: NetName=NetR38_2 Pin=U3-6
Removed Pin From Net: NetName=VCC_BATT_FILT Pin=U3-7-8-9
Removed Pin From Net: NetName=NetC16_1 Pin=U3-10-11
Removed Pin From Net: NetName=GND Pin=U3-12
Removed Pin From Net: NetName=GND Pin=U3-13
Removed Pin From Net: NetName=GND Pin=U3-14
Removed Pin From Net: NetName=GND Pin=U3-15
Removed Pin From Net: NetName=NetC16_1 Pin=U3-16
Removed Pin From Net: NetName=NetC16_1 Pin=U3-17
Removed Pin From Net: NetName=NetC16_1 Pin=U3-18
Removed Pin From Net: NetName=GND Pin=U3-19
Removed Pin From Net: NetName=NetC16_2 Pin=U3-20
Removed Pin From Net: NetName=V5P0_AUX Pin=U3-21
Removed Pin From Net: NetName=VCC_BATT_FILT Pin=U3-22
Removed Pin From Net: NetName=VCC_BATT_FILT Pin=U4-7
Removed Member From Class: ClassName=R32_Nets Member=GND
Removed Member From Class: ClassName=L1_Nets Member=NetC16_1
Removed Member From Class: ClassName=C62_Nets Member=NetC62_2
Removed Member From Class: ClassName=Designator_Nets Member=NetC62_2
Removed Member From Class: ClassName=R5_Nets Member=NetC62_2
Removed Member From Class: ClassName=U3_Nets Member=NetC62_2
Removed Member From Class: ClassName=C64_Nets Member=NetC64_1
Removed Member From Class: ClassName=Designator_Nets Member=NetC64_1
Removed Member From Class: ClassName=U3_Nets Member=NetC64_1
Removed Member From Class: ClassName=Designator_Nets Member=NetR27_1
Removed Member From Class: ClassName=R27_Nets Member=NetR27_1
Removed Member From Class: ClassName=R32_Nets Member=NetR27_1
Removed Member From Class: ClassName=U3_Nets Member=NetR27_1
Removed Member From Class: ClassName=C62_Nets Member=V5P0_AUX
Removed Member From Class: ClassName=Designator_Nets Member=V5P0_AUX
Removed Member From Class: ClassName=R5_Nets Member=V5P0_AUX
Removed Member From Class: ClassName=R42_Nets Member=V5P0_AUX
Removed Member From Class: ClassName=U3_Nets Member=V5P0_AUX
Removed Member From Class: ClassName=Designator_Nets Member=V5P0_Servo_EN
Removed Member From Class: ClassName=Q7_Nets Member=V5P0_Servo_EN
Removed Member From Class: ClassName=R42_Nets Member=V5P0_Servo_EN
Removed Member From Class: ClassName=U3_Nets Member=V5P0_Servo_EN
Removed Member From Class: ClassName=C63_Nets Member=V5P0_Servo
Removed Member From Class: ClassName=R27_Nets Member=V5P0_Servo
Removed Member From Class: ClassName=C12_Nets Member=VCC_BATT_FILT
Removed Member From Class: ClassName=R38_Nets Member=VCC_BATT_FILT
Removed Member From Class: ClassName=R41_Nets Member=VCC_BATT_FILT
Removed Member From Class: ClassName=U4_Nets Member=VCC_BATT_FILT
Change Component Footprint: Designator=C16 Old Footprint=0603 New Footprint=FP-CGA3E-0_3-0_1-IPC_A
Change Component Footprint: Designator=R42 Old Footprint=0603 New Footprint=RESC1608X55X25LL10T15
Change Component Footprint: Designator=R38 Old Footprint=0603 New Footprint=RESC1608X55X25ML10T15
Change Component Footprint: Designator=C18 Old Footprint=CAPC1608X100X20ML10 New Footprint=FP-1206-L_3_2_0_2-W_1_6_0-IPC_A
Change Footprint: Footprint Not Found FP-GRM32-MFG
Change Component Footprint: Designator=C62 Old Footprint=FP-C0603-CG-MFG New Footprint=FP-1206-L_3_2_0_2-W_1_6_0-IPC_A
Change Footprint: Footprint Not Found FP-GRM32-MFG
Change Component Footprint: Designator=L1 Old Footprint=FP-IHLP-4040DZ-FP_3_175x4-MFG New Footprint=FP-IHLP-4040DZ-FP_3_124x3-MFG
Change Footprint: Footprint Not Found RXA0024A-MFG
Change Component Footprint: Designator=R27 Old Footprint=RESC1608X55X30NL15T15 New Footprint=0603
Change Component Comment : Designator=C64 Old Comment=1nF New Comment=10uF
Change Component Comment : Designator=L1 Old Comment=1uH New Comment=6.8uH
Change Component Comment : Designator=C62 Old Comment=4.7uF New Comment=100nF
Change Component Comment : Designator=R42 Old Comment=10K New Comment=56K2
Change Component Comment : Designator=R32 Old Comment=20K New Comment=11K
Change Component Comment : Designator=C18 Old Comment=22uF New Comment=100nF
Change Component Comment : Designator=R38 Old Comment=88K7 1% New Comment=39K2
Change Component Comment : Designator=R5 Old Comment=100K New Comment=10K
Change Component Comment : Designator=C63 Old Comment=100uF New Comment=10uF
Change Component Comment : Designator=R27 Old Comment=105K New Comment=10K
Change Component Comment : Designator=U3 Old Comment=AOZ2262AQI-18 New Comment=LMQ644A2QRXARQ1
Change Managed Component Library Link : Designator=C18 Old VaultGUID=B7D15EC3-160A-466F-A46C-7801FE6295A7 New VaultGUID=B7D15EC3-160A-466F-A46C-7801FE6295A7 Old ItemGUID=C5E2A844-46BF-401D-9621-E72DAE0B7B7D New ItemGUID=3498E2FF-C029-4F2F-A526-F34FB8D89275 Old RevisionGUID=DD3C3B85-A882-4DA0-AA43-8AB06C976BA6 New RevisionGUID=EC34D3B0-BBED-445C-8FC9-EF7FBF2EABE5
Change Managed Component Library Link : Designator=C62 Old VaultGUID=B7D15EC3-160A-466F-A46C-7801FE6295A7 New VaultGUID=B7D15EC3-160A-466F-A46C-7801FE6295A7 Old ItemGUID=7EA89370-0E07-4D31-AA9E-ED27DA2A9866 New ItemGUID=3498E2FF-C029-4F2F-A526-F34FB8D89275 Old RevisionGUID=08B36828-8EC0-4D27-A7D6-1F47CE503029 New RevisionGUID=EC34D3B0-BBED-445C-8FC9-EF7FBF2EABE5
Change Managed Component Library Link : Designator=C63 Old VaultGUID=B7D15EC3-160A-466F-A46C-7801FE6295A7 New VaultGUID=B7D15EC3-160A-466F-A46C-7801FE6295A7 Old ItemGUID=7308F659-FF32-4778-B055-6571E36A4221 New ItemGUID=A365BC65-B398-432F-9254-2F90ACF2C81F Old RevisionGUID=CC5349F7-F365-4F97-8995-5E0B6CFB2605 New RevisionGUID=FBAD7E7D-49F5-4493-B4B5-48F393A42807
Change Managed Component Library Link : Designator=C64 Old VaultGUID=B7D15EC3-160A-466F-A46C-7801FE6295A7 New VaultGUID=B7D15EC3-160A-466F-A46C-7801FE6295A7 Old ItemGUID=208F955F-60E5-4621-A2A8-6A1EB957F730 New ItemGUID=A365BC65-B398-432F-9254-2F90ACF2C81F Old RevisionGUID=4C0D725B-B931-4836-A434-2B2B20CA942D New RevisionGUID=FBAD7E7D-49F5-4493-B4B5-48F393A42807
Change Managed Component Library Link : Designator=L1 Old VaultGUID=B7D15EC3-160A-466F-A46C-7801FE6295A7 New VaultGUID=B7D15EC3-160A-466F-A46C-7801FE6295A7 Old ItemGUID=517BA7D7-8ED2-424C-B481-19DED2AD2CE9 New ItemGUID=F635DE68-B3D3-469F-8BEB-603374CF9EA4 Old RevisionGUID=35CB02CF-9791-47B7-A7B5-40BB7AFE9948 New RevisionGUID=665D6F4F-2BA1-4F52-A3CB-D22B52DA97EE
Change Managed Component Library Link : Designator=R5 Old VaultGUID=B7D15EC3-160A-466F-A46C-7801FE6295A7 New VaultGUID=B7D15EC3-160A-466F-A46C-7801FE6295A7 Old ItemGUID=689D7475-5ACB-490F-95BF-6AB0267C0A99 New ItemGUID=1DB640A7-01FA-40C0-9C6B-F8AB2FC9493E Old RevisionGUID=9F6BA9D8-F86D-49F3-8299-770B4BCB722D New RevisionGUID=CD1C2C1B-133A-4F07-A6D2-1D76A18A9CF7
Change Managed Component Library Link : Designator=R27 Old VaultGUID=B7D15EC3-160A-466F-A46C-7801FE6295A7 New VaultGUID=B7D15EC3-160A-466F-A46C-7801FE6295A7 Old ItemGUID=9E4FEB34-3A78-409A-8448-2C1F1E242EB3 New ItemGUID=1DB640A7-01FA-40C0-9C6B-F8AB2FC9493E Old RevisionGUID=44BD8880-3AA6-4B82-8EFE-5A5136637934 New RevisionGUID=CD1C2C1B-133A-4F07-A6D2-1D76A18A9CF7
Change Managed Component Library Link : Designator=R32 Old VaultGUID=B7D15EC3-160A-466F-A46C-7801FE6295A7 New VaultGUID=B7D15EC3-160A-466F-A46C-7801FE6295A7 Old ItemGUID=49B9D6A3-E198-43D2-A8CE-7E18A7A6D10D New ItemGUID=C507FFF3-8162-4079-B472-C372DD4172E2 Old RevisionGUID=72B60FBC-65A5-4D95-8D67-9FEBEA05BB85 New RevisionGUID=36799C58-0CD1-4B6B-AD5F-5C4FF0746733
Change Managed Component Library Link : Designator=R38 Old VaultGUID=B7D15EC3-160A-466F-A46C-7801FE6295A7 New VaultGUID=B7D15EC3-160A-466F-A46C-7801FE6295A7 Old ItemGUID=169B019D-1FED-410C-96D0-A6E1382BE506 New ItemGUID=162DE09D-9BCD-4563-BD5A-546D0CFA894E Old RevisionGUID=53A0E268-21FF-4393-9A7B-3E78CA3EFD2E New RevisionGUID=A7ADA70E-8165-4BF3-900B-D3FAE30F4BF6
Change Managed Component Library Link : Designator=R42 Old VaultGUID=B7D15EC3-160A-466F-A46C-7801FE6295A7 New VaultGUID=B7D15EC3-160A-466F-A46C-7801FE6295A7 Old ItemGUID=1DB640A7-01FA-40C0-9C6B-F8AB2FC9493E New ItemGUID=685D9AA9-D0A3-4AD6-9B18-53FFCB877F81 Old RevisionGUID=CD1C2C1B-133A-4F07-A6D2-1D76A18A9CF7 New RevisionGUID=887634AF-5891-4694-8706-3CA8613DB0EC
Change Managed Component Library Link : Designator=C16 Old VaultGUID= New VaultGUID=B7D15EC3-160A-466F-A46C-7801FE6295A7 Old ItemGUID= New ItemGUID=FBC477B4-40F4-40DC-B87C-C4741D060168 Old RevisionGUID= New RevisionGUID=B8081B6D-2D82-4EC7-9D27-B6D5B23EF644
Change Managed Component Library Link : Designator=U3 Old VaultGUID=B7D15EC3-160A-466F-A46C-7801FE6295A7 New VaultGUID= Old ItemGUID=FB04BDA6-994B-4F9A-94EC-B06F79121157 New ItemGUID= Old RevisionGUID=94EFFC27-61B6-4057-8E05-26B626A549AA New RevisionGUID=
Change component parameters: Designator = "C16" ("C16"); Footprint = "0603"; UniqueID = "\UXMHVJDP\SQUWSXDP" ("\UXMHVJDP\SQUWSXDP")
Change component parameters (AddParameter): Name = "Capacitance"; Value = "100nF"; VariantName = "[No Variations]"
Change component parameters (AddParameter): Name = "Case Code (Imperial)"; Value = "0603"; VariantName = "[No Variations]"
Change component parameters (AddParameter): Name = "Case Code (Metric)"; Value = "1608"; VariantName = "[No Variations]"
Change component parameters (AddParameter): Name = "Case/Package"; Value = "0603"; VariantName = "[No Variations]"
Change component parameters (AddParameter): Name = "Composition"; Value = "Ceramic"; VariantName = "[No Variations]"
Change component parameters (AddParameter): Name = "Depth"; Value = "0.8mm"; VariantName = "[No Variations]"
Change component parameters (AddParameter): Name = "Dielectric"; Value = "X7R"; VariantName = "[No Variations]"
Change component parameters (AddParameter): Name = "Height"; Value = "0.8mm"; VariantName = "[No Variations]"
Change component parameters (AddParameter): Name = "Lead Free"; Value = "Lead Free"; VariantName = "[No Variations]"
Change component parameters (AddParameter): Name = "Length"; Value = "1.6mm"; VariantName = "[No Variations]"
Change component parameters (AddParameter): Name = "Max Operating Temperature"; Value = "125°C"; VariantName = "[No Variations]"
Change component parameters (AddParameter): Name = "Min Operating Temperature"; Value = "-55°C"; VariantName = "[No Variations]"
Change component parameters (AddParameter): Name = "Mount"; Value = "Surface Mount"; VariantName = "[No Variations]"
Change component parameters (AddParameter): Name = "Package Quantity"; Value = "1"; VariantName = "[No Variations]"
Change component parameters (AddParameter): Name = "Packaging"; Value = "Tape and Reel"; VariantName = "[No Variations]"
Change component parameters (AddParameter): Name = "Radiation Hardening"; Value = "No"; VariantName = "[No Variations]"
Change component parameters (AddParameter): Name = "Ratings"; Value = "AEC-Q200"; VariantName = "[No Variations]"
Change component parameters (AddParameter): Name = "REACH SVHC"; Value = "No SVHC"; VariantName = "[No Variations]"
Change component parameters (AddParameter): Name = "Termination"; Value = "SMD/SMT"; VariantName = "[No Variations]"
Change component parameters (AddParameter): Name = "Thickness"; Value = "0.035inch"; VariantName = "[No Variations]"
Change component parameters (AddParameter): Name = "Tolerance"; Value = "10%"; VariantName = "[No Variations]"
Change component parameters (AddParameter): Name = "Voltage"; Value = "50V"; VariantName = "[No Variations]"
Change component parameters (AddParameter): Name = "Voltage Rating"; Value = "50V"; VariantName = "[No Variations]"
Change component parameters (AddParameter): Name = "Voltage Rating (DC)"; Value = "50V"; VariantName = "[No Variations]"
Change component parameters (AddParameter): Name = "Weight"; Value = "7.1E-05oz"; VariantName = "[No Variations]"
Change component parameters (AddParameter): Name = "Width"; Value = "0.8mm"; VariantName = "[No Variations]"
Change component parameters: Designator = "C18" ("C18"); Footprint = "CAPC1608X100X20ML10"; UniqueID = "\UXMHVJDP\YRYEJTYH" ("\UXMHVJDP\YRYEJTYH")
Change component parameters (AddParameter): Name = "Capacitance"; Value = "10uF"; VariantName = "[No Variations]"
Change component parameters (AddParameter): Name = "Case Code (Imperial)"; Value = "1206"; VariantName = "[No Variations]"
Change component parameters (AddParameter): Name = "Case Code (Metric)"; Value = "3216"; VariantName = "[No Variations]"
Change component parameters (AddParameter): Name = "Case/Package"; Value = "1206"; VariantName = "[No Variations]"
Change component parameters (AddParameter): Name = "Construction"; Value = "Flat"; VariantName = "[No Variations]"
Change component parameters (AddParameter): Name = "Contact Plating"; Value = "Tin"; VariantName = "[No Variations]"
Change component parameters (AddParameter): Name = "Depth"; Value = "1.6mm"; VariantName = "[No Variations]"
Change component parameters (AddParameter): Name = "Dielectric"; Value = "X5R"; VariantName = "[No Variations]"
Change component parameters (AddParameter): Name = "Dissipation Factor"; Value = "12.5%"; VariantName = "[No Variations]"
Change component parameters (AddParameter): Name = "Height"; Value = "0.07mm"; VariantName = "[No Variations]"
Change component parameters (AddParameter): Name = "Insulation Resistance"; Value = "10GR"; VariantName = "[No Variations]"
Change component parameters (AddParameter): Name = "Lead Free"; Value = "Lead Free"; VariantName = "[No Variations]"
Change component parameters (AddParameter): Name = "Length"; Value = "3.2mm"; VariantName = "[No Variations]"
Change component parameters (AddParameter): Name = "Max Operating Temperature"; Value = "85°C"; VariantName = "[No Variations]"
Change component parameters (AddParameter): Name = "Min Operating Temperature"; Value = "-55°C"; VariantName = "[No Variations]"
Change component parameters (AddParameter): Name = "Mount"; Value = "Surface Mount"; VariantName = "[No Variations]"
Change component parameters (AddParameter): Name = "Number of Pins"; Value = "2"; VariantName = "[No Variations]"
Change component parameters (AddParameter): Name = "Package Quantity"; Value = "1"; VariantName = "[No Variations]"
Change component parameters (AddParameter): Name = "Packaging"; Value = "Tape and Reel"; VariantName = "[No Variations]"
Change component parameters (AddParameter): Name = "Radiation Hardening"; Value = "No"; VariantName = "[No Variations]"
Change component parameters (AddParameter): Name = "REACH SVHC"; Value = "No SVHC"; VariantName = "[No Variations]"
Change component parameters (AddParameter): Name = "RoHS Compliant"; Value = "Yes"; VariantName = "[No Variations]"
Change component parameters (AddParameter): Name = "Series"; Value = "-"; VariantName = "[No Variations]"
Change component parameters (AddParameter): Name = "Termination"; Value = "SMD/SMT"; VariantName = "[No Variations]"
Change component parameters (AddParameter): Name = "Thickness"; Value = "0.07inch"; VariantName = "[No Variations]"
Change component parameters (AddParameter): Name = "Tolerance"; Value = "20%"; VariantName = "[No Variations]"
Change component parameters (AddParameter): Name = "Voltage Rating"; Value = "25V"; VariantName = "[No Variations]"
Change component parameters (AddParameter): Name = "Voltage Rating (DC)"; Value = "25V"; VariantName = "[No Variations]"
Change component parameters (AddParameter): Name = "Width"; Value = "1.6mm"; VariantName = "[No Variations]"
Change component parameters: Designator = "C62" ("C62"); Footprint = "FP-C0603-CG-MFG"; UniqueID = "\UXMHVJDP\UVEXFACZ" ("\UXMHVJDP\UVEXFACZ")
Change component parameters (AddParameter): Name = "Capacitance"; Value = "10uF"; VariantName = "[No Variations]"
Change component parameters (AddParameter): Name = "Case Code (Imperial)"; Value = "1206"; VariantName = "[No Variations]"
Change component parameters (AddParameter): Name = "Case Code (Metric)"; Value = "3216"; VariantName = "[No Variations]"
Change component parameters (AddParameter): Name = "Case/Package"; Value = "1206"; VariantName = "[No Variations]"
Change component parameters (AddParameter): Name = "Construction"; Value = "Flat"; VariantName = "[No Variations]"
Change component parameters (AddParameter): Name = "Contact Plating"; Value = "Tin"; VariantName = "[No Variations]"
Change component parameters (AddParameter): Name = "Depth"; Value = "1.6mm"; VariantName = "[No Variations]"
Change component parameters (AddParameter): Name = "Dielectric"; Value = "X5R"; VariantName = "[No Variations]"
Change component parameters (AddParameter): Name = "Dissipation Factor"; Value = "12.5%"; VariantName = "[No Variations]"
Change component parameters (AddParameter): Name = "Height"; Value = "0.07mm"; VariantName = "[No Variations]"
Change component parameters (AddParameter): Name = "Insulation Resistance"; Value = "10GR"; VariantName = "[No Variations]"
Change component parameters (AddParameter): Name = "Lead Free"; Value = "Lead Free"; VariantName = "[No Variations]"
Change component parameters (AddParameter): Name = "Length"; Value = "3.2mm"; VariantName = "[No Variations]"
Change component parameters (AddParameter): Name = "Max Operating Temperature"; Value = "85°C"; VariantName = "[No Variations]"
Change component parameters (AddParameter): Name = "Min Operating Temperature"; Value = "-55°C"; VariantName = "[No Variations]"
Change component parameters (AddParameter): Name = "Mount"; Value = "Surface Mount"; VariantName = "[No Variations]"
Change component parameters (AddParameter): Name = "Number of Pins"; Value = "2"; VariantName = "[No Variations]"
Change component parameters (AddParameter): Name = "Package Quantity"; Value = "1"; VariantName = "[No Variations]"
Change component parameters (AddParameter): Name = "Packaging"; Value = "Tape and Reel"; VariantName = "[No Variations]"
Change component parameters (AddParameter): Name = "Radiation Hardening"; Value = "No"; VariantName = "[No Variations]"
Change component parameters (AddParameter): Name = "REACH SVHC"; Value = "No SVHC"; VariantName = "[No Variations]"
Change component parameters (AddParameter): Name = "RoHS Compliant"; Value = "Yes"; VariantName = "[No Variations]"
Change component parameters (AddParameter): Name = "Series"; Value = "-"; VariantName = "[No Variations]"
Change component parameters (AddParameter): Name = "Termination"; Value = "SMD/SMT"; VariantName = "[No Variations]"
Change component parameters (AddParameter): Name = "Thickness"; Value = "0.07inch"; VariantName = "[No Variations]"
Change component parameters (AddParameter): Name = "Tolerance"; Value = "20%"; VariantName = "[No Variations]"
Change component parameters (AddParameter): Name = "Voltage Rating"; Value = "25V"; VariantName = "[No Variations]"
Change component parameters (AddParameter): Name = "Voltage Rating (DC)"; Value = "25V"; VariantName = "[No Variations]"
Change component parameters (AddParameter): Name = "Width"; Value = "1.6mm"; VariantName = "[No Variations]"
Change component parameters: Designator = "C63" ("C63"); Footprint = "FP-C1210C107M9PACTU-MFG"; UniqueID = "\UXMHVJDP\GKGUHBXH" ("\UXMHVJDP\GKGUHBXH")
Change component parameters (AddParameter): Name = "Automotive"; Value = "No"; VariantName = "[No Variations]"
Change component parameters (AddParameter): Name = "Capacitance"; Value = "10uF"; VariantName = "[No Variations]"
Change component parameters (AddParameter): Name = "Category"; Value = "Cap"; VariantName = "[No Variations]"
Change component parameters (AddParameter): Name = "ComponentLink2Description"; Value = "Datasheet"; VariantName = "[No Variations]"
Change component parameters (AddParameter): Name = "ComponentLink2URL"; Value = "https://search.murata.co.jp/Ceramy/image/img/A01X/G101/ENG/GRM32ER71H106KA12-01.pdf"; VariantName = "[No Variations]"
Change component parameters (AddParameter): Name = "ComponentLink3Description"; Value = "Link"; VariantName = "[No Variations]"
Change component parameters (AddParameter): Name = "ComponentLink3URL"; Value = "https://www.digikey.com/en/products/detail/samsung-electro-mechanics/CL32B106KBJNNNE/3889045"; VariantName = "[No Variations]"
Change component parameters (AddParameter): Name = "Device Class L1"; Value = "Passive Components"; VariantName = "[No Variations]"
Change component parameters (AddParameter): Name = "Device Class L2"; Value = "Capacitors"; VariantName = "[No Variations]"
Change component parameters (AddParameter): Name = "Device Class L3"; Value = "Ceramic Capacitors"; VariantName = "[No Variations]"
Change component parameters (AddParameter): Name = "Digikey Description"; Value = "CAP CER 10UF 50V X7R 1210"; VariantName = "[No Variations]"
Change component parameters (AddParameter): Name = "Height"; Value = "2.7mm"; VariantName = "[No Variations]"
Change component parameters (AddParameter): Name = "Lead Free"; Value = "Yes"; VariantName = "[No Variations]"
Change component parameters (AddParameter): Name = "Manufacturer"; Value = "Murata"; VariantName = "[No Variations]"
Change component parameters (AddParameter): Name = "Manufacturer Part Number"; Value = "GRM32ER71H106KA12L"; VariantName = "[No Variations]"
Change component parameters (AddParameter): Name = "Material"; Value = "Ceramic"; VariantName = "[No Variations]"
Change component parameters (AddParameter): Name = "Mouser Description"; Value = "1210 10 uF 50 V ±10% Tolerance X7R SMT Multilayer Ceramic Capacitor"; VariantName = "[No Variations]"
Change component parameters (AddParameter): Name = "Octopart"; Value = "https://octopart.com/grm32er71h106ka12l-murata-10470987"; VariantName = "[No Variations]"
Change component parameters (AddParameter): Name = "Package"; Value = "GRM32"; VariantName = "[No Variations]"
Change component parameters (AddParameter): Name = "RoHS"; Value = "TRUE"; VariantName = "[No Variations]"
Change component parameters (AddParameter): Name = "Temperature"; Value = "-55°C to +125°C"; VariantName = "[No Variations]"
Change component parameters (AddParameter): Name = "Temperature Characteristic"; Value = "X7R"; VariantName = "[No Variations]"
Change component parameters (AddParameter): Name = "Temperature Coefficient"; Value = "15%"; VariantName = "[No Variations]"
Change component parameters (AddParameter): Name = "Temperature Range High"; Value = "+125°C"; VariantName = "[No Variations]"
Change component parameters (AddParameter): Name = "Temperature Range Low"; Value = "-55°C"; VariantName = "[No Variations]"
Change component parameters (AddParameter): Name = "Tolerance"; Value = "10%"; VariantName = "[No Variations]"
Change component parameters (AddParameter): Name = "Value"; Value = "10uF"; VariantName = "[No Variations]"
Change component parameters (AddParameter): Name = "Voltage Rating"; Value = "50V"; VariantName = "[No Variations]"
Change component parameters: Designator = "C64" ("C64"); Footprint = "FP-0603-L_1_6_0_15-W_0_81-IPC_A"; UniqueID = "\UXMHVJDP\TUATXZNB" ("\UXMHVJDP\TUATXZNB")
Change component parameters (AddParameter): Name = "Automotive"; Value = "No"; VariantName = "[No Variations]"
Change component parameters (AddParameter): Name = "Capacitance"; Value = "10uF"; VariantName = "[No Variations]"
Change component parameters (AddParameter): Name = "Category"; Value = "Cap"; VariantName = "[No Variations]"
Change component parameters (AddParameter): Name = "ComponentLink2Description"; Value = "Datasheet"; VariantName = "[No Variations]"
Change component parameters (AddParameter): Name = "ComponentLink2URL"; Value = "https://search.murata.co.jp/Ceramy/image/img/A01X/G101/ENG/GRM32ER71H106KA12-01.pdf"; VariantName = "[No Variations]"
Change component parameters (AddParameter): Name = "ComponentLink3Description"; Value = "Link"; VariantName = "[No Variations]"
Change component parameters (AddParameter): Name = "ComponentLink3URL"; Value = "https://www.digikey.com/en/products/detail/samsung-electro-mechanics/CL32B106KBJNNNE/3889045"; VariantName = "[No Variations]"
Change component parameters (AddParameter): Name = "Device Class L1"; Value = "Passive Components"; VariantName = "[No Variations]"
Change component parameters (AddParameter): Name = "Device Class L2"; Value = "Capacitors"; VariantName = "[No Variations]"
Change component parameters (AddParameter): Name = "Device Class L3"; Value = "Ceramic Capacitors"; VariantName = "[No Variations]"
Change component parameters (AddParameter): Name = "Digikey Description"; Value = "CAP CER 10UF 50V X7R 1210"; VariantName = "[No Variations]"
Change component parameters (AddParameter): Name = "Height"; Value = "2.7mm"; VariantName = "[No Variations]"
Change component parameters (AddParameter): Name = "Lead Free"; Value = "Yes"; VariantName = "[No Variations]"
Change component parameters (AddParameter): Name = "Manufacturer"; Value = "Murata"; VariantName = "[No Variations]"
Change component parameters (AddParameter): Name = "Manufacturer Part Number"; Value = "GRM32ER71H106KA12L"; VariantName = "[No Variations]"
Change component parameters (AddParameter): Name = "Material"; Value = "Ceramic"; VariantName = "[No Variations]"
Change component parameters (AddParameter): Name = "Mouser Description"; Value = "1210 10 uF 50 V ±10% Tolerance X7R SMT Multilayer Ceramic Capacitor"; VariantName = "[No Variations]"
Change component parameters (AddParameter): Name = "Octopart"; Value = "https://octopart.com/grm32er71h106ka12l-murata-10470987"; VariantName = "[No Variations]"
Change component parameters (AddParameter): Name = "Package"; Value = "GRM32"; VariantName = "[No Variations]"
Change component parameters (AddParameter): Name = "RoHS"; Value = "TRUE"; VariantName = "[No Variations]"
Change component parameters (AddParameter): Name = "Temperature"; Value = "-55°C to +125°C"; VariantName = "[No Variations]"
Change component parameters (AddParameter): Name = "Temperature Characteristic"; Value = "X7R"; VariantName = "[No Variations]"
Change component parameters (AddParameter): Name = "Temperature Coefficient"; Value = "15%"; VariantName = "[No Variations]"
Change component parameters (AddParameter): Name = "Temperature Range High"; Value = "+125°C"; VariantName = "[No Variations]"
Change component parameters (AddParameter): Name = "Temperature Range Low"; Value = "-55°C"; VariantName = "[No Variations]"
Change component parameters (AddParameter): Name = "Tolerance"; Value = "10%"; VariantName = "[No Variations]"
Change component parameters (AddParameter): Name = "Value"; Value = "10uF"; VariantName = "[No Variations]"
Change component parameters (AddParameter): Name = "Voltage Rating"; Value = "50V"; VariantName = "[No Variations]"
Change component parameters: Designator = "L1" ("L1"); Footprint = "FP-IHLP-4040DZ-FP_3_175x4-MFG"; UniqueID = "\UXMHVJDP\OYBDAQLL" ("\UXMHVJDP\OYBDAQLL")
Change component parameters (AddParameter): Name = "Case/Package"; Value = "4040"; VariantName = "[No Variations]"
Change component parameters (AddParameter): Name = "Contact Plating"; Value = "Tin"; VariantName = "[No Variations]"
Change component parameters (AddParameter): Name = "Core Material"; Value = "Metal"; VariantName = "[No Variations]"
Change component parameters (AddParameter): Name = "Current Rating"; Value = "8A"; VariantName = "[No Variations]"
Change component parameters (AddParameter): Name = "DC Resistance (DCR)"; Value = "23.3mR"; VariantName = "[No Variations]"
Change component parameters (AddParameter): Name = "Depth"; Value = "10.3mm"; VariantName = "[No Variations]"
Change component parameters (AddParameter): Name = "Height"; Value = "4mm"; VariantName = "[No Variations]"
Change component parameters (AddParameter): Name = "Height - Seated (Max)"; Value = "0.157inch"; VariantName = "[No Variations]"
Change component parameters (AddParameter): Name = "Inductance"; Value = "6.8uH"; VariantName = "[No Variations]"
Change component parameters (AddParameter): Name = "Inductance Tolerance"; Value = "20%"; VariantName = "[No Variations]"
Change component parameters (AddParameter): Name = "Lead Free"; Value = "Lead Free"; VariantName = "[No Variations]"
Change component parameters (AddParameter): Name = "Length"; Value = "0.43inch"; VariantName = "[No Variations]"
Change component parameters (AddParameter): Name = "Max DC Current"; Value = "13.5A"; VariantName = "[No Variations]"
Change component parameters (AddParameter): Name = "Max Operating Temperature"; Value = "125°C"; VariantName = "[No Variations]"
Change component parameters (AddParameter): Name = "Military Standard"; Value = "Not"; VariantName = "[No Variations]"
Change component parameters (AddParameter): Name = "Min Operating Temperature"; Value = "-55°C"; VariantName = "[No Variations]"
Change component parameters (AddParameter): Name = "Mount"; Value = "Surface Mount"; VariantName = "[No Variations]"
Change component parameters (AddParameter): Name = "Number of Pins"; Value = "4040"; VariantName = "[No Variations]"
Change component parameters (AddParameter): Name = "Package Quantity"; Value = "500"; VariantName = "[No Variations]"
Change component parameters (AddParameter): Name = "Packaging"; Value = "Tape and Reel"; VariantName = "[No Variations]"
Change component parameters (AddParameter): Name = "Radiation Hardening"; Value = "No"; VariantName = "[No Variations]"
Change component parameters (AddParameter): Name = "RMS Current (Irms)"; Value = "8A"; VariantName = "[No Variations]"
Change component parameters (AddParameter): Name = "Saturation Current"; Value = "13.5A"; VariantName = "[No Variations]"
Change component parameters (AddParameter): Name = "Self Resonant Frequency"; Value = "5MHz"; VariantName = "[No Variations]"
Change component parameters (AddParameter): Name = "Shielding"; Value = "Shielded"; VariantName = "[No Variations]"
Change component parameters (AddParameter): Name = "Termination"; Value = "SMD/SMT"; VariantName = "[No Variations]"
Change component parameters (AddParameter): Name = "Test Frequency"; Value = "100kHz"; VariantName = "[No Variations]"
Change component parameters (AddParameter): Name = "Tolerance"; Value = "20%"; VariantName = "[No Variations]"
Change component parameters (AddParameter): Name = "Width"; Value = "0.405inch"; VariantName = "[No Variations]"
Change component parameters: Designator = "R5" ("R5"); Footprint = "0603"; UniqueID = "\UXMHVJDP\RICVLEOI" ("\UXMHVJDP\RICVLEOI")
Change component parameters (AddParameter): Name = "ComponentLink1Description"; Value = "Manufacturer URL"; VariantName = "[No Variations]"
Change component parameters (AddParameter): Name = "ComponentLink1URL"; Value = "http://www.vishay.com/"; VariantName = "[No Variations]"
Change component parameters (AddParameter): Name = "ComponentLink2Description"; Value = "Datasheet"; VariantName = "[No Variations]"
Change component parameters (AddParameter): Name = "ComponentLink2URL"; Value = "https://datasheet.ciiva.com/11809/0900766b80d98afc-11809037.pdf"; VariantName = "[No Variations]"
Change component parameters (AddParameter): Name = "ComponentLink3Description"; Value = "Link"; VariantName = "[No Variations]"
Change component parameters (AddParameter): Name = "ComponentLink3URL"; Value = "https://www.digikey.com/en/products/detail/stackpole-electronics-inc/RNCP0603FTD10K0/2240139"; VariantName = "[No Variations]"
Change component parameters (AddParameter): Name = "DatasheetVersion"; Value = "06/2012"; VariantName = "[No Variations]"
Change component parameters (AddParameter): Name = "Height"; Value = "0.45 mm"; VariantName = "[No Variations]"
Change component parameters (AddParameter): Name = "Length"; Value = "1.55 mm"; VariantName = "[No Variations]"
Change component parameters (AddParameter): Name = "Manufacturer"; Value = "Vishay Semiconductor"; VariantName = "[No Variations]"
Change component parameters (AddParameter): Name = "Max Operating Temperature"; Value = "155 degC"; VariantName = "[No Variations]"
Change component parameters (AddParameter): Name = "Min Operating Temperature"; Value = "-55 degC"; VariantName = "[No Variations]"
Change component parameters (AddParameter): Name = "Mounting Technology"; Value = "Surface Mount"; VariantName = "[No Variations]"
Change component parameters (AddParameter): Name = "Package Quantity"; Value = "5000"; VariantName = "[No Variations]"
Change component parameters (AddParameter): Name = "PackageDescription"; Value = "2-Pin Surface Mount Device, Body 1.575 x 0.85 mm"; VariantName = "[No Variations]"
Change component parameters (AddParameter): Name = "PackageReference"; Value = "0603"; VariantName = "[No Variations]"
Change component parameters (AddParameter): Name = "Packaging"; Value = "Tape and Reel"; VariantName = "[No Variations]"
Change component parameters (AddParameter): Name = "REACH SVHC"; Value = "Unknown"; VariantName = "[No Variations]"
Change component parameters (AddParameter): Name = "RoHSCompliant"; Value = "true"; VariantName = "[No Variations]"
Change component parameters (AddParameter): Name = "Voltage Rating"; Value = "75 V"; VariantName = "[No Variations]"
Change component parameters: Designator = "R27" ("R27"); Footprint = "RESC1608X55X30NL15T15"; UniqueID = "\UXMHVJDP\FYKYGYGB" ("\UXMHVJDP\FYKYGYGB")
Change component parameters (AddParameter): Name = "ComponentLink1Description"; Value = "Manufacturer URL"; VariantName = "[No Variations]"
Change component parameters (AddParameter): Name = "ComponentLink1URL"; Value = "http://www.vishay.com/"; VariantName = "[No Variations]"
Change component parameters (AddParameter): Name = "ComponentLink2Description"; Value = "Datasheet"; VariantName = "[No Variations]"
Change component parameters (AddParameter): Name = "ComponentLink2URL"; Value = "https://datasheet.ciiva.com/11809/0900766b80d98afc-11809037.pdf"; VariantName = "[No Variations]"
Change component parameters (AddParameter): Name = "ComponentLink3Description"; Value = "Link"; VariantName = "[No Variations]"
Change component parameters (AddParameter): Name = "ComponentLink3URL"; Value = "https://www.digikey.com/en/products/detail/stackpole-electronics-inc/RNCP0603FTD10K0/2240139"; VariantName = "[No Variations]"
Change component parameters (AddParameter): Name = "DatasheetVersion"; Value = "06/2012"; VariantName = "[No Variations]"
Change component parameters (AddParameter): Name = "Height"; Value = "0.45 mm"; VariantName = "[No Variations]"
Change component parameters (AddParameter): Name = "Length"; Value = "1.55 mm"; VariantName = "[No Variations]"
Change component parameters (AddParameter): Name = "Manufacturer"; Value = "Vishay Semiconductor"; VariantName = "[No Variations]"
Change component parameters (AddParameter): Name = "Max Operating Temperature"; Value = "155 degC"; VariantName = "[No Variations]"
Change component parameters (AddParameter): Name = "Min Operating Temperature"; Value = "-55 degC"; VariantName = "[No Variations]"
Change component parameters (AddParameter): Name = "Mounting Technology"; Value = "Surface Mount"; VariantName = "[No Variations]"
Change component parameters (AddParameter): Name = "Package Quantity"; Value = "5000"; VariantName = "[No Variations]"
Change component parameters (AddParameter): Name = "PackageDescription"; Value = "2-Pin Surface Mount Device, Body 1.575 x 0.85 mm"; VariantName = "[No Variations]"
Change component parameters (AddParameter): Name = "PackageReference"; Value = "0603"; VariantName = "[No Variations]"
Change component parameters (AddParameter): Name = "Packaging"; Value = "Tape and Reel"; VariantName = "[No Variations]"
Change component parameters (AddParameter): Name = "REACH SVHC"; Value = "Unknown"; VariantName = "[No Variations]"
Change component parameters (AddParameter): Name = "RoHSCompliant"; Value = "true"; VariantName = "[No Variations]"
Change component parameters (AddParameter): Name = "Voltage Rating"; Value = "75 V"; VariantName = "[No Variations]"
Change component parameters: Designator = "R32" ("R32"); Footprint = "RESC1609X50X30ML10T20"; UniqueID = "\UXMHVJDP\CRZYIAXO" ("\UXMHVJDP\CRZYIAXO")
Change component parameters (AddParameter): Name = "Manufacturer"; Value = "Vishay Dale"; VariantName = "[No Variations]"
Change component parameters (AddParameter): Name = "Part Number"; Value = "CRCW060311K0FKEA"; VariantName = "[No Variations]"
Change component parameters: Designator = "R38" ("R38"); Footprint = "0603"; UniqueID = "\UXMHVJDP\JHFRGKMA" ("\UXMHVJDP\JHFRGKMA")
Change component parameters (AddParameter): Name = "Manufacturer"; Value = "Yageo"; VariantName = "[No Variations]"
Change component parameters (AddParameter): Name = "Part Number"; Value = "RC0603FR-0739K2L"; VariantName = "[No Variations]"
Change component parameters: Designator = "R42" ("R42"); Footprint = "0603"; UniqueID = "\UXMHVJDP\CVDZBPWV" ("\UXMHVJDP\CVDZBPWV")
Change component parameters (AddParameter): Name = "Colour"; Value = "Black"; VariantName = "[No Variations]"
Change component parameters (AddParameter): Name = "ComponentLink1Description"; Value = "Manufacturer URL"; VariantName = "[No Variations]"
Change component parameters (AddParameter): Name = "ComponentLink1URL"; Value = "http://www.yageo.com/"; VariantName = "[No Variations]"
Change component parameters (AddParameter): Name = "ComponentLink2Description"; Value = "Datasheet"; VariantName = "[No Variations]"
Change component parameters (AddParameter): Name = "ComponentLink2URL"; Value = "http://www.yageo.com/documents/recent/PYu-RC_Group_51_RoHS_L_04.pdf"; VariantName = "[No Variations]"
Change component parameters (AddParameter): Name = "Connector Type"; Value = "USB"; VariantName = "[No Variations]"
Change component parameters (AddParameter): Name = "Contact Material"; Value = "Copper"; VariantName = "[No Variations]"
Change component parameters (AddParameter): Name = "Contact Plating"; Value = "Gold"; VariantName = "[No Variations]"
Change component parameters (AddParameter): Name = "Current Rating"; Value = "1 A"; VariantName = "[No Variations]"
Change component parameters (AddParameter): Name = "DatasheetVersion"; Value = "Rev. 4, 02/2016"; VariantName = "[No Variations]"
Change component parameters (AddParameter): Name = "Gender"; Value = "Female"; VariantName = "[No Variations]"
Change component parameters (AddParameter): Name = "Height"; Value = "15 mm"; VariantName = "[No Variations]"
Change component parameters (AddParameter): Name = "Length"; Value = "14.5 mm"; VariantName = "[No Variations]"
Change component parameters (AddParameter): Name = "Max Operating Temperature"; Value = "50 degC"; VariantName = "[No Variations]"
Change component parameters (AddParameter): Name = "Min Operating Temperature"; Value = "0 degC"; VariantName = "[No Variations]"
Change component parameters (AddParameter): Name = "Mount"; Value = "Through Hole"; VariantName = "[No Variations]"
Change component parameters (AddParameter): Name = "Package Quantity"; Value = "24000"; VariantName = "[No Variations]"
Change component parameters (AddParameter): Name = "PackageDescription"; Value = "2-Pin Surface Mount Device, Body 1.6 x 0.8 mm"; VariantName = "[No Variations]"
Change component parameters (AddParameter): Name = "PackageReference"; Value = "0603"; VariantName = "[No Variations]"
Change component parameters (AddParameter): Name = "Packaging"; Value = "Tray"; VariantName = "[No Variations]"
Change component parameters (AddParameter): Name = "Pins"; Value = "4"; VariantName = "[No Variations]"
Change component parameters (AddParameter): Name = "Radiation Hardening"; Value = "No"; VariantName = "[No Variations]"
Change component parameters (AddParameter): Name = "REACH SVHC"; Value = "Unknown"; VariantName = "[No Variations]"
Change component parameters (AddParameter): Name = "RoHSCompliant"; Value = "true"; VariantName = "[No Variations]"
Change component parameters (AddParameter): Name = "Voltage Rating"; Value = "30 V"; VariantName = "[No Variations]"
Change component parameters (AddParameter): Name = "Width"; Value = "7.12 mm"; VariantName = "[No Variations]"
Change component parameters: Designator = "U3" ("U3"); Footprint = "FP-QFN4x4B_23L_EP2_S-MFG"; UniqueID = "\UXMHVJDP\CRVMHPIJ" ("\UXMHVJDP\CRVMHPIJ")
Change component parameters (AddParameter): Name = "AEC Grade"; Value = "Grade 1"; VariantName = "[No Variations]"
Change component parameters (AddParameter): Name = "AEC Qualified"; Value = "Yes"; VariantName = "[No Variations]"
Change component parameters (AddParameter): Name = "Datasheet Path"; Value = "datasheets/IC-LMQ644A2QRXARQ1.pdf"; VariantName = "[No Variations]"
Change component parameters (AddParameter): Name = "helpURL"; Value = "https://upverter.com/upn/revision/84824370b23b6079/"; VariantName = "[No Variations]"
Change component parameters (AddParameter): Name = "Manufacturer"; Value = "Texas Instruments"; VariantName = "[No Variations]"
Change component parameters (AddParameter): Name = "Max Duty Cycle"; Value = "99%"; VariantName = "[No Variations]"
Change component parameters (AddParameter): Name = "Max Supply Voltage"; Value = "36V"; VariantName = "[No Variations]"
Change component parameters (AddParameter): Name = "Min Supply Voltage"; Value = "3V"; VariantName = "[No Variations]"
Change component parameters (AddParameter): Name = "Nominal Supply Current"; Value = "9-25uA"; VariantName = "[No Variations]"
Change component parameters (AddParameter): Name = "Number Of Outputs"; Value = "2"; VariantName = "[No Variations]"
Change component parameters (AddParameter): Name = "Operating Temperature Range"; Value = "-40°C to +150°C"; VariantName = "[No Variations]"
Change component parameters (AddParameter): Name = "Output Type"; Value = "Fixed,AdjustableProgrammable"; VariantName = "[No Variations]"
Change component parameters (AddParameter): Name = "Output Voltage"; Value = "0.8-20V"; VariantName = "[No Variations]"
Change component parameters (AddParameter): Name = "PackageReference"; Value = "WQFN-FCRLF24"; VariantName = "[No Variations]"
Change component parameters (AddParameter): Name = "Part Number"; Value = "LMQ644A2QRXARQ1"; VariantName = "[No Variations]"
Change component parameters (AddParameter): Name = "PartNumber"; Value = "LMQ644A2QRXARQ1"; VariantName = "[No Variations]"
Change component parameters (AddParameter): Name = "RoHS"; Value = "UNKNOWN"; VariantName = "[No Variations]"
Change component parameters (AddParameter): Name = "SizeZ_mm"; Value = "0.7mm"; VariantName = "[No Variations]"
Change component parameters (AddParameter): Name = "Standoff Height"; Value = "0mm"; VariantName = "[No Variations]"
Change component parameters (AddParameter): Name = "Switching Frequency"; Value = "0.1-2.2MHz"; VariantName = "[No Variations]"
Change component parameters (AddParameter): Name = "Switching Topology"; Value = "Buck"; VariantName = "[No Variations]"
Change component parameters (AddParameter): Name = "TaMax_C"; Value = "+125°C"; VariantName = "[No Variations]"
Change component parameters (AddParameter): Name = "TaMin_C"; Value = "-40°C"; VariantName = "[No Variations]"
Change component parameters (AddParameter): Name = "TJmax_C"; Value = "+150°C"; VariantName = "[No Variations]"
Add Component: Footprint Not Found FP-GRM32-MFG
Add Component: Footprint Not Found FP-GRM32-MFG
Add Component: Footprint Not Found CAPC1206(3216)190_L
Added Component: Designator=C68(CAPC1206(3216)190_L)
Add component (AddParameter): Name = "Case-EIA"; Value = "1206"; VariantName = "[No Variations]"
Add component (AddParameter): Name = "Case-Metric"; Value = "3216"; VariantName = "[No Variations]"
Add component (AddParameter): Name = "Max Thickness"; Value = "1.9 mm"; VariantName = "[No Variations]"
Add component (AddParameter): Name = "Rated Voltage"; Value = "6.3 V"; VariantName = "[No Variations]"
Add component (AddParameter): Name = "Technology"; Value = "SMT"; VariantName = "[No Variations]"
Add component (AddParameter): Name = "Tolerance"; Value = "Â±20%"; VariantName = "[No Variations]"
Add component (AddParameter): Name = "Value"; Value = "22uF"; VariantName = "[No Variations]"
Added Component: Designator=C69(FP-CGA3E-0_3-0_1-IPC_A)
Add component (AddParameter): Name = "Capacitance"; Value = "100nF"; VariantName = "[No Variations]"
Add component (AddParameter): Name = "Case Code (Imperial)"; Value = "0603"; VariantName = "[No Variations]"
Add component (AddParameter): Name = "Case Code (Metric)"; Value = "1608"; VariantName = "[No Variations]"
Add component (AddParameter): Name = "Case/Package"; Value = "0603"; VariantName = "[No Variations]"
Add component (AddParameter): Name = "Composition"; Value = "Ceramic"; VariantName = "[No Variations]"
Add component (AddParameter): Name = "Depth"; Value = "0.8mm"; VariantName = "[No Variations]"
Add component (AddParameter): Name = "Dielectric"; Value = "X7R"; VariantName = "[No Variations]"
Add component (AddParameter): Name = "Height"; Value = "0.8mm"; VariantName = "[No Variations]"
Add component (AddParameter): Name = "Lead Free"; Value = "Lead Free"; VariantName = "[No Variations]"
Add component (AddParameter): Name = "Length"; Value = "1.6mm"; VariantName = "[No Variations]"
Add component (AddParameter): Name = "Max Operating Temperature"; Value = "125°C"; VariantName = "[No Variations]"
Add component (AddParameter): Name = "Min Operating Temperature"; Value = "-55°C"; VariantName = "[No Variations]"
Add component (AddParameter): Name = "Mount"; Value = "Surface Mount"; VariantName = "[No Variations]"
Add component (AddParameter): Name = "Package Quantity"; Value = "1"; VariantName = "[No Variations]"
Add component (AddParameter): Name = "Packaging"; Value = "Tape and Reel"; VariantName = "[No Variations]"
Add component (AddParameter): Name = "Radiation Hardening"; Value = "No"; VariantName = "[No Variations]"
Add component (AddParameter): Name = "Ratings"; Value = "AEC-Q200"; VariantName = "[No Variations]"
Add component (AddParameter): Name = "REACH SVHC"; Value = "No SVHC"; VariantName = "[No Variations]"
Add component (AddParameter): Name = "Termination"; Value = "SMD/SMT"; VariantName = "[No Variations]"
Add component (AddParameter): Name = "Thickness"; Value = "0.035inch"; VariantName = "[No Variations]"
Add component (AddParameter): Name = "Tolerance"; Value = "10%"; VariantName = "[No Variations]"
Add component (AddParameter): Name = "Voltage"; Value = "50V"; VariantName = "[No Variations]"
Add component (AddParameter): Name = "Voltage Rating"; Value = "50V"; VariantName = "[No Variations]"
Add component (AddParameter): Name = "Voltage Rating (DC)"; Value = "50V"; VariantName = "[No Variations]"
Add component (AddParameter): Name = "Weight"; Value = "7.1E-05oz"; VariantName = "[No Variations]"
Add component (AddParameter): Name = "Width"; Value = "0.8mm"; VariantName = "[No Variations]"
Added Component: Designator=C70(FP-CGA3E-0_3-0_1-IPC_A)
Add component (AddParameter): Name = "Capacitance"; Value = "100nF"; VariantName = "[No Variations]"
Add component (AddParameter): Name = "Case Code (Imperial)"; Value = "0603"; VariantName = "[No Variations]"
Add component (AddParameter): Name = "Case Code (Metric)"; Value = "1608"; VariantName = "[No Variations]"
Add component (AddParameter): Name = "Case/Package"; Value = "0603"; VariantName = "[No Variations]"
Add component (AddParameter): Name = "Composition"; Value = "Ceramic"; VariantName = "[No Variations]"
Add component (AddParameter): Name = "Depth"; Value = "0.8mm"; VariantName = "[No Variations]"
Add component (AddParameter): Name = "Dielectric"; Value = "X7R"; VariantName = "[No Variations]"
Add component (AddParameter): Name = "Height"; Value = "0.8mm"; VariantName = "[No Variations]"
Add component (AddParameter): Name = "Lead Free"; Value = "Lead Free"; VariantName = "[No Variations]"
Add component (AddParameter): Name = "Length"; Value = "1.6mm"; VariantName = "[No Variations]"
Add component (AddParameter): Name = "Max Operating Temperature"; Value = "125°C"; VariantName = "[No Variations]"
Add component (AddParameter): Name = "Min Operating Temperature"; Value = "-55°C"; VariantName = "[No Variations]"
Add component (AddParameter): Name = "Mount"; Value = "Surface Mount"; VariantName = "[No Variations]"
Add component (AddParameter): Name = "Package Quantity"; Value = "1"; VariantName = "[No Variations]"
Add component (AddParameter): Name = "Packaging"; Value = "Tape and Reel"; VariantName = "[No Variations]"
Add component (AddParameter): Name = "Radiation Hardening"; Value = "No"; VariantName = "[No Variations]"
Add component (AddParameter): Name = "Ratings"; Value = "AEC-Q200"; VariantName = "[No Variations]"
Add component (AddParameter): Name = "REACH SVHC"; Value = "No SVHC"; VariantName = "[No Variations]"
Add component (AddParameter): Name = "Termination"; Value = "SMD/SMT"; VariantName = "[No Variations]"
Add component (AddParameter): Name = "Thickness"; Value = "0.035inch"; VariantName = "[No Variations]"
Add component (AddParameter): Name = "Tolerance"; Value = "10%"; VariantName = "[No Variations]"
Add component (AddParameter): Name = "Voltage"; Value = "50V"; VariantName = "[No Variations]"
Add component (AddParameter): Name = "Voltage Rating"; Value = "50V"; VariantName = "[No Variations]"
Add component (AddParameter): Name = "Voltage Rating (DC)"; Value = "50V"; VariantName = "[No Variations]"
Add component (AddParameter): Name = "Weight"; Value = "7.1E-05oz"; VariantName = "[No Variations]"
Add component (AddParameter): Name = "Width"; Value = "0.8mm"; VariantName = "[No Variations]"
Added Component: Designator=C71(0603)
Add component (AddParameter): Name = "Case-EIA"; Value = "0603"; VariantName = "[No Variations]"
Add component (AddParameter): Name = "Case-Metric"; Value = "1608"; VariantName = "[No Variations]"
Add component (AddParameter): Name = "ComponentLink1Description"; Value = "Link"; VariantName = "[No Variations]"
Add component (AddParameter): Name = "ComponentLink1URL"; Value = "https://www.digikey.com/en/products/detail/samsung-electro-mechanics/CL10B105KA8NNNC/3886842"; VariantName = "[No Variations]"
Add component (AddParameter): Name = "Max Thickness"; Value = "1 mm"; VariantName = "[No Variations]"
Add component (AddParameter): Name = "Rated Voltage"; Value = "25 V"; VariantName = "[No Variations]"
Add component (AddParameter): Name = "Technology"; Value = "SMT"; VariantName = "[No Variations]"
Add component (AddParameter): Name = "Tolerance"; Value = "Â±10%"; VariantName = "[No Variations]"
Add component (AddParameter): Name = "Value"; Value = "1uF"; VariantName = "[No Variations]"
Add Component: Footprint Not Found CAPC1206(3216)190_L
Added Component: Designator=C73(CAPC1206(3216)190_L)
Add component (AddParameter): Name = "Case-EIA"; Value = "1206"; VariantName = "[No Variations]"
Add component (AddParameter): Name = "Case-Metric"; Value = "3216"; VariantName = "[No Variations]"
Add component (AddParameter): Name = "Max Thickness"; Value = "1.9 mm"; VariantName = "[No Variations]"
Add component (AddParameter): Name = "Rated Voltage"; Value = "6.3 V"; VariantName = "[No Variations]"
Add component (AddParameter): Name = "Technology"; Value = "SMT"; VariantName = "[No Variations]"
Add component (AddParameter): Name = "Tolerance"; Value = "Â±20%"; VariantName = "[No Variations]"
Add component (AddParameter): Name = "Value"; Value = "22uF"; VariantName = "[No Variations]"
Added Component: Designator=C79(FP-CGA3E-0_3-0_1-IPC_A)
Add component (AddParameter): Name = "Capacitance"; Value = "100nF"; VariantName = "[No Variations]"
Add component (AddParameter): Name = "Case Code (Imperial)"; Value = "0603"; VariantName = "[No Variations]"
Add component (AddParameter): Name = "Case Code (Metric)"; Value = "1608"; VariantName = "[No Variations]"
Add component (AddParameter): Name = "Case/Package"; Value = "0603"; VariantName = "[No Variations]"
Add component (AddParameter): Name = "Composition"; Value = "Ceramic"; VariantName = "[No Variations]"
Add component (AddParameter): Name = "Depth"; Value = "0.8mm"; VariantName = "[No Variations]"
Add component (AddParameter): Name = "Dielectric"; Value = "X7R"; VariantName = "[No Variations]"
Add component (AddParameter): Name = "Height"; Value = "0.8mm"; VariantName = "[No Variations]"
Add component (AddParameter): Name = "Lead Free"; Value = "Lead Free"; VariantName = "[No Variations]"
Add component (AddParameter): Name = "Length"; Value = "1.6mm"; VariantName = "[No Variations]"
Add component (AddParameter): Name = "Max Operating Temperature"; Value = "125°C"; VariantName = "[No Variations]"
Add component (AddParameter): Name = "Min Operating Temperature"; Value = "-55°C"; VariantName = "[No Variations]"
Add component (AddParameter): Name = "Mount"; Value = "Surface Mount"; VariantName = "[No Variations]"
Add component (AddParameter): Name = "Package Quantity"; Value = "1"; VariantName = "[No Variations]"
Add component (AddParameter): Name = "Packaging"; Value = "Tape and Reel"; VariantName = "[No Variations]"
Add component (AddParameter): Name = "Radiation Hardening"; Value = "No"; VariantName = "[No Variations]"
Add component (AddParameter): Name = "Ratings"; Value = "AEC-Q200"; VariantName = "[No Variations]"
Add component (AddParameter): Name = "REACH SVHC"; Value = "No SVHC"; VariantName = "[No Variations]"
Add component (AddParameter): Name = "Termination"; Value = "SMD/SMT"; VariantName = "[No Variations]"
Add component (AddParameter): Name = "Thickness"; Value = "0.035inch"; VariantName = "[No Variations]"
Add component (AddParameter): Name = "Tolerance"; Value = "10%"; VariantName = "[No Variations]"
Add component (AddParameter): Name = "Voltage"; Value = "50V"; VariantName = "[No Variations]"
Add component (AddParameter): Name = "Voltage Rating"; Value = "50V"; VariantName = "[No Variations]"
Add component (AddParameter): Name = "Voltage Rating (DC)"; Value = "50V"; VariantName = "[No Variations]"
Add component (AddParameter): Name = "Weight"; Value = "7.1E-05oz"; VariantName = "[No Variations]"
Add component (AddParameter): Name = "Width"; Value = "0.8mm"; VariantName = "[No Variations]"
Added Component: Designator=C80(CAPC1608X90X35NL10T15)
Add component (AddParameter): Name = "ComponentLink1Description"; Value = "Manufacturer URL"; VariantName = "[No Variations]"
Add component (AddParameter): Name = "ComponentLink1URL"; Value = "http://www.murata.com/"; VariantName = "[No Variations]"
Add component (AddParameter): Name = "ComponentLink2Description"; Value = "Datasheet"; VariantName = "[No Variations]"
Add component (AddParameter): Name = "ComponentLink2URL"; Value = "http://search.murata.co.jp/Ceramy/image/img/A01X/G101/ENG/GRM188R71H222KA01-01.pdf"; VariantName = "[No Variations]"
Add component (AddParameter): Name = "DatasheetVersion"; Value = "02/2016"; VariantName = "[No Variations]"
Add component (AddParameter): Name = "Height"; Value = "0.8 mm"; VariantName = "[No Variations]"
Add component (AddParameter): Name = "Lead Pitch"; Value = "4 mm"; VariantName = "[No Variations]"
Add component (AddParameter): Name = "Length"; Value = "1.6 mm"; VariantName = "[No Variations]"
Add component (AddParameter): Name = "Manufacturer"; Value = "Murata"; VariantName = "[No Variations]"
Add component (AddParameter): Name = "Max Operating Temperature"; Value = "125 degC"; VariantName = "[No Variations]"
Add component (AddParameter): Name = "Min Operating Temperature"; Value = "-55 degC"; VariantName = "[No Variations]"
Add component (AddParameter): Name = "Mount"; Value = "Surface Mount"; VariantName = "[No Variations]"
Add component (AddParameter): Name = "Mounting Technology"; Value = "Surface Mount"; VariantName = "[No Variations]"
Add component (AddParameter): Name = "Package Quantity"; Value = "4000"; VariantName = "[No Variations]"
Add component (AddParameter): Name = "PackageDescription"; Value = "2-Pin Surface Mount Device, Body 1.6 x 0.8 mm"; VariantName = "[No Variations]"
Add component (AddParameter): Name = "PackageReference"; Value = "0603"; VariantName = "[No Variations]"
Add component (AddParameter): Name = "Packaging"; Value = "Tape and Reel"; VariantName = "[No Variations]"
Add component (AddParameter): Name = "Pins"; Value = "2"; VariantName = "[No Variations]"
Add component (AddParameter): Name = "REACH SVHC"; Value = "No SVHC"; VariantName = "[No Variations]"
Add component (AddParameter): Name = "RoHSCompliant"; Value = "true"; VariantName = "[No Variations]"
Add component (AddParameter): Name = "Voltage Rating"; Value = "50 V"; VariantName = "[No Variations]"
Added Component: Designator=L3(FP-IHLP-4040DZ-FP_3_124x3-MFG)
Add component (AddParameter): Name = "Case/Package"; Value = "4040"; VariantName = "[No Variations]"
Add component (AddParameter): Name = "Contact Plating"; Value = "Tin"; VariantName = "[No Variations]"
Add component (AddParameter): Name = "Core Material"; Value = "Metal"; VariantName = "[No Variations]"
Add component (AddParameter): Name = "Current Rating"; Value = "8A"; VariantName = "[No Variations]"
Add component (AddParameter): Name = "DC Resistance (DCR)"; Value = "23.3mR"; VariantName = "[No Variations]"
Add component (AddParameter): Name = "Depth"; Value = "10.3mm"; VariantName = "[No Variations]"
Add component (AddParameter): Name = "Height"; Value = "4mm"; VariantName = "[No Variations]"
Add component (AddParameter): Name = "Height - Seated (Max)"; Value = "0.157inch"; VariantName = "[No Variations]"
Add component (AddParameter): Name = "Inductance"; Value = "6.8uH"; VariantName = "[No Variations]"
Add component (AddParameter): Name = "Inductance Tolerance"; Value = "20%"; VariantName = "[No Variations]"
Add component (AddParameter): Name = "Lead Free"; Value = "Lead Free"; VariantName = "[No Variations]"
Add component (AddParameter): Name = "Length"; Value = "0.43inch"; VariantName = "[No Variations]"
Add component (AddParameter): Name = "Max DC Current"; Value = "13.5A"; VariantName = "[No Variations]"
Add component (AddParameter): Name = "Max Operating Temperature"; Value = "125°C"; VariantName = "[No Variations]"
Add component (AddParameter): Name = "Military Standard"; Value = "Not"; VariantName = "[No Variations]"
Add component (AddParameter): Name = "Min Operating Temperature"; Value = "-55°C"; VariantName = "[No Variations]"
Add component (AddParameter): Name = "Mount"; Value = "Surface Mount"; VariantName = "[No Variations]"
Add component (AddParameter): Name = "Number of Pins"; Value = "4040"; VariantName = "[No Variations]"
Add component (AddParameter): Name = "Package Quantity"; Value = "500"; VariantName = "[No Variations]"
Add component (AddParameter): Name = "Packaging"; Value = "Tape and Reel"; VariantName = "[No Variations]"
Add component (AddParameter): Name = "Radiation Hardening"; Value = "No"; VariantName = "[No Variations]"
Add component (AddParameter): Name = "RMS Current (Irms)"; Value = "8A"; VariantName = "[No Variations]"
Add component (AddParameter): Name = "Saturation Current"; Value = "13.5A"; VariantName = "[No Variations]"
Add component (AddParameter): Name = "Self Resonant Frequency"; Value = "5MHz"; VariantName = "[No Variations]"
Add component (AddParameter): Name = "Shielding"; Value = "Shielded"; VariantName = "[No Variations]"
Add component (AddParameter): Name = "Termination"; Value = "SMD/SMT"; VariantName = "[No Variations]"
Add component (AddParameter): Name = "Test Frequency"; Value = "100kHz"; VariantName = "[No Variations]"
Add component (AddParameter): Name = "Tolerance"; Value = "20%"; VariantName = "[No Variations]"
Add component (AddParameter): Name = "Width"; Value = "0.405inch"; VariantName = "[No Variations]"
Added Pin To Net: NetName=VCC_BATT_FILT Pin=C62-1
Added Pin To Net: NetName=GND Pin=C62-2
Added Pin To Net: NetName=VCC_BATT_FILT Pin=C63-1
Added Pin To Net: NetName=VCC_BATT_FILT Pin=C64-1
Add Pin To Net: Unknown Pin: Pin C65-1
Add Pin To Net: Unknown Pin: Pin C65-2
Add Pin To Net: Unknown Pin: Pin C66-1
Add Pin To Net: Unknown Pin: Pin C66-2
Add Pin To Net: Unknown Pin: Pin C67-1
Add Pin To Net: Unknown Pin: Pin C67-2
Added Pin To Net: NetName=GND Pin=C68-1
Added Pin To Net: NetName=V5P0_Servo Pin=C68-2
Added Pin To Net: NetName=GND Pin=C69-1
Added Pin To Net: NetName=V5P0_Servo Pin=C69-2
Added Pin To Net: NetName=GND Pin=C71-2
Add Pin To Net: Unknown Pin: Pin C72-1
Add Pin To Net: Unknown Pin: Pin C72-2
Added Pin To Net: NetName=GND Pin=C73-1
Added Pin To Net: NetName=V5P0_Servo Pin=C73-2
Added Pin To Net: NetName=GND Pin=C79-2
Added Pin To Net: NetName=GND Pin=C80-2
Added Pin To Net: NetName=NetC16_2 Pin=L1-1
Added Pin To Net: NetName=V5P0_Servo Pin=L3-2
Added Pin To Net: NetName=VCC_BATT_FILT Pin=R5-2
Added Pin To Net: NetName=GND Pin=R38-1
Added Pin To Net: NetName=GND Pin=R42-1
Added Pin To Net: NetName=VCC_BATT_FILT Pin=U3-1
Added Pin To Net: NetName=NetC16_2 Pin=U3-5
Added Pin To Net: NetName=NetC16_1 Pin=U3-6
Add Pin To Net: Unknown Pin: Pin U3-7
Add Pin To Net: Unknown Pin: Pin U3-9
Add Pin To Net: Unknown Pin: Pin U3-10
Added Pin To Net: NetName=V5P0_Servo Pin=U3-13
Added Pin To Net: NetName=GND Pin=U3-16
Added Pin To Net: NetName=NetR38_2 Pin=U3-17
Added Pin To Net: NetName=VCC_BATT_FILT Pin=U3-20
Added Pin To Net: NetName=GND Pin=U3-23
Add Pin To Net: Unknown Pin: Pin U3-25
Added Pin To Net: NetName=NetC12_1 Pin=C12-1
Added Pin To Net: NetName=NetC12_1 Pin=R41-2
Added Pin To Net: NetName=NetC12_1 Pin=U4-7
Added Net: Name=NetC12_1
Added Pin To Net: NetName=NetC70_1 Pin=C70-1
Added Pin To Net: NetName=NetC70_1 Pin=U3-2
Added Net: Name=NetC70_1
Added Pin To Net: NetName=NetC70_2 Pin=C70-2
Added Pin To Net: NetName=NetC70_2 Pin=L3-1
Added Pin To Net: NetName=NetC70_2 Pin=U3-3
Added Net: Name=NetC70_2
Added Pin To Net: NetName=NetC80_1 Pin=C80-1
Added Pin To Net: NetName=NetC80_1 Pin=R32-2
Added Net: Name=NetC80_1
Added Pin To Net: NetName=NetQ7_3 Pin=Q7-3
Added Pin To Net: NetName=NetQ7_3 Pin=R5-1
Added Pin To Net: NetName=NetQ7_3 Pin=U3-12
Added Net: Name=NetQ7_3
Added Pin To Net: NetName=NetR27_2 Pin=R27-2
Added Pin To Net: NetName=NetR27_2 Pin=U3-14
Added Net: Name=NetR27_2
Added Pin To Net: NetName=NetR32_1 Pin=R32-1
Added Pin To Net: NetName=NetR32_1 Pin=U3-19
Added Net: Name=NetR32_1
Added Pin To Net: NetName=NetR42_2 Pin=R42-2
Added Pin To Net: NetName=NetR42_2 Pin=U3-21
Added Net: Name=NetR42_2
Added Pin To Net: NetName=VSERV_P_SYNC Pin=U3-22
Added Net: Name=VSERV_P_SYNC
Added Net: Name=VSERV_PGOOD
Added Pin To Net: NetName=VSERV_SS Pin=C79-1
Added Pin To Net: NetName=VSERV_SS Pin=U3-18
Added Net: Name=VSERV_SS
Added Pin To Net: NetName=VSERV_VCC Pin=C71-1
Added Pin To Net: NetName=VSERV_VCC Pin=R27-1
Added Pin To Net: NetName=VSERV_VCC Pin=U3-15
Added Net: Name=VSERV_VCC
Added Class: Name=C65_Nets
Added Class: Name=C66_Nets
Added Class: Name=C67_Nets
Added Class: Name=C68_Nets
Added Class: Name=C69_Nets
Added Class: Name=C70_Nets
Added Class: Name=C71_Nets
Added Class: Name=C72_Nets
Added Class: Name=C73_Nets
Added Class: Name=C79_Nets
Added Class: Name=C80_Nets
Added Class: Name=L3_Nets
Add Class Member: Failed to add class member : Component C65 10uF
Add Class Member: Failed to add class member : Component C66 10uF
Add Class Member: Failed to add class member : Component C67 47uF
Added Member To Class: ClassName=Designator Member=Component C68 22uF
Added Member To Class: ClassName=Designator Member=Component C69 100nF
Added Member To Class: ClassName=Designator Member=Component C70 100nF
Added Member To Class: ClassName=Designator Member=Component C71 1uF
Add Class Member: Failed to add class member : Component C72 47uF
Added Member To Class: ClassName=Designator Member=Component C73 22uF
Added Member To Class: ClassName=Designator Member=Component C79 100nF
Added Member To Class: ClassName=Designator Member=Component C80 2.2nF
Added Member To Class: ClassName=Designator Member=Component L3 6.8uH
Added Member To Class: ClassName=C62_Nets Member=Wire GND
Added Member To Class: ClassName=R38_Nets Member=Wire GND
Added Member To Class: ClassName=R42_Nets Member=Wire GND
Added Member To Class: ClassName=C12_Nets Member=Wire NetC12_1
Added Member To Class: ClassName=Designator_Nets Member=Wire NetC12_1
Added Member To Class: ClassName=R41_Nets Member=Wire NetC12_1
Added Member To Class: ClassName=U4_Nets Member=Wire NetC12_1
Added Member To Class: ClassName=L1_Nets Member=Wire NetC16_2
Added Member To Class: ClassName=Designator_Nets Member=Wire NetC70_1
Added Member To Class: ClassName=U3_Nets Member=Wire NetC70_1
Added Member To Class: ClassName=Designator_Nets Member=Wire NetC70_2
Added Member To Class: ClassName=U3_Nets Member=Wire NetC70_2
Added Member To Class: ClassName=Designator_Nets Member=Wire NetC80_1
Added Member To Class: ClassName=R32_Nets Member=Wire NetC80_1
Added Member To Class: ClassName=Designator_Nets Member=Wire NetQ7_3
Added Member To Class: ClassName=Q7_Nets Member=Wire NetQ7_3
Added Member To Class: ClassName=R5_Nets Member=Wire NetQ7_3
Added Member To Class: ClassName=U3_Nets Member=Wire NetQ7_3
Added Member To Class: ClassName=Designator_Nets Member=Wire NetR27_2
Added Member To Class: ClassName=R27_Nets Member=Wire NetR27_2
Added Member To Class: ClassName=U3_Nets Member=Wire NetR27_2
Added Member To Class: ClassName=Designator_Nets Member=Wire NetR32_1
Added Member To Class: ClassName=R32_Nets Member=Wire NetR32_1
Added Member To Class: ClassName=U3_Nets Member=Wire NetR32_1
Added Member To Class: ClassName=Designator_Nets Member=Wire NetR42_2
Added Member To Class: ClassName=R42_Nets Member=Wire NetR42_2
Added Member To Class: ClassName=U3_Nets Member=Wire NetR42_2
Added Member To Class: ClassName=U3_Nets Member=Wire V5P0_Servo
Added Member To Class: ClassName=C62_Nets Member=Wire VCC_BATT_FILT
Added Member To Class: ClassName=C63_Nets Member=Wire VCC_BATT_FILT
Added Member To Class: ClassName=C64_Nets Member=Wire VCC_BATT_FILT
Added Member To Class: ClassName=R5_Nets Member=Wire VCC_BATT_FILT
Added Member To Class: ClassName=Designator_Nets Member=Wire VSERV_P_SYNC
Added Member To Class: ClassName=U3_Nets Member=Wire VSERV_P_SYNC
Added Member To Class: ClassName=Designator_Nets Member=Wire VSERV_PGOOD
Added Member To Class: ClassName=U3_Nets Member=Wire VSERV_PGOOD
Added Member To Class: ClassName=Designator_Nets Member=Wire VSERV_SS
Added Member To Class: ClassName=U3_Nets Member=Wire VSERV_SS
Added Member To Class: ClassName=Designator_Nets Member=Wire VSERV_VCC
Added Member To Class: ClassName=R27_Nets Member=Wire VSERV_VCC
Added Member To Class: ClassName=U3_Nets Member=Wire VSERV_VCC
Change Room Name: Old Name=Vicor New Name=Designator
Change Room Scope: Old Scope=TouchesRoom('Vicor') New Scope=InComponentClass('Designator')
Added Room: Name=Designator
