Removed Member From Class: ClassName=Cbulk1_Nets Member=VBATT
Removed Member From Class: ClassName=Cbulk2_Nets Member=VBATT
Removed Member From Class: ClassName=Cbulk_1_Nets Member=VBATT
Removed Member From Class: ClassName=Cbulk_2_Nets Member=VBATT
Removed Member From Class: ClassName=Cbulk_3_Nets Member=VBATT
Removed Member From Class: ClassName=Cbulk_4_Nets Member=VBATT
Removed Member From Class: ClassName=Cbulk_5_Nets Member=VBATT
Removed Member From Class: ClassName=Cbulk_6_Nets Member=VBATT
Removed Member From Class: ClassName=Cbulk_7_Nets Member=VBATT
Removed Member From Class: ClassName=Cbulk_8_Nets Member=VBATT
Removed Member From Class: ClassName=Cin1_Nets Member=VBATT
Removed Member From Class: ClassName=Cin2_Nets Member=VBATT
Removed Member From Class: ClassName=Cin_1_Nets Member=VBATT
Removed Member From Class: ClassName=Cin_2_Nets Member=VBATT
Removed Member From Class: ClassName=Df1_Nets Member=VBATT
Removed Member From Class: ClassName=Df2_Nets Member=VBATT
Removed Member From Class: ClassName=M1_Nets Member=VBATT
Removed Member From Class: ClassName=M5_Nets Member=VBATT
Removed Member From Class: ClassName=Ruvt1_Nets Member=VBATT
Removed Member From Class: ClassName=Ruvt2_Nets Member=VBATT
Removed Member From Class: ClassName=Rvisns1_Nets Member=VBATT
Removed Member From Class: ClassName=Rvisns2_Nets Member=VBATT
Added Pin To Net: NetName=VBATT Pin=C2-2
Added Pin To Net: NetName=VBATT Pin=C3-2
Added Pin To Net: NetName=VBATT Pin=C10-2
Added Pin To Net: NetName=VBATT Pin=C11-2
Added Pin To Net: NetName=VBATT Pin=C12-2
Added Pin To Net: NetName=VBATT Pin=C13-2
Added Pin To Net: NetName=VBATT Pin=P1-1
Added Pin To Net: NetName=VBATT Pin=Q1-4
Added Pin To Net: NetName=VBATT Pin=Q-4
Added Pin To Net: NetName=VBATT Pin=R8-2
Added Pin To Net: NetName=VBATT Pin=TP2-1
Added Pin To Net: NetName=VBATT Pin=U2-5
Added Pin To Net: NetName=VBATT Pin=U2-7
Added Pin To Net: NetName=VBATT Pin=U3-5
Added Pin To Net: NetName=VBATT Pin=U3-7
Added Pin To Net: NetName=VBATT Pin=U4-5
Added Pin To Net: NetName=VBATT Pin=U4-7
Change Net Name : Old Net Name=VBATT New Net Name=VCC_BATT_FILT
Added Member To Class: ClassName=Cbulk1_Nets Member=Wire VCC_BATT_FILT
Added Member To Class: ClassName=Cbulk2_Nets Member=Wire VCC_BATT_FILT
Added Member To Class: ClassName=Cbulk_1_Nets Member=Wire VCC_BATT_FILT
Added Member To Class: ClassName=Cbulk_2_Nets Member=Wire VCC_BATT_FILT
Added Member To Class: ClassName=Cbulk_3_Nets Member=Wire VCC_BATT_FILT
Added Member To Class: ClassName=Cbulk_4_Nets Member=Wire VCC_BATT_FILT
Added Member To Class: ClassName=Cbulk_5_Nets Member=Wire VCC_BATT_FILT
Added Member To Class: ClassName=Cbulk_6_Nets Member=Wire VCC_BATT_FILT
Added Member To Class: ClassName=Cbulk_7_Nets Member=Wire VCC_BATT_FILT
Added Member To Class: ClassName=Cbulk_8_Nets Member=Wire VCC_BATT_FILT
Added Member To Class: ClassName=Cin1_Nets Member=Wire VCC_BATT_FILT
Added Member To Class: ClassName=Cin2_Nets Member=Wire VCC_BATT_FILT
Added Member To Class: ClassName=Cin_1_Nets Member=Wire VCC_BATT_FILT
Added Member To Class: ClassName=Cin_2_Nets Member=Wire VCC_BATT_FILT
Added Member To Class: ClassName=Df1_Nets Member=Wire VCC_BATT_FILT
Added Member To Class: ClassName=Df2_Nets Member=Wire VCC_BATT_FILT
Added Member To Class: ClassName=M1_Nets Member=Wire VCC_BATT_FILT
Added Member To Class: ClassName=M5_Nets Member=Wire VCC_BATT_FILT
Added Member To Class: ClassName=Ruvt1_Nets Member=Wire VCC_BATT_FILT
Added Member To Class: ClassName=Ruvt2_Nets Member=Wire VCC_BATT_FILT
Added Member To Class: ClassName=Rvisns1_Nets Member=Wire VCC_BATT_FILT
Added Member To Class: ClassName=Rvisns2_Nets Member=Wire VCC_BATT_FILT
