Removed Pin From Net: NetName=V12P0 Pin=C76-1
Removed Pin From Net: NetName=V12P0 Pin=C77-1
Removed Pin From Net: NetName=V12P0 Pin=C78-1
Removed Pin From Net: NetName=V12P0 Pin=P2-1
Removed Pin From Net: NetName=V12P0 Pin=P2-2
Removed Pin From Net: NetName=V12P0 Pin=P2-6
Removed Pin From Net: NetName=V12P0 Pin=P4-1
Removed Pin From Net: NetName=V12P0 Pin=P4-2
Removed Pin From Net: NetName=V12P0 Pin=P4-3
Removed Pin From Net: NetName=V12P0 Pin=P4-4
Removed Pin From Net: NetName=V12P0 Pin=R11-2
Removed Pin From Net: NetName=V12P0 Pin=R18-1
Removed Pin From Net: NetName=V12P0 Pin=R30-2
Removed Pin From Net: NetName=V12P0 Pin=R34-2
Removed Pin From Net: NetName=V12P0 Pin=TP6-1
Removed Pin From Net: NetName=NetL5_2 Pin=TP25-1
Removed Pin From Net: NetName=NetL5_1 Pin=TP26-1
Removed Pin From Net: NetName=NetL6_2 Pin=TP29-1
Removed Pin From Net: NetName=NetL6_1 Pin=TP30-1
Removed Member From Class: ClassName=Sht3-V12P0_reg Member=TP25
Removed Member From Class: ClassName=Sht3-V12P0_reg Member=TP26
Removed Member From Class: ClassName=Sht3-V12P0_reg Member=TP29
Removed Member From Class: ClassName=Sht3-V12P0_reg Member=TP30
Removed Member From Class: ClassName=C29_Nets Member=V12P0
Removed Member From Class: ClassName=C30_Nets Member=V12P0
Removed Member From Class: ClassName=C31_Nets Member=V12P0
Removed Member From Class: ClassName=C32_Nets Member=V12P0
Removed Member From Class: ClassName=C33_Nets Member=V12P0
Removed Member From Class: ClassName=C34_Nets Member=V12P0
Removed Member From Class: ClassName=C35_Nets Member=V12P0
Removed Member From Class: ClassName=C36_Nets Member=V12P0
Removed Member From Class: ClassName=C37_Nets Member=V12P0
Removed Member From Class: ClassName=C38_Nets Member=V12P0
Removed Member From Class: ClassName=C47_Nets Member=V12P0
Removed Member From Class: ClassName=C48_Nets Member=V12P0
Removed Member From Class: ClassName=C49_Nets Member=V12P0
Removed Member From Class: ClassName=C50_Nets Member=V12P0
Removed Member From Class: ClassName=C51_Nets Member=V12P0
Removed Member From Class: ClassName=C52_Nets Member=V12P0
Removed Member From Class: ClassName=C53_Nets Member=V12P0
Removed Member From Class: ClassName=C54_Nets Member=V12P0
Removed Member From Class: ClassName=C55_Nets Member=V12P0
Removed Member From Class: ClassName=C56_Nets Member=V12P0
Removed Member From Class: ClassName=U6_Nets Member=V12P0
Removed Member From Class: ClassName=U8_Nets Member=V12P0
Change Component Kind : Designator=R51 Old Kind=Standard (No BOM) New Kind=Standard
Change Component Kind : Designator=R50 Old Kind=Standard (No BOM) New Kind=Standard
Added Component: Designator=C82(0603)
Add component (AddParameter): Name = "Automotive"; Value = "No"; VariantName = "[No Variations]"
Add component (AddParameter): Name = "Capacitance"; Value = "100 nF"; VariantName = "[No Variations]"
Add component (AddParameter): Name = "Category"; Value = "Cap"; VariantName = "[No Variations]"
Add component (AddParameter): Name = "ComponentLink2Description"; Value = "Datasheet"; VariantName = "[No Variations]"
Add component (AddParameter): Name = "ComponentLink2URL"; Value = "http://www.yageo.com/documents/recent/UPY-GPHC_X7R_6.3V-to-50V_18.pdf"; VariantName = "[No Variations]"
Add component (AddParameter): Name = "ComponentLink3Description"; Value = "Link"; VariantName = "[No Variations]"
Add component (AddParameter): Name = "ComponentLink3URL"; Value = "https://www.digikey.com/en/products/detail/samsung-electro-mechanics/CL10B104KB8NNWC/3887593"; VariantName = "[No Variations]"
Add component (AddParameter): Name = "Device Class L1"; Value = "Passive Components"; VariantName = "[No Variations]"
Add component (AddParameter): Name = "Device Class L2"; Value = "Capacitors"; VariantName = "[No Variations]"
Add component (AddParameter): Name = "Device Class L3"; Value = "Ceramic Capacitors"; VariantName = "[No Variations]"
Add component (AddParameter): Name = "Digikey Description"; Value = "CAP CER 0.1UF 50V X7R 0603"; VariantName = "[No Variations]"
Add component (AddParameter): Name = "Footprint Url"; Value = "http://www.yageo.com/exep/pages/download/literatures/UPY-C_GEN_24.pdf"; VariantName = "[No Variations]"
Add component (AddParameter): Name = "Height"; Value = "0.9mm"; VariantName = "[No Variations]"
Add component (AddParameter): Name = "Lead Free"; Value = "Yes"; VariantName = "[No Variations]"
Add component (AddParameter): Name = "Manufacturer"; Value = "YAGEO"; VariantName = "[No Variations]"
Add component (AddParameter): Name = "Manufacturer Part Number"; Value = "CC0603KRX7R9BB104"; VariantName = "[No Variations]"
Add component (AddParameter): Name = "Material"; Value = "Ceramic"; VariantName = "[No Variations]"
Add component (AddParameter): Name = "Mouser Description"; Value = "Multilayer Ceramic Capacitor, CC Series, 0.1 - F, - 10%, X7R, 50 V, 0603 [1608 Metric]"; VariantName = "[No Variations]"
Add component (AddParameter): Name = "Octopart"; Value = "https://octopart.com/cc0603krx7r9bb104-yageo-42244635"; VariantName = "[No Variations]"
Add component (AddParameter): Name = "Package"; Value = "CC0603-DA"; VariantName = "[No Variations]"
Add component (AddParameter): Name = "RoHS"; Value = "TRUE"; VariantName = "[No Variations]"
Add component (AddParameter): Name = "Temperature"; Value = "-55°C to +125°C"; VariantName = "[No Variations]"
Add component (AddParameter): Name = "Temperature Characteristic"; Value = "X7R"; VariantName = "[No Variations]"
Add component (AddParameter): Name = "Temperature Coefficient"; Value = "15%"; VariantName = "[No Variations]"
Add component (AddParameter): Name = "Temperature Range High"; Value = "+125°C"; VariantName = "[No Variations]"
Add component (AddParameter): Name = "Temperature Range Low"; Value = "-55°C"; VariantName = "[No Variations]"
Add component (AddParameter): Name = "Tolerance"; Value = "0.1"; VariantName = "[No Variations]"
Add component (AddParameter): Name = "Value"; Value = "100 nF"; VariantName = "[No Variations]"
Add component (AddParameter): Name = "Voltage"; Value = "50 V"; VariantName = "[No Variations]"
Add component (AddParameter): Name = "Voltage Rating"; Value = "50 V"; VariantName = "[No Variations]"
Added Component: Designator=R2(0603)
Add component (AddParameter): Name = "Case-EIA"; Value = "0603"; VariantName = "[No Variations]"
Add component (AddParameter): Name = "Case-Metric"; Value = "1608"; VariantName = "[No Variations]"
Add component (AddParameter): Name = "ComponentLink1Description"; Value = "Link"; VariantName = "[No Variations]"
Add component (AddParameter): Name = "ComponentLink1URL"; Value = "https://www.digikey.com/en/products/detail/yageo/RC0603FR-074K7L/727212"; VariantName = "[No Variations]"
Add component (AddParameter): Name = "Power"; Value = "0.1 W"; VariantName = "[No Variations]"
Add component (AddParameter): Name = "Technology"; Value = "SMT"; VariantName = "[No Variations]"
Add component (AddParameter): Name = "Tolerance"; Value = "1 %"; VariantName = "[No Variations]"
Add component (AddParameter): Name = "Value"; Value = "4700.00 Ohm"; VariantName = "[No Variations]"
Added Component: Designator=U4(ALEG-EX-12_V)
Add component (AddParameter): Name = "-3dB Bandwidth"; Value = "0.1 MHz"; VariantName = "[No Variations]"
Add component (AddParameter): Name = "ComponentLink1Description"; Value = "Manufacturer URL"; VariantName = "[No Variations]"
Add component (AddParameter): Name = "ComponentLink1URL"; Value = "http://www.allegromicro.com/"; VariantName = "[No Variations]"
Add component (AddParameter): Name = "ComponentLink2Description"; Value = "Datasheet"; VariantName = "[No Variations]"
Add component (AddParameter): Name = "ComponentLink2URL"; Value = "http://www.allegromicro.com/~/media/Files/Datasheets/ACS711-Datasheet.ashx?la=en"; VariantName = "[No Variations]"
Add component (AddParameter): Name = "ComponentLink3Description"; Value = "Package Specification"; VariantName = "[No Variations]"
Add component (AddParameter): Name = "ComponentLink3URL"; Value = "http://www.allegromicro.com/~/media/Files/Datasheets/ACS711-Datasheet.ashx?la=en"; VariantName = "[No Variations]"
Add component (AddParameter): Name = "DatasheetVersion"; Value = "Rev. 3"; VariantName = "[No Variations]"
Add component (AddParameter): Name = "IP Max"; Value = "15.5 A"; VariantName = "[No Variations]"
Add component (AddParameter): Name = "IP Min"; Value = "-15.5 A"; VariantName = "[No Variations]"
Add component (AddParameter): Name = "Mounting Technology"; Value = "Surface Mount"; VariantName = "[No Variations]"
Add component (AddParameter): Name = "PackageDescription"; Value = "12-Pin Quad Flat No-Lead, Body 3 x 3 mm, Height 0.8 mm"; VariantName = "[No Variations]"
Add component (AddParameter): Name = "Packing"; Value = "Tape and Reel"; VariantName = "[No Variations]"
Add component (AddParameter): Name = "PartNumber"; Value = "ACS711KEXLT-15AB-T"; VariantName = "[No Variations]"
Add component (AddParameter): Name = "RoHS"; Value = "TRUE"; VariantName = "[No Variations]"
Add component (AddParameter): Name = "Temperature Max"; Value = "125 degC"; VariantName = "[No Variations]"
Add component (AddParameter): Name = "Temperature Min"; Value = "-40 degC"; VariantName = "[No Variations]"
Add component (AddParameter): Name = "VCC Max"; Value = "5.5 V"; VariantName = "[No Variations]"
Add component (AddParameter): Name = "VCC Min"; Value = "3 V"; VariantName = "[No Variations]"
Added Pin To Net: NetName=V5P0 Pin=C82-1
Added Pin To Net: NetName=GND Pin=C82-2
Added Pin To Net: NetName=V5P0 Pin=R2-1
Added Pin To Net: NetName=V12P0 Pin=U4-1
Added Pin To Net: NetName=V12P0 Pin=U4-2
Added Pin To Net: NetName=GND Pin=U4-5
Added Pin To Net: NetName=V5P0 Pin=U4-12
Change Net Name : Old Net Name=V12P0 New Net Name=V12P0_OUT
Change Net Color : Old Net Color=Yellow New Net Color=Default
Added Pin To Net: NetName=NetR2_2 Pin=R2-2
Added Pin To Net: NetName=NetR2_2 Pin=U4-6
Added Net: Name=NetR2_2
Added Pin To Net: NetName=V12P0_CURRENT_SENSE Pin=U4-11
Added Net: Name=V12P0_CURRENT_SENSE
Added Pin To Net: NetName=V12P0 Pin=C76-1
Added Pin To Net: NetName=V12P0 Pin=C77-1
Added Pin To Net: NetName=V12P0 Pin=C78-1
Added Pin To Net: NetName=V12P0 Pin=P2-1
Added Pin To Net: NetName=V12P0 Pin=P2-2
Added Pin To Net: NetName=V12P0 Pin=P2-6
Added Pin To Net: NetName=V12P0 Pin=P4-1
Added Pin To Net: NetName=V12P0 Pin=P4-2
Added Pin To Net: NetName=V12P0 Pin=P4-3
Added Pin To Net: NetName=V12P0 Pin=P4-4
Added Pin To Net: NetName=V12P0 Pin=R11-2
Added Pin To Net: NetName=V12P0 Pin=R18-1
Added Pin To Net: NetName=V12P0 Pin=R30-2
Added Pin To Net: NetName=V12P0 Pin=R34-2
Added Pin To Net: NetName=V12P0 Pin=TP6-1
Added Pin To Net: NetName=V12P0 Pin=U4-3
Added Pin To Net: NetName=V12P0 Pin=U4-4
Added Net: Name=V12P0
Added Class: Name=C82_Nets
Added Class: Name=R2_Nets
Added Class: Name=U4_Nets
Added Member To Class: ClassName=Sht3-V12P0_reg Member=Component C82 0.1uF
Added Member To Class: ClassName=Sht3-V12P0_reg Member=Component R2 4K7
Added Member To Class: ClassName=Designator Member=Component TP15
Added Member To Class: ClassName=Sht3-V12P0_reg Member=Component U4 ACS711KEXLT-15AB-T
Added Member To Class: ClassName=C29_Nets Member=Wire V12P0_OUT
Added Member To Class: ClassName=C30_Nets Member=Wire V12P0_OUT
Added Member To Class: ClassName=C31_Nets Member=Wire V12P0_OUT
Added Member To Class: ClassName=C32_Nets Member=Wire V12P0_OUT
Added Member To Class: ClassName=C33_Nets Member=Wire V12P0_OUT
Added Member To Class: ClassName=C34_Nets Member=Wire V12P0_OUT
Added Member To Class: ClassName=C35_Nets Member=Wire V12P0_OUT
Added Member To Class: ClassName=C36_Nets Member=Wire V12P0_OUT
Added Member To Class: ClassName=C37_Nets Member=Wire V12P0_OUT
Added Member To Class: ClassName=C38_Nets Member=Wire V12P0_OUT
Added Member To Class: ClassName=C47_Nets Member=Wire V12P0_OUT
Added Member To Class: ClassName=C48_Nets Member=Wire V12P0_OUT
Added Member To Class: ClassName=C49_Nets Member=Wire V12P0_OUT
Added Member To Class: ClassName=C50_Nets Member=Wire V12P0_OUT
Added Member To Class: ClassName=C51_Nets Member=Wire V12P0_OUT
Added Member To Class: ClassName=C52_Nets Member=Wire V12P0_OUT
Added Member To Class: ClassName=C53_Nets Member=Wire V12P0_OUT
Added Member To Class: ClassName=C54_Nets Member=Wire V12P0_OUT
Added Member To Class: ClassName=C55_Nets Member=Wire V12P0_OUT
Added Member To Class: ClassName=C56_Nets Member=Wire V12P0_OUT
Added Member To Class: ClassName=U6_Nets Member=Wire V12P0_OUT
Added Member To Class: ClassName=U8_Nets Member=Wire V12P0_OUT
