Removed Member From Class: ClassName=Sht2-V12P0 Member=Cbias1
Removed Member From Class: ClassName=Sht2-V12P0 Member=Cboot1
Removed Member From Class: ClassName=Sht2-V12P0 Member=Cboot2
Removed Member From Class: ClassName=Sht2-V12P0 Member=Cbulk1
Removed Member From Class: ClassName=Sht2-V12P0 Member=Cbulk_1
Removed Member From Class: ClassName=Sht2-V12P0 Member=Cbulk_2
Removed Member From Class: ClassName=Sht2-V12P0 Member=Cbulk_3
Removed Member From Class: ClassName=Sht2-V12P0 Member=Cbulk_4
Removed Member From Class: ClassName=Sht2-V12P0 Member=Ccomp1
Removed Member From Class: ClassName=Sht2-V12P0 Member=Ccomp2
Removed Member From Class: ClassName=Sht2-V12P0 Member=Ccomp_1
Removed Member From Class: ClassName=Sht2-V12P0 Member=Ccs1
Removed Member From Class: ClassName=Sht2-V12P0 Member=Cf1
Removed Member From Class: ClassName=Sht2-V12P0 Member=Cin1
Removed Member From Class: ClassName=Sht2-V12P0 Member=Cin_1
Removed Member From Class: ClassName=Sht2-V12P0 Member=Cout1
Removed Member From Class: ClassName=Sht2-V12P0 Member=Cout_1
Removed Member From Class: ClassName=Sht2-V12P0 Member=Coutx1
Removed Member From Class: ClassName=Sht2-V12P0 Member=Coutx2
Removed Member From Class: ClassName=Sht2-V12P0 Member=Coutx3
Removed Member From Class: ClassName=Sht2-V12P0 Member=Cslope1
Removed Member From Class: ClassName=Sht2-V12P0 Member=Css1
Removed Member From Class: ClassName=Sht2-V12P0 Member=Cvcc1
Removed Member From Class: ClassName=Sht2-V12P0 Member=Dboot1
Removed Member From Class: ClassName=Sht2-V12P0 Member=Dboot2
Removed Member From Class: ClassName=Sht2-V12P0 Member=Df1
Removed Member From Class: ClassName=Sht2-V12P0 Member=L1
Removed Member From Class: ClassName=Sht2-V12P0 Member=M1
Removed Member From Class: ClassName=Sht2-V12P0 Member=M2
Removed Member From Class: ClassName=Sht2-V12P0 Member=M3
Removed Member From Class: ClassName=Sht2-V12P0 Member=M4
Removed Member From Class: ClassName=Sht2-V12P0 Member=Rcomp1
Removed Member From Class: ClassName=Sht2-V12P0 Member=Rcsg1
Removed Member From Class: ClassName=Sht2-V12P0 Member=Rcsp1
Removed Member From Class: ClassName=Sht2-V12P0 Member=Rf1
Removed Member From Class: ClassName=Sht2-V12P0 Member=Rfbb1
Removed Member From Class: ClassName=Sht2-V12P0 Member=Rfbt1
Removed Member From Class: ClassName=Sht2-V12P0 Member=Rmode1
Removed Member From Class: ClassName=Sht2-V12P0 Member=Rpg1
Removed Member From Class: ClassName=Sht2-V12P0 Member=Rsense1
Removed Member From Class: ClassName=Sht2-V12P0 Member=Rt1
Removed Member From Class: ClassName=Sht2-V12P0 Member=Ruvb1
Removed Member From Class: ClassName=Sht2-V12P0 Member=Ruvt1
Removed Member From Class: ClassName=Sht2-V12P0 Member=Rvisns1
Removed Member From Class: ClassName=Sht2-V12P0 Member=U1
Added Class: Name=Sht5-V12P0_Jetson
