Removed Pin From Net: NetName=VCC_BATT_FILT Pin=C2-2
Removed Pin From Net: NetName=VCC_BATT_FILT Pin=C3-2
Removed Pin From Net: NetName=VCC_BATT_FILT Pin=C10-2
Removed Pin From Net: NetName=VCC_BATT_FILT Pin=C11-2
Removed Pin From Net: NetName=VCC_BATT_FILT Pin=C12-2
Removed Pin From Net: NetName=VCC_BATT_FILT Pin=C13-2
Removed Pin From Net: NetName=GND Pin=Cbias1_1-2
Removed Pin From Net: NetName=GND Pin=Cbias1_2-2
Removed Pin From Net: NetName=GND Pin=Cbulk1_1-2
Removed Pin From Net: NetName=GND Pin=Cbulk1_2-2
Removed Pin From Net: NetName=GND Pin=Cbulk_1_1-2
Removed Pin From Net: NetName=GND Pin=Cbulk_1_2-2
Removed Pin From Net: NetName=GND Pin=Cbulk_2_1-2
Removed Pin From Net: NetName=GND Pin=Cbulk_2_2-2
Removed Pin From Net: NetName=GND Pin=Cbulk_3_1-2
Removed Pin From Net: NetName=GND Pin=Cbulk_3_2-2
Removed Pin From Net: NetName=GND Pin=Cbulk_4_1-2
Removed Pin From Net: NetName=GND Pin=Cbulk_4_2-2
Removed Pin From Net: NetName=GND Pin=Ccomp2_1-2
Removed Pin From Net: NetName=GND Pin=Ccomp2_2-2
Removed Pin From Net: NetName=GND Pin=Cf1_1-2
Removed Pin From Net: NetName=GND Pin=Cf1_2-2
Removed Pin From Net: NetName=GND Pin=Cin1_1-2
Removed Pin From Net: NetName=GND Pin=Cin1_2-2
Removed Pin From Net: NetName=GND Pin=Cin_1_1-2
Removed Pin From Net: NetName=GND Pin=Cin_1_2-2
Removed Pin From Net: NetName=GND Pin=Cout1_1-2
Removed Pin From Net: NetName=GND Pin=Cout1_2-2
Removed Pin From Net: NetName=GND Pin=Cout_1_1-2
Removed Pin From Net: NetName=GND Pin=Cout_1_2-2
Removed Pin From Net: NetName=GND Pin=Coutx1_1-2
Removed Pin From Net: NetName=GND Pin=Coutx1_2-2
Removed Pin From Net: NetName=GND Pin=Coutx2_1-2
Removed Pin From Net: NetName=GND Pin=Coutx2_2-2
Removed Pin From Net: NetName=GND Pin=Coutx3_1-2
Removed Pin From Net: NetName=GND Pin=Coutx3_2-2
Removed Pin From Net: NetName=GND Pin=Cslope1_1-2
Removed Pin From Net: NetName=GND Pin=Cslope1_2-2
Removed Pin From Net: NetName=GND Pin=Css1_1-2
Removed Pin From Net: NetName=GND Pin=Css1_2-2
Removed Pin From Net: NetName=GND Pin=Cvcc1_1-2
Removed Pin From Net: NetName=GND Pin=Cvcc1_2-2
Removed Pin From Net: NetName=V3P3 Pin=F1-2
Removed Pin From Net: NetName=V3P3 Pin=F1-2
Removed Pin From Net: NetName=NetC14_2 Pin=F2-1
Removed Pin From Net: NetName=NetC14_2 Pin=F2-1
Removed Pin From Net: NetName=NetC15_2 Pin=F3-1
Removed Pin From Net: NetName=NetC15_2 Pin=F3-1
Removed Pin From Net: NetName=VCC_BATT_FILT Pin=P1-1
Removed Pin From Net: NetName=VCC_BATT_FILT Pin=Q1-4
Removed Pin From Net: NetName=VCC_BATT_FILT Pin=Q-4
Removed Pin From Net: NetName=VCC_BATT_FILT Pin=R8-2
Removed Pin From Net: NetName=GND Pin=Rcomp1_1-2
Removed Pin From Net: NetName=GND Pin=Rcomp1_2-2
Removed Pin From Net: NetName=GND Pin=Rcsg1_1-2
Removed Pin From Net: NetName=GND Pin=Rcsg1_2-2
Removed Pin From Net: NetName=GND Pin=Rfbb1_1-2
Removed Pin From Net: NetName=GND Pin=Rfbb1_2-2
Removed Pin From Net: NetName=GND Pin=Rmode1_1-2
Removed Pin From Net: NetName=GND Pin=Rmode1_2-2
Removed Pin From Net: NetName=GND Pin=Rsense1_1-2
Removed Pin From Net: NetName=GND Pin=Rsense1_2-2
Removed Pin From Net: NetName=GND Pin=Rt1_1-2
Removed Pin From Net: NetName=GND Pin=Rt1_2-2
Removed Pin From Net: NetName=GND Pin=Ruvb1_1-2
Removed Pin From Net: NetName=GND Pin=Ruvb1_2-2
Removed Pin From Net: NetName=VCC_BATT_FILT Pin=TP2-1
Removed Pin From Net: NetName=GND Pin=U1_1-2
Removed Pin From Net: NetName=GND Pin=U1_1-7
Removed Pin From Net: NetName=GND Pin=U1_1-10
Removed Pin From Net: NetName=GND Pin=U1_1-11
Removed Pin From Net: NetName=GND Pin=U1_1-19
Removed Pin From Net: NetName=GND Pin=U1_1-29
Removed Pin From Net: NetName=GND Pin=U1_2-2
Removed Pin From Net: NetName=GND Pin=U1_2-7
Removed Pin From Net: NetName=GND Pin=U1_2-10
Removed Pin From Net: NetName=GND Pin=U1_2-11
Removed Pin From Net: NetName=GND Pin=U1_2-19
Removed Pin From Net: NetName=GND Pin=U1_2-29
Removed Pin From Net: NetName=VCC_BATT_FILT Pin=U2-5
Removed Pin From Net: NetName=VCC_BATT_FILT Pin=U2-7
Removed Pin From Net: NetName=VCC_BATT_FILT Pin=U3-5
Removed Pin From Net: NetName=VCC_BATT_FILT Pin=U3-7
Removed Pin From Net: NetName=VCC_BATT_FILT Pin=U4-5
Removed Pin From Net: NetName=VCC_BATT_FILT Pin=U4-7
Removed Member From Class: ClassName=Designator Member=F1
Removed Member From Class: ClassName=Designator Member=F2
Removed Member From Class: ClassName=Designator Member=F3
Removed Member From Class: ClassName=Cbias1_1_Nets Member=GND
Removed Member From Class: ClassName=Cbias1_2_Nets Member=GND
Removed Member From Class: ClassName=Cbulk1_1_Nets Member=GND
Removed Member From Class: ClassName=Cbulk1_2_Nets Member=GND
Removed Member From Class: ClassName=Cbulk_1_1_Nets Member=GND
Removed Member From Class: ClassName=Cbulk_1_2_Nets Member=GND
Removed Member From Class: ClassName=Cbulk_2_1_Nets Member=GND
Removed Member From Class: ClassName=Cbulk_2_2_Nets Member=GND
Removed Member From Class: ClassName=Cbulk_3_1_Nets Member=GND
Removed Member From Class: ClassName=Cbulk_3_2_Nets Member=GND
Removed Member From Class: ClassName=Cbulk_4_1_Nets Member=GND
Removed Member From Class: ClassName=Cbulk_4_2_Nets Member=GND
Removed Member From Class: ClassName=Ccomp2_1_Nets Member=GND
Removed Member From Class: ClassName=Ccomp2_2_Nets Member=GND
Removed Member From Class: ClassName=Cf1_1_Nets Member=GND
Removed Member From Class: ClassName=Cf1_2_Nets Member=GND
Removed Member From Class: ClassName=Cin1_1_Nets Member=GND
Removed Member From Class: ClassName=Cin1_2_Nets Member=GND
Removed Member From Class: ClassName=Cin_1_1_Nets Member=GND
Removed Member From Class: ClassName=Cin_1_2_Nets Member=GND
Removed Member From Class: ClassName=Cout1_1_Nets Member=GND
Removed Member From Class: ClassName=Cout1_2_Nets Member=GND
Removed Member From Class: ClassName=Cout_1_1_Nets Member=GND
Removed Member From Class: ClassName=Cout_1_2_Nets Member=GND
Removed Member From Class: ClassName=Coutx1_1_Nets Member=GND
Removed Member From Class: ClassName=Coutx1_2_Nets Member=GND
Removed Member From Class: ClassName=Coutx2_1_Nets Member=GND
Removed Member From Class: ClassName=Coutx2_2_Nets Member=GND
Removed Member From Class: ClassName=Coutx3_1_Nets Member=GND
Removed Member From Class: ClassName=Coutx3_2_Nets Member=GND
Removed Member From Class: ClassName=Cslope1_1_Nets Member=GND
Removed Member From Class: ClassName=Cslope1_2_Nets Member=GND
Removed Member From Class: ClassName=Css1_1_Nets Member=GND
Removed Member From Class: ClassName=Css1_2_Nets Member=GND
Removed Member From Class: ClassName=Cvcc1_1_Nets Member=GND
Removed Member From Class: ClassName=Cvcc1_2_Nets Member=GND
Removed Member From Class: ClassName=Rcomp1_1_Nets Member=GND
Removed Member From Class: ClassName=Rcomp1_2_Nets Member=GND
Removed Member From Class: ClassName=Rcsg1_1_Nets Member=GND
Removed Member From Class: ClassName=Rcsg1_2_Nets Member=GND
Removed Member From Class: ClassName=Rfbb1_1_Nets Member=GND
Removed Member From Class: ClassName=Rfbb1_2_Nets Member=GND
Removed Member From Class: ClassName=Rmode1_1_Nets Member=GND
Removed Member From Class: ClassName=Rmode1_2_Nets Member=GND
Removed Member From Class: ClassName=Rsense1_1_Nets Member=GND
Removed Member From Class: ClassName=Rsense1_2_Nets Member=GND
Removed Member From Class: ClassName=Rt1_1_Nets Member=GND
Removed Member From Class: ClassName=Rt1_2_Nets Member=GND
Removed Member From Class: ClassName=Ruvb1_1_Nets Member=GND
Removed Member From Class: ClassName=Ruvb1_2_Nets Member=GND
Removed Member From Class: ClassName=U1_1_Nets Member=GND
Removed Member From Class: ClassName=U1_2_Nets Member=GND
Removed Member From Class: ClassName=C4_Nets Member=NetC4_2
Removed Member From Class: ClassName=C5_Nets Member=NetC4_2
Removed Member From Class: ClassName=C6_Nets Member=NetC4_2
Removed Member From Class: ClassName=Designator_Nets Member=NetC4_2
Removed Member From Class: ClassName=L2_Nets Member=NetC4_2
Removed Member From Class: ClassName=R1_Nets Member=NetC4_2
Removed Member From Class: ClassName=C14_Nets Member=NetC14_2
Removed Member From Class: ClassName=C16_Nets Member=NetC14_2
Removed Member From Class: ClassName=C18_Nets Member=NetC14_2
Removed Member From Class: ClassName=Designator_Nets Member=NetC14_2
Removed Member From Class: ClassName=L3_Nets Member=NetC14_2
Removed Member From Class: ClassName=R3_Nets Member=NetC14_2
Removed Member From Class: ClassName=C15_Nets Member=NetC15_2
Removed Member From Class: ClassName=C17_Nets Member=NetC15_2
Removed Member From Class: ClassName=C19_Nets Member=NetC15_2
Removed Member From Class: ClassName=Designator_Nets Member=NetC15_2
Removed Member From Class: ClassName=L4_Nets Member=NetC15_2
Removed Member From Class: ClassName=R4_Nets Member=NetC15_2
Removed Member From Class: ClassName=Cbulk1_1_Nets Member=VCC_BATT_FILT
Removed Member From Class: ClassName=Cbulk1_2_Nets Member=VCC_BATT_FILT
Removed Member From Class: ClassName=Cbulk_1_1_Nets Member=VCC_BATT_FILT
Removed Member From Class: ClassName=Cbulk_1_2_Nets Member=VCC_BATT_FILT
Removed Member From Class: ClassName=Cbulk_2_1_Nets Member=VCC_BATT_FILT
Removed Member From Class: ClassName=Cbulk_2_2_Nets Member=VCC_BATT_FILT
Removed Member From Class: ClassName=Cbulk_3_1_Nets Member=VCC_BATT_FILT
Removed Member From Class: ClassName=Cbulk_3_2_Nets Member=VCC_BATT_FILT
Removed Member From Class: ClassName=Cbulk_4_1_Nets Member=VCC_BATT_FILT
Removed Member From Class: ClassName=Cbulk_4_2_Nets Member=VCC_BATT_FILT
Removed Member From Class: ClassName=Cin1_1_Nets Member=VCC_BATT_FILT
Removed Member From Class: ClassName=Cin1_2_Nets Member=VCC_BATT_FILT
Removed Member From Class: ClassName=Cin_1_1_Nets Member=VCC_BATT_FILT
Removed Member From Class: ClassName=Cin_1_2_Nets Member=VCC_BATT_FILT
Removed Member From Class: ClassName=Df1_1_Nets Member=VCC_BATT_FILT
Removed Member From Class: ClassName=Df1_2_Nets Member=VCC_BATT_FILT
Removed Member From Class: ClassName=M1_1_Nets Member=VCC_BATT_FILT
Removed Member From Class: ClassName=M1_2_Nets Member=VCC_BATT_FILT
Removed Member From Class: ClassName=Ruvt1_1_Nets Member=VCC_BATT_FILT
Removed Member From Class: ClassName=Ruvt1_2_Nets Member=VCC_BATT_FILT
Removed Member From Class: ClassName=Rvisns1_1_Nets Member=VCC_BATT_FILT
Removed Member From Class: ClassName=Rvisns1_2_Nets Member=VCC_BATT_FILT
Added Pin To Net: NetName=V3P3 Pin=C4-2
Added Pin To Net: NetName=V3P3 Pin=C5-2
Added Pin To Net: NetName=V3P3 Pin=C6-2
Added Pin To Net: NetName=V3P3 Pin=L2-2
Added Pin To Net: NetName=NetC15_2 Pin=P2-3
Added Pin To Net: NetName=NetC15_2 Pin=P2-4
Added Pin To Net: NetName=NetC14_2 Pin=P2-5
Added Pin To Net: NetName=V3P3 Pin=R1-2
Added Pin To Net: NetName=NetC15_2 Pin=R12-2
Added Pin To Net: NetName=NetC14_2 Pin=R13-2
Added Pin To Net: NetName=NetC15_2 Pin=TP9-1
Added Pin To Net: NetName=NetC14_2 Pin=TP10-1
Change Net Name : Old Net Name=NetC14_2 New Net Name=V5P0_Servo
Change Net Name : Old Net Name=NetC15_2 New Net Name=V5P0
Change Net Name : Old Net Name=VCC_BATT_FILT New Net Name=VCC_BATT_FILT_1
Added Pin To Net: NetName=GND_1 Pin=Cbias1_1-2
Added Pin To Net: NetName=GND_1 Pin=Cbulk1_1-2
Added Pin To Net: NetName=GND_1 Pin=Cbulk_1_1-2
Added Pin To Net: NetName=GND_1 Pin=Cbulk_2_1-2
Added Pin To Net: NetName=GND_1 Pin=Cbulk_3_1-2
Added Pin To Net: NetName=GND_1 Pin=Cbulk_4_1-2
Added Pin To Net: NetName=GND_1 Pin=Ccomp2_1-2
Added Pin To Net: NetName=GND_1 Pin=Cf1_1-2
Added Pin To Net: NetName=GND_1 Pin=Cin1_1-2
Added Pin To Net: NetName=GND_1 Pin=Cin_1_1-2
Added Pin To Net: NetName=GND_1 Pin=Cout1_1-2
Added Pin To Net: NetName=GND_1 Pin=Cout_1_1-2
Added Pin To Net: NetName=GND_1 Pin=Coutx1_1-2
Added Pin To Net: NetName=GND_1 Pin=Coutx2_1-2
Added Pin To Net: NetName=GND_1 Pin=Coutx3_1-2
Added Pin To Net: NetName=GND_1 Pin=Cslope1_1-2
Added Pin To Net: NetName=GND_1 Pin=Css1_1-2
Added Pin To Net: NetName=GND_1 Pin=Cvcc1_1-2
Added Pin To Net: NetName=GND_1 Pin=Rcomp1_1-2
Added Pin To Net: NetName=GND_1 Pin=Rcsg1_1-2
Added Pin To Net: NetName=GND_1 Pin=Rfbb1_1-2
Added Pin To Net: NetName=GND_1 Pin=Rmode1_1-2
Added Pin To Net: NetName=GND_1 Pin=Rsense1_1-2
Added Pin To Net: NetName=GND_1 Pin=Rt1_1-2
Added Pin To Net: NetName=GND_1 Pin=Ruvb1_1-2
Added Pin To Net: NetName=GND_1 Pin=U1_1-2
Added Pin To Net: NetName=GND_1 Pin=U1_1-7
Added Pin To Net: NetName=GND_1 Pin=U1_1-10
Added Pin To Net: NetName=GND_1 Pin=U1_1-11
Added Pin To Net: NetName=GND_1 Pin=U1_1-19
Added Pin To Net: NetName=GND_1 Pin=U1_1-29
Added Net: Name=GND_1
Added Pin To Net: NetName=GND_2 Pin=Cbias1_2-2
Added Pin To Net: NetName=GND_2 Pin=Cbulk1_2-2
Added Pin To Net: NetName=GND_2 Pin=Cbulk_1_2-2
Added Pin To Net: NetName=GND_2 Pin=Cbulk_2_2-2
Added Pin To Net: NetName=GND_2 Pin=Cbulk_3_2-2
Added Pin To Net: NetName=GND_2 Pin=Cbulk_4_2-2
Added Pin To Net: NetName=GND_2 Pin=Ccomp2_2-2
Added Pin To Net: NetName=GND_2 Pin=Cf1_2-2
Added Pin To Net: NetName=GND_2 Pin=Cin1_2-2
Added Pin To Net: NetName=GND_2 Pin=Cin_1_2-2
Added Pin To Net: NetName=GND_2 Pin=Cout1_2-2
Added Pin To Net: NetName=GND_2 Pin=Cout_1_2-2
Added Pin To Net: NetName=GND_2 Pin=Coutx1_2-2
Added Pin To Net: NetName=GND_2 Pin=Coutx2_2-2
Added Pin To Net: NetName=GND_2 Pin=Coutx3_2-2
Added Pin To Net: NetName=GND_2 Pin=Cslope1_2-2
Added Pin To Net: NetName=GND_2 Pin=Css1_2-2
Added Pin To Net: NetName=GND_2 Pin=Cvcc1_2-2
Added Pin To Net: NetName=GND_2 Pin=Rcomp1_2-2
Added Pin To Net: NetName=GND_2 Pin=Rcsg1_2-2
Added Pin To Net: NetName=GND_2 Pin=Rfbb1_2-2
Added Pin To Net: NetName=GND_2 Pin=Rmode1_2-2
Added Pin To Net: NetName=GND_2 Pin=Rsense1_2-2
Added Pin To Net: NetName=GND_2 Pin=Rt1_2-2
Added Pin To Net: NetName=GND_2 Pin=Ruvb1_2-2
Added Pin To Net: NetName=GND_2 Pin=U1_2-2
Added Pin To Net: NetName=GND_2 Pin=U1_2-7
Added Pin To Net: NetName=GND_2 Pin=U1_2-10
Added Pin To Net: NetName=GND_2 Pin=U1_2-11
Added Pin To Net: NetName=GND_2 Pin=U1_2-19
Added Pin To Net: NetName=GND_2 Pin=U1_2-29
Added Net: Name=GND_2
Added Pin To Net: NetName=VCC_BATT_FILT Pin=C2-2
Added Pin To Net: NetName=VCC_BATT_FILT Pin=C3-2
Added Pin To Net: NetName=VCC_BATT_FILT Pin=C10-2
Added Pin To Net: NetName=VCC_BATT_FILT Pin=C11-2
Added Pin To Net: NetName=VCC_BATT_FILT Pin=C12-2
Added Pin To Net: NetName=VCC_BATT_FILT Pin=C13-2
Added Pin To Net: NetName=VCC_BATT_FILT Pin=P1-1
Added Pin To Net: NetName=VCC_BATT_FILT Pin=Q-4
Added Pin To Net: NetName=VCC_BATT_FILT Pin=Q1-4
Added Pin To Net: NetName=VCC_BATT_FILT Pin=R8-2
Added Pin To Net: NetName=VCC_BATT_FILT Pin=TP2-1
Added Pin To Net: NetName=VCC_BATT_FILT Pin=U2-5
Added Pin To Net: NetName=VCC_BATT_FILT Pin=U2-7
Added Pin To Net: NetName=VCC_BATT_FILT Pin=U3-5
Added Pin To Net: NetName=VCC_BATT_FILT Pin=U3-7
Added Pin To Net: NetName=VCC_BATT_FILT Pin=U4-5
Added Pin To Net: NetName=VCC_BATT_FILT Pin=U4-7
Added Net: Name=VCC_BATT_FILT
Added Class: Name=Sht12-V12P0_reg
Added Member To Class: ClassName=Cbias1_1_Nets Member=Wire GND_1
Added Member To Class: ClassName=Cbulk1_1_Nets Member=Wire GND_1
Added Member To Class: ClassName=Cbulk_1_1_Nets Member=Wire GND_1
Added Member To Class: ClassName=Cbulk_2_1_Nets Member=Wire GND_1
Added Member To Class: ClassName=Cbulk_3_1_Nets Member=Wire GND_1
Added Member To Class: ClassName=Cbulk_4_1_Nets Member=Wire GND_1
Added Member To Class: ClassName=Ccomp2_1_Nets Member=Wire GND_1
Added Member To Class: ClassName=Cf1_1_Nets Member=Wire GND_1
Added Member To Class: ClassName=Cin1_1_Nets Member=Wire GND_1
Added Member To Class: ClassName=Cin_1_1_Nets Member=Wire GND_1
Added Member To Class: ClassName=Cout1_1_Nets Member=Wire GND_1
Added Member To Class: ClassName=Cout_1_1_Nets Member=Wire GND_1
Added Member To Class: ClassName=Coutx1_1_Nets Member=Wire GND_1
Added Member To Class: ClassName=Coutx2_1_Nets Member=Wire GND_1
Added Member To Class: ClassName=Coutx3_1_Nets Member=Wire GND_1
Added Member To Class: ClassName=Cslope1_1_Nets Member=Wire GND_1
Added Member To Class: ClassName=Css1_1_Nets Member=Wire GND_1
Added Member To Class: ClassName=Cvcc1_1_Nets Member=Wire GND_1
Added Member To Class: ClassName=Rcomp1_1_Nets Member=Wire GND_1
Added Member To Class: ClassName=Rcsg1_1_Nets Member=Wire GND_1
Added Member To Class: ClassName=Rfbb1_1_Nets Member=Wire GND_1
Added Member To Class: ClassName=Rmode1_1_Nets Member=Wire GND_1
Added Member To Class: ClassName=Rsense1_1_Nets Member=Wire GND_1
Added Member To Class: ClassName=Rt1_1_Nets Member=Wire GND_1
Added Member To Class: ClassName=Ruvb1_1_Nets Member=Wire GND_1
Added Member To Class: ClassName=U1_1_Nets Member=Wire GND_1
Added Member To Class: ClassName=Cbias1_2_Nets Member=Wire GND_2
Added Member To Class: ClassName=Cbulk1_2_Nets Member=Wire GND_2
Added Member To Class: ClassName=Cbulk_1_2_Nets Member=Wire GND_2
Added Member To Class: ClassName=Cbulk_2_2_Nets Member=Wire GND_2
Added Member To Class: ClassName=Cbulk_3_2_Nets Member=Wire GND_2
Added Member To Class: ClassName=Cbulk_4_2_Nets Member=Wire GND_2
Added Member To Class: ClassName=Ccomp2_2_Nets Member=Wire GND_2
Added Member To Class: ClassName=Cf1_2_Nets Member=Wire GND_2
Added Member To Class: ClassName=Cin1_2_Nets Member=Wire GND_2
Added Member To Class: ClassName=Cin_1_2_Nets Member=Wire GND_2
Added Member To Class: ClassName=Cout1_2_Nets Member=Wire GND_2
Added Member To Class: ClassName=Cout_1_2_Nets Member=Wire GND_2
Added Member To Class: ClassName=Coutx1_2_Nets Member=Wire GND_2
Added Member To Class: ClassName=Coutx2_2_Nets Member=Wire GND_2
Added Member To Class: ClassName=Coutx3_2_Nets Member=Wire GND_2
Added Member To Class: ClassName=Cslope1_2_Nets Member=Wire GND_2
Added Member To Class: ClassName=Css1_2_Nets Member=Wire GND_2
Added Member To Class: ClassName=Cvcc1_2_Nets Member=Wire GND_2
Added Member To Class: ClassName=Rcomp1_2_Nets Member=Wire GND_2
Added Member To Class: ClassName=Rcsg1_2_Nets Member=Wire GND_2
Added Member To Class: ClassName=Rfbb1_2_Nets Member=Wire GND_2
Added Member To Class: ClassName=Rmode1_2_Nets Member=Wire GND_2
Added Member To Class: ClassName=Rsense1_2_Nets Member=Wire GND_2
Added Member To Class: ClassName=Rt1_2_Nets Member=Wire GND_2
Added Member To Class: ClassName=Ruvb1_2_Nets Member=Wire GND_2
Added Member To Class: ClassName=U1_2_Nets Member=Wire GND_2
Added Member To Class: ClassName=C4_Nets Member=Wire V3P3
Added Member To Class: ClassName=C5_Nets Member=Wire V3P3
Added Member To Class: ClassName=C6_Nets Member=Wire V3P3
Added Member To Class: ClassName=L2_Nets Member=Wire V3P3
Added Member To Class: ClassName=R1_Nets Member=Wire V3P3
Added Member To Class: ClassName=C14_Nets Member=Wire V5P0_Servo
Added Member To Class: ClassName=C16_Nets Member=Wire V5P0_Servo
Added Member To Class: ClassName=C18_Nets Member=Wire V5P0_Servo
Added Member To Class: ClassName=L3_Nets Member=Wire V5P0_Servo
Added Member To Class: ClassName=R3_Nets Member=Wire V5P0_Servo
Added Member To Class: ClassName=C15_Nets Member=Wire V5P0
Added Member To Class: ClassName=C17_Nets Member=Wire V5P0
Added Member To Class: ClassName=C19_Nets Member=Wire V5P0
Added Member To Class: ClassName=L4_Nets Member=Wire V5P0
Added Member To Class: ClassName=R4_Nets Member=Wire V5P0
Added Member To Class: ClassName=Cout1_1_Nets Member=Wire V12P0
Added Member To Class: ClassName=Cout1_2_Nets Member=Wire V12P0
Added Member To Class: ClassName=Cout_1_1_Nets Member=Wire V12P0
Added Member To Class: ClassName=Cout_1_2_Nets Member=Wire V12P0
Added Member To Class: ClassName=Coutx1_1_Nets Member=Wire V12P0
Added Member To Class: ClassName=Coutx1_2_Nets Member=Wire V12P0
Added Member To Class: ClassName=Coutx2_1_Nets Member=Wire V12P0
Added Member To Class: ClassName=Coutx2_2_Nets Member=Wire V12P0
Added Member To Class: ClassName=Coutx3_1_Nets Member=Wire V12P0
Added Member To Class: ClassName=Coutx3_2_Nets Member=Wire V12P0
Added Member To Class: ClassName=J_Nets Member=Wire V12P0
Added Member To Class: ClassName=M2_1_Nets Member=Wire V12P0
Added Member To Class: ClassName=M2_2_Nets Member=Wire V12P0
Added Member To Class: ClassName=P2_Nets Member=Wire V12P0
Added Member To Class: ClassName=R11_Nets Member=Wire V12P0
Added Member To Class: ClassName=Rfbt1_1_Nets Member=Wire V12P0
Added Member To Class: ClassName=Rfbt1_2_Nets Member=Wire V12P0
Added Member To Class: ClassName=TP6_Nets Member=Wire V12P0
Added Member To Class: ClassName=U1_1_Nets Member=Wire V12P0
Added Member To Class: ClassName=U1_2_Nets Member=Wire V12P0
Added Member To Class: ClassName=Cbulk1_1_Nets Member=Wire VCC_BATT_FILT_1
Added Member To Class: ClassName=Cbulk1_2_Nets Member=Wire VCC_BATT_FILT_1
Added Member To Class: ClassName=Cbulk_1_1_Nets Member=Wire VCC_BATT_FILT_1
Added Member To Class: ClassName=Cbulk_1_2_Nets Member=Wire VCC_BATT_FILT_1
Added Member To Class: ClassName=Cbulk_2_1_Nets Member=Wire VCC_BATT_FILT_1
Added Member To Class: ClassName=Cbulk_2_2_Nets Member=Wire VCC_BATT_FILT_1
Added Member To Class: ClassName=Cbulk_3_1_Nets Member=Wire VCC_BATT_FILT_1
Added Member To Class: ClassName=Cbulk_3_2_Nets Member=Wire VCC_BATT_FILT_1
Added Member To Class: ClassName=Cbulk_4_1_Nets Member=Wire VCC_BATT_FILT_1
Added Member To Class: ClassName=Cbulk_4_2_Nets Member=Wire VCC_BATT_FILT_1
Added Member To Class: ClassName=Cin1_1_Nets Member=Wire VCC_BATT_FILT_1
Added Member To Class: ClassName=Cin1_2_Nets Member=Wire VCC_BATT_FILT_1
Added Member To Class: ClassName=Cin_1_1_Nets Member=Wire VCC_BATT_FILT_1
Added Member To Class: ClassName=Cin_1_2_Nets Member=Wire VCC_BATT_FILT_1
Added Member To Class: ClassName=Df1_1_Nets Member=Wire VCC_BATT_FILT_1
Added Member To Class: ClassName=Df1_2_Nets Member=Wire VCC_BATT_FILT_1
Added Member To Class: ClassName=M1_1_Nets Member=Wire VCC_BATT_FILT_1
Added Member To Class: ClassName=M1_2_Nets Member=Wire VCC_BATT_FILT_1
Added Member To Class: ClassName=Ruvt1_1_Nets Member=Wire VCC_BATT_FILT_1
Added Member To Class: ClassName=Ruvt1_2_Nets Member=Wire VCC_BATT_FILT_1
Added Member To Class: ClassName=Rvisns1_1_Nets Member=Wire VCC_BATT_FILT_1
Added Member To Class: ClassName=Rvisns1_2_Nets Member=Wire VCC_BATT_FILT_1
Change Room Name: Old Name=V12P0_2 New Name=Designator
Change Room Scope: Old Scope=InComponentClass('V12P0_2') New Scope=InComponentClass('Designator')
Added Room: Name=Designator
