Added Component: Designator=Cbulk1(CAPSMT_62_E12)
Add component (AddParameter): Name = "Cap"; Value = "39E-6"; VariantName = "[No Variations]"
Add component (AddParameter): Name = "Copyright"; Value = "Copyright (C) 2018 Accelerated Designs. All rights reserved"; VariantName = "[No Variations]"
Add component (AddParameter): Name = "Datasheet"; Value = "https://industrial.panasonic.com/cdbs/www-data/pdf/AAB8000/AAB8000C177.pdf"; VariantName = "[No Variations]"
Add component (AddParameter): Name = "Datasheet_URL"; Value = "https://industrial.panasonic.com/cdbs/www-data/pdf/AAB8000/AAB8000C177.pdf"; VariantName = "[No Variations]"
Add component (AddParameter): Name = "ESR"; Value = "0.025"; VariantName = "[No Variations]"
Add component (AddParameter): Name = "IRMS"; Value = "3.8"; VariantName = "[No Variations]"
Add component (AddParameter): Name = "Manufacturer_Name"; Value = "Panasonic"; VariantName = "[No Variations]"
Add component (AddParameter): Name = "Manufacturer_Part_Number"; Value = "50SVPF39M"; VariantName = "[No Variations]"
Add component (AddParameter): Name = "RefDes"; Value = "RefDes"; VariantName = "[No Variations]"
Add component (AddParameter): Name = "TYPE"; Value = "TYPE"; VariantName = "[No Variations]"
Add component (AddParameter): Name = "Value"; Value = "39uF"; VariantName = "[No Variations]"
Add component (AddParameter): Name = "VDC"; Value = "50.0"; VariantName = "[No Variations]"
Add component (AddParameter): Name = "Vendor"; Value = "Panasonic"; VariantName = "[No Variations]"
Added Component: Designator=Cbulk_1(CAPSMT_62_E12)
Add component (AddParameter): Name = "Cap"; Value = "39E-6"; VariantName = "[No Variations]"
Add component (AddParameter): Name = "Copyright"; Value = "Copyright (C) 2018 Accelerated Designs. All rights reserved"; VariantName = "[No Variations]"
Add component (AddParameter): Name = "Datasheet"; Value = "https://industrial.panasonic.com/cdbs/www-data/pdf/AAB8000/AAB8000C177.pdf"; VariantName = "[No Variations]"
Add component (AddParameter): Name = "Datasheet_URL"; Value = "https://industrial.panasonic.com/cdbs/www-data/pdf/AAB8000/AAB8000C177.pdf"; VariantName = "[No Variations]"
Add component (AddParameter): Name = "ESR"; Value = "0.025"; VariantName = "[No Variations]"
Add component (AddParameter): Name = "IRMS"; Value = "3.8"; VariantName = "[No Variations]"
Add component (AddParameter): Name = "Manufacturer_Name"; Value = "Panasonic"; VariantName = "[No Variations]"
Add component (AddParameter): Name = "Manufacturer_Part_Number"; Value = "50SVPF39M"; VariantName = "[No Variations]"
Add component (AddParameter): Name = "RefDes"; Value = "RefDes"; VariantName = "[No Variations]"
Add component (AddParameter): Name = "TYPE"; Value = "TYPE"; VariantName = "[No Variations]"
Add component (AddParameter): Name = "Value"; Value = "39uF"; VariantName = "[No Variations]"
Add component (AddParameter): Name = "VDC"; Value = "50.0"; VariantName = "[No Variations]"
Add component (AddParameter): Name = "Vendor"; Value = "Panasonic"; VariantName = "[No Variations]"
Added Component: Designator=Ccomp1(0805)
Add component (AddParameter): Name = "Cap"; Value = "4.7E-10"; VariantName = "[No Variations]"
Add component (AddParameter): Name = "Copyright"; Value = "Copyright (C) 2018 Accelerated Designs. All rights reserved"; VariantName = "[No Variations]"
Add component (AddParameter): Name = "Datasheet_URL"; Value = "http://www.samsungsem.com/servlet/FileDownload?type%3Dspec%26file%3DCL21C471JBANNNC.pdf"; VariantName = "[No Variations]"
Add component (AddParameter): Name = "ESR"; Value = "0.0"; VariantName = "[No Variations]"
Add component (AddParameter): Name = "IRMS"; Value = "0.0"; VariantName = "[No Variations]"
Add component (AddParameter): Name = "Manufacturer_Name"; Value = "Samsung Electro-Mechanics"; VariantName = "[No Variations]"
Add component (AddParameter): Name = "Manufacturer_Part_Number"; Value = "CL21C471JBANNNC"; VariantName = "[No Variations]"
Add component (AddParameter): Name = "RefDes"; Value = "RefDes"; VariantName = "[No Variations]"
Add component (AddParameter): Name = "Type"; Value = "DEV"; VariantName = "[No Variations]"
Add component (AddParameter): Name = "Value"; Value = "220pF"; VariantName = "[No Variations]"
Add component (AddParameter): Name = "VDC"; Value = "50.0"; VariantName = "[No Variations]"
Add component (AddParameter): Name = "Vendor"; Value = "Samsung Electro-Mechanics"; VariantName = "[No Variations]"
Added Component: Designator=Cin1(CAPSMT_62_F61)
Add component (AddParameter): Name = "Copyright"; Value = "Copyright (C) 2018 Accelerated Designs. All rights reserved"; VariantName = "[No Variations]"
Add component (AddParameter): Name = "Manufacturer_Name"; Value = "Panasonic"; VariantName = "[No Variations]"
Add component (AddParameter): Name = "Manufacturer_Part_Number"; Value = "35SVPF22M"; VariantName = "[No Variations]"
Add component (AddParameter): Name = "RefDes"; Value = "RefDes"; VariantName = "[No Variations]"
Add component (AddParameter): Name = "TYPE"; Value = "TYPE"; VariantName = "[No Variations]"
Add component (AddParameter): Name = "Value"; Value = "22uF"; VariantName = "[No Variations]"
Add component (AddParameter): Name = "Vendor"; Value = "Panasonic"; VariantName = "[No Variations]"
Added Component: Designator=Cin_1(CAPSMT_62_F61)
Add component (AddParameter): Name = "Copyright"; Value = "Copyright (C) 2018 Accelerated Designs. All rights reserved"; VariantName = "[No Variations]"
Add component (AddParameter): Name = "Manufacturer_Name"; Value = "Panasonic"; VariantName = "[No Variations]"
Add component (AddParameter): Name = "Manufacturer_Part_Number"; Value = "35SVPF22M"; VariantName = "[No Variations]"
Add component (AddParameter): Name = "RefDes"; Value = "RefDes"; VariantName = "[No Variations]"
Add component (AddParameter): Name = "TYPE"; Value = "TYPE"; VariantName = "[No Variations]"
Add component (AddParameter): Name = "Value"; Value = "22uF"; VariantName = "[No Variations]"
Add component (AddParameter): Name = "Vendor"; Value = "Panasonic"; VariantName = "[No Variations]"
Added Component: Designator=Cin_2(CAPSMT_62_F61)
Add component (AddParameter): Name = "Copyright"; Value = "Copyright (C) 2018 Accelerated Designs. All rights reserved"; VariantName = "[No Variations]"
Add component (AddParameter): Name = "Manufacturer_Name"; Value = "Panasonic"; VariantName = "[No Variations]"
Add component (AddParameter): Name = "Manufacturer_Part_Number"; Value = "35SVPF22M"; VariantName = "[No Variations]"
Add component (AddParameter): Name = "RefDes"; Value = "RefDes"; VariantName = "[No Variations]"
Add component (AddParameter): Name = "TYPE"; Value = "TYPE"; VariantName = "[No Variations]"
Add component (AddParameter): Name = "Value"; Value = "22uF"; VariantName = "[No Variations]"
Add component (AddParameter): Name = "Vendor"; Value = "Panasonic"; VariantName = "[No Variations]"
Added Component: Designator=Cout1(CAPSMT_62_C10)
Add component (AddParameter): Name = "Copyright"; Value = "Copyright (C) 2018 Accelerated Designs. All rights reserved"; VariantName = "[No Variations]"
Add component (AddParameter): Name = "Manufacturer_Name"; Value = "Panasonic"; VariantName = "[No Variations]"
Add component (AddParameter): Name = "Manufacturer_Part_Number"; Value = "16SVPE180M"; VariantName = "[No Variations]"
Add component (AddParameter): Name = "RefDes"; Value = "RefDes"; VariantName = "[No Variations]"
Add component (AddParameter): Name = "TYPE"; Value = "TYPE"; VariantName = "[No Variations]"
Add component (AddParameter): Name = "Value"; Value = "180uF"; VariantName = "[No Variations]"
Add component (AddParameter): Name = "Vendor"; Value = "Panasonic"; VariantName = "[No Variations]"
Added Component: Designator=Cout_1(CAPSMT_62_C10)
Add component (AddParameter): Name = "Copyright"; Value = "Copyright (C) 2018 Accelerated Designs. All rights reserved"; VariantName = "[No Variations]"
Add component (AddParameter): Name = "Manufacturer_Name"; Value = "Panasonic"; VariantName = "[No Variations]"
Add component (AddParameter): Name = "Manufacturer_Part_Number"; Value = "16SVPE180M"; VariantName = "[No Variations]"
Add component (AddParameter): Name = "RefDes"; Value = "RefDes"; VariantName = "[No Variations]"
Add component (AddParameter): Name = "TYPE"; Value = "TYPE"; VariantName = "[No Variations]"
Add component (AddParameter): Name = "Value"; Value = "180uF"; VariantName = "[No Variations]"
Add component (AddParameter): Name = "Vendor"; Value = "Panasonic"; VariantName = "[No Variations]"
Added Component: Designator=Cout_2(CAPSMT_62_C10)
Add component (AddParameter): Name = "Copyright"; Value = "Copyright (C) 2018 Accelerated Designs. All rights reserved"; VariantName = "[No Variations]"
Add component (AddParameter): Name = "Manufacturer_Name"; Value = "Panasonic"; VariantName = "[No Variations]"
Add component (AddParameter): Name = "Manufacturer_Part_Number"; Value = "16SVPE180M"; VariantName = "[No Variations]"
Add component (AddParameter): Name = "RefDes"; Value = "RefDes"; VariantName = "[No Variations]"
Add component (AddParameter): Name = "TYPE"; Value = "TYPE"; VariantName = "[No Variations]"
Add component (AddParameter): Name = "Value"; Value = "180uF"; VariantName = "[No Variations]"
Add component (AddParameter): Name = "Vendor"; Value = "Panasonic"; VariantName = "[No Variations]"
Added Component: Designator=Css1(0603)
Add component (AddParameter): Name = "Copyright"; Value = "Copyright (C) 2018 Accelerated Designs. All rights reserved"; VariantName = "[No Variations]"
Add component (AddParameter): Name = "Manufacturer_Name"; Value = "Yageo"; VariantName = "[No Variations]"
Add component (AddParameter): Name = "Manufacturer_Part_Number"; Value = "CC0603JRNPO9BN181"; VariantName = "[No Variations]"
Add component (AddParameter): Name = "RefDes"; Value = "RefDes"; VariantName = "[No Variations]"
Add component (AddParameter): Name = "TYPE"; Value = "TYPE"; VariantName = "[No Variations]"
Add component (AddParameter): Name = "Value"; Value = "15nF"; VariantName = "[No Variations]"
Add component (AddParameter): Name = "Vendor"; Value = "Yageo America"; VariantName = "[No Variations]"
Added Component: Designator=Dboot1(SOD-123F)
Add component (AddParameter): Name = "Copyright"; Value = "Copyright (C) 2018 Accelerated Designs. All rights reserved"; VariantName = "[No Variations]"
Add component (AddParameter): Name = "Manufacturer_Name"; Value = "Comchip Technology"; VariantName = "[No Variations]"
Add component (AddParameter): Name = "Manufacturer_Part_Number"; Value = "CDBK0540-HF"; VariantName = "[No Variations]"
Add component (AddParameter): Name = "RefDes"; Value = "RefDes"; VariantName = "[No Variations]"
Add component (AddParameter): Name = "TYPE"; Value = "TYPE"; VariantName = "[No Variations]"
Add component (AddParameter): Name = "Value"; Value = "510mV"; VariantName = "[No Variations]"
Add component (AddParameter): Name = "Vendor"; Value = "Comchip Technology"; VariantName = "[No Variations]"
Added Component: Designator=Dboot2(SOD-123F)
Add component (AddParameter): Name = "Copyright"; Value = "Copyright (C) 2018 Accelerated Designs. All rights reserved"; VariantName = "[No Variations]"
Add component (AddParameter): Name = "Datasheet_URL"; Value = "http://www.comchiptech.com/cms/UserFiles/CDBK0520L%2DHF%2DRevB797958.pdf"; VariantName = "[No Variations]"
Add component (AddParameter): Name = "Io"; Value = "0.5"; VariantName = "[No Variations]"
Add component (AddParameter): Name = "Manufacturer_Name"; Value = "Comchip Technology"; VariantName = "[No Variations]"
Add component (AddParameter): Name = "Manufacturer_Part_Number"; Value = "CDBK0520L-HF"; VariantName = "[No Variations]"
Add component (AddParameter): Name = "RefDes"; Value = "RefDes"; VariantName = "[No Variations]"
Add component (AddParameter): Name = "Type"; Value = "DEV"; VariantName = "[No Variations]"
Add component (AddParameter): Name = "Value"; Value = "385mV"; VariantName = "[No Variations]"
Add component (AddParameter): Name = "Vendor"; Value = "Comchip Technology"; VariantName = "[No Variations]"
Add component (AddParameter): Name = "VFatIo"; Value = "0.385"; VariantName = "[No Variations]"
Add component (AddParameter): Name = "VRRM"; Value = "20.0"; VariantName = "[No Variations]"
Added Component: Designator=Df1(SOD-123F)
Add component (AddParameter): Name = "Copyright"; Value = "Copyright (C) 2018 Accelerated Designs. All rights reserved"; VariantName = "[No Variations]"
Add component (AddParameter): Name = "Manufacturer_Name"; Value = "Comchip Technology"; VariantName = "[No Variations]"
Add component (AddParameter): Name = "Manufacturer_Part_Number"; Value = "CDBK0540-HF"; VariantName = "[No Variations]"
Add component (AddParameter): Name = "RefDes"; Value = "RefDes"; VariantName = "[No Variations]"
Add component (AddParameter): Name = "TYPE"; Value = "TYPE"; VariantName = "[No Variations]"
Add component (AddParameter): Name = "Value"; Value = "510mV"; VariantName = "[No Variations]"
Add component (AddParameter): Name = "Vendor"; Value = "Comchip Technology"; VariantName = "[No Variations]"
Added Component: Designator=L1(XAL1010)
Add component (AddParameter): Name = "Copyright"; Value = "Copyright (C) 2018 Accelerated Designs. All rights reserved"; VariantName = "[No Variations]"
Add component (AddParameter): Name = "Manufacturer_Name"; Value = "Coilcraft"; VariantName = "[No Variations]"
Add component (AddParameter): Name = "Manufacturer_Part_Number"; Value = "XAL1010-152MEB"; VariantName = "[No Variations]"
Add component (AddParameter): Name = "RefDes"; Value = "RefDes"; VariantName = "[No Variations]"
Add component (AddParameter): Name = "TYPE"; Value = "TYPE"; VariantName = "[No Variations]"
Add component (AddParameter): Name = "Value"; Value = "1.5uH"; VariantName = "[No Variations]"
Add component (AddParameter): Name = "Vendor"; Value = "Coilcraft"; VariantName = "[No Variations]"
Added Component: Designator=M1(TRANS_NexFET_Q5A)
Add component (AddParameter): Name = "Copyright"; Value = "Copyright (C) 2018 Accelerated Designs. All rights reserved"; VariantName = "[No Variations]"
Add component (AddParameter): Name = "Manufacturer_Name"; Value = "Texas Instruments"; VariantName = "[No Variations]"
Add component (AddParameter): Name = "Manufacturer_Part_Number"; Value = "CSD17577Q5A"; VariantName = "[No Variations]"
Add component (AddParameter): Name = "RefDes"; Value = "RefDes"; VariantName = "[No Variations]"
Add component (AddParameter): Name = "TYPE"; Value = "TYPE"; VariantName = "[No Variations]"
Add component (AddParameter): Name = "Value"; Value = "Value"; VariantName = "[No Variations]"
Add component (AddParameter): Name = "Vendor"; Value = "Texas Instruments"; VariantName = "[No Variations]"
Added Component: Designator=M2(TRANS_NexFET_Q5)
Add component (AddParameter): Name = "Copyright"; Value = "Copyright (C) 2018 Accelerated Designs. All rights reserved"; VariantName = "[No Variations]"
Add component (AddParameter): Name = "Datasheet_URL"; Value = "http://www.ti.com/lit/ds/symlink/csd17303q5.pdf"; VariantName = "[No Variations]"
Add component (AddParameter): Name = "IdsMax"; Value = "100.0"; VariantName = "[No Variations]"
Add component (AddParameter): Name = "Manufacturer_Name"; Value = "Texas Instruments"; VariantName = "[No Variations]"
Add component (AddParameter): Name = "Manufacturer_Part_Number"; Value = "CSD17303Q5"; VariantName = "[No Variations]"
Add component (AddParameter): Name = "QgTyp"; Value = "18.0"; VariantName = "[No Variations]"
Add component (AddParameter): Name = "Quantity"; Value = "1"; VariantName = "[No Variations]"
Add component (AddParameter): Name = "Rdson45"; Value = "0.002"; VariantName = "[No Variations]"
Add component (AddParameter): Name = "RefDes"; Value = "RefDes"; VariantName = "[No Variations]"
Add component (AddParameter): Name = "Type"; Value = "DEV"; VariantName = "[No Variations]"
Add component (AddParameter): Name = "Value"; Value = "30V"; VariantName = "[No Variations]"
Add component (AddParameter): Name = "VdsMax"; Value = "30.0"; VariantName = "[No Variations]"
Add component (AddParameter): Name = "Vendor"; Value = "Texas Instruments"; VariantName = "[No Variations]"
Added Component: Designator=M3(TRANS_NexFET_Q5A)
Add component (AddParameter): Name = "Copyright"; Value = "Copyright (C) 2018 Accelerated Designs. All rights reserved"; VariantName = "[No Variations]"
Add component (AddParameter): Name = "Datasheet_URL"; Value = "http://www.ti.com/lit/ds/symlink/csd18537nq5a.pdf"; VariantName = "[No Variations]"
Add component (AddParameter): Name = "IdsMax"; Value = "50.0"; VariantName = "[No Variations]"
Add component (AddParameter): Name = "Manufacturer_Name"; Value = "Texas Instruments"; VariantName = "[No Variations]"
Add component (AddParameter): Name = "Manufacturer_Part_Number"; Value = "CSD18537NQ5A"; VariantName = "[No Variations]"
Add component (AddParameter): Name = "QgTyp"; Value = "14.0"; VariantName = "[No Variations]"
Add component (AddParameter): Name = "Quantity"; Value = "1"; VariantName = "[No Variations]"
Add component (AddParameter): Name = "Rdson45"; Value = "0.014559"; VariantName = "[No Variations]"
Add component (AddParameter): Name = "RefDes"; Value = "RefDes"; VariantName = "[No Variations]"
Add component (AddParameter): Name = "TYPE"; Value = "TYPE"; VariantName = "[No Variations]"
Add component (AddParameter): Name = "Value"; Value = "60V"; VariantName = "[No Variations]"
Add component (AddParameter): Name = "VdsMax"; Value = "60.0"; VariantName = "[No Variations]"
Add component (AddParameter): Name = "Vendor"; Value = "Texas Instruments"; VariantName = "[No Variations]"
Added Component: Designator=M4(DNK0008A)
Add component (AddParameter): Name = "Copyright"; Value = "Copyright (C) 2018 Accelerated Designs. All rights reserved"; VariantName = "[No Variations]"
Add component (AddParameter): Name = "Datasheet_URL"; Value = "http://www.ti.com/lit/ds/symlink/csd17573q5b.pdf"; VariantName = "[No Variations]"
Add component (AddParameter): Name = "IdsMax"; Value = "100.0"; VariantName = "[No Variations]"
Add component (AddParameter): Name = "Manufacturer_Name"; Value = "Texas Instruments"; VariantName = "[No Variations]"
Add component (AddParameter): Name = "Manufacturer_Part_Number"; Value = "CSD17573Q5B"; VariantName = "[No Variations]"
Add component (AddParameter): Name = "QgTyp"; Value = "49.0"; VariantName = "[No Variations]"
Add component (AddParameter): Name = "Quantity"; Value = "1"; VariantName = "[No Variations]"
Add component (AddParameter): Name = "Rdson45"; Value = "0.0014"; VariantName = "[No Variations]"
Add component (AddParameter): Name = "RefDes"; Value = "RefDes"; VariantName = "[No Variations]"
Add component (AddParameter): Name = "Type"; Value = "DEV"; VariantName = "[No Variations]"
Add component (AddParameter): Name = "Value"; Value = "30V"; VariantName = "[No Variations]"
Add component (AddParameter): Name = "VdsMax"; Value = "30.0"; VariantName = "[No Variations]"
Add component (AddParameter): Name = "Vendor"; Value = "Texas Instruments"; VariantName = "[No Variations]"
Added Pin To Net: NetName=VCC_BATT_FILT Pin=Cbulk1-1
Added Pin To Net: NetName=GND Pin=Cbulk1-2
Added Pin To Net: NetName=VCC_BATT_FILT Pin=Cbulk_1-1
Added Pin To Net: NetName=GND Pin=Cbulk_1-2
Added Pin To Net: NetName=NetCcomp1_1 Pin=Ccomp1-1
Added Pin To Net: NetName=GND Pin=Ccomp1-2
Added Pin To Net: NetName=VCC_BATT_FILT Pin=Cin1-1
Added Pin To Net: NetName=GND Pin=Cin1-2
Added Pin To Net: NetName=VCC_BATT_FILT Pin=Cin_1-1
Added Pin To Net: NetName=GND Pin=Cin_1-2
Added Pin To Net: NetName=VCC_BATT_FILT Pin=Cin_2-1
Added Pin To Net: NetName=GND Pin=Cin_2-2
Added Pin To Net: NetName=V12P0 Pin=Cout1-1
Added Pin To Net: NetName=GND Pin=Cout1-2
Added Pin To Net: NetName=V12P0 Pin=Cout_1-1
Added Pin To Net: NetName=GND Pin=Cout_1-2
Added Pin To Net: NetName=V12P0 Pin=Cout_2-1
Added Pin To Net: NetName=GND Pin=Cout_2-2
Added Pin To Net: NetName=NetCss1_1 Pin=Css1-1
Added Pin To Net: NetName=GND Pin=Css1-2
Added Pin To Net: NetName=NetCboot1_1 Pin=Dboot1-1
Added Pin To Net: NetName=NetCvcc1_1 Pin=Dboot1-2
Added Pin To Net: NetName=NetCboot2_1 Pin=Dboot2-1
Added Pin To Net: NetName=NetCvcc1_1 Pin=Dboot2-2
Added Pin To Net: NetName=NetDf1_1 Pin=Df1-1
Added Pin To Net: NetName=VCC_BATT_FILT Pin=Df1-2
Added Pin To Net: NetName=26_0 Pin=L1-1
Added Pin To Net: NetName=11_0 Pin=L1-2
Added Pin To Net: NetName=26_0 Pin=M1-1
Added Pin To Net: NetName=26_0 Pin=M1-2
Added Pin To Net: NetName=26_0 Pin=M1-3
Added Pin To Net: NetName=33_0 Pin=M1-4
Added Pin To Net: NetName=VCC_BATT_FILT Pin=M1-5
Added Pin To Net: NetName=VCC_BATT_FILT Pin=M1-6
Added Pin To Net: NetName=VCC_BATT_FILT Pin=M1-7
Added Pin To Net: NetName=VCC_BATT_FILT Pin=M1-8
Added Pin To Net: NetName=VCC_BATT_FILT Pin=M1-9
Added Pin To Net: NetName=11_0 Pin=M2-1
Added Pin To Net: NetName=11_0 Pin=M2-2
Added Pin To Net: NetName=11_0 Pin=M2-3
Added Pin To Net: NetName=34_0 Pin=M2-4
Added Pin To Net: NetName=V12P0 Pin=M2-5
Added Pin To Net: NetName=V12P0 Pin=M2-6
Added Pin To Net: NetName=V12P0 Pin=M2-7
Added Pin To Net: NetName=V12P0 Pin=M2-8
Added Pin To Net: NetName=V12P0 Pin=M2-9
Added Pin To Net: NetName=15_0 Pin=M3-1
Added Pin To Net: NetName=15_0 Pin=M3-2
Added Pin To Net: NetName=15_0 Pin=M3-3
Added Pin To Net: NetName=32_0 Pin=M3-4
Added Pin To Net: NetName=26_0 Pin=M3-5
Added Pin To Net: NetName=26_0 Pin=M3-6
Added Pin To Net: NetName=26_0 Pin=M3-7
Added Pin To Net: NetName=26_0 Pin=M3-8
Added Pin To Net: NetName=26_0 Pin=M3-9
Added Pin To Net: NetName=15_0 Pin=M4-1
Added Pin To Net: NetName=15_0 Pin=M4-2
Added Pin To Net: NetName=15_0 Pin=M4-3
Added Pin To Net: NetName=27_0 Pin=M4-4
Added Pin To Net: NetName=11_0 Pin=M4-5
Added Pin To Net: NetName=11_0 Pin=M4-6
Added Pin To Net: NetName=11_0 Pin=M4-7
Added Pin To Net: NetName=11_0 Pin=M4-8
Added Pin To Net: NetName=11_0 Pin=M4-9
Add Pin To Net: Unknown Pin: Pin Rcomp1-1
Add Pin To Net: Unknown Pin: Pin Rcomp1-2
Added Pin To Net: NetName=15_0 Pin=Rsense1-1
Added Pin To Net: NetName=GND Pin=Rsense1-2
Added Member To Class: ClassName=Sht2-V12P0_reg Member=Component Cbulk1 50SVPF39M
Added Member To Class: ClassName=Sht2-V12P0_reg Member=Component Cbulk_1 50SVPF39M
Added Member To Class: ClassName=Sht2-V12P0_reg Member=Component Ccomp1 CL21C471JBANNNC
Added Member To Class: ClassName=Sht2-V12P0_reg Member=Component Cin1 35SVPF22M
Added Member To Class: ClassName=Sht2-V12P0_reg Member=Component Cin_1 35SVPF22M
Added Member To Class: ClassName=Sht2-V12P0_reg Member=Component Cin_2 35SVPF22M
Added Member To Class: ClassName=Sht2-V12P0_reg Member=Component Cout1 16SVPE180M
Added Member To Class: ClassName=Sht2-V12P0_reg Member=Component Cout_1 16SVPE180M
Added Member To Class: ClassName=Sht2-V12P0_reg Member=Component Cout_2 16SVPE180M
Added Member To Class: ClassName=Sht2-V12P0_reg Member=Component Css1 CC0603JRNPO9BN18
Added Member To Class: ClassName=Sht2-V12P0_reg Member=Component Dboot1 CDBK0540-HF
Added Member To Class: ClassName=Sht2-V12P0_reg Member=Component Dboot2 CDBK0520L-HF
Added Member To Class: ClassName=Sht2-V12P0_reg Member=Component Df1 CDBK0540-HF
Added Member To Class: ClassName=Sht2-V12P0_reg Member=Component L1 XAL1010-152MEB
Added Member To Class: ClassName=Sht2-V12P0_reg Member=Component M1 CSD17577Q5A
Added Member To Class: ClassName=Sht2-V12P0_reg Member=Component M2 CSD17303Q5
Added Member To Class: ClassName=Sht2-V12P0_reg Member=Component M3 CSD18537NQ5A
Added Member To Class: ClassName=Sht2-V12P0_reg Member=Component M4 CSD17573Q5B
Add Class Member: Failed to add class member : Component Rcomp1 CRCW040210K5FKED
Added Member To Class: ClassName=Rsense1_Nets Member=Wire 15_0
Added Member To Class: ClassName=Rsense1_Nets Member=Wire GND
