Change Component Designator: OldDesignator=TB? NewDesignator=TB1
Added Component: Designator=P4(MOLEX NANO-FIT 2X7 - Right Angle)
Add component (AddParameter): Name = "ComponentLink1Description"; Value = "Mouser Link"; VariantName = "[No Variations]"
Add component (AddParameter): Name = "ComponentLink1URL"; Value = "https://www.mouser.com/ProductDetail/Molex/105314-1214?qs=PqFvFmEiOr6wLIXpvlvqbA%3D%3D"; VariantName = "[No Variations]"
Add component (AddParameter): Name = "Manufacturer"; Value = "Molex"; VariantName = "[No Variations]"
Add component (AddParameter): Name = "Part Number"; Value = "105314-1214"; VariantName = "[No Variations]"
Add component (AddParameter): Name = "Supplier"; Value = "Mouser"; VariantName = "[No Variations]"
Add component (AddParameter): Name = "Supplier 1"; Value = "Mouser"; VariantName = "[No Variations]"
Add component (AddParameter): Name = "Supplier Part Number"; Value = "538-105314-1214"; VariantName = "[No Variations]"
Add component (AddParameter): Name = "Supplier Part Number 1"; Value = "538-105314-1214"; VariantName = "[No Variations]"
Added Component: Designator=P5(MOLEX NANO-FIT 2X7 - Right Angle)
Add component (AddParameter): Name = "ComponentLink1Description"; Value = "Mouser Link"; VariantName = "[No Variations]"
Add component (AddParameter): Name = "ComponentLink1URL"; Value = "https://www.mouser.com/ProductDetail/Molex/105314-1214?qs=PqFvFmEiOr6wLIXpvlvqbA%3D%3D"; VariantName = "[No Variations]"
Add component (AddParameter): Name = "Manufacturer"; Value = "Molex"; VariantName = "[No Variations]"
Add component (AddParameter): Name = "Part Number"; Value = "105314-1214"; VariantName = "[No Variations]"
Add component (AddParameter): Name = "Supplier"; Value = "Mouser"; VariantName = "[No Variations]"
Add component (AddParameter): Name = "Supplier 1"; Value = "Mouser"; VariantName = "[No Variations]"
Add component (AddParameter): Name = "Supplier Part Number"; Value = "538-105314-1214"; VariantName = "[No Variations]"
Add component (AddParameter): Name = "Supplier Part Number 1"; Value = "538-105314-1214"; VariantName = "[No Variations]"
Added Pin To Net: NetName=V12P0 Pin=P4-1
Added Pin To Net: NetName=V12P0 Pin=P4-2
Added Pin To Net: NetName=V12P0 Pin=P4-3
Added Pin To Net: NetName=V12P0 Pin=P4-4
Added Pin To Net: NetName=VCC_BATT_FILT Pin=P4-5
Added Pin To Net: NetName=VCC_BATT_FILT Pin=P4-6
Added Pin To Net: NetName=VCC_BATT_FILT Pin=P4-7
Added Pin To Net: NetName=GND Pin=P4-8
Added Pin To Net: NetName=GND Pin=P4-9
Added Pin To Net: NetName=GND Pin=P4-10
Added Pin To Net: NetName=GND Pin=P4-11
Added Pin To Net: NetName=GND Pin=P4-12
Added Pin To Net: NetName=GND Pin=P4-13
Added Pin To Net: NetName=GND Pin=P4-14
Added Pin To Net: NetName=V5P0 Pin=P5-1
Added Pin To Net: NetName=V5P0 Pin=P5-2
Added Pin To Net: NetName=V5P0 Pin=P5-3
Added Pin To Net: NetName=V5P0 Pin=P5-4
Added Pin To Net: NetName=V5P0 Pin=P5-5
Added Pin To Net: NetName=V3P3 Pin=P5-6
Added Pin To Net: NetName=V3P3 Pin=P5-7
Added Pin To Net: NetName=GND Pin=P5-8
Added Pin To Net: NetName=GND Pin=P5-9
Added Pin To Net: NetName=GND Pin=P5-10
Added Pin To Net: NetName=GND Pin=P5-11
Added Pin To Net: NetName=GND Pin=P5-12
Added Pin To Net: NetName=GND Pin=P5-13
Added Pin To Net: NetName=GND Pin=P5-14
Change Class Name : Old Net Name=TB?_Nets New Net Name=TB1_Nets
Added Class: Name=P4_Nets
Added Class: Name=P5_Nets
Added Member To Class: ClassName=Designator Member=Component P4 14-Pin 2-Row Nano-Fit Right Angle
Added Member To Class: ClassName=Designator Member=Component P5 14-Pin 2-Row Nano-Fit Right Angle
