Added Component: Designator=J2(SAMTEC_TSW-115-05-G-S)
Add component (AddParameter): Name = "Availability"; Value = "Unavailable"; VariantName = "[No Variations]"
Add component (AddParameter): Name = "MF"; Value = "Samtec"; VariantName = "[No Variations]"
Add component (AddParameter): Name = "MP"; Value = "TSW-115-05-G-S"; VariantName = "[No Variations]"
Add component (AddParameter): Name = "Package"; Value = "None"; VariantName = "[No Variations]"
Add component (AddParameter): Name = "Price"; Value = "None"; VariantName = "[No Variations]"
Add component (AddParameter): Name = "Value"; Value = ""; VariantName = "[No Variations]"
Added Component: Designator=J3(SAMTEC_TSW-115-05-G-S)
Add component (AddParameter): Name = "Availability"; Value = "Unavailable"; VariantName = "[No Variations]"
Add component (AddParameter): Name = "MF"; Value = "Samtec"; VariantName = "[No Variations]"
Add component (AddParameter): Name = "MP"; Value = "TSW-115-05-G-S"; VariantName = "[No Variations]"
Add component (AddParameter): Name = "Package"; Value = "None"; VariantName = "[No Variations]"
Add component (AddParameter): Name = "Price"; Value = "None"; VariantName = "[No Variations]"
Add component (AddParameter): Name = "Value"; Value = ""; VariantName = "[No Variations]"
Added Pin To Net: NetName=Ard_D1/TX Pin=J2-01
Added Pin To Net: NetName=Ard_D0/RX Pin=J2-02
Added Pin To Net: NetName=Ard_RESET Pin=J2-03
Added Pin To Net: NetName=GND Pin=J2-04
Added Pin To Net: NetName=Ard_D2 Pin=J2-05
Added Pin To Net: NetName=Ard_D3 Pin=J2-06
Added Pin To Net: NetName=Ard_D4 Pin=J2-07
Added Pin To Net: NetName=Ard_D5 Pin=J2-08
Added Pin To Net: NetName=Ard_D6 Pin=J2-09
Added Pin To Net: NetName=Ard_D7 Pin=J2-10
Added Pin To Net: NetName=Ard_D8 Pin=J2-11
Added Pin To Net: NetName=Ard_D9 Pin=J2-12
Added Pin To Net: NetName=Ard_D10 Pin=J2-13
Added Pin To Net: NetName=Ard_D11 Pin=J2-14
Added Pin To Net: NetName=Ard_D12 Pin=J2-15
Added Pin To Net: NetName=V12P0 Pin=J3-01
Added Pin To Net: NetName=GND Pin=J3-02
Added Pin To Net: NetName=Ard_RESET Pin=J3-03
Added Pin To Net: NetName=Ard_5V Pin=J3-04
Added Pin To Net: NetName=Ard_A7 Pin=J3-05
Added Pin To Net: NetName=Ard_A6 Pin=J3-06
Added Pin To Net: NetName=Ard_A5/SCL Pin=J3-07
Added Pin To Net: NetName=Ard_A4/SDA Pin=J3-08
Added Pin To Net: NetName=Ard_A3 Pin=J3-09
Added Pin To Net: NetName=Ard_A2 Pin=J3-10
Added Pin To Net: NetName=Ard_A1 Pin=J3-11
Added Pin To Net: NetName=Ard_A0 Pin=J3-12
Added Pin To Net: NetName=GND Pin=J3-13
Added Pin To Net: NetName=Ard_3V3 Pin=J3-14
Added Pin To Net: NetName=Ard_D13 Pin=J3-15
Added Class: Name=J2_Nets
Added Class: Name=J3_Nets
Added Member To Class: ClassName=Designator Member=Component J2 TSW-115-05-G-S
Added Member To Class: ClassName=Designator Member=Component J3 TSW-115-05-G-S
Added Room: Name=Designator
Added Room: Name=Designator
