Removed Pin From Net: NetName=VBAT Pin=J1-1
Removed Pin From Net: NetName=VBAT Pin=J1-2
Removed Pin From Net: NetName=VBAT Pin=J1-3
Removed Pin From Net: NetName=VBAT Pin=J1-4
Removed Pin From Net: NetName=GND Pin=J1-5
Removed Pin From Net: NetName=GND Pin=J1-6
Removed Pin From Net: NetName=GND Pin=J1-7
Removed Pin From Net: NetName=GND Pin=J1-8
Removed Pin From Net: NetName=V3P3 Pin=J1-9
Removed Pin From Net: NetName=THRST_EN Pin=J1-10
Removed Member From Class: ClassName=Designator Member=J?
Change Component Designator: OldDesignator=J? NewDesignator=J1
Added Pin To Net: NetName=VBAT Pin=J1-1
Added Pin To Net: NetName=VBAT Pin=J1-2
Added Pin To Net: NetName=VBAT Pin=J1-3
Added Pin To Net: NetName=VBAT Pin=J1-4
Added Pin To Net: NetName=GND Pin=J1-5
Added Pin To Net: NetName=GND Pin=J1-6
Added Pin To Net: NetName=GND Pin=J1-7
Added Pin To Net: NetName=GND Pin=J1-8
Added Pin To Net: NetName=V3P3 Pin=J1-9
Added Pin To Net: NetName=THRST_EN Pin=J1-10
