Added Component: Designator=3V3IN(FP-TSW-101-07-L-S-MFG)
Add component (AddParameter): Name = "Color"; Value = "Black"; VariantName = "[No Variations]"
Add component (AddParameter): Name = "Connector Type"; Value = "Header"; VariantName = "[No Variations]"
Add component (AddParameter): Name = "Contact Finish - Mating"; Value = "GOLD"; VariantName = "[No Variations]"
Add component (AddParameter): Name = "Contact Material"; Value = "Bronze"; VariantName = "[No Variations]"
Add component (AddParameter): Name = "Contact Mating Length"; Value = "0.23inch"; VariantName = "[No Variations]"
Add component (AddParameter): Name = "Contact Plating"; Value = "Gold"; VariantName = "[No Variations]"
Add component (AddParameter): Name = "Contact Shape"; Value = "Square"; VariantName = "[No Variations]"
Add component (AddParameter): Name = "Contact Type"; Value = "Male Pin"; VariantName = "[No Variations]"
Add component (AddParameter): Name = "Depth"; Value = "2.54mm"; VariantName = "[No Variations]"
Add component (AddParameter): Name = "Fastening Type"; Value = "Pull"; VariantName = "[No Variations]"
Add component (AddParameter): Name = "Flammability Rating"; Value = "UL94 V-0"; VariantName = "[No Variations]"
Add component (AddParameter): Name = "Gender"; Value = "Male"; VariantName = "[No Variations]"
Add component (AddParameter): Name = "Housing Color"; Value = "Black"; VariantName = "[No Variations]"
Add component (AddParameter): Name = "Housing Material"; Value = "Polyester"; VariantName = "[No Variations]"
Add component (AddParameter): Name = "Insulation Color"; Value = "Black"; VariantName = "[No Variations]"
Add component (AddParameter): Name = "Insulation Material"; Value = "PBT"; VariantName = "[No Variations]"
Add component (AddParameter): Name = "Lead Free"; Value = "Lead Free"; VariantName = "[No Variations]"
Add component (AddParameter): Name = "Length"; Value = "2.54mm"; VariantName = "[No Variations]"
Add component (AddParameter): Name = "Max Current Rating"; Value = "7.6A"; VariantName = "[No Variations]"
Add component (AddParameter): Name = "Max Operating Temperature"; Value = "125°C"; VariantName = "[No Variations]"
Add component (AddParameter): Name = "Max Voltage Rating (AC)"; Value = "550V"; VariantName = "[No Variations]"
Add component (AddParameter): Name = "Min Operating Temperature"; Value = "-55°C"; VariantName = "[No Variations]"
Add component (AddParameter): Name = "Mount"; Value = "Through Hole"; VariantName = "[No Variations]"
Add component (AddParameter): Name = "Number of Contacts"; Value = "1"; VariantName = "[No Variations]"
Add component (AddParameter): Name = "Number of Positions"; Value = "1"; VariantName = "[No Variations]"
Add component (AddParameter): Name = "Number of Rows"; Value = "1"; VariantName = "[No Variations]"
Add component (AddParameter): Name = "Orientation"; Value = "Straight"; VariantName = "[No Variations]"
Add component (AddParameter): Name = "Packaging"; Value = "Bulk"; VariantName = "[No Variations]"
Add component (AddParameter): Name = "Radiation Hardening"; Value = "No"; VariantName = "[No Variations]"
Add component (AddParameter): Name = "Reach SVHC Compliant"; Value = "Yes"; VariantName = "[No Variations]"
Add component (AddParameter): Name = "RoHS Compliant"; Value = "Yes"; VariantName = "[No Variations]"
Add component (AddParameter): Name = "Series"; Value = "TSW"; VariantName = "[No Variations]"
Add component (AddParameter): Name = "Termination"; Value = "Solder"; VariantName = "[No Variations]"
Add component (AddParameter): Name = "Width"; Value = "2.54mm"; VariantName = "[No Variations]"
Added Component: Designator=C1a_A1(C0805)
Add component (AddParameter): Name = "LatestRevisionDate"; Value = "17-Jul-2002"; VariantName = "[No Variations]"
Add component (AddParameter): Name = "LatestRevisionNote"; Value = "Re-released for DXP Platform."; VariantName = "[No Variations]"
Add component (AddParameter): Name = "PackageDescription"; Value = "Radial Cap, Thru-Hole; 2 Leads; 0.3 in Pin Spacing"; VariantName = "[No Variations]"
Add component (AddParameter): Name = "PackageReference"; Value = "RAD-0.3"; VariantName = "[No Variations]"
Add component (AddParameter): Name = "Published"; Value = "8-Jun-2000"; VariantName = "[No Variations]"
Add component (AddParameter): Name = "Publisher"; Value = "Altium Limited"; VariantName = "[No Variations]"
Add component (AddParameter): Name = "Value"; Value = "1nF"; VariantName = "[No Variations]"
Added Component: Designator=C1a_A2(C0805)
Add component (AddParameter): Name = "LatestRevisionDate"; Value = "17-Jul-2002"; VariantName = "[No Variations]"
Add component (AddParameter): Name = "LatestRevisionNote"; Value = "Re-released for DXP Platform."; VariantName = "[No Variations]"
Add component (AddParameter): Name = "PackageDescription"; Value = "Radial Cap, Thru-Hole; 2 Leads; 0.3 in Pin Spacing"; VariantName = "[No Variations]"
Add component (AddParameter): Name = "PackageReference"; Value = "RAD-0.3"; VariantName = "[No Variations]"
Add component (AddParameter): Name = "Published"; Value = "8-Jun-2000"; VariantName = "[No Variations]"
Add component (AddParameter): Name = "Publisher"; Value = "Altium Limited"; VariantName = "[No Variations]"
Add component (AddParameter): Name = "Value"; Value = "1nF"; VariantName = "[No Variations]"
Added Component: Designator=C1b_A1(C0805)
Add component (AddParameter): Name = "LatestRevisionDate"; Value = "17-Jul-2002"; VariantName = "[No Variations]"
Add component (AddParameter): Name = "LatestRevisionNote"; Value = "Re-released for DXP Platform."; VariantName = "[No Variations]"
Add component (AddParameter): Name = "PackageDescription"; Value = "Radial Cap, Thru-Hole; 2 Leads; 0.3 in Pin Spacing"; VariantName = "[No Variations]"
Add component (AddParameter): Name = "PackageReference"; Value = "RAD-0.3"; VariantName = "[No Variations]"
Add component (AddParameter): Name = "Published"; Value = "8-Jun-2000"; VariantName = "[No Variations]"
Add component (AddParameter): Name = "Publisher"; Value = "Altium Limited"; VariantName = "[No Variations]"
Add component (AddParameter): Name = "Value"; Value = "1nF"; VariantName = "[No Variations]"
Added Component: Designator=C1b_A2(C0805)
Add component (AddParameter): Name = "LatestRevisionDate"; Value = "17-Jul-2002"; VariantName = "[No Variations]"
Add component (AddParameter): Name = "LatestRevisionNote"; Value = "Re-released for DXP Platform."; VariantName = "[No Variations]"
Add component (AddParameter): Name = "PackageDescription"; Value = "Radial Cap, Thru-Hole; 2 Leads; 0.3 in Pin Spacing"; VariantName = "[No Variations]"
Add component (AddParameter): Name = "PackageReference"; Value = "RAD-0.3"; VariantName = "[No Variations]"
Add component (AddParameter): Name = "Published"; Value = "8-Jun-2000"; VariantName = "[No Variations]"
Add component (AddParameter): Name = "Publisher"; Value = "Altium Limited"; VariantName = "[No Variations]"
Add component (AddParameter): Name = "Value"; Value = "1nF"; VariantName = "[No Variations]"
Added Component: Designator=C2a_A1(C0805)
Add component (AddParameter): Name = "LatestRevisionDate"; Value = "17-Jul-2002"; VariantName = "[No Variations]"
Add component (AddParameter): Name = "LatestRevisionNote"; Value = "Re-released for DXP Platform."; VariantName = "[No Variations]"
Add component (AddParameter): Name = "PackageDescription"; Value = "Radial Cap, Thru-Hole; 2 Leads; 0.3 in Pin Spacing"; VariantName = "[No Variations]"
Add component (AddParameter): Name = "PackageReference"; Value = "RAD-0.3"; VariantName = "[No Variations]"
Add component (AddParameter): Name = "Published"; Value = "8-Jun-2000"; VariantName = "[No Variations]"
Add component (AddParameter): Name = "Publisher"; Value = "Altium Limited"; VariantName = "[No Variations]"
Add component (AddParameter): Name = "Value"; Value = "1nF"; VariantName = "[No Variations]"
Added Component: Designator=C2a_A2(C0805)
Add component (AddParameter): Name = "LatestRevisionDate"; Value = "17-Jul-2002"; VariantName = "[No Variations]"
Add component (AddParameter): Name = "LatestRevisionNote"; Value = "Re-released for DXP Platform."; VariantName = "[No Variations]"
Add component (AddParameter): Name = "PackageDescription"; Value = "Radial Cap, Thru-Hole; 2 Leads; 0.3 in Pin Spacing"; VariantName = "[No Variations]"
Add component (AddParameter): Name = "PackageReference"; Value = "RAD-0.3"; VariantName = "[No Variations]"
Add component (AddParameter): Name = "Published"; Value = "8-Jun-2000"; VariantName = "[No Variations]"
Add component (AddParameter): Name = "Publisher"; Value = "Altium Limited"; VariantName = "[No Variations]"
Add component (AddParameter): Name = "Value"; Value = "1nF"; VariantName = "[No Variations]"
Added Component: Designator=C2b_A1(C0805)
Add component (AddParameter): Name = "LatestRevisionDate"; Value = "17-Jul-2002"; VariantName = "[No Variations]"
Add component (AddParameter): Name = "LatestRevisionNote"; Value = "Re-released for DXP Platform."; VariantName = "[No Variations]"
Add component (AddParameter): Name = "PackageDescription"; Value = "Radial Cap, Thru-Hole; 2 Leads; 0.3 in Pin Spacing"; VariantName = "[No Variations]"
Add component (AddParameter): Name = "PackageReference"; Value = "RAD-0.3"; VariantName = "[No Variations]"
Add component (AddParameter): Name = "Published"; Value = "8-Jun-2000"; VariantName = "[No Variations]"
Add component (AddParameter): Name = "Publisher"; Value = "Altium Limited"; VariantName = "[No Variations]"
Add component (AddParameter): Name = "Value"; Value = "1nF"; VariantName = "[No Variations]"
Added Component: Designator=C2b_A2(C0805)
Add component (AddParameter): Name = "LatestRevisionDate"; Value = "17-Jul-2002"; VariantName = "[No Variations]"
Add component (AddParameter): Name = "LatestRevisionNote"; Value = "Re-released for DXP Platform."; VariantName = "[No Variations]"
Add component (AddParameter): Name = "PackageDescription"; Value = "Radial Cap, Thru-Hole; 2 Leads; 0.3 in Pin Spacing"; VariantName = "[No Variations]"
Add component (AddParameter): Name = "PackageReference"; Value = "RAD-0.3"; VariantName = "[No Variations]"
Add component (AddParameter): Name = "Published"; Value = "8-Jun-2000"; VariantName = "[No Variations]"
Add component (AddParameter): Name = "Publisher"; Value = "Altium Limited"; VariantName = "[No Variations]"
Add component (AddParameter): Name = "Value"; Value = "1nF"; VariantName = "[No Variations]"
Added Component: Designator=C3a_A1(C0805)
Add component (AddParameter): Name = "LatestRevisionDate"; Value = "17-Jul-2002"; VariantName = "[No Variations]"
Add component (AddParameter): Name = "LatestRevisionNote"; Value = "Re-released for DXP Platform."; VariantName = "[No Variations]"
Add component (AddParameter): Name = "PackageDescription"; Value = "Radial Cap, Thru-Hole; 2 Leads; 0.3 in Pin Spacing"; VariantName = "[No Variations]"
Add component (AddParameter): Name = "PackageReference"; Value = "RAD-0.3"; VariantName = "[No Variations]"
Add component (AddParameter): Name = "Published"; Value = "8-Jun-2000"; VariantName = "[No Variations]"
Add component (AddParameter): Name = "Publisher"; Value = "Altium Limited"; VariantName = "[No Variations]"
Add component (AddParameter): Name = "Value"; Value = "1nF"; VariantName = "[No Variations]"
Added Component: Designator=C3a_A2(C0805)
Add component (AddParameter): Name = "LatestRevisionDate"; Value = "17-Jul-2002"; VariantName = "[No Variations]"
Add component (AddParameter): Name = "LatestRevisionNote"; Value = "Re-released for DXP Platform."; VariantName = "[No Variations]"
Add component (AddParameter): Name = "PackageDescription"; Value = "Radial Cap, Thru-Hole; 2 Leads; 0.3 in Pin Spacing"; VariantName = "[No Variations]"
Add component (AddParameter): Name = "PackageReference"; Value = "RAD-0.3"; VariantName = "[No Variations]"
Add component (AddParameter): Name = "Published"; Value = "8-Jun-2000"; VariantName = "[No Variations]"
Add component (AddParameter): Name = "Publisher"; Value = "Altium Limited"; VariantName = "[No Variations]"
Add component (AddParameter): Name = "Value"; Value = "1nF"; VariantName = "[No Variations]"
Added Component: Designator=C3b_A1(C0805)
Add component (AddParameter): Name = "LatestRevisionDate"; Value = "17-Jul-2002"; VariantName = "[No Variations]"
Add component (AddParameter): Name = "LatestRevisionNote"; Value = "Re-released for DXP Platform."; VariantName = "[No Variations]"
Add component (AddParameter): Name = "PackageDescription"; Value = "Radial Cap, Thru-Hole; 2 Leads; 0.3 in Pin Spacing"; VariantName = "[No Variations]"
Add component (AddParameter): Name = "PackageReference"; Value = "RAD-0.3"; VariantName = "[No Variations]"
Add component (AddParameter): Name = "Published"; Value = "8-Jun-2000"; VariantName = "[No Variations]"
Add component (AddParameter): Name = "Publisher"; Value = "Altium Limited"; VariantName = "[No Variations]"
Add component (AddParameter): Name = "Value"; Value = "1nF"; VariantName = "[No Variations]"
Added Component: Designator=C3b_A2(C0805)
Add component (AddParameter): Name = "LatestRevisionDate"; Value = "17-Jul-2002"; VariantName = "[No Variations]"
Add component (AddParameter): Name = "LatestRevisionNote"; Value = "Re-released for DXP Platform."; VariantName = "[No Variations]"
Add component (AddParameter): Name = "PackageDescription"; Value = "Radial Cap, Thru-Hole; 2 Leads; 0.3 in Pin Spacing"; VariantName = "[No Variations]"
Add component (AddParameter): Name = "PackageReference"; Value = "RAD-0.3"; VariantName = "[No Variations]"
Add component (AddParameter): Name = "Published"; Value = "8-Jun-2000"; VariantName = "[No Variations]"
Add component (AddParameter): Name = "Publisher"; Value = "Altium Limited"; VariantName = "[No Variations]"
Add component (AddParameter): Name = "Value"; Value = "1nF"; VariantName = "[No Variations]"
Added Component: Designator=C4a_A1(C0805)
Add component (AddParameter): Name = "LatestRevisionDate"; Value = "17-Jul-2002"; VariantName = "[No Variations]"
Add component (AddParameter): Name = "LatestRevisionNote"; Value = "Re-released for DXP Platform."; VariantName = "[No Variations]"
Add component (AddParameter): Name = "PackageDescription"; Value = "Radial Cap, Thru-Hole; 2 Leads; 0.3 in Pin Spacing"; VariantName = "[No Variations]"
Add component (AddParameter): Name = "PackageReference"; Value = "RAD-0.3"; VariantName = "[No Variations]"
Add component (AddParameter): Name = "Published"; Value = "8-Jun-2000"; VariantName = "[No Variations]"
Add component (AddParameter): Name = "Publisher"; Value = "Altium Limited"; VariantName = "[No Variations]"
Add component (AddParameter): Name = "Value"; Value = "1nF"; VariantName = "[No Variations]"
Added Component: Designator=C4a_A2(C0805)
Add component (AddParameter): Name = "LatestRevisionDate"; Value = "17-Jul-2002"; VariantName = "[No Variations]"
Add component (AddParameter): Name = "LatestRevisionNote"; Value = "Re-released for DXP Platform."; VariantName = "[No Variations]"
Add component (AddParameter): Name = "PackageDescription"; Value = "Radial Cap, Thru-Hole; 2 Leads; 0.3 in Pin Spacing"; VariantName = "[No Variations]"
Add component (AddParameter): Name = "PackageReference"; Value = "RAD-0.3"; VariantName = "[No Variations]"
Add component (AddParameter): Name = "Published"; Value = "8-Jun-2000"; VariantName = "[No Variations]"
Add component (AddParameter): Name = "Publisher"; Value = "Altium Limited"; VariantName = "[No Variations]"
Add component (AddParameter): Name = "Value"; Value = "1nF"; VariantName = "[No Variations]"
Added Component: Designator=C4b_A1(C0805)
Add component (AddParameter): Name = "LatestRevisionDate"; Value = "17-Jul-2002"; VariantName = "[No Variations]"
Add component (AddParameter): Name = "LatestRevisionNote"; Value = "Re-released for DXP Platform."; VariantName = "[No Variations]"
Add component (AddParameter): Name = "PackageDescription"; Value = "Radial Cap, Thru-Hole; 2 Leads; 0.3 in Pin Spacing"; VariantName = "[No Variations]"
Add component (AddParameter): Name = "PackageReference"; Value = "RAD-0.3"; VariantName = "[No Variations]"
Add component (AddParameter): Name = "Published"; Value = "8-Jun-2000"; VariantName = "[No Variations]"
Add component (AddParameter): Name = "Publisher"; Value = "Altium Limited"; VariantName = "[No Variations]"
Add component (AddParameter): Name = "Value"; Value = "1nF"; VariantName = "[No Variations]"
Added Component: Designator=C4b_A2(C0805)
Add component (AddParameter): Name = "LatestRevisionDate"; Value = "17-Jul-2002"; VariantName = "[No Variations]"
Add component (AddParameter): Name = "LatestRevisionNote"; Value = "Re-released for DXP Platform."; VariantName = "[No Variations]"
Add component (AddParameter): Name = "PackageDescription"; Value = "Radial Cap, Thru-Hole; 2 Leads; 0.3 in Pin Spacing"; VariantName = "[No Variations]"
Add component (AddParameter): Name = "PackageReference"; Value = "RAD-0.3"; VariantName = "[No Variations]"
Add component (AddParameter): Name = "Published"; Value = "8-Jun-2000"; VariantName = "[No Variations]"
Add component (AddParameter): Name = "Publisher"; Value = "Altium Limited"; VariantName = "[No Variations]"
Add component (AddParameter): Name = "Value"; Value = "1nF"; VariantName = "[No Variations]"
Added Component: Designator=C5a_A1(C0805)
Add component (AddParameter): Name = "LatestRevisionDate"; Value = "17-Jul-2002"; VariantName = "[No Variations]"
Add component (AddParameter): Name = "LatestRevisionNote"; Value = "Re-released for DXP Platform."; VariantName = "[No Variations]"
Add component (AddParameter): Name = "PackageDescription"; Value = "Radial Cap, Thru-Hole; 2 Leads; 0.3 in Pin Spacing"; VariantName = "[No Variations]"
Add component (AddParameter): Name = "PackageReference"; Value = "RAD-0.3"; VariantName = "[No Variations]"
Add component (AddParameter): Name = "Published"; Value = "8-Jun-2000"; VariantName = "[No Variations]"
Add component (AddParameter): Name = "Publisher"; Value = "Altium Limited"; VariantName = "[No Variations]"
Add component (AddParameter): Name = "Value"; Value = "100nF"; VariantName = "[No Variations]"
Added Component: Designator=C5a_A2(C0805)
Add component (AddParameter): Name = "LatestRevisionDate"; Value = "17-Jul-2002"; VariantName = "[No Variations]"
Add component (AddParameter): Name = "LatestRevisionNote"; Value = "Re-released for DXP Platform."; VariantName = "[No Variations]"
Add component (AddParameter): Name = "PackageDescription"; Value = "Radial Cap, Thru-Hole; 2 Leads; 0.3 in Pin Spacing"; VariantName = "[No Variations]"
Add component (AddParameter): Name = "PackageReference"; Value = "RAD-0.3"; VariantName = "[No Variations]"
Add component (AddParameter): Name = "Published"; Value = "8-Jun-2000"; VariantName = "[No Variations]"
Add component (AddParameter): Name = "Publisher"; Value = "Altium Limited"; VariantName = "[No Variations]"
Add component (AddParameter): Name = "Value"; Value = "100nF"; VariantName = "[No Variations]"
Added Component: Designator=C5b_A1(C0805)
Add component (AddParameter): Name = "LatestRevisionDate"; Value = "17-Jul-2002"; VariantName = "[No Variations]"
Add component (AddParameter): Name = "LatestRevisionNote"; Value = "Re-released for DXP Platform."; VariantName = "[No Variations]"
Add component (AddParameter): Name = "PackageDescription"; Value = "Radial Cap, Thru-Hole; 2 Leads; 0.3 in Pin Spacing"; VariantName = "[No Variations]"
Add component (AddParameter): Name = "PackageReference"; Value = "RAD-0.3"; VariantName = "[No Variations]"
Add component (AddParameter): Name = "Published"; Value = "8-Jun-2000"; VariantName = "[No Variations]"
Add component (AddParameter): Name = "Publisher"; Value = "Altium Limited"; VariantName = "[No Variations]"
Add component (AddParameter): Name = "Value"; Value = "100nF"; VariantName = "[No Variations]"
Added Component: Designator=C5b_A2(C0805)
Add component (AddParameter): Name = "LatestRevisionDate"; Value = "17-Jul-2002"; VariantName = "[No Variations]"
Add component (AddParameter): Name = "LatestRevisionNote"; Value = "Re-released for DXP Platform."; VariantName = "[No Variations]"
Add component (AddParameter): Name = "PackageDescription"; Value = "Radial Cap, Thru-Hole; 2 Leads; 0.3 in Pin Spacing"; VariantName = "[No Variations]"
Add component (AddParameter): Name = "PackageReference"; Value = "RAD-0.3"; VariantName = "[No Variations]"
Add component (AddParameter): Name = "Published"; Value = "8-Jun-2000"; VariantName = "[No Variations]"
Add component (AddParameter): Name = "Publisher"; Value = "Altium Limited"; VariantName = "[No Variations]"
Add component (AddParameter): Name = "Value"; Value = "100nF"; VariantName = "[No Variations]"
Added Component: Designator=C6a_A1(C0805)
Add component (AddParameter): Name = "LatestRevisionDate"; Value = "17-Jul-2002"; VariantName = "[No Variations]"
Add component (AddParameter): Name = "LatestRevisionNote"; Value = "Re-released for DXP Platform."; VariantName = "[No Variations]"
Add component (AddParameter): Name = "PackageDescription"; Value = "Radial Cap, Thru-Hole; 2 Leads; 0.3 in Pin Spacing"; VariantName = "[No Variations]"
Add component (AddParameter): Name = "PackageReference"; Value = "RAD-0.3"; VariantName = "[No Variations]"
Add component (AddParameter): Name = "Published"; Value = "8-Jun-2000"; VariantName = "[No Variations]"
Add component (AddParameter): Name = "Publisher"; Value = "Altium Limited"; VariantName = "[No Variations]"
Add component (AddParameter): Name = "Value"; Value = "100nF"; VariantName = "[No Variations]"
Added Component: Designator=C6a_A2(C0805)
Add component (AddParameter): Name = "LatestRevisionDate"; Value = "17-Jul-2002"; VariantName = "[No Variations]"
Add component (AddParameter): Name = "LatestRevisionNote"; Value = "Re-released for DXP Platform."; VariantName = "[No Variations]"
Add component (AddParameter): Name = "PackageDescription"; Value = "Radial Cap, Thru-Hole; 2 Leads; 0.3 in Pin Spacing"; VariantName = "[No Variations]"
Add component (AddParameter): Name = "PackageReference"; Value = "RAD-0.3"; VariantName = "[No Variations]"
Add component (AddParameter): Name = "Published"; Value = "8-Jun-2000"; VariantName = "[No Variations]"
Add component (AddParameter): Name = "Publisher"; Value = "Altium Limited"; VariantName = "[No Variations]"
Add component (AddParameter): Name = "Value"; Value = "100nF"; VariantName = "[No Variations]"
Added Component: Designator=C6b_A1(C0805)
Add component (AddParameter): Name = "LatestRevisionDate"; Value = "17-Jul-2002"; VariantName = "[No Variations]"
Add component (AddParameter): Name = "LatestRevisionNote"; Value = "Re-released for DXP Platform."; VariantName = "[No Variations]"
Add component (AddParameter): Name = "PackageDescription"; Value = "Radial Cap, Thru-Hole; 2 Leads; 0.3 in Pin Spacing"; VariantName = "[No Variations]"
Add component (AddParameter): Name = "PackageReference"; Value = "RAD-0.3"; VariantName = "[No Variations]"
Add component (AddParameter): Name = "Published"; Value = "8-Jun-2000"; VariantName = "[No Variations]"
Add component (AddParameter): Name = "Publisher"; Value = "Altium Limited"; VariantName = "[No Variations]"
Add component (AddParameter): Name = "Value"; Value = "100nF"; VariantName = "[No Variations]"
Added Component: Designator=C6b_A2(C0805)
Add component (AddParameter): Name = "LatestRevisionDate"; Value = "17-Jul-2002"; VariantName = "[No Variations]"
Add component (AddParameter): Name = "LatestRevisionNote"; Value = "Re-released for DXP Platform."; VariantName = "[No Variations]"
Add component (AddParameter): Name = "PackageDescription"; Value = "Radial Cap, Thru-Hole; 2 Leads; 0.3 in Pin Spacing"; VariantName = "[No Variations]"
Add component (AddParameter): Name = "PackageReference"; Value = "RAD-0.3"; VariantName = "[No Variations]"
Add component (AddParameter): Name = "Published"; Value = "8-Jun-2000"; VariantName = "[No Variations]"
Add component (AddParameter): Name = "Publisher"; Value = "Altium Limited"; VariantName = "[No Variations]"
Add component (AddParameter): Name = "Value"; Value = "100nF"; VariantName = "[No Variations]"
Added Component: Designator=C7_A1(C0805)
Add component (AddParameter): Name = "LatestRevisionDate"; Value = "17-Jul-2002"; VariantName = "[No Variations]"
Add component (AddParameter): Name = "LatestRevisionNote"; Value = "Re-released for DXP Platform."; VariantName = "[No Variations]"
Add component (AddParameter): Name = "PackageDescription"; Value = "Radial Cap, Thru-Hole; 2 Leads; 0.3 in Pin Spacing"; VariantName = "[No Variations]"
Add component (AddParameter): Name = "PackageReference"; Value = "RAD-0.3"; VariantName = "[No Variations]"
Add component (AddParameter): Name = "Published"; Value = "8-Jun-2000"; VariantName = "[No Variations]"
Add component (AddParameter): Name = "Publisher"; Value = "Altium Limited"; VariantName = "[No Variations]"
Added Component: Designator=C7_A2(C0805)
Add component (AddParameter): Name = "LatestRevisionDate"; Value = "17-Jul-2002"; VariantName = "[No Variations]"
Add component (AddParameter): Name = "LatestRevisionNote"; Value = "Re-released for DXP Platform."; VariantName = "[No Variations]"
Add component (AddParameter): Name = "PackageDescription"; Value = "Radial Cap, Thru-Hole; 2 Leads; 0.3 in Pin Spacing"; VariantName = "[No Variations]"
Add component (AddParameter): Name = "PackageReference"; Value = "RAD-0.3"; VariantName = "[No Variations]"
Add component (AddParameter): Name = "Published"; Value = "8-Jun-2000"; VariantName = "[No Variations]"
Add component (AddParameter): Name = "Publisher"; Value = "Altium Limited"; VariantName = "[No Variations]"
Added Component: Designator=C8_A1(C0805)
Add component (AddParameter): Name = "LatestRevisionDate"; Value = "17-Jul-2002"; VariantName = "[No Variations]"
Add component (AddParameter): Name = "LatestRevisionNote"; Value = "Re-released for DXP Platform."; VariantName = "[No Variations]"
Add component (AddParameter): Name = "PackageDescription"; Value = "Radial Cap, Thru-Hole; 2 Leads; 0.3 in Pin Spacing"; VariantName = "[No Variations]"
Add component (AddParameter): Name = "PackageReference"; Value = "RAD-0.3"; VariantName = "[No Variations]"
Add component (AddParameter): Name = "Published"; Value = "8-Jun-2000"; VariantName = "[No Variations]"
Add component (AddParameter): Name = "Publisher"; Value = "Altium Limited"; VariantName = "[No Variations]"
Added Component: Designator=C8_A2(C0805)
Add component (AddParameter): Name = "LatestRevisionDate"; Value = "17-Jul-2002"; VariantName = "[No Variations]"
Add component (AddParameter): Name = "LatestRevisionNote"; Value = "Re-released for DXP Platform."; VariantName = "[No Variations]"
Add component (AddParameter): Name = "PackageDescription"; Value = "Radial Cap, Thru-Hole; 2 Leads; 0.3 in Pin Spacing"; VariantName = "[No Variations]"
Add component (AddParameter): Name = "PackageReference"; Value = "RAD-0.3"; VariantName = "[No Variations]"
Add component (AddParameter): Name = "Published"; Value = "8-Jun-2000"; VariantName = "[No Variations]"
Add component (AddParameter): Name = "Publisher"; Value = "Altium Limited"; VariantName = "[No Variations]"
Added Component: Designator=Cin5(C0805)
Add component (AddParameter): Name = "LatestRevisionDate"; Value = "17-Jul-2002"; VariantName = "[No Variations]"
Add component (AddParameter): Name = "LatestRevisionNote"; Value = "Re-released for DXP Platform."; VariantName = "[No Variations]"
Add component (AddParameter): Name = "PackageDescription"; Value = "Radial Cap, Thru-Hole; 2 Leads; 0.3 in Pin Spacing"; VariantName = "[No Variations]"
Add component (AddParameter): Name = "PackageReference"; Value = "RAD-0.3"; VariantName = "[No Variations]"
Add component (AddParameter): Name = "Published"; Value = "8-Jun-2000"; VariantName = "[No Variations]"
Add component (AddParameter): Name = "Publisher"; Value = "Altium Limited"; VariantName = "[No Variations]"
Added Component: Designator=Cin24(C0805)
Add component (AddParameter): Name = "LatestRevisionDate"; Value = "17-Jul-2002"; VariantName = "[No Variations]"
Add component (AddParameter): Name = "LatestRevisionNote"; Value = "Re-released for DXP Platform."; VariantName = "[No Variations]"
Add component (AddParameter): Name = "PackageDescription"; Value = "Radial Cap, Thru-Hole; 2 Leads; 0.3 in Pin Spacing"; VariantName = "[No Variations]"
Add component (AddParameter): Name = "PackageReference"; Value = "RAD-0.3"; VariantName = "[No Variations]"
Add component (AddParameter): Name = "Published"; Value = "8-Jun-2000"; VariantName = "[No Variations]"
Add component (AddParameter): Name = "Publisher"; Value = "Altium Limited"; VariantName = "[No Variations]"
Added Component: Designator=H0(CON_1053131302)
Add component (AddParameter): Name = "Copyright"; Value = "Copyright (C) 2023 Ultra Librarian. All rights reserved."; VariantName = "[No Variations]"
Add component (AddParameter): Name = "Manufacturer_Part_Number"; Value = "1053131302"; VariantName = "[No Variations]"
Add component (AddParameter): Name = "Mfr_Name"; Value = "Molex Connector Corporation"; VariantName = "[No Variations]"
Add component (AddParameter): Name = "RefDes"; Value = "RefDes"; VariantName = "[No Variations]"
Add component (AddParameter): Name = "Type"; Value = "DEV"; VariantName = "[No Variations]"
Added Component: Designator=H1(CON_1053131302)
Add component (AddParameter): Name = "Copyright"; Value = "Copyright (C) 2023 Ultra Librarian. All rights reserved."; VariantName = "[No Variations]"
Add component (AddParameter): Name = "Manufacturer_Part_Number"; Value = "1053131302"; VariantName = "[No Variations]"
Add component (AddParameter): Name = "Mfr_Name"; Value = "Molex Connector Corporation"; VariantName = "[No Variations]"
Add component (AddParameter): Name = "RefDes"; Value = "RefDes"; VariantName = "[No Variations]"
Add component (AddParameter): Name = "Type"; Value = "DEV"; VariantName = "[No Variations]"
Added Component: Designator=H2(CON_1053131302)
Add component (AddParameter): Name = "Copyright"; Value = "Copyright (C) 2023 Ultra Librarian. All rights reserved."; VariantName = "[No Variations]"
Add component (AddParameter): Name = "Manufacturer_Part_Number"; Value = "1053131302"; VariantName = "[No Variations]"
Add component (AddParameter): Name = "Mfr_Name"; Value = "Molex Connector Corporation"; VariantName = "[No Variations]"
Add component (AddParameter): Name = "RefDes"; Value = "RefDes"; VariantName = "[No Variations]"
Add component (AddParameter): Name = "Type"; Value = "DEV"; VariantName = "[No Variations]"
Added Component: Designator=H3(CON_1053131302)
Add component (AddParameter): Name = "Copyright"; Value = "Copyright (C) 2023 Ultra Librarian. All rights reserved."; VariantName = "[No Variations]"
Add component (AddParameter): Name = "Manufacturer_Part_Number"; Value = "1053131302"; VariantName = "[No Variations]"
Add component (AddParameter): Name = "Mfr_Name"; Value = "Molex Connector Corporation"; VariantName = "[No Variations]"
Add component (AddParameter): Name = "RefDes"; Value = "RefDes"; VariantName = "[No Variations]"
Add component (AddParameter): Name = "Type"; Value = "DEV"; VariantName = "[No Variations]"
Added Component: Designator=PWR(CON_1053131303)
Add component (AddParameter): Name = "Copyright"; Value = "Copyright (C) 2023 Ultra Librarian. All rights reserved."; VariantName = "[No Variations]"
Add component (AddParameter): Name = "Manufacturer_Part_Number"; Value = "1053131303"; VariantName = "[No Variations]"
Add component (AddParameter): Name = "Mfr_Name"; Value = "Molex Connector Corporation"; VariantName = "[No Variations]"
Add component (AddParameter): Name = "RefDes"; Value = "RefDes"; VariantName = "[No Variations]"
Add component (AddParameter): Name = "Type"; Value = "DEV"; VariantName = "[No Variations]"
Added Component: Designator=R1a_A1(J1-0603)
Add component (AddParameter): Name = "LatestRevisionDate"; Value = "29-May-2009"; VariantName = "[No Variations]"
Add component (AddParameter): Name = "LatestRevisionNote"; Value = "IPC-7351 Footprint Added."; VariantName = "[No Variations]"
Add component (AddParameter): Name = "PackageDescription"; Value = "Chip Resistor"; VariantName = "[No Variations]"
Add component (AddParameter): Name = "PackageReference"; Value = "J1-0603"; VariantName = "[No Variations]"
Add component (AddParameter): Name = "Published"; Value = "8-Jun-2000"; VariantName = "[No Variations]"
Add component (AddParameter): Name = "Publisher"; Value = "Altium Limited"; VariantName = "[No Variations]"
Add component (AddParameter): Name = "Value"; Value = "17.4k"; VariantName = "[No Variations]"
Added Component: Designator=R1a_A2(J1-0603)
Add component (AddParameter): Name = "LatestRevisionDate"; Value = "29-May-2009"; VariantName = "[No Variations]"
Add component (AddParameter): Name = "LatestRevisionNote"; Value = "IPC-7351 Footprint Added."; VariantName = "[No Variations]"
Add component (AddParameter): Name = "PackageDescription"; Value = "Chip Resistor"; VariantName = "[No Variations]"
Add component (AddParameter): Name = "PackageReference"; Value = "J1-0603"; VariantName = "[No Variations]"
Add component (AddParameter): Name = "Published"; Value = "8-Jun-2000"; VariantName = "[No Variations]"
Add component (AddParameter): Name = "Publisher"; Value = "Altium Limited"; VariantName = "[No Variations]"
Add component (AddParameter): Name = "Value"; Value = "17.4k"; VariantName = "[No Variations]"
Added Component: Designator=R1b_A1(J1-0603)
Add component (AddParameter): Name = "LatestRevisionDate"; Value = "29-May-2009"; VariantName = "[No Variations]"
Add component (AddParameter): Name = "LatestRevisionNote"; Value = "IPC-7351 Footprint Added."; VariantName = "[No Variations]"
Add component (AddParameter): Name = "PackageDescription"; Value = "Chip Resistor"; VariantName = "[No Variations]"
Add component (AddParameter): Name = "PackageReference"; Value = "J1-0603"; VariantName = "[No Variations]"
Add component (AddParameter): Name = "Published"; Value = "8-Jun-2000"; VariantName = "[No Variations]"
Add component (AddParameter): Name = "Publisher"; Value = "Altium Limited"; VariantName = "[No Variations]"
Add component (AddParameter): Name = "Value"; Value = "17.4k"; VariantName = "[No Variations]"
Added Component: Designator=R1b_A2(J1-0603)
Add component (AddParameter): Name = "LatestRevisionDate"; Value = "29-May-2009"; VariantName = "[No Variations]"
Add component (AddParameter): Name = "LatestRevisionNote"; Value = "IPC-7351 Footprint Added."; VariantName = "[No Variations]"
Add component (AddParameter): Name = "PackageDescription"; Value = "Chip Resistor"; VariantName = "[No Variations]"
Add component (AddParameter): Name = "PackageReference"; Value = "J1-0603"; VariantName = "[No Variations]"
Add component (AddParameter): Name = "Published"; Value = "8-Jun-2000"; VariantName = "[No Variations]"
Add component (AddParameter): Name = "Publisher"; Value = "Altium Limited"; VariantName = "[No Variations]"
Add component (AddParameter): Name = "Value"; Value = "17.4k"; VariantName = "[No Variations]"
Added Component: Designator=R2a_A1(J1-0603)
Add component (AddParameter): Name = "LatestRevisionDate"; Value = "29-May-2009"; VariantName = "[No Variations]"
Add component (AddParameter): Name = "LatestRevisionNote"; Value = "IPC-7351 Footprint Added."; VariantName = "[No Variations]"
Add component (AddParameter): Name = "PackageDescription"; Value = "Chip Resistor"; VariantName = "[No Variations]"
Add component (AddParameter): Name = "PackageReference"; Value = "J1-0603"; VariantName = "[No Variations]"
Add component (AddParameter): Name = "Published"; Value = "8-Jun-2000"; VariantName = "[No Variations]"
Add component (AddParameter): Name = "Publisher"; Value = "Altium Limited"; VariantName = "[No Variations]"
Add component (AddParameter): Name = "Value"; Value = "5.76k"; VariantName = "[No Variations]"
Added Component: Designator=R2a_A2(J1-0603)
Add component (AddParameter): Name = "LatestRevisionDate"; Value = "29-May-2009"; VariantName = "[No Variations]"
Add component (AddParameter): Name = "LatestRevisionNote"; Value = "IPC-7351 Footprint Added."; VariantName = "[No Variations]"
Add component (AddParameter): Name = "PackageDescription"; Value = "Chip Resistor"; VariantName = "[No Variations]"
Add component (AddParameter): Name = "PackageReference"; Value = "J1-0603"; VariantName = "[No Variations]"
Add component (AddParameter): Name = "Published"; Value = "8-Jun-2000"; VariantName = "[No Variations]"
Add component (AddParameter): Name = "Publisher"; Value = "Altium Limited"; VariantName = "[No Variations]"
Add component (AddParameter): Name = "Value"; Value = "5.76k"; VariantName = "[No Variations]"
Added Component: Designator=R2b_A1(J1-0603)
Add component (AddParameter): Name = "LatestRevisionDate"; Value = "29-May-2009"; VariantName = "[No Variations]"
Add component (AddParameter): Name = "LatestRevisionNote"; Value = "IPC-7351 Footprint Added."; VariantName = "[No Variations]"
Add component (AddParameter): Name = "PackageDescription"; Value = "Chip Resistor"; VariantName = "[No Variations]"
Add component (AddParameter): Name = "PackageReference"; Value = "J1-0603"; VariantName = "[No Variations]"
Add component (AddParameter): Name = "Published"; Value = "8-Jun-2000"; VariantName = "[No Variations]"
Add component (AddParameter): Name = "Publisher"; Value = "Altium Limited"; VariantName = "[No Variations]"
Add component (AddParameter): Name = "Value"; Value = "5.76k"; VariantName = "[No Variations]"
Added Component: Designator=R2b_A2(J1-0603)
Add component (AddParameter): Name = "LatestRevisionDate"; Value = "29-May-2009"; VariantName = "[No Variations]"
Add component (AddParameter): Name = "LatestRevisionNote"; Value = "IPC-7351 Footprint Added."; VariantName = "[No Variations]"
Add component (AddParameter): Name = "PackageDescription"; Value = "Chip Resistor"; VariantName = "[No Variations]"
Add component (AddParameter): Name = "PackageReference"; Value = "J1-0603"; VariantName = "[No Variations]"
Add component (AddParameter): Name = "Published"; Value = "8-Jun-2000"; VariantName = "[No Variations]"
Add component (AddParameter): Name = "Publisher"; Value = "Altium Limited"; VariantName = "[No Variations]"
Add component (AddParameter): Name = "Value"; Value = "5.76k"; VariantName = "[No Variations]"
Added Component: Designator=R3a_A1(J1-0603)
Add component (AddParameter): Name = "LatestRevisionDate"; Value = "29-May-2009"; VariantName = "[No Variations]"
Add component (AddParameter): Name = "LatestRevisionNote"; Value = "IPC-7351 Footprint Added."; VariantName = "[No Variations]"
Add component (AddParameter): Name = "PackageDescription"; Value = "Chip Resistor"; VariantName = "[No Variations]"
Add component (AddParameter): Name = "PackageReference"; Value = "J1-0603"; VariantName = "[No Variations]"
Add component (AddParameter): Name = "Published"; Value = "8-Jun-2000"; VariantName = "[No Variations]"
Add component (AddParameter): Name = "Publisher"; Value = "Altium Limited"; VariantName = "[No Variations]"
Add component (AddParameter): Name = "Value"; Value = "2.87k"; VariantName = "[No Variations]"
Added Component: Designator=R3a_A2(J1-0603)
Add component (AddParameter): Name = "LatestRevisionDate"; Value = "29-May-2009"; VariantName = "[No Variations]"
Add component (AddParameter): Name = "LatestRevisionNote"; Value = "IPC-7351 Footprint Added."; VariantName = "[No Variations]"
Add component (AddParameter): Name = "PackageDescription"; Value = "Chip Resistor"; VariantName = "[No Variations]"
Add component (AddParameter): Name = "PackageReference"; Value = "J1-0603"; VariantName = "[No Variations]"
Add component (AddParameter): Name = "Published"; Value = "8-Jun-2000"; VariantName = "[No Variations]"
Add component (AddParameter): Name = "Publisher"; Value = "Altium Limited"; VariantName = "[No Variations]"
Add component (AddParameter): Name = "Value"; Value = "2.87k"; VariantName = "[No Variations]"
Added Component: Designator=R3b_A1(J1-0603)
Add component (AddParameter): Name = "LatestRevisionDate"; Value = "29-May-2009"; VariantName = "[No Variations]"
Add component (AddParameter): Name = "LatestRevisionNote"; Value = "IPC-7351 Footprint Added."; VariantName = "[No Variations]"
Add component (AddParameter): Name = "PackageDescription"; Value = "Chip Resistor"; VariantName = "[No Variations]"
Add component (AddParameter): Name = "PackageReference"; Value = "J1-0603"; VariantName = "[No Variations]"
Add component (AddParameter): Name = "Published"; Value = "8-Jun-2000"; VariantName = "[No Variations]"
Add component (AddParameter): Name = "Publisher"; Value = "Altium Limited"; VariantName = "[No Variations]"
Add component (AddParameter): Name = "Value"; Value = "2.87k"; VariantName = "[No Variations]"
Added Component: Designator=R3b_A2(J1-0603)
Add component (AddParameter): Name = "LatestRevisionDate"; Value = "29-May-2009"; VariantName = "[No Variations]"
Add component (AddParameter): Name = "LatestRevisionNote"; Value = "IPC-7351 Footprint Added."; VariantName = "[No Variations]"
Add component (AddParameter): Name = "PackageDescription"; Value = "Chip Resistor"; VariantName = "[No Variations]"
Add component (AddParameter): Name = "PackageReference"; Value = "J1-0603"; VariantName = "[No Variations]"
Add component (AddParameter): Name = "Published"; Value = "8-Jun-2000"; VariantName = "[No Variations]"
Add component (AddParameter): Name = "Publisher"; Value = "Altium Limited"; VariantName = "[No Variations]"
Add component (AddParameter): Name = "Value"; Value = "2.87k"; VariantName = "[No Variations]"
Added Component: Designator=R4a_A1(J1-0603)
Add component (AddParameter): Name = "LatestRevisionDate"; Value = "29-May-2009"; VariantName = "[No Variations]"
Add component (AddParameter): Name = "LatestRevisionNote"; Value = "IPC-7351 Footprint Added."; VariantName = "[No Variations]"
Add component (AddParameter): Name = "PackageDescription"; Value = "Chip Resistor"; VariantName = "[No Variations]"
Add component (AddParameter): Name = "PackageReference"; Value = "J1-0603"; VariantName = "[No Variations]"
Add component (AddParameter): Name = "Published"; Value = "8-Jun-2000"; VariantName = "[No Variations]"
Add component (AddParameter): Name = "Publisher"; Value = "Altium Limited"; VariantName = "[No Variations]"
Add component (AddParameter): Name = "Value"; Value = "8.25k"; VariantName = "[No Variations]"
Added Component: Designator=R4a_A2(J1-0603)
Add component (AddParameter): Name = "LatestRevisionDate"; Value = "29-May-2009"; VariantName = "[No Variations]"
Add component (AddParameter): Name = "LatestRevisionNote"; Value = "IPC-7351 Footprint Added."; VariantName = "[No Variations]"
Add component (AddParameter): Name = "PackageDescription"; Value = "Chip Resistor"; VariantName = "[No Variations]"
Add component (AddParameter): Name = "PackageReference"; Value = "J1-0603"; VariantName = "[No Variations]"
Add component (AddParameter): Name = "Published"; Value = "8-Jun-2000"; VariantName = "[No Variations]"
Add component (AddParameter): Name = "Publisher"; Value = "Altium Limited"; VariantName = "[No Variations]"
Add component (AddParameter): Name = "Value"; Value = "8.25k"; VariantName = "[No Variations]"
Added Component: Designator=R4b_A1(J1-0603)
Add component (AddParameter): Name = "LatestRevisionDate"; Value = "29-May-2009"; VariantName = "[No Variations]"
Add component (AddParameter): Name = "LatestRevisionNote"; Value = "IPC-7351 Footprint Added."; VariantName = "[No Variations]"
Add component (AddParameter): Name = "PackageDescription"; Value = "Chip Resistor"; VariantName = "[No Variations]"
Add component (AddParameter): Name = "PackageReference"; Value = "J1-0603"; VariantName = "[No Variations]"
Add component (AddParameter): Name = "Published"; Value = "8-Jun-2000"; VariantName = "[No Variations]"
Add component (AddParameter): Name = "Publisher"; Value = "Altium Limited"; VariantName = "[No Variations]"
Add component (AddParameter): Name = "Value"; Value = "8.25k"; VariantName = "[No Variations]"
Added Component: Designator=R4b_A2(J1-0603)
Add component (AddParameter): Name = "LatestRevisionDate"; Value = "29-May-2009"; VariantName = "[No Variations]"
Add component (AddParameter): Name = "LatestRevisionNote"; Value = "IPC-7351 Footprint Added."; VariantName = "[No Variations]"
Add component (AddParameter): Name = "PackageDescription"; Value = "Chip Resistor"; VariantName = "[No Variations]"
Add component (AddParameter): Name = "PackageReference"; Value = "J1-0603"; VariantName = "[No Variations]"
Add component (AddParameter): Name = "Published"; Value = "8-Jun-2000"; VariantName = "[No Variations]"
Add component (AddParameter): Name = "Publisher"; Value = "Altium Limited"; VariantName = "[No Variations]"
Add component (AddParameter): Name = "Value"; Value = "8.25k"; VariantName = "[No Variations]"
Added Component: Designator=R5a_A1(J1-0603)
Add component (AddParameter): Name = "LatestRevisionDate"; Value = "29-May-2009"; VariantName = "[No Variations]"
Add component (AddParameter): Name = "LatestRevisionNote"; Value = "IPC-7351 Footprint Added."; VariantName = "[No Variations]"
Add component (AddParameter): Name = "PackageDescription"; Value = "Chip Resistor"; VariantName = "[No Variations]"
Add component (AddParameter): Name = "PackageReference"; Value = "J1-0603"; VariantName = "[No Variations]"
Add component (AddParameter): Name = "Published"; Value = "8-Jun-2000"; VariantName = "[No Variations]"
Add component (AddParameter): Name = "Publisher"; Value = "Altium Limited"; VariantName = "[No Variations]"
Add component (AddParameter): Name = "Value"; Value = "2.74k"; VariantName = "[No Variations]"
Added Component: Designator=R5a_A2(J1-0603)
Add component (AddParameter): Name = "LatestRevisionDate"; Value = "29-May-2009"; VariantName = "[No Variations]"
Add component (AddParameter): Name = "LatestRevisionNote"; Value = "IPC-7351 Footprint Added."; VariantName = "[No Variations]"
Add component (AddParameter): Name = "PackageDescription"; Value = "Chip Resistor"; VariantName = "[No Variations]"
Add component (AddParameter): Name = "PackageReference"; Value = "J1-0603"; VariantName = "[No Variations]"
Add component (AddParameter): Name = "Published"; Value = "8-Jun-2000"; VariantName = "[No Variations]"
Add component (AddParameter): Name = "Publisher"; Value = "Altium Limited"; VariantName = "[No Variations]"
Add component (AddParameter): Name = "Value"; Value = "2.74k"; VariantName = "[No Variations]"
Added Component: Designator=R5b_A1(J1-0603)
Add component (AddParameter): Name = "LatestRevisionDate"; Value = "29-May-2009"; VariantName = "[No Variations]"
Add component (AddParameter): Name = "LatestRevisionNote"; Value = "IPC-7351 Footprint Added."; VariantName = "[No Variations]"
Add component (AddParameter): Name = "PackageDescription"; Value = "Chip Resistor"; VariantName = "[No Variations]"
Add component (AddParameter): Name = "PackageReference"; Value = "J1-0603"; VariantName = "[No Variations]"
Add component (AddParameter): Name = "Published"; Value = "8-Jun-2000"; VariantName = "[No Variations]"
Add component (AddParameter): Name = "Publisher"; Value = "Altium Limited"; VariantName = "[No Variations]"
Add component (AddParameter): Name = "Value"; Value = "2.74k"; VariantName = "[No Variations]"
Added Component: Designator=R5b_A2(J1-0603)
Add component (AddParameter): Name = "LatestRevisionDate"; Value = "29-May-2009"; VariantName = "[No Variations]"
Add component (AddParameter): Name = "LatestRevisionNote"; Value = "IPC-7351 Footprint Added."; VariantName = "[No Variations]"
Add component (AddParameter): Name = "PackageDescription"; Value = "Chip Resistor"; VariantName = "[No Variations]"
Add component (AddParameter): Name = "PackageReference"; Value = "J1-0603"; VariantName = "[No Variations]"
Add component (AddParameter): Name = "Published"; Value = "8-Jun-2000"; VariantName = "[No Variations]"
Add component (AddParameter): Name = "Publisher"; Value = "Altium Limited"; VariantName = "[No Variations]"
Add component (AddParameter): Name = "Value"; Value = "2.74k"; VariantName = "[No Variations]"
Added Component: Designator=R6a_A1(J1-0603)
Add component (AddParameter): Name = "LatestRevisionDate"; Value = "29-May-2009"; VariantName = "[No Variations]"
Add component (AddParameter): Name = "LatestRevisionNote"; Value = "IPC-7351 Footprint Added."; VariantName = "[No Variations]"
Add component (AddParameter): Name = "PackageDescription"; Value = "Chip Resistor"; VariantName = "[No Variations]"
Add component (AddParameter): Name = "PackageReference"; Value = "J1-0603"; VariantName = "[No Variations]"
Add component (AddParameter): Name = "Published"; Value = "8-Jun-2000"; VariantName = "[No Variations]"
Add component (AddParameter): Name = "Publisher"; Value = "Altium Limited"; VariantName = "[No Variations]"
Add component (AddParameter): Name = "Value"; Value = "1.37k"; VariantName = "[No Variations]"
Added Component: Designator=R6a_A2(J1-0603)
Add component (AddParameter): Name = "LatestRevisionDate"; Value = "29-May-2009"; VariantName = "[No Variations]"
Add component (AddParameter): Name = "LatestRevisionNote"; Value = "IPC-7351 Footprint Added."; VariantName = "[No Variations]"
Add component (AddParameter): Name = "PackageDescription"; Value = "Chip Resistor"; VariantName = "[No Variations]"
Add component (AddParameter): Name = "PackageReference"; Value = "J1-0603"; VariantName = "[No Variations]"
Add component (AddParameter): Name = "Published"; Value = "8-Jun-2000"; VariantName = "[No Variations]"
Add component (AddParameter): Name = "Publisher"; Value = "Altium Limited"; VariantName = "[No Variations]"
Add component (AddParameter): Name = "Value"; Value = "1.37k"; VariantName = "[No Variations]"
Added Component: Designator=R6b_A1(J1-0603)
Add component (AddParameter): Name = "LatestRevisionDate"; Value = "29-May-2009"; VariantName = "[No Variations]"
Add component (AddParameter): Name = "LatestRevisionNote"; Value = "IPC-7351 Footprint Added."; VariantName = "[No Variations]"
Add component (AddParameter): Name = "PackageDescription"; Value = "Chip Resistor"; VariantName = "[No Variations]"
Add component (AddParameter): Name = "PackageReference"; Value = "J1-0603"; VariantName = "[No Variations]"
Add component (AddParameter): Name = "Published"; Value = "8-Jun-2000"; VariantName = "[No Variations]"
Add component (AddParameter): Name = "Publisher"; Value = "Altium Limited"; VariantName = "[No Variations]"
Add component (AddParameter): Name = "Value"; Value = "1.37k"; VariantName = "[No Variations]"
Added Component: Designator=R6b_A2(J1-0603)
Add component (AddParameter): Name = "LatestRevisionDate"; Value = "29-May-2009"; VariantName = "[No Variations]"
Add component (AddParameter): Name = "LatestRevisionNote"; Value = "IPC-7351 Footprint Added."; VariantName = "[No Variations]"
Add component (AddParameter): Name = "PackageDescription"; Value = "Chip Resistor"; VariantName = "[No Variations]"
Add component (AddParameter): Name = "PackageReference"; Value = "J1-0603"; VariantName = "[No Variations]"
Add component (AddParameter): Name = "Published"; Value = "8-Jun-2000"; VariantName = "[No Variations]"
Add component (AddParameter): Name = "Publisher"; Value = "Altium Limited"; VariantName = "[No Variations]"
Add component (AddParameter): Name = "Value"; Value = "1.37k"; VariantName = "[No Variations]"
Added Component: Designator=Rdiv1(J1-0603)
Add component (AddParameter): Name = "LatestRevisionDate"; Value = "29-May-2009"; VariantName = "[No Variations]"
Add component (AddParameter): Name = "LatestRevisionNote"; Value = "IPC-7351 Footprint Added."; VariantName = "[No Variations]"
Add component (AddParameter): Name = "PackageDescription"; Value = "Chip Resistor"; VariantName = "[No Variations]"
Add component (AddParameter): Name = "PackageReference"; Value = "J1-0603"; VariantName = "[No Variations]"
Add component (AddParameter): Name = "Published"; Value = "8-Jun-2000"; VariantName = "[No Variations]"
Add component (AddParameter): Name = "Publisher"; Value = "Altium Limited"; VariantName = "[No Variations]"
Added Component: Designator=Rdiv2(J1-0603)
Add component (AddParameter): Name = "LatestRevisionDate"; Value = "29-May-2009"; VariantName = "[No Variations]"
Add component (AddParameter): Name = "LatestRevisionNote"; Value = "IPC-7351 Footprint Added."; VariantName = "[No Variations]"
Add component (AddParameter): Name = "PackageDescription"; Value = "Chip Resistor"; VariantName = "[No Variations]"
Add component (AddParameter): Name = "PackageReference"; Value = "J1-0603"; VariantName = "[No Variations]"
Add component (AddParameter): Name = "Published"; Value = "8-Jun-2000"; VariantName = "[No Variations]"
Add component (AddParameter): Name = "Publisher"; Value = "Altium Limited"; VariantName = "[No Variations]"
Added Component: Designator=Rfa_A1(J1-0603)
Add component (AddParameter): Name = "LatestRevisionDate"; Value = "29-May-2009"; VariantName = "[No Variations]"
Add component (AddParameter): Name = "LatestRevisionNote"; Value = "IPC-7351 Footprint Added."; VariantName = "[No Variations]"
Add component (AddParameter): Name = "PackageDescription"; Value = "Chip Resistor"; VariantName = "[No Variations]"
Add component (AddParameter): Name = "PackageReference"; Value = "J1-0603"; VariantName = "[No Variations]"
Add component (AddParameter): Name = "Published"; Value = "8-Jun-2000"; VariantName = "[No Variations]"
Add component (AddParameter): Name = "Publisher"; Value = "Altium Limited"; VariantName = "[No Variations]"
Added Component: Designator=Rfa_A2(J1-0603)
Add component (AddParameter): Name = "LatestRevisionDate"; Value = "29-May-2009"; VariantName = "[No Variations]"
Add component (AddParameter): Name = "LatestRevisionNote"; Value = "IPC-7351 Footprint Added."; VariantName = "[No Variations]"
Add component (AddParameter): Name = "PackageDescription"; Value = "Chip Resistor"; VariantName = "[No Variations]"
Add component (AddParameter): Name = "PackageReference"; Value = "J1-0603"; VariantName = "[No Variations]"
Add component (AddParameter): Name = "Published"; Value = "8-Jun-2000"; VariantName = "[No Variations]"
Add component (AddParameter): Name = "Publisher"; Value = "Altium Limited"; VariantName = "[No Variations]"
Added Component: Designator=Rfb_A1(J1-0603)
Add component (AddParameter): Name = "LatestRevisionDate"; Value = "29-May-2009"; VariantName = "[No Variations]"
Add component (AddParameter): Name = "LatestRevisionNote"; Value = "IPC-7351 Footprint Added."; VariantName = "[No Variations]"
Add component (AddParameter): Name = "PackageDescription"; Value = "Chip Resistor"; VariantName = "[No Variations]"
Add component (AddParameter): Name = "PackageReference"; Value = "J1-0603"; VariantName = "[No Variations]"
Add component (AddParameter): Name = "Published"; Value = "8-Jun-2000"; VariantName = "[No Variations]"
Add component (AddParameter): Name = "Publisher"; Value = "Altium Limited"; VariantName = "[No Variations]"
Added Component: Designator=Rfb_A2(J1-0603)
Add component (AddParameter): Name = "LatestRevisionDate"; Value = "29-May-2009"; VariantName = "[No Variations]"
Add component (AddParameter): Name = "LatestRevisionNote"; Value = "IPC-7351 Footprint Added."; VariantName = "[No Variations]"
Add component (AddParameter): Name = "PackageDescription"; Value = "Chip Resistor"; VariantName = "[No Variations]"
Add component (AddParameter): Name = "PackageReference"; Value = "J1-0603"; VariantName = "[No Variations]"
Add component (AddParameter): Name = "Published"; Value = "8-Jun-2000"; VariantName = "[No Variations]"
Add component (AddParameter): Name = "Publisher"; Value = "Altium Limited"; VariantName = "[No Variations]"
Added Component: Designator=S0(CON_1053131304)
Add component (AddParameter): Name = "Copyright"; Value = "Copyright (C) 2023 Ultra Librarian. All rights reserved."; VariantName = "[No Variations]"
Add component (AddParameter): Name = "Manufacturer_Part_Number"; Value = "1053131304"; VariantName = "[No Variations]"
Add component (AddParameter): Name = "Mfr_Name"; Value = "Molex Connector Corporation"; VariantName = "[No Variations]"
Add component (AddParameter): Name = "RefDes"; Value = "RefDes"; VariantName = "[No Variations]"
Add component (AddParameter): Name = "Type"; Value = "DEV"; VariantName = "[No Variations]"
Added Component: Designator=S1(CON_1053131304)
Add component (AddParameter): Name = "Copyright"; Value = "Copyright (C) 2023 Ultra Librarian. All rights reserved."; VariantName = "[No Variations]"
Add component (AddParameter): Name = "Manufacturer_Part_Number"; Value = "1053131304"; VariantName = "[No Variations]"
Add component (AddParameter): Name = "Mfr_Name"; Value = "Molex Connector Corporation"; VariantName = "[No Variations]"
Add component (AddParameter): Name = "RefDes"; Value = "RefDes"; VariantName = "[No Variations]"
Add component (AddParameter): Name = "Type"; Value = "DEV"; VariantName = "[No Variations]"
Added Component: Designator=SPI(CON_1053131304)
Add component (AddParameter): Name = "Copyright"; Value = "Copyright (C) 2023 Ultra Librarian. All rights reserved."; VariantName = "[No Variations]"
Add component (AddParameter): Name = "Manufacturer_Part_Number"; Value = "1053131304"; VariantName = "[No Variations]"
Add component (AddParameter): Name = "Mfr_Name"; Value = "Molex Connector Corporation"; VariantName = "[No Variations]"
Add component (AddParameter): Name = "RefDes"; Value = "RefDes"; VariantName = "[No Variations]"
Add component (AddParameter): Name = "Type"; Value = "DEV"; VariantName = "[No Variations]"
Added Component: Designator=U1a_A1(ADI-R-8_M)
Add component (AddParameter): Name = "-3dB Bandwidth@G"; Value = "1=825 kHz"; VariantName = "[No Variations]"
Add component (AddParameter): Name = "ComponentLink1Description"; Value = "Manufacturer URL"; VariantName = "[No Variations]"
Add component (AddParameter): Name = "ComponentLink1URL"; Value = "http://www.analog.com/en/index.html"; VariantName = "[No Variations]"
Add component (AddParameter): Name = "ComponentLink2Description"; Value = "Datasheet"; VariantName = "[No Variations]"
Add component (AddParameter): Name = "ComponentLink2URL"; Value = "http://www.analog.com/static/imported-files/data_sheets/AD8221.pdf"; VariantName = "[No Variations]"
Add component (AddParameter): Name = "ComponentLink3Description"; Value = "Package Specification"; VariantName = "[No Variations]"
Add component (AddParameter): Name = "ComponentLink3URL"; Value = "http://www.analog.com/static/imported-files/packages/PKG_PDF/SOIC_Narrow%20(R)/R_8.pdf"; VariantName = "[No Variations]"
Add component (AddParameter): Name = "DatasheetVersion"; Value = "Rev. C"; VariantName = "[No Variations]"
Add component (AddParameter): Name = "Manufacturer"; Value = "Analog Devices"; VariantName = "[No Variations]"
Add component (AddParameter): Name = "Mounting Technology"; Value = "Surface Mount"; VariantName = "[No Variations]"
Add component (AddParameter): Name = "PackageDescription"; Value = "8-Pin Standard Small Outline Package, Body 4.9 x 3.9 mm, Pitch 1.27 mm"; VariantName = "[No Variations]"
Add component (AddParameter): Name = "PackageVersion"; Value = "Jun-06"; VariantName = "[No Variations]"
Add component (AddParameter): Name = "Packing"; Value = "Tube"; VariantName = "[No Variations]"
Add component (AddParameter): Name = "PartNumber"; Value = "AD8221ARZ"; VariantName = "[No Variations]"
Add component (AddParameter): Name = "Quiescent Current"; Value = "0.9 mA Typ."; VariantName = "[No Variations]"
Add component (AddParameter): Name = "RoHS"; Value = "TRUE"; VariantName = "[No Variations]"
Add component (AddParameter): Name = "Slew Rate@G"; Value = "1=2 V/us Typ."; VariantName = "[No Variations]"
Add component (AddParameter): Name = "Temperature Range"; Value = "-40 to 125 degC"; VariantName = "[No Variations]"
Add component (AddParameter): Name = "VIO"; Value = "60 uV Max."; VariantName = "[No Variations]"
Added Component: Designator=U1a_A2(ADI-R-8_M)
Add component (AddParameter): Name = "-3dB Bandwidth@G"; Value = "1=825 kHz"; VariantName = "[No Variations]"
Add component (AddParameter): Name = "ComponentLink1Description"; Value = "Manufacturer URL"; VariantName = "[No Variations]"
Add component (AddParameter): Name = "ComponentLink1URL"; Value = "http://www.analog.com/en/index.html"; VariantName = "[No Variations]"
Add component (AddParameter): Name = "ComponentLink2Description"; Value = "Datasheet"; VariantName = "[No Variations]"
Add component (AddParameter): Name = "ComponentLink2URL"; Value = "http://www.analog.com/static/imported-files/data_sheets/AD8221.pdf"; VariantName = "[No Variations]"
Add component (AddParameter): Name = "ComponentLink3Description"; Value = "Package Specification"; VariantName = "[No Variations]"
Add component (AddParameter): Name = "ComponentLink3URL"; Value = "http://www.analog.com/static/imported-files/packages/PKG_PDF/SOIC_Narrow%20(R)/R_8.pdf"; VariantName = "[No Variations]"
Add component (AddParameter): Name = "DatasheetVersion"; Value = "Rev. C"; VariantName = "[No Variations]"
Add component (AddParameter): Name = "Manufacturer"; Value = "Analog Devices"; VariantName = "[No Variations]"
Add component (AddParameter): Name = "Mounting Technology"; Value = "Surface Mount"; VariantName = "[No Variations]"
Add component (AddParameter): Name = "PackageDescription"; Value = "8-Pin Standard Small Outline Package, Body 4.9 x 3.9 mm, Pitch 1.27 mm"; VariantName = "[No Variations]"
Add component (AddParameter): Name = "PackageVersion"; Value = "Jun-06"; VariantName = "[No Variations]"
Add component (AddParameter): Name = "Packing"; Value = "Tube"; VariantName = "[No Variations]"
Add component (AddParameter): Name = "PartNumber"; Value = "AD8221ARZ"; VariantName = "[No Variations]"
Add component (AddParameter): Name = "Quiescent Current"; Value = "0.9 mA Typ."; VariantName = "[No Variations]"
Add component (AddParameter): Name = "RoHS"; Value = "TRUE"; VariantName = "[No Variations]"
Add component (AddParameter): Name = "Slew Rate@G"; Value = "1=2 V/us Typ."; VariantName = "[No Variations]"
Add component (AddParameter): Name = "Temperature Range"; Value = "-40 to 125 degC"; VariantName = "[No Variations]"
Add component (AddParameter): Name = "VIO"; Value = "60 uV Max."; VariantName = "[No Variations]"
Added Component: Designator=U1b_A1(ADI-R-8_M)
Add component (AddParameter): Name = "-3dB Bandwidth@G"; Value = "1=825 kHz"; VariantName = "[No Variations]"
Add component (AddParameter): Name = "ComponentLink1Description"; Value = "Manufacturer URL"; VariantName = "[No Variations]"
Add component (AddParameter): Name = "ComponentLink1URL"; Value = "http://www.analog.com/en/index.html"; VariantName = "[No Variations]"
Add component (AddParameter): Name = "ComponentLink2Description"; Value = "Datasheet"; VariantName = "[No Variations]"
Add component (AddParameter): Name = "ComponentLink2URL"; Value = "http://www.analog.com/static/imported-files/data_sheets/AD8221.pdf"; VariantName = "[No Variations]"
Add component (AddParameter): Name = "ComponentLink3Description"; Value = "Package Specification"; VariantName = "[No Variations]"
Add component (AddParameter): Name = "ComponentLink3URL"; Value = "http://www.analog.com/static/imported-files/packages/PKG_PDF/SOIC_Narrow%20(R)/R_8.pdf"; VariantName = "[No Variations]"
Add component (AddParameter): Name = "DatasheetVersion"; Value = "Rev. C"; VariantName = "[No Variations]"
Add component (AddParameter): Name = "Manufacturer"; Value = "Analog Devices"; VariantName = "[No Variations]"
Add component (AddParameter): Name = "Mounting Technology"; Value = "Surface Mount"; VariantName = "[No Variations]"
Add component (AddParameter): Name = "PackageDescription"; Value = "8-Pin Standard Small Outline Package, Body 4.9 x 3.9 mm, Pitch 1.27 mm"; VariantName = "[No Variations]"
Add component (AddParameter): Name = "PackageVersion"; Value = "Jun-06"; VariantName = "[No Variations]"
Add component (AddParameter): Name = "Packing"; Value = "Tube"; VariantName = "[No Variations]"
Add component (AddParameter): Name = "PartNumber"; Value = "AD8221ARZ"; VariantName = "[No Variations]"
Add component (AddParameter): Name = "Quiescent Current"; Value = "0.9 mA Typ."; VariantName = "[No Variations]"
Add component (AddParameter): Name = "RoHS"; Value = "TRUE"; VariantName = "[No Variations]"
Add component (AddParameter): Name = "Slew Rate@G"; Value = "1=2 V/us Typ."; VariantName = "[No Variations]"
Add component (AddParameter): Name = "Temperature Range"; Value = "-40 to 125 degC"; VariantName = "[No Variations]"
Add component (AddParameter): Name = "VIO"; Value = "60 uV Max."; VariantName = "[No Variations]"
Added Component: Designator=U1b_A2(ADI-R-8_M)
Add component (AddParameter): Name = "-3dB Bandwidth@G"; Value = "1=825 kHz"; VariantName = "[No Variations]"
Add component (AddParameter): Name = "ComponentLink1Description"; Value = "Manufacturer URL"; VariantName = "[No Variations]"
Add component (AddParameter): Name = "ComponentLink1URL"; Value = "http://www.analog.com/en/index.html"; VariantName = "[No Variations]"
Add component (AddParameter): Name = "ComponentLink2Description"; Value = "Datasheet"; VariantName = "[No Variations]"
Add component (AddParameter): Name = "ComponentLink2URL"; Value = "http://www.analog.com/static/imported-files/data_sheets/AD8221.pdf"; VariantName = "[No Variations]"
Add component (AddParameter): Name = "ComponentLink3Description"; Value = "Package Specification"; VariantName = "[No Variations]"
Add component (AddParameter): Name = "ComponentLink3URL"; Value = "http://www.analog.com/static/imported-files/packages/PKG_PDF/SOIC_Narrow%20(R)/R_8.pdf"; VariantName = "[No Variations]"
Add component (AddParameter): Name = "DatasheetVersion"; Value = "Rev. C"; VariantName = "[No Variations]"
Add component (AddParameter): Name = "Manufacturer"; Value = "Analog Devices"; VariantName = "[No Variations]"
Add component (AddParameter): Name = "Mounting Technology"; Value = "Surface Mount"; VariantName = "[No Variations]"
Add component (AddParameter): Name = "PackageDescription"; Value = "8-Pin Standard Small Outline Package, Body 4.9 x 3.9 mm, Pitch 1.27 mm"; VariantName = "[No Variations]"
Add component (AddParameter): Name = "PackageVersion"; Value = "Jun-06"; VariantName = "[No Variations]"
Add component (AddParameter): Name = "Packing"; Value = "Tube"; VariantName = "[No Variations]"
Add component (AddParameter): Name = "PartNumber"; Value = "AD8221ARZ"; VariantName = "[No Variations]"
Add component (AddParameter): Name = "Quiescent Current"; Value = "0.9 mA Typ."; VariantName = "[No Variations]"
Add component (AddParameter): Name = "RoHS"; Value = "TRUE"; VariantName = "[No Variations]"
Add component (AddParameter): Name = "Slew Rate@G"; Value = "1=2 V/us Typ."; VariantName = "[No Variations]"
Add component (AddParameter): Name = "Temperature Range"; Value = "-40 to 125 degC"; VariantName = "[No Variations]"
Add component (AddParameter): Name = "VIO"; Value = "60 uV Max."; VariantName = "[No Variations]"
Added Component: Designator=U2_A1(FP-DGK0008A-IPC_B)
Add component (AddParameter): Name = "Max Operating Temperature"; Value = "125°C"; VariantName = "[No Variations]"
Add component (AddParameter): Name = "Min Operating Temperature"; Value = "-40°C"; VariantName = "[No Variations]"
Add component (AddParameter): Name = "Number of Channels"; Value = "1"; VariantName = "[No Variations]"
Add component (AddParameter): Name = "RoHS Compliant"; Value = "Yes"; VariantName = "[No Variations]"
Added Component: Designator=U2_A2(FP-DGK0008A-IPC_B)
Add component (AddParameter): Name = "Max Operating Temperature"; Value = "125°C"; VariantName = "[No Variations]"
Add component (AddParameter): Name = "Min Operating Temperature"; Value = "-40°C"; VariantName = "[No Variations]"
Add component (AddParameter): Name = "Number of Channels"; Value = "1"; VariantName = "[No Variations]"
Add component (AddParameter): Name = "RoHS Compliant"; Value = "Yes"; VariantName = "[No Variations]"
Added Component: Designator=U3_A1(LT-GN-16_L)
Add component (AddParameter): Name = "Channels (#)"; Value = "2"; VariantName = "[No Variations]"
Add component (AddParameter): Name = "ComponentLink1Description"; Value = "Manufacturer URL"; VariantName = "[No Variations]"
Add component (AddParameter): Name = "ComponentLink1URL"; Value = "http://www.linear.com/"; VariantName = "[No Variations]"
Add component (AddParameter): Name = "ComponentLink2Description"; Value = "Datasheet"; VariantName = "[No Variations]"
Add component (AddParameter): Name = "ComponentLink2URL"; Value = "http://cds.linear.com/docs/en/datasheet/6912fa.pdf"; VariantName = "[No Variations]"
Add component (AddParameter): Name = "ComponentLink3Description"; Value = "Package Specification"; VariantName = "[No Variations]"
Add component (AddParameter): Name = "ComponentLink3URL"; Value = "http://cds.linear.com/docs/en/packaging/05081641_B_GN16.pdf"; VariantName = "[No Variations]"
Add component (AddParameter): Name = "DatasheetVersion"; Value = "Rev. A"; VariantName = "[No Variations]"
Add component (AddParameter): Name = "GBW (MHz) Typical"; Value = "30"; VariantName = "[No Variations]"
Add component (AddParameter): Name = "Is (mA) Typical"; Value = "1.75"; VariantName = "[No Variations]"
Add component (AddParameter): Name = "Linear Technology Part Number"; Value = "LTC6912-2"; VariantName = "[No Variations]"
Add component (AddParameter): Name = "Manufacturer"; Value = "Linear Technology"; VariantName = "[No Variations]"
Add component (AddParameter): Name = "Mounting Technology"; Value = "Surface Mount"; VariantName = "[No Variations]"
Add component (AddParameter): Name = "PackageDescription"; Value = "16-Lead Plastic SSOP, Body 4.9 x 3.9 mm, Pitch 0.635 mm"; VariantName = "[No Variations]"
Add component (AddParameter): Name = "PackageReference"; Value = "LT-GN-16"; VariantName = "[No Variations]"
Add component (AddParameter): Name = "PackageVersion"; Value = "Rev B"; VariantName = "[No Variations]"
Add component (AddParameter): Name = "PartNumber"; Value = "LTC6912IGN-2#PBF"; VariantName = "[No Variations]"
Add component (AddParameter): Name = "RevisionNote"; Value = "URLs updated"; VariantName = "[No Variations]"
Add component (AddParameter): Name = "RoHS"; Value = "Pb-Free"; VariantName = "[No Variations]"
Add component (AddParameter): Name = "SR (V/us) Typical"; Value = "16"; VariantName = "[No Variations]"
Add component (AddParameter): Name = "Type"; Value = "PGA"; VariantName = "[No Variations]"
Add component (AddParameter): Name = "Vos (mV) Typical"; Value = "2"; VariantName = "[No Variations]"
Add component (AddParameter): Name = "Vs Max (V)"; Value = "10.5"; VariantName = "[No Variations]"
Add component (AddParameter): Name = "Vs Min (V)"; Value = "2.7"; VariantName = "[No Variations]"
Added Component: Designator=U3_A2(LT-GN-16_L)
Add component (AddParameter): Name = "Channels (#)"; Value = "2"; VariantName = "[No Variations]"
Add component (AddParameter): Name = "ComponentLink1Description"; Value = "Manufacturer URL"; VariantName = "[No Variations]"
Add component (AddParameter): Name = "ComponentLink1URL"; Value = "http://www.linear.com/"; VariantName = "[No Variations]"
Add component (AddParameter): Name = "ComponentLink2Description"; Value = "Datasheet"; VariantName = "[No Variations]"
Add component (AddParameter): Name = "ComponentLink2URL"; Value = "http://cds.linear.com/docs/en/datasheet/6912fa.pdf"; VariantName = "[No Variations]"
Add component (AddParameter): Name = "ComponentLink3Description"; Value = "Package Specification"; VariantName = "[No Variations]"
Add component (AddParameter): Name = "ComponentLink3URL"; Value = "http://cds.linear.com/docs/en/packaging/05081641_B_GN16.pdf"; VariantName = "[No Variations]"
Add component (AddParameter): Name = "DatasheetVersion"; Value = "Rev. A"; VariantName = "[No Variations]"
Add component (AddParameter): Name = "GBW (MHz) Typical"; Value = "30"; VariantName = "[No Variations]"
Add component (AddParameter): Name = "Is (mA) Typical"; Value = "1.75"; VariantName = "[No Variations]"
Add component (AddParameter): Name = "Linear Technology Part Number"; Value = "LTC6912-2"; VariantName = "[No Variations]"
Add component (AddParameter): Name = "Manufacturer"; Value = "Linear Technology"; VariantName = "[No Variations]"
Add component (AddParameter): Name = "Mounting Technology"; Value = "Surface Mount"; VariantName = "[No Variations]"
Add component (AddParameter): Name = "PackageDescription"; Value = "16-Lead Plastic SSOP, Body 4.9 x 3.9 mm, Pitch 0.635 mm"; VariantName = "[No Variations]"
Add component (AddParameter): Name = "PackageReference"; Value = "LT-GN-16"; VariantName = "[No Variations]"
Add component (AddParameter): Name = "PackageVersion"; Value = "Rev B"; VariantName = "[No Variations]"
Add component (AddParameter): Name = "PartNumber"; Value = "LTC6912IGN-2#PBF"; VariantName = "[No Variations]"
Add component (AddParameter): Name = "RevisionNote"; Value = "URLs updated"; VariantName = "[No Variations]"
Add component (AddParameter): Name = "RoHS"; Value = "Pb-Free"; VariantName = "[No Variations]"
Add component (AddParameter): Name = "SR (V/us) Typical"; Value = "16"; VariantName = "[No Variations]"
Add component (AddParameter): Name = "Type"; Value = "PGA"; VariantName = "[No Variations]"
Add component (AddParameter): Name = "Vos (mV) Typical"; Value = "2"; VariantName = "[No Variations]"
Add component (AddParameter): Name = "Vs Max (V)"; Value = "10.5"; VariantName = "[No Variations]"
Add component (AddParameter): Name = "Vs Min (V)"; Value = "2.7"; VariantName = "[No Variations]"
Added Component: Designator=U4_A1(FP-DGK0008A-IPC_B)
Add component (AddParameter): Name = "Max Operating Temperature"; Value = "125°C"; VariantName = "[No Variations]"
Add component (AddParameter): Name = "Min Operating Temperature"; Value = "-40°C"; VariantName = "[No Variations]"
Add component (AddParameter): Name = "Number of Channels"; Value = "1"; VariantName = "[No Variations]"
Add component (AddParameter): Name = "RoHS Compliant"; Value = "Yes"; VariantName = "[No Variations]"
Added Component: Designator=U4_A2(FP-DGK0008A-IPC_B)
Add component (AddParameter): Name = "Max Operating Temperature"; Value = "125°C"; VariantName = "[No Variations]"
Add component (AddParameter): Name = "Min Operating Temperature"; Value = "-40°C"; VariantName = "[No Variations]"
Add component (AddParameter): Name = "Number of Channels"; Value = "1"; VariantName = "[No Variations]"
Add component (AddParameter): Name = "RoHS Compliant"; Value = "Yes"; VariantName = "[No Variations]"
Added Component: Designator=U5(P0008A)
Add component (AddParameter): Name = "CMRR(Min)(dB)"; Value = "75"; VariantName = "[No Variations]"
Add component (AddParameter): Name = "Code_JEDEC"; Value = "MS-001"; VariantName = "[No Variations]"
Add component (AddParameter): Name = "ComponentLink1Description"; Value = "Manufacturer URL"; VariantName = "[No Variations]"
Add component (AddParameter): Name = "ComponentLink1URL"; Value = "http://www.ti.com/"; VariantName = "[No Variations]"
Add component (AddParameter): Name = "ComponentLink2Description"; Value = "Datasheet"; VariantName = "[No Variations]"
Add component (AddParameter): Name = "ComponentLink2URL"; Value = "http://www.ti.com/lit/ds/symlink/tl072b.pdf"; VariantName = "[No Variations]"
Add component (AddParameter): Name = "ComponentLink3Description"; Value = "Package Specification"; VariantName = "[No Variations]"
Add component (AddParameter): Name = "ComponentLink3URL"; Value = "http://www.ti.com/litv/pdf/mpdi001b"; VariantName = "[No Variations]"
Add component (AddParameter): Name = "DatasheetVersion"; Value = "SLOS080J"; VariantName = "[No Variations]"
Add component (AddParameter): Name = "Eco-Plan"; Value = "Pb-Free (RoHS)"; VariantName = "[No Variations]"
Add component (AddParameter): Name = "GBW(Typ)(MHz)"; Value = "3"; VariantName = "[No Variations]"
Add component (AddParameter): Name = "IIB(Max)(pA)"; Value = "200"; VariantName = "[No Variations]"
Add component (AddParameter): Name = "Iq per channel(Max)(mA)"; Value = "2.5"; VariantName = "[No Variations]"
Add component (AddParameter): Name = "Manufacturer"; Value = "Texas Instruments"; VariantName = "[No Variations]"
Add component (AddParameter): Name = "Mounting Technology"; Value = "Through Hole"; VariantName = "[No Variations]"
Add component (AddParameter): Name = "Number of Channels"; Value = "2"; VariantName = "[No Variations]"
Add component (AddParameter): Name = "Offset Drift(Typ)(uV/C)"; Value = "18"; VariantName = "[No Variations]"
Add component (AddParameter): Name = "PackageDescription"; Value = "8-Pin Plastic In-Line, Body 9.59 x 6.35 mm, Pitch 2.54 mm"; VariantName = "[No Variations]"
Add component (AddParameter): Name = "PackageReference"; Value = "P0008A"; VariantName = "[No Variations]"
Add component (AddParameter): Name = "PackageVersion"; Value = "4040082/E, 04/2010"; VariantName = "[No Variations]"
Add component (AddParameter): Name = "PartNumber"; Value = "TL072BCP"; VariantName = "[No Variations]"
Add component (AddParameter): Name = "Rating"; Value = "Catalog"; VariantName = "[No Variations]"
Add component (AddParameter): Name = "Slew Rate(Typ)(V/us)"; Value = "13"; VariantName = "[No Variations]"
Add component (AddParameter): Name = "Sub Family"; Value = "General Purpose Amplifier, High Supply Voltage Amplifier (>=30V)"; VariantName = "[No Variations]"
Add component (AddParameter): Name = "Total Supply Voltage(Max)(+5V is 5, +/-5V is 10)"; Value = "36"; VariantName = "[No Variations]"
Add component (AddParameter): Name = "Total Supply Voltage(Min)(+5V is 5, +/-5V is 10)"; Value = "7"; VariantName = "[No Variations]"
Add component (AddParameter): Name = "Vio (25C)(Max)(mV)"; Value = "3"; VariantName = "[No Variations]"
Add component (AddParameter): Name = "Vn at 1kHz(Typ)(nV/rtHz)"; Value = "18"; VariantName = "[No Variations]"
Added Pin To Net: NetName=+5 Pin=C5a_A1-1
Added Pin To Net: NetName=+5 Pin=C5a_A2-1
Added Pin To Net: NetName=+5 Pin=C5b_A1-1
Added Pin To Net: NetName=+5 Pin=C5b_A2-1
Added Pin To Net: NetName=+5 Pin=Cin5-2
Added Pin To Net: NetName=+5 Pin=PWR-2
Added Pin To Net: NetName=+5 Pin=U1a_A1-8
Added Pin To Net: NetName=+5 Pin=U1a_A2-8
Added Pin To Net: NetName=+5 Pin=U1b_A1-8
Added Pin To Net: NetName=+5 Pin=U1b_A2-8
Added Pin To Net: NetName=+5 Pin=U2_A1-8
Added Pin To Net: NetName=+5 Pin=U2_A2-8
Added Pin To Net: NetName=+5 Pin=U4_A1-8
Added Pin To Net: NetName=+5 Pin=U4_A2-8
Added Pin To Net: NetName=+5 Pin=U5-8
Added Net: Name=+5
Added Pin To Net: NetName=+24 Pin=Cin24-2
Added Pin To Net: NetName=+24 Pin=PWR-1
Added Net: Name=+24
Added Pin To Net: NetName=3V3/2 Pin=C6a_A1-2
Added Pin To Net: NetName=3V3/2 Pin=C6a_A2-2
Added Pin To Net: NetName=3V3/2 Pin=C6b_A1-2
Added Pin To Net: NetName=3V3/2 Pin=C6b_A2-2
Added Pin To Net: NetName=3V3/2 Pin=C8_A1-2
Added Pin To Net: NetName=3V3/2 Pin=C8_A2-2
Added Pin To Net: NetName=3V3/2 Pin=S0-2
Added Pin To Net: NetName=3V3/2 Pin=S0-4
Added Pin To Net: NetName=3V3/2 Pin=S1-2
Added Pin To Net: NetName=3V3/2 Pin=S1-4
Added Pin To Net: NetName=3V3/2 Pin=U1a_A1-6
Added Pin To Net: NetName=3V3/2 Pin=U1a_A2-6
Added Pin To Net: NetName=3V3/2 Pin=U1b_A1-6
Added Pin To Net: NetName=3V3/2 Pin=U1b_A2-6
Added Pin To Net: NetName=3V3/2 Pin=U3_A1-3
Added Pin To Net: NetName=3V3/2 Pin=U3_A2-3
Added Pin To Net: NetName=3V3/2 Pin=U5-1
Added Pin To Net: NetName=3V3/2 Pin=U5-2
Added Net: Name=3V3/2
Added Pin To Net: NetName=3V3 Pin=3V3IN-1
Added Pin To Net: NetName=3V3 Pin=C7_A1-2
Added Pin To Net: NetName=3V3 Pin=C7_A2-2
Added Pin To Net: NetName=3V3 Pin=Rdiv1-2
Added Pin To Net: NetName=3V3 Pin=U3_A1-12
Added Pin To Net: NetName=3V3 Pin=U3_A2-12
Added Net: Name=3V3
Added Pin To Net: NetName=FILT_IN_A_A1 Pin=R2a_A1-1
Added Pin To Net: NetName=FILT_IN_A_A1 Pin=U1a_A1-7
Added Net: Name=FILT_IN_A_A1
Added Pin To Net: NetName=FILT_IN_A_A2 Pin=R2a_A2-1
Added Pin To Net: NetName=FILT_IN_A_A2 Pin=U1a_A2-7
Added Net: Name=FILT_IN_A_A2
Added Pin To Net: NetName=FILT_IN_B_A1 Pin=R2b_A1-1
Added Pin To Net: NetName=FILT_IN_B_A1 Pin=U1b_A1-7
Added Net: Name=FILT_IN_B_A1
Added Pin To Net: NetName=FILT_IN_B_A2 Pin=R2b_A2-1
Added Pin To Net: NetName=FILT_IN_B_A2 Pin=U1b_A2-7
Added Net: Name=FILT_IN_B_A2
Added Pin To Net: NetName=FILT_OUT_A_A1 Pin=C4a_A1-2
Added Pin To Net: NetName=FILT_OUT_A_A1 Pin=R4a_A1-2
Added Pin To Net: NetName=FILT_OUT_A_A1 Pin=U2_A1-7
Added Pin To Net: NetName=FILT_OUT_A_A1 Pin=U3_A1-2
Added Net: Name=FILT_OUT_A_A1
Added Pin To Net: NetName=FILT_OUT_A_A2 Pin=C4a_A2-2
Added Pin To Net: NetName=FILT_OUT_A_A2 Pin=R4a_A2-2
Added Pin To Net: NetName=FILT_OUT_A_A2 Pin=U2_A2-7
Added Pin To Net: NetName=FILT_OUT_A_A2 Pin=U3_A2-2
Added Net: Name=FILT_OUT_A_A2
Added Pin To Net: NetName=FILT_OUT_B_A1 Pin=C4b_A1-2
Added Pin To Net: NetName=FILT_OUT_B_A1 Pin=R4b_A1-2
Added Pin To Net: NetName=FILT_OUT_B_A1 Pin=U3_A1-4
Added Pin To Net: NetName=FILT_OUT_B_A1 Pin=U4_A1-7
Added Net: Name=FILT_OUT_B_A1
Added Pin To Net: NetName=FILT_OUT_B_A2 Pin=C4b_A2-2
Added Pin To Net: NetName=FILT_OUT_B_A2 Pin=R4b_A2-2
Added Pin To Net: NetName=FILT_OUT_B_A2 Pin=U3_A2-4
Added Pin To Net: NetName=FILT_OUT_B_A2 Pin=U4_A2-7
Added Net: Name=FILT_OUT_B_A2
Added Pin To Net: NetName=GND Pin=C5a_A1-2
Added Pin To Net: NetName=GND Pin=C5a_A2-2
Added Pin To Net: NetName=GND Pin=C5b_A1-2
Added Pin To Net: NetName=GND Pin=C5b_A2-2
Added Pin To Net: NetName=GND Pin=C6a_A1-1
Added Pin To Net: NetName=GND Pin=C6a_A2-1
Added Pin To Net: NetName=GND Pin=C6b_A1-1
Added Pin To Net: NetName=GND Pin=C6b_A2-1
Added Pin To Net: NetName=GND Pin=C7_A1-1
Added Pin To Net: NetName=GND Pin=C7_A2-1
Added Pin To Net: NetName=GND Pin=C8_A1-1
Added Pin To Net: NetName=GND Pin=C8_A2-1
Added Pin To Net: NetName=GND Pin=Cin5-1
Added Pin To Net: NetName=GND Pin=Cin24-1
Added Pin To Net: NetName=GND Pin=H0-1
Added Pin To Net: NetName=GND Pin=H1-1
Added Pin To Net: NetName=GND Pin=H2-1
Added Pin To Net: NetName=GND Pin=H3-1
Added Pin To Net: NetName=GND Pin=PWR-3
Added Pin To Net: NetName=GND Pin=R3a_A1-2
Added Pin To Net: NetName=GND Pin=R3a_A2-2
Added Pin To Net: NetName=GND Pin=R3b_A1-2
Added Pin To Net: NetName=GND Pin=R3b_A2-2
Added Pin To Net: NetName=GND Pin=R6a_A1-2
Added Pin To Net: NetName=GND Pin=R6a_A2-2
Added Pin To Net: NetName=GND Pin=R6b_A1-2
Added Pin To Net: NetName=GND Pin=R6b_A2-2
Added Pin To Net: NetName=GND Pin=Rdiv2-1
Added Pin To Net: NetName=GND Pin=U1a_A1-1
Added Pin To Net: NetName=GND Pin=U1a_A1-5
Added Pin To Net: NetName=GND Pin=U1a_A2-1
Added Pin To Net: NetName=GND Pin=U1a_A2-5
Added Pin To Net: NetName=GND Pin=U1b_A1-1
Added Pin To Net: NetName=GND Pin=U1b_A1-5
Added Pin To Net: NetName=GND Pin=U1b_A2-1
Added Pin To Net: NetName=GND Pin=U1b_A2-5
Added Pin To Net: NetName=GND Pin=U2_A1-3
Added Pin To Net: NetName=GND Pin=U2_A1-4
Added Pin To Net: NetName=GND Pin=U2_A1-5
Added Pin To Net: NetName=GND Pin=U2_A2-3
Added Pin To Net: NetName=GND Pin=U2_A2-4
Added Pin To Net: NetName=GND Pin=U2_A2-5
Added Pin To Net: NetName=GND Pin=U3_A1-10
Added Pin To Net: NetName=GND Pin=U3_A1-14
Added Pin To Net: NetName=GND Pin=U3_A2-10
Added Pin To Net: NetName=GND Pin=U3_A2-14
Added Pin To Net: NetName=GND Pin=U4_A1-3
Added Pin To Net: NetName=GND Pin=U4_A1-4
Added Pin To Net: NetName=GND Pin=U4_A1-5
Added Pin To Net: NetName=GND Pin=U4_A2-3
Added Pin To Net: NetName=GND Pin=U4_A2-4
Added Pin To Net: NetName=GND Pin=U4_A2-5
Added Pin To Net: NetName=GND Pin=U5-4
Added Net: Name=GND
Added Pin To Net: NetName=NetC1a_A1_1 Pin=C1a_A1-1
Added Pin To Net: NetName=NetC1a_A1_1 Pin=C2a_A1-1
Added Pin To Net: NetName=NetC1a_A1_1 Pin=R2a_A1-2
Added Pin To Net: NetName=NetC1a_A1_1 Pin=R3a_A1-1
Added Net: Name=NetC1a_A1_1
Added Pin To Net: NetName=NetC1a_A1_2 Pin=C1a_A1-2
Added Pin To Net: NetName=NetC1a_A1_2 Pin=R1a_A1-1
Added Pin To Net: NetName=NetC1a_A1_2 Pin=U2_A1-2
Added Net: Name=NetC1a_A1_2
Added Pin To Net: NetName=NetC1a_A2_1 Pin=C1a_A2-1
Added Pin To Net: NetName=NetC1a_A2_1 Pin=C2a_A2-1
Added Pin To Net: NetName=NetC1a_A2_1 Pin=R2a_A2-2
Added Pin To Net: NetName=NetC1a_A2_1 Pin=R3a_A2-1
Added Net: Name=NetC1a_A2_1
Added Pin To Net: NetName=NetC1a_A2_2 Pin=C1a_A2-2
Added Pin To Net: NetName=NetC1a_A2_2 Pin=R1a_A2-1
Added Pin To Net: NetName=NetC1a_A2_2 Pin=U2_A2-2
Added Net: Name=NetC1a_A2_2
Added Pin To Net: NetName=NetC1b_A1_1 Pin=C1b_A1-1
Added Pin To Net: NetName=NetC1b_A1_1 Pin=C2b_A1-1
Added Pin To Net: NetName=NetC1b_A1_1 Pin=R2b_A1-2
Added Pin To Net: NetName=NetC1b_A1_1 Pin=R3b_A1-1
Added Net: Name=NetC1b_A1_1
Added Pin To Net: NetName=NetC1b_A1_2 Pin=C1b_A1-2
Added Pin To Net: NetName=NetC1b_A1_2 Pin=R1b_A1-1
Added Pin To Net: NetName=NetC1b_A1_2 Pin=U4_A1-2
Added Net: Name=NetC1b_A1_2
Added Pin To Net: NetName=NetC1b_A2_1 Pin=C1b_A2-1
Added Pin To Net: NetName=NetC1b_A2_1 Pin=C2b_A2-1
Added Pin To Net: NetName=NetC1b_A2_1 Pin=R2b_A2-2
Added Pin To Net: NetName=NetC1b_A2_1 Pin=R3b_A2-1
Added Net: Name=NetC1b_A2_1
Added Pin To Net: NetName=NetC1b_A2_2 Pin=C1b_A2-2
Added Pin To Net: NetName=NetC1b_A2_2 Pin=R1b_A2-1
Added Pin To Net: NetName=NetC1b_A2_2 Pin=U4_A2-2
Added Net: Name=NetC1b_A2_2
Added Pin To Net: NetName=NetC2a_A1_2 Pin=C2a_A1-2
Added Pin To Net: NetName=NetC2a_A1_2 Pin=R1a_A1-2
Added Pin To Net: NetName=NetC2a_A1_2 Pin=R5a_A1-1
Added Pin To Net: NetName=NetC2a_A1_2 Pin=U2_A1-1
Added Net: Name=NetC2a_A1_2
Added Pin To Net: NetName=NetC2a_A2_2 Pin=C2a_A2-2
Added Pin To Net: NetName=NetC2a_A2_2 Pin=R1a_A2-2
Added Pin To Net: NetName=NetC2a_A2_2 Pin=R5a_A2-1
Added Pin To Net: NetName=NetC2a_A2_2 Pin=U2_A2-1
Added Net: Name=NetC2a_A2_2
Added Pin To Net: NetName=NetC2b_A1_2 Pin=C2b_A1-2
Added Pin To Net: NetName=NetC2b_A1_2 Pin=R1b_A1-2
Added Pin To Net: NetName=NetC2b_A1_2 Pin=R5b_A1-1
Added Pin To Net: NetName=NetC2b_A1_2 Pin=U4_A1-1
Added Net: Name=NetC2b_A1_2
Added Pin To Net: NetName=NetC2b_A2_2 Pin=C2b_A2-2
Added Pin To Net: NetName=NetC2b_A2_2 Pin=R1b_A2-2
Added Pin To Net: NetName=NetC2b_A2_2 Pin=R5b_A2-1
Added Pin To Net: NetName=NetC2b_A2_2 Pin=U4_A2-1
Added Net: Name=NetC2b_A2_2
Added Pin To Net: NetName=NetC3a_A1_1 Pin=C3a_A1-1
Added Pin To Net: NetName=NetC3a_A1_1 Pin=C4a_A1-1
Added Pin To Net: NetName=NetC3a_A1_1 Pin=R5a_A1-2
Added Pin To Net: NetName=NetC3a_A1_1 Pin=R6a_A1-1
Added Net: Name=NetC3a_A1_1
Added Pin To Net: NetName=NetC3a_A1_2 Pin=C3a_A1-2
Added Pin To Net: NetName=NetC3a_A1_2 Pin=R4a_A1-1
Added Pin To Net: NetName=NetC3a_A1_2 Pin=U2_A1-6
Added Net: Name=NetC3a_A1_2
Added Pin To Net: NetName=NetC3a_A2_1 Pin=C3a_A2-1
Added Pin To Net: NetName=NetC3a_A2_1 Pin=C4a_A2-1
Added Pin To Net: NetName=NetC3a_A2_1 Pin=R5a_A2-2
Added Pin To Net: NetName=NetC3a_A2_1 Pin=R6a_A2-1
Added Net: Name=NetC3a_A2_1
Added Pin To Net: NetName=NetC3a_A2_2 Pin=C3a_A2-2
Added Pin To Net: NetName=NetC3a_A2_2 Pin=R4a_A2-1
Added Pin To Net: NetName=NetC3a_A2_2 Pin=U2_A2-6
Added Net: Name=NetC3a_A2_2
Added Pin To Net: NetName=NetC3b_A1_1 Pin=C3b_A1-1
Added Pin To Net: NetName=NetC3b_A1_1 Pin=C4b_A1-1
Added Pin To Net: NetName=NetC3b_A1_1 Pin=R5b_A1-2
Added Pin To Net: NetName=NetC3b_A1_1 Pin=R6b_A1-1
Added Net: Name=NetC3b_A1_1
Added Pin To Net: NetName=NetC3b_A1_2 Pin=C3b_A1-2
Added Pin To Net: NetName=NetC3b_A1_2 Pin=R4b_A1-1
Added Pin To Net: NetName=NetC3b_A1_2 Pin=U4_A1-6
Added Net: Name=NetC3b_A1_2
Added Pin To Net: NetName=NetC3b_A2_1 Pin=C3b_A2-1
Added Pin To Net: NetName=NetC3b_A2_1 Pin=C4b_A2-1
Added Pin To Net: NetName=NetC3b_A2_1 Pin=R5b_A2-2
Added Pin To Net: NetName=NetC3b_A2_1 Pin=R6b_A2-1
Added Net: Name=NetC3b_A2_1
Added Pin To Net: NetName=NetC3b_A2_2 Pin=C3b_A2-2
Added Pin To Net: NetName=NetC3b_A2_2 Pin=R4b_A2-1
Added Pin To Net: NetName=NetC3b_A2_2 Pin=U4_A2-6
Added Net: Name=NetC3b_A2_2
Added Pin To Net: NetName=NetH0_2 Pin=H0-2
Added Pin To Net: NetName=NetH0_2 Pin=U1a_A1-4
Added Net: Name=NetH0_2
Added Pin To Net: NetName=NetH1_2 Pin=H1-2
Added Pin To Net: NetName=NetH1_2 Pin=U1b_A1-4
Added Net: Name=NetH1_2
Added Pin To Net: NetName=NetH2_2 Pin=H2-2
Added Pin To Net: NetName=NetH2_2 Pin=U1a_A2-4
Added Net: Name=NetH2_2
Added Pin To Net: NetName=NetH3_2 Pin=H3-2
Added Pin To Net: NetName=NetH3_2 Pin=U1b_A2-4
Added Net: Name=NetH3_2
Added Pin To Net: NetName=NetRdiv1_1 Pin=Rdiv1-1
Added Net: Name=NetRdiv1_1
Added Pin To Net: NetName=NetRdiv2_2 Pin=Rdiv2-2
Added Net: Name=NetRdiv2_2
Added Pin To Net: NetName=NetRdiv3_3 Pin=U5-3
Added Net: Name=NetRdiv3_3
Added Pin To Net: NetName=NetRfa_A1_1 Pin=Rfa_A1-1
Added Pin To Net: NetName=NetRfa_A1_1 Pin=U1a_A1-3
Added Net: Name=NetRfa_A1_1
Added Pin To Net: NetName=NetRfa_A1_2 Pin=Rfa_A1-2
Added Pin To Net: NetName=NetRfa_A1_2 Pin=U1a_A1-2
Added Net: Name=NetRfa_A1_2
Added Pin To Net: NetName=NetRfa_A2_1 Pin=Rfa_A2-1
Added Pin To Net: NetName=NetRfa_A2_1 Pin=U1a_A2-3
Added Net: Name=NetRfa_A2_1
Added Pin To Net: NetName=NetRfa_A2_2 Pin=Rfa_A2-2
Added Pin To Net: NetName=NetRfa_A2_2 Pin=U1a_A2-2
Added Net: Name=NetRfa_A2_2
Added Pin To Net: NetName=NetRfb_A1_1 Pin=Rfb_A1-1
Added Pin To Net: NetName=NetRfb_A1_1 Pin=U1b_A1-3
Added Net: Name=NetRfb_A1_1
Added Pin To Net: NetName=NetRfb_A1_2 Pin=Rfb_A1-2
Added Pin To Net: NetName=NetRfb_A1_2 Pin=U1b_A1-2
Added Net: Name=NetRfb_A1_2
Added Pin To Net: NetName=NetRfb_A2_1 Pin=Rfb_A2-1
Added Pin To Net: NetName=NetRfb_A2_1 Pin=U1b_A2-3
Added Net: Name=NetRfb_A2_1
Added Pin To Net: NetName=NetRfb_A2_2 Pin=Rfb_A2-2
Added Pin To Net: NetName=NetRfb_A2_2 Pin=U1b_A2-2
Added Net: Name=NetRfb_A2_2
Added Pin To Net: NetName=NetS0_1 Pin=S0-1
Added Pin To Net: NetName=NetS0_1 Pin=U3_A1-15
Added Net: Name=NetS0_1
Added Pin To Net: NetName=NetS0_3 Pin=S0-3
Added Pin To Net: NetName=NetS0_3 Pin=U3_A1-13
Added Net: Name=NetS0_3
Added Pin To Net: NetName=NetS1_1 Pin=S1-1
Added Pin To Net: NetName=NetS1_1 Pin=U3_A2-15
Added Net: Name=NetS1_1
Added Pin To Net: NetName=NetS1_3 Pin=S1-3
Added Pin To Net: NetName=NetS1_3 Pin=U3_A2-13
Added Net: Name=NetS1_3
Added Pin To Net: NetName=NetSPI_1 Pin=SPI-1
Added Pin To Net: NetName=NetSPI_1 Pin=U3_A2-6
Added Net: Name=NetSPI_1
Added Pin To Net: NetName=NetSPI_2 Pin=SPI-2
Added Pin To Net: NetName=NetSPI_2 Pin=U3_A1-6
Added Net: Name=NetSPI_2
Added Pin To Net: NetName=NetSPI_3 Pin=SPI-3
Added Pin To Net: NetName=NetSPI_3 Pin=U3_A1-8
Added Pin To Net: NetName=NetSPI_3 Pin=U3_A2-8
Added Net: Name=NetSPI_3
Added Pin To Net: NetName=NetSPI_4 Pin=SPI-4
Added Pin To Net: NetName=NetSPI_4 Pin=U3_A1-7
Added Pin To Net: NetName=NetSPI_4 Pin=U3_A2-7
Added Net: Name=NetSPI_4
Added Member To Class: ClassName=Main Member=Component 3V3IN TSW-101-07-L-S
Added Member To Class: ClassName=A1 Member=Component C1a_A1 (C1a) Cap
Added Member To Class: ClassName=A2 Member=Component C1a_A2 (C1a) Cap
Added Member To Class: ClassName=A1 Member=Component C1b_A1 (C1b) Cap
Added Member To Class: ClassName=A2 Member=Component C1b_A2 (C1b) Cap
Added Member To Class: ClassName=A1 Member=Component C2a_A1 (C2a) Cap
Added Member To Class: ClassName=A2 Member=Component C2a_A2 (C2a) Cap
Added Member To Class: ClassName=A1 Member=Component C2b_A1 (C2b) Cap
Added Member To Class: ClassName=A2 Member=Component C2b_A2 (C2b) Cap
Added Member To Class: ClassName=A1 Member=Component C3a_A1 (C3a) Cap
Added Member To Class: ClassName=A2 Member=Component C3a_A2 (C3a) Cap
Added Member To Class: ClassName=A1 Member=Component C3b_A1 (C3b) Cap
Added Member To Class: ClassName=A2 Member=Component C3b_A2 (C3b) Cap
Added Member To Class: ClassName=A1 Member=Component C4a_A1 (C4a) Cap
Added Member To Class: ClassName=A2 Member=Component C4a_A2 (C4a) Cap
Added Member To Class: ClassName=A1 Member=Component C4b_A1 (C4b) Cap
Added Member To Class: ClassName=A2 Member=Component C4b_A2 (C4b) Cap
Added Member To Class: ClassName=A1 Member=Component C5a_A1 (C5a) Cap
Added Member To Class: ClassName=A2 Member=Component C5a_A2 (C5a) Cap
Added Member To Class: ClassName=A1 Member=Component C5b_A1 (C5b) Cap
Added Member To Class: ClassName=A2 Member=Component C5b_A2 (C5b) Cap
Added Member To Class: ClassName=A1 Member=Component C6a_A1 (C6a) Cap
Added Member To Class: ClassName=A2 Member=Component C6a_A2 (C6a) Cap
Added Member To Class: ClassName=A1 Member=Component C6b_A1 (C6b) Cap
Added Member To Class: ClassName=A2 Member=Component C6b_A2 (C6b) Cap
Added Member To Class: ClassName=A1 Member=Component C7_A1 (C7) 100nF
Added Member To Class: ClassName=A2 Member=Component C7_A2 (C7) 100nF
Added Member To Class: ClassName=A1 Member=Component C8_A1 (C8) 100nF
Added Member To Class: ClassName=A2 Member=Component C8_A2 (C8) 100nF
Added Member To Class: ClassName=U_Power Member=Component Cin5 1uF
Added Member To Class: ClassName=U_Power Member=Component Cin24 1uF
Added Member To Class: ClassName=Main Member=Component H0 1053131302
Added Member To Class: ClassName=Main Member=Component H1 1053131302
Added Member To Class: ClassName=Main Member=Component H2 1053131302
Added Member To Class: ClassName=Main Member=Component H3 1053131302
Added Member To Class: ClassName=Main Member=Component PWR 1053131303
Added Member To Class: ClassName=A1 Member=Component R1a_A1 (R1a) +-1%
Added Member To Class: ClassName=A2 Member=Component R1a_A2 (R1a) +-1%
Added Member To Class: ClassName=A1 Member=Component R1b_A1 (R1b) +-1%
Added Member To Class: ClassName=A2 Member=Component R1b_A2 (R1b) +-1%
Added Member To Class: ClassName=A1 Member=Component R2a_A1 (R2a) +-1%
Added Member To Class: ClassName=A2 Member=Component R2a_A2 (R2a) +-1%
Added Member To Class: ClassName=A1 Member=Component R2b_A1 (R2b) +-1%
Added Member To Class: ClassName=A2 Member=Component R2b_A2 (R2b) +-1%
Added Member To Class: ClassName=A1 Member=Component R3a_A1 (R3a) +-1%
Added Member To Class: ClassName=A2 Member=Component R3a_A2 (R3a) +-1%
Added Member To Class: ClassName=A1 Member=Component R3b_A1 (R3b) +-1%
Added Member To Class: ClassName=A2 Member=Component R3b_A2 (R3b) +-1%
Added Member To Class: ClassName=A1 Member=Component R4a_A1 (R4a) +-1%
Added Member To Class: ClassName=A2 Member=Component R4a_A2 (R4a) +-1%
Added Member To Class: ClassName=A1 Member=Component R4b_A1 (R4b) +-1%
Added Member To Class: ClassName=A2 Member=Component R4b_A2 (R4b) +-1%
Added Member To Class: ClassName=A1 Member=Component R5a_A1 (R5a) +-1%
Added Member To Class: ClassName=A2 Member=Component R5a_A2 (R5a) +-1%
Added Member To Class: ClassName=A1 Member=Component R5b_A1 (R5b) +-1%
Added Member To Class: ClassName=A2 Member=Component R5b_A2 (R5b) +-1%
Added Member To Class: ClassName=A1 Member=Component R6a_A1 (R6a) +-1%
Added Member To Class: ClassName=A2 Member=Component R6a_A2 (R6a) +-1%
Added Member To Class: ClassName=A1 Member=Component R6b_A1 (R6b) +-1%
Added Member To Class: ClassName=A2 Member=Component R6b_A2 (R6b) +-1%
Added Member To Class: ClassName=U_Power Member=Component Rdiv1 100K
Added Member To Class: ClassName=U_Power Member=Component Rdiv2 100K
Add Class Member: Failed to add class member : Component Rdiv3 20K
Added Member To Class: ClassName=A1 Member=Component Rfa_A1 (Rfa) 50 Ohm
Added Member To Class: ClassName=A2 Member=Component Rfa_A2 (Rfa) 50 Ohm
Added Member To Class: ClassName=A1 Member=Component Rfb_A1 (Rfb) 50 Ohm
Added Member To Class: ClassName=A2 Member=Component Rfb_A2 (Rfb) 50 Ohm
Added Member To Class: ClassName=Main Member=Component S0 1053131304
Added Member To Class: ClassName=Main Member=Component S1 1053131304
Added Member To Class: ClassName=Main Member=Component SPI 1053131304
Added Member To Class: ClassName=A1 Member=Component U1a_A1 (U1a) AD8221ARZ
Added Member To Class: ClassName=A2 Member=Component U1a_A2 (U1a) AD8221ARZ
Added Member To Class: ClassName=A1 Member=Component U1b_A1 (U1b) AD8221ARZ
Added Member To Class: ClassName=A2 Member=Component U1b_A2 (U1b) AD8221ARZ
Added Member To Class: ClassName=A1 Member=Component U2_A1 (U2A) OPA2189IDGKR
Added Member To Class: ClassName=A2 Member=Component U2_A2 (U2A) OPA2189IDGKR
Added Member To Class: ClassName=A1 Member=Component U3_A1 (U3) LTC6912IGN-2#PBF
Added Member To Class: ClassName=A2 Member=Component U3_A2 (U3) LTC6912IGN-2#PBF
Added Member To Class: ClassName=A1 Member=Component U4_A1 (U4A) OPA2189IDGKR
Added Member To Class: ClassName=A2 Member=Component U4_A2 (U4A) OPA2189IDGKR
Added Member To Class: ClassName=U_Power Member=Component U5 TL072BCP
