Change Component Footprint: Designator=U2_A0 Old Footprint=FP-DGK0008A-IPC_B New Footprint=FP-DGK0008A-IPC_C
Change Component Footprint: Designator=U2_A1 Old Footprint=FP-DGK0008A-IPC_B New Footprint=FP-DGK0008A-IPC_C
Change Component Footprint: Designator=U2_A2 Old Footprint=FP-DGK0008A-IPC_B New Footprint=FP-DGK0008A-IPC_C
Change Component Footprint: Designator=U2_A3 Old Footprint=FP-DGK0008A-IPC_B New Footprint=FP-DGK0008A-IPC_C
Change Component Comment : Designator=U2_A0 Old Comment=OPA2189IDGKR New Comment=OPA1678IDGKR
Change Component Comment : Designator=U2_A1 Old Comment=OPA2189IDGKR New Comment=OPA1678IDGKR
Change Component Comment : Designator=U2_A2 Old Comment=OPA2189IDGKR New Comment=OPA1678IDGKR
Change Component Comment : Designator=U2_A3 Old Comment=OPA2189IDGKR New Comment=OPA1678IDGKR
Change Managed Component Library Link : Designator=U2_A0 Old VaultGUID=B7D15EC3-160A-466F-A46C-7801FE6295A7 New VaultGUID=B7D15EC3-160A-466F-A46C-7801FE6295A7 Old ItemGUID=5435CA9D-ABCB-4E5E-B26D-8FCF9469D1A1 New ItemGUID=46E868E1-264E-4328-A503-5B3C0B4565A3 Old RevisionGUID=0CA691B4-6CF1-47D0-B5F4-B13525089D3C New RevisionGUID=F96A08B1-482F-4AF1-8179-C9590EAB61D7
Change Managed Component Library Link : Designator=U2_A1 Old VaultGUID=B7D15EC3-160A-466F-A46C-7801FE6295A7 New VaultGUID=B7D15EC3-160A-466F-A46C-7801FE6295A7 Old ItemGUID=5435CA9D-ABCB-4E5E-B26D-8FCF9469D1A1 New ItemGUID=46E868E1-264E-4328-A503-5B3C0B4565A3 Old RevisionGUID=0CA691B4-6CF1-47D0-B5F4-B13525089D3C New RevisionGUID=F96A08B1-482F-4AF1-8179-C9590EAB61D7
Change Managed Component Library Link : Designator=U2_A2 Old VaultGUID=B7D15EC3-160A-466F-A46C-7801FE6295A7 New VaultGUID=B7D15EC3-160A-466F-A46C-7801FE6295A7 Old ItemGUID=5435CA9D-ABCB-4E5E-B26D-8FCF9469D1A1 New ItemGUID=46E868E1-264E-4328-A503-5B3C0B4565A3 Old RevisionGUID=0CA691B4-6CF1-47D0-B5F4-B13525089D3C New RevisionGUID=F96A08B1-482F-4AF1-8179-C9590EAB61D7
Change Managed Component Library Link : Designator=U2_A3 Old VaultGUID=B7D15EC3-160A-466F-A46C-7801FE6295A7 New VaultGUID=B7D15EC3-160A-466F-A46C-7801FE6295A7 Old ItemGUID=5435CA9D-ABCB-4E5E-B26D-8FCF9469D1A1 New ItemGUID=46E868E1-264E-4328-A503-5B3C0B4565A3 Old RevisionGUID=0CA691B4-6CF1-47D0-B5F4-B13525089D3C New RevisionGUID=F96A08B1-482F-4AF1-8179-C9590EAB61D7
Change component parameters: Designator = "R1a_A0" ("R1a"); Footprint = "J1-0603"; UniqueID = "\BVCLNULF\NJVODCGK" ("\BVCLNULF\NJVODCGK")
Change component parameters (AddParameter): Name = "LatestRevisionDate"; Value = "29-May-2009"; VariantName = "[No Variations]"
Change component parameters (AddParameter): Name = "LatestRevisionNote"; Value = "IPC-7351 Footprint Added."; VariantName = "[No Variations]"
Change component parameters (AddParameter): Name = "PackageDescription"; Value = "Chip Resistor"; VariantName = "[No Variations]"
Change component parameters (AddParameter): Name = "PackageReference"; Value = "J1-0603"; VariantName = "[No Variations]"
Change component parameters (AddParameter): Name = "Published"; Value = "8-Jun-2000"; VariantName = "[No Variations]"
Change component parameters (AddParameter): Name = "Publisher"; Value = "Altium Limited"; VariantName = "[No Variations]"
Change component parameters (AddParameter): Name = "Value"; Value = "13k"; VariantName = "[No Variations]"
Change component parameters: Designator = "R1a_A1" ("R1a"); Footprint = "J1-0603"; UniqueID = "\KLPPAZAF\NJVODCGK" ("\KLPPAZAF\NJVODCGK")
Change component parameters (AddParameter): Name = "LatestRevisionDate"; Value = "29-May-2009"; VariantName = "[No Variations]"
Change component parameters (AddParameter): Name = "LatestRevisionNote"; Value = "IPC-7351 Footprint Added."; VariantName = "[No Variations]"
Change component parameters (AddParameter): Name = "PackageDescription"; Value = "Chip Resistor"; VariantName = "[No Variations]"
Change component parameters (AddParameter): Name = "PackageReference"; Value = "J1-0603"; VariantName = "[No Variations]"
Change component parameters (AddParameter): Name = "Published"; Value = "8-Jun-2000"; VariantName = "[No Variations]"
Change component parameters (AddParameter): Name = "Publisher"; Value = "Altium Limited"; VariantName = "[No Variations]"
Change component parameters (AddParameter): Name = "Value"; Value = "13k"; VariantName = "[No Variations]"
Change component parameters: Designator = "R1a_A2" ("R1a"); Footprint = "J1-0603"; UniqueID = "\TMGLMEZJ\NJVODCGK" ("\TMGLMEZJ\NJVODCGK")
Change component parameters (AddParameter): Name = "LatestRevisionDate"; Value = "29-May-2009"; VariantName = "[No Variations]"
Change component parameters (AddParameter): Name = "LatestRevisionNote"; Value = "IPC-7351 Footprint Added."; VariantName = "[No Variations]"
Change component parameters (AddParameter): Name = "PackageDescription"; Value = "Chip Resistor"; VariantName = "[No Variations]"
Change component parameters (AddParameter): Name = "PackageReference"; Value = "J1-0603"; VariantName = "[No Variations]"
Change component parameters (AddParameter): Name = "Published"; Value = "8-Jun-2000"; VariantName = "[No Variations]"
Change component parameters (AddParameter): Name = "Publisher"; Value = "Altium Limited"; VariantName = "[No Variations]"
Change component parameters (AddParameter): Name = "Value"; Value = "13k"; VariantName = "[No Variations]"
Change component parameters: Designator = "R1a_A3" ("R1a"); Footprint = "J1-0603"; UniqueID = "\YVWBLMLD\NJVODCGK" ("\YVWBLMLD\NJVODCGK")
Change component parameters (AddParameter): Name = "LatestRevisionDate"; Value = "29-May-2009"; VariantName = "[No Variations]"
Change component parameters (AddParameter): Name = "LatestRevisionNote"; Value = "IPC-7351 Footprint Added."; VariantName = "[No Variations]"
Change component parameters (AddParameter): Name = "PackageDescription"; Value = "Chip Resistor"; VariantName = "[No Variations]"
Change component parameters (AddParameter): Name = "PackageReference"; Value = "J1-0603"; VariantName = "[No Variations]"
Change component parameters (AddParameter): Name = "Published"; Value = "8-Jun-2000"; VariantName = "[No Variations]"
Change component parameters (AddParameter): Name = "Publisher"; Value = "Altium Limited"; VariantName = "[No Variations]"
Change component parameters (AddParameter): Name = "Value"; Value = "13k"; VariantName = "[No Variations]"
Change component parameters: Designator = "R2a_A0" ("R2a"); Footprint = "J1-0603"; UniqueID = "\BVCLNULF\TXFYYCQJ" ("\BVCLNULF\TXFYYCQJ")
Change component parameters (AddParameter): Name = "LatestRevisionDate"; Value = "29-May-2009"; VariantName = "[No Variations]"
Change component parameters (AddParameter): Name = "LatestRevisionNote"; Value = "IPC-7351 Footprint Added."; VariantName = "[No Variations]"
Change component parameters (AddParameter): Name = "PackageDescription"; Value = "Chip Resistor"; VariantName = "[No Variations]"
Change component parameters (AddParameter): Name = "PackageReference"; Value = "J1-0603"; VariantName = "[No Variations]"
Change component parameters (AddParameter): Name = "Published"; Value = "8-Jun-2000"; VariantName = "[No Variations]"
Change component parameters (AddParameter): Name = "Publisher"; Value = "Altium Limited"; VariantName = "[No Variations]"
Change component parameters (AddParameter): Name = "Value"; Value = "4.12k"; VariantName = "[No Variations]"
Change component parameters: Designator = "R2a_A1" ("R2a"); Footprint = "J1-0603"; UniqueID = "\KLPPAZAF\TXFYYCQJ" ("\KLPPAZAF\TXFYYCQJ")
Change component parameters (AddParameter): Name = "LatestRevisionDate"; Value = "29-May-2009"; VariantName = "[No Variations]"
Change component parameters (AddParameter): Name = "LatestRevisionNote"; Value = "IPC-7351 Footprint Added."; VariantName = "[No Variations]"
Change component parameters (AddParameter): Name = "PackageDescription"; Value = "Chip Resistor"; VariantName = "[No Variations]"
Change component parameters (AddParameter): Name = "PackageReference"; Value = "J1-0603"; VariantName = "[No Variations]"
Change component parameters (AddParameter): Name = "Published"; Value = "8-Jun-2000"; VariantName = "[No Variations]"
Change component parameters (AddParameter): Name = "Publisher"; Value = "Altium Limited"; VariantName = "[No Variations]"
Change component parameters (AddParameter): Name = "Value"; Value = "4.12k"; VariantName = "[No Variations]"
Change component parameters: Designator = "R2a_A2" ("R2a"); Footprint = "J1-0603"; UniqueID = "\TMGLMEZJ\TXFYYCQJ" ("\TMGLMEZJ\TXFYYCQJ")
Change component parameters (AddParameter): Name = "LatestRevisionDate"; Value = "29-May-2009"; VariantName = "[No Variations]"
Change component parameters (AddParameter): Name = "LatestRevisionNote"; Value = "IPC-7351 Footprint Added."; VariantName = "[No Variations]"
Change component parameters (AddParameter): Name = "PackageDescription"; Value = "Chip Resistor"; VariantName = "[No Variations]"
Change component parameters (AddParameter): Name = "PackageReference"; Value = "J1-0603"; VariantName = "[No Variations]"
Change component parameters (AddParameter): Name = "Published"; Value = "8-Jun-2000"; VariantName = "[No Variations]"
Change component parameters (AddParameter): Name = "Publisher"; Value = "Altium Limited"; VariantName = "[No Variations]"
Change component parameters (AddParameter): Name = "Value"; Value = "4.12k"; VariantName = "[No Variations]"
Change component parameters: Designator = "R2a_A3" ("R2a"); Footprint = "J1-0603"; UniqueID = "\YVWBLMLD\TXFYYCQJ" ("\YVWBLMLD\TXFYYCQJ")
Change component parameters (AddParameter): Name = "LatestRevisionDate"; Value = "29-May-2009"; VariantName = "[No Variations]"
Change component parameters (AddParameter): Name = "LatestRevisionNote"; Value = "IPC-7351 Footprint Added."; VariantName = "[No Variations]"
Change component parameters (AddParameter): Name = "PackageDescription"; Value = "Chip Resistor"; VariantName = "[No Variations]"
Change component parameters (AddParameter): Name = "PackageReference"; Value = "J1-0603"; VariantName = "[No Variations]"
Change component parameters (AddParameter): Name = "Published"; Value = "8-Jun-2000"; VariantName = "[No Variations]"
Change component parameters (AddParameter): Name = "Publisher"; Value = "Altium Limited"; VariantName = "[No Variations]"
Change component parameters (AddParameter): Name = "Value"; Value = "4.12k"; VariantName = "[No Variations]"
Change component parameters: Designator = "R3a_A0" ("R3a"); Footprint = "J1-0603"; UniqueID = "\BVCLNULF\SOFPCYLK" ("\BVCLNULF\SOFPCYLK")
Change component parameters (AddParameter): Name = "LatestRevisionDate"; Value = "29-May-2009"; VariantName = "[No Variations]"
Change component parameters (AddParameter): Name = "LatestRevisionNote"; Value = "IPC-7351 Footprint Added."; VariantName = "[No Variations]"
Change component parameters (AddParameter): Name = "PackageDescription"; Value = "Chip Resistor"; VariantName = "[No Variations]"
Change component parameters (AddParameter): Name = "PackageReference"; Value = "J1-0603"; VariantName = "[No Variations]"
Change component parameters (AddParameter): Name = "Published"; Value = "8-Jun-2000"; VariantName = "[No Variations]"
Change component parameters (AddParameter): Name = "Publisher"; Value = "Altium Limited"; VariantName = "[No Variations]"
Change component parameters (AddParameter): Name = "Value"; Value = "3.57k"; VariantName = "[No Variations]"
Change component parameters: Designator = "R3a_A1" ("R3a"); Footprint = "J1-0603"; UniqueID = "\KLPPAZAF\SOFPCYLK" ("\KLPPAZAF\SOFPCYLK")
Change component parameters (AddParameter): Name = "LatestRevisionDate"; Value = "29-May-2009"; VariantName = "[No Variations]"
Change component parameters (AddParameter): Name = "LatestRevisionNote"; Value = "IPC-7351 Footprint Added."; VariantName = "[No Variations]"
Change component parameters (AddParameter): Name = "PackageDescription"; Value = "Chip Resistor"; VariantName = "[No Variations]"
Change component parameters (AddParameter): Name = "PackageReference"; Value = "J1-0603"; VariantName = "[No Variations]"
Change component parameters (AddParameter): Name = "Published"; Value = "8-Jun-2000"; VariantName = "[No Variations]"
Change component parameters (AddParameter): Name = "Publisher"; Value = "Altium Limited"; VariantName = "[No Variations]"
Change component parameters (AddParameter): Name = "Value"; Value = "3.57k"; VariantName = "[No Variations]"
Change component parameters: Designator = "R3a_A2" ("R3a"); Footprint = "J1-0603"; UniqueID = "\TMGLMEZJ\SOFPCYLK" ("\TMGLMEZJ\SOFPCYLK")
Change component parameters (AddParameter): Name = "LatestRevisionDate"; Value = "29-May-2009"; VariantName = "[No Variations]"
Change component parameters (AddParameter): Name = "LatestRevisionNote"; Value = "IPC-7351 Footprint Added."; VariantName = "[No Variations]"
Change component parameters (AddParameter): Name = "PackageDescription"; Value = "Chip Resistor"; VariantName = "[No Variations]"
Change component parameters (AddParameter): Name = "PackageReference"; Value = "J1-0603"; VariantName = "[No Variations]"
Change component parameters (AddParameter): Name = "Published"; Value = "8-Jun-2000"; VariantName = "[No Variations]"
Change component parameters (AddParameter): Name = "Publisher"; Value = "Altium Limited"; VariantName = "[No Variations]"
Change component parameters (AddParameter): Name = "Value"; Value = "3.57k"; VariantName = "[No Variations]"
Change component parameters: Designator = "R3a_A3" ("R3a"); Footprint = "J1-0603"; UniqueID = "\YVWBLMLD\SOFPCYLK" ("\YVWBLMLD\SOFPCYLK")
Change component parameters (AddParameter): Name = "LatestRevisionDate"; Value = "29-May-2009"; VariantName = "[No Variations]"
Change component parameters (AddParameter): Name = "LatestRevisionNote"; Value = "IPC-7351 Footprint Added."; VariantName = "[No Variations]"
Change component parameters (AddParameter): Name = "PackageDescription"; Value = "Chip Resistor"; VariantName = "[No Variations]"
Change component parameters (AddParameter): Name = "PackageReference"; Value = "J1-0603"; VariantName = "[No Variations]"
Change component parameters (AddParameter): Name = "Published"; Value = "8-Jun-2000"; VariantName = "[No Variations]"
Change component parameters (AddParameter): Name = "Publisher"; Value = "Altium Limited"; VariantName = "[No Variations]"
Change component parameters (AddParameter): Name = "Value"; Value = "3.57k"; VariantName = "[No Variations]"
Change component parameters: Designator = "R4a_A0" ("R4a"); Footprint = "J1-0603"; UniqueID = "\BVCLNULF\OFCVDXJY" ("\BVCLNULF\OFCVDXJY")
Change component parameters (AddParameter): Name = "LatestRevisionDate"; Value = "29-May-2009"; VariantName = "[No Variations]"
Change component parameters (AddParameter): Name = "LatestRevisionNote"; Value = "IPC-7351 Footprint Added."; VariantName = "[No Variations]"
Change component parameters (AddParameter): Name = "PackageDescription"; Value = "Chip Resistor"; VariantName = "[No Variations]"
Change component parameters (AddParameter): Name = "PackageReference"; Value = "J1-0603"; VariantName = "[No Variations]"
Change component parameters (AddParameter): Name = "Published"; Value = "8-Jun-2000"; VariantName = "[No Variations]"
Change component parameters (AddParameter): Name = "Publisher"; Value = "Altium Limited"; VariantName = "[No Variations]"
Change component parameters (AddParameter): Name = "Value"; Value = "5.23k"; VariantName = "[No Variations]"
Change component parameters: Designator = "R4a_A1" ("R4a"); Footprint = "J1-0603"; UniqueID = "\KLPPAZAF\OFCVDXJY" ("\KLPPAZAF\OFCVDXJY")
Change component parameters (AddParameter): Name = "LatestRevisionDate"; Value = "29-May-2009"; VariantName = "[No Variations]"
Change component parameters (AddParameter): Name = "LatestRevisionNote"; Value = "IPC-7351 Footprint Added."; VariantName = "[No Variations]"
Change component parameters (AddParameter): Name = "PackageDescription"; Value = "Chip Resistor"; VariantName = "[No Variations]"
Change component parameters (AddParameter): Name = "PackageReference"; Value = "J1-0603"; VariantName = "[No Variations]"
Change component parameters (AddParameter): Name = "Published"; Value = "8-Jun-2000"; VariantName = "[No Variations]"
Change component parameters (AddParameter): Name = "Publisher"; Value = "Altium Limited"; VariantName = "[No Variations]"
Change component parameters (AddParameter): Name = "Value"; Value = "5.23k"; VariantName = "[No Variations]"
Change component parameters: Designator = "R4a_A2" ("R4a"); Footprint = "J1-0603"; UniqueID = "\TMGLMEZJ\OFCVDXJY" ("\TMGLMEZJ\OFCVDXJY")
Change component parameters (AddParameter): Name = "LatestRevisionDate"; Value = "29-May-2009"; VariantName = "[No Variations]"
Change component parameters (AddParameter): Name = "LatestRevisionNote"; Value = "IPC-7351 Footprint Added."; VariantName = "[No Variations]"
Change component parameters (AddParameter): Name = "PackageDescription"; Value = "Chip Resistor"; VariantName = "[No Variations]"
Change component parameters (AddParameter): Name = "PackageReference"; Value = "J1-0603"; VariantName = "[No Variations]"
Change component parameters (AddParameter): Name = "Published"; Value = "8-Jun-2000"; VariantName = "[No Variations]"
Change component parameters (AddParameter): Name = "Publisher"; Value = "Altium Limited"; VariantName = "[No Variations]"
Change component parameters (AddParameter): Name = "Value"; Value = "5.23k"; VariantName = "[No Variations]"
Change component parameters: Designator = "R4a_A3" ("R4a"); Footprint = "J1-0603"; UniqueID = "\YVWBLMLD\OFCVDXJY" ("\YVWBLMLD\OFCVDXJY")
Change component parameters (AddParameter): Name = "LatestRevisionDate"; Value = "29-May-2009"; VariantName = "[No Variations]"
Change component parameters (AddParameter): Name = "LatestRevisionNote"; Value = "IPC-7351 Footprint Added."; VariantName = "[No Variations]"
Change component parameters (AddParameter): Name = "PackageDescription"; Value = "Chip Resistor"; VariantName = "[No Variations]"
Change component parameters (AddParameter): Name = "PackageReference"; Value = "J1-0603"; VariantName = "[No Variations]"
Change component parameters (AddParameter): Name = "Published"; Value = "8-Jun-2000"; VariantName = "[No Variations]"
Change component parameters (AddParameter): Name = "Publisher"; Value = "Altium Limited"; VariantName = "[No Variations]"
Change component parameters (AddParameter): Name = "Value"; Value = "5.23k"; VariantName = "[No Variations]"
Change component parameters: Designator = "R5a_A0" ("R5a"); Footprint = "J1-0603"; UniqueID = "\BVCLNULF\JIMGSPMG" ("\BVCLNULF\JIMGSPMG")
Change component parameters (AddParameter): Name = "LatestRevisionDate"; Value = "29-May-2009"; VariantName = "[No Variations]"
Change component parameters (AddParameter): Name = "LatestRevisionNote"; Value = "IPC-7351 Footprint Added."; VariantName = "[No Variations]"
Change component parameters (AddParameter): Name = "PackageDescription"; Value = "Chip Resistor"; VariantName = "[No Variations]"
Change component parameters (AddParameter): Name = "PackageReference"; Value = "J1-0603"; VariantName = "[No Variations]"
Change component parameters (AddParameter): Name = "Published"; Value = "8-Jun-2000"; VariantName = "[No Variations]"
Change component parameters (AddParameter): Name = "Publisher"; Value = "Altium Limited"; VariantName = "[No Variations]"
Change component parameters (AddParameter): Name = "Value"; Value = "1.69k"; VariantName = "[No Variations]"
Change component parameters: Designator = "R5a_A1" ("R5a"); Footprint = "J1-0603"; UniqueID = "\KLPPAZAF\JIMGSPMG" ("\KLPPAZAF\JIMGSPMG")
Change component parameters (AddParameter): Name = "LatestRevisionDate"; Value = "29-May-2009"; VariantName = "[No Variations]"
Change component parameters (AddParameter): Name = "LatestRevisionNote"; Value = "IPC-7351 Footprint Added."; VariantName = "[No Variations]"
Change component parameters (AddParameter): Name = "PackageDescription"; Value = "Chip Resistor"; VariantName = "[No Variations]"
Change component parameters (AddParameter): Name = "PackageReference"; Value = "J1-0603"; VariantName = "[No Variations]"
Change component parameters (AddParameter): Name = "Published"; Value = "8-Jun-2000"; VariantName = "[No Variations]"
Change component parameters (AddParameter): Name = "Publisher"; Value = "Altium Limited"; VariantName = "[No Variations]"
Change component parameters (AddParameter): Name = "Value"; Value = "1.69k"; VariantName = "[No Variations]"
Change component parameters: Designator = "R5a_A2" ("R5a"); Footprint = "J1-0603"; UniqueID = "\TMGLMEZJ\JIMGSPMG" ("\TMGLMEZJ\JIMGSPMG")
Change component parameters (AddParameter): Name = "LatestRevisionDate"; Value = "29-May-2009"; VariantName = "[No Variations]"
Change component parameters (AddParameter): Name = "LatestRevisionNote"; Value = "IPC-7351 Footprint Added."; VariantName = "[No Variations]"
Change component parameters (AddParameter): Name = "PackageDescription"; Value = "Chip Resistor"; VariantName = "[No Variations]"
Change component parameters (AddParameter): Name = "PackageReference"; Value = "J1-0603"; VariantName = "[No Variations]"
Change component parameters (AddParameter): Name = "Published"; Value = "8-Jun-2000"; VariantName = "[No Variations]"
Change component parameters (AddParameter): Name = "Publisher"; Value = "Altium Limited"; VariantName = "[No Variations]"
Change component parameters (AddParameter): Name = "Value"; Value = "1.69k"; VariantName = "[No Variations]"
Change component parameters: Designator = "R5a_A3" ("R5a"); Footprint = "J1-0603"; UniqueID = "\YVWBLMLD\JIMGSPMG" ("\YVWBLMLD\JIMGSPMG")
Change component parameters (AddParameter): Name = "LatestRevisionDate"; Value = "29-May-2009"; VariantName = "[No Variations]"
Change component parameters (AddParameter): Name = "LatestRevisionNote"; Value = "IPC-7351 Footprint Added."; VariantName = "[No Variations]"
Change component parameters (AddParameter): Name = "PackageDescription"; Value = "Chip Resistor"; VariantName = "[No Variations]"
Change component parameters (AddParameter): Name = "PackageReference"; Value = "J1-0603"; VariantName = "[No Variations]"
Change component parameters (AddParameter): Name = "Published"; Value = "8-Jun-2000"; VariantName = "[No Variations]"
Change component parameters (AddParameter): Name = "Publisher"; Value = "Altium Limited"; VariantName = "[No Variations]"
Change component parameters (AddParameter): Name = "Value"; Value = "1.69k"; VariantName = "[No Variations]"
Change component parameters: Designator = "R6a_A0" ("R6a"); Footprint = "J1-0603"; UniqueID = "\BVCLNULF\OWXNAUVP" ("\BVCLNULF\OWXNAUVP")
Change component parameters (AddParameter): Name = "LatestRevisionDate"; Value = "29-May-2009"; VariantName = "[No Variations]"
Change component parameters (AddParameter): Name = "LatestRevisionNote"; Value = "IPC-7351 Footprint Added."; VariantName = "[No Variations]"
Change component parameters (AddParameter): Name = "PackageDescription"; Value = "Chip Resistor"; VariantName = "[No Variations]"
Change component parameters (AddParameter): Name = "PackageReference"; Value = "J1-0603"; VariantName = "[No Variations]"
Change component parameters (AddParameter): Name = "Published"; Value = "8-Jun-2000"; VariantName = "[No Variations]"
Change component parameters (AddParameter): Name = "Publisher"; Value = "Altium Limited"; VariantName = "[No Variations]"
Change component parameters (AddParameter): Name = "Value"; Value = "1.47k"; VariantName = "[No Variations]"
Change component parameters: Designator = "R6a_A1" ("R6a"); Footprint = "J1-0603"; UniqueID = "\KLPPAZAF\OWXNAUVP" ("\KLPPAZAF\OWXNAUVP")
Change component parameters (AddParameter): Name = "LatestRevisionDate"; Value = "29-May-2009"; VariantName = "[No Variations]"
Change component parameters (AddParameter): Name = "LatestRevisionNote"; Value = "IPC-7351 Footprint Added."; VariantName = "[No Variations]"
Change component parameters (AddParameter): Name = "PackageDescription"; Value = "Chip Resistor"; VariantName = "[No Variations]"
Change component parameters (AddParameter): Name = "PackageReference"; Value = "J1-0603"; VariantName = "[No Variations]"
Change component parameters (AddParameter): Name = "Published"; Value = "8-Jun-2000"; VariantName = "[No Variations]"
Change component parameters (AddParameter): Name = "Publisher"; Value = "Altium Limited"; VariantName = "[No Variations]"
Change component parameters (AddParameter): Name = "Value"; Value = "1.47k"; VariantName = "[No Variations]"
Change component parameters: Designator = "R6a_A2" ("R6a"); Footprint = "J1-0603"; UniqueID = "\TMGLMEZJ\OWXNAUVP" ("\TMGLMEZJ\OWXNAUVP")
Change component parameters (AddParameter): Name = "LatestRevisionDate"; Value = "29-May-2009"; VariantName = "[No Variations]"
Change component parameters (AddParameter): Name = "LatestRevisionNote"; Value = "IPC-7351 Footprint Added."; VariantName = "[No Variations]"
Change component parameters (AddParameter): Name = "PackageDescription"; Value = "Chip Resistor"; VariantName = "[No Variations]"
Change component parameters (AddParameter): Name = "PackageReference"; Value = "J1-0603"; VariantName = "[No Variations]"
Change component parameters (AddParameter): Name = "Published"; Value = "8-Jun-2000"; VariantName = "[No Variations]"
Change component parameters (AddParameter): Name = "Publisher"; Value = "Altium Limited"; VariantName = "[No Variations]"
Change component parameters (AddParameter): Name = "Value"; Value = "1.47k"; VariantName = "[No Variations]"
Change component parameters: Designator = "R6a_A3" ("R6a"); Footprint = "J1-0603"; UniqueID = "\YVWBLMLD\OWXNAUVP" ("\YVWBLMLD\OWXNAUVP")
Change component parameters (AddParameter): Name = "LatestRevisionDate"; Value = "29-May-2009"; VariantName = "[No Variations]"
Change component parameters (AddParameter): Name = "LatestRevisionNote"; Value = "IPC-7351 Footprint Added."; VariantName = "[No Variations]"
Change component parameters (AddParameter): Name = "PackageDescription"; Value = "Chip Resistor"; VariantName = "[No Variations]"
Change component parameters (AddParameter): Name = "PackageReference"; Value = "J1-0603"; VariantName = "[No Variations]"
Change component parameters (AddParameter): Name = "Published"; Value = "8-Jun-2000"; VariantName = "[No Variations]"
Change component parameters (AddParameter): Name = "Publisher"; Value = "Altium Limited"; VariantName = "[No Variations]"
Change component parameters (AddParameter): Name = "Value"; Value = "1.47k"; VariantName = "[No Variations]"
Change component parameters: Designator = "U2_A0" ("U2"); Footprint = "FP-DGK0008A-IPC_B"; UniqueID = "\BVCLNULF\CDZHXMJG" ("\BVCLNULF\CDZHXMJG")
Change component parameters (AddParameter): Name = "Case/Package"; Value = "VSSOP"; VariantName = "[No Variations]"
Change component parameters (AddParameter): Name = "Gain Bandwidth Product"; Value = "16MHz"; VariantName = "[No Variations]"
Change component parameters (AddParameter): Name = "Input Bias Current"; Value = "10pA"; VariantName = "[No Variations]"
Change component parameters (AddParameter): Name = "Input Offset Voltage (Vos)"; Value = "500uV"; VariantName = "[No Variations]"
Change component parameters (AddParameter): Name = "Max Operating Temperature"; Value = "85캜"; VariantName = "[No Variations]"
Change component parameters (AddParameter): Name = "Min Operating Temperature"; Value = "-40캜"; VariantName = "[No Variations]"
Change component parameters (AddParameter): Name = "Mount"; Value = "Surface Mount"; VariantName = "[No Variations]"
Change component parameters (AddParameter): Name = "Number of Channels"; Value = "2"; VariantName = "[No Variations]"
Change component parameters (AddParameter): Name = "Number of Circuits"; Value = "2"; VariantName = "[No Variations]"
Change component parameters (AddParameter): Name = "Operating Supply Current"; Value = "2mA"; VariantName = "[No Variations]"
Change component parameters (AddParameter): Name = "Packaging"; Value = "Cut Tape"; VariantName = "[No Variations]"
Change component parameters (AddParameter): Name = "RoHS Compliant"; Value = "Yes"; VariantName = "[No Variations]"
Change component parameters (AddParameter): Name = "Slew Rate"; Value = "9V/탎"; VariantName = "[No Variations]"
Change component parameters: Designator = "U2_A1" ("U2"); Footprint = "FP-DGK0008A-IPC_B"; UniqueID = "\KLPPAZAF\CDZHXMJG" ("\KLPPAZAF\CDZHXMJG")
Change component parameters (AddParameter): Name = "Case/Package"; Value = "VSSOP"; VariantName = "[No Variations]"
Change component parameters (AddParameter): Name = "Gain Bandwidth Product"; Value = "16MHz"; VariantName = "[No Variations]"
Change component parameters (AddParameter): Name = "Input Bias Current"; Value = "10pA"; VariantName = "[No Variations]"
Change component parameters (AddParameter): Name = "Input Offset Voltage (Vos)"; Value = "500uV"; VariantName = "[No Variations]"
Change component parameters (AddParameter): Name = "Max Operating Temperature"; Value = "85캜"; VariantName = "[No Variations]"
Change component parameters (AddParameter): Name = "Min Operating Temperature"; Value = "-40캜"; VariantName = "[No Variations]"
Change component parameters (AddParameter): Name = "Mount"; Value = "Surface Mount"; VariantName = "[No Variations]"
Change component parameters (AddParameter): Name = "Number of Channels"; Value = "2"; VariantName = "[No Variations]"
Change component parameters (AddParameter): Name = "Number of Circuits"; Value = "2"; VariantName = "[No Variations]"
Change component parameters (AddParameter): Name = "Operating Supply Current"; Value = "2mA"; VariantName = "[No Variations]"
Change component parameters (AddParameter): Name = "Packaging"; Value = "Cut Tape"; VariantName = "[No Variations]"
Change component parameters (AddParameter): Name = "RoHS Compliant"; Value = "Yes"; VariantName = "[No Variations]"
Change component parameters (AddParameter): Name = "Slew Rate"; Value = "9V/탎"; VariantName = "[No Variations]"
Change component parameters: Designator = "U2_A2" ("U2"); Footprint = "FP-DGK0008A-IPC_B"; UniqueID = "\TMGLMEZJ\CDZHXMJG" ("\TMGLMEZJ\CDZHXMJG")
Change component parameters (AddParameter): Name = "Case/Package"; Value = "VSSOP"; VariantName = "[No Variations]"
Change component parameters (AddParameter): Name = "Gain Bandwidth Product"; Value = "16MHz"; VariantName = "[No Variations]"
Change component parameters (AddParameter): Name = "Input Bias Current"; Value = "10pA"; VariantName = "[No Variations]"
Change component parameters (AddParameter): Name = "Input Offset Voltage (Vos)"; Value = "500uV"; VariantName = "[No Variations]"
Change component parameters (AddParameter): Name = "Max Operating Temperature"; Value = "85캜"; VariantName = "[No Variations]"
Change component parameters (AddParameter): Name = "Min Operating Temperature"; Value = "-40캜"; VariantName = "[No Variations]"
Change component parameters (AddParameter): Name = "Mount"; Value = "Surface Mount"; VariantName = "[No Variations]"
Change component parameters (AddParameter): Name = "Number of Channels"; Value = "2"; VariantName = "[No Variations]"
Change component parameters (AddParameter): Name = "Number of Circuits"; Value = "2"; VariantName = "[No Variations]"
Change component parameters (AddParameter): Name = "Operating Supply Current"; Value = "2mA"; VariantName = "[No Variations]"
Change component parameters (AddParameter): Name = "Packaging"; Value = "Cut Tape"; VariantName = "[No Variations]"
Change component parameters (AddParameter): Name = "RoHS Compliant"; Value = "Yes"; VariantName = "[No Variations]"
Change component parameters (AddParameter): Name = "Slew Rate"; Value = "9V/탎"; VariantName = "[No Variations]"
Change component parameters: Designator = "U2_A3" ("U2"); Footprint = "FP-DGK0008A-IPC_B"; UniqueID = "\YVWBLMLD\CDZHXMJG" ("\YVWBLMLD\CDZHXMJG")
Change component parameters (AddParameter): Name = "Case/Package"; Value = "VSSOP"; VariantName = "[No Variations]"
Change component parameters (AddParameter): Name = "Gain Bandwidth Product"; Value = "16MHz"; VariantName = "[No Variations]"
Change component parameters (AddParameter): Name = "Input Bias Current"; Value = "10pA"; VariantName = "[No Variations]"
Change component parameters (AddParameter): Name = "Input Offset Voltage (Vos)"; Value = "500uV"; VariantName = "[No Variations]"
Change component parameters (AddParameter): Name = "Max Operating Temperature"; Value = "85캜"; VariantName = "[No Variations]"
Change component parameters (AddParameter): Name = "Min Operating Temperature"; Value = "-40캜"; VariantName = "[No Variations]"
Change component parameters (AddParameter): Name = "Mount"; Value = "Surface Mount"; VariantName = "[No Variations]"
Change component parameters (AddParameter): Name = "Number of Channels"; Value = "2"; VariantName = "[No Variations]"
Change component parameters (AddParameter): Name = "Number of Circuits"; Value = "2"; VariantName = "[No Variations]"
Change component parameters (AddParameter): Name = "Operating Supply Current"; Value = "2mA"; VariantName = "[No Variations]"
Change component parameters (AddParameter): Name = "Packaging"; Value = "Cut Tape"; VariantName = "[No Variations]"
Change component parameters (AddParameter): Name = "RoHS Compliant"; Value = "Yes"; VariantName = "[No Variations]"
Change component parameters (AddParameter): Name = "Slew Rate"; Value = "9V/탎"; VariantName = "[No Variations]"
Add Component: Footprint Not Found CON_1053131305
Added Component: Designator=U3_A0(LT-TS8-8-TSOT-23_V)
Add component (AddParameter): Name = "Channels (#)"; Value = "1"; VariantName = "[No Variations]"
Add component (AddParameter): Name = "Code_JEDEC"; Value = "MO-193"; VariantName = "[No Variations]"
Add component (AddParameter): Name = "ComponentLink1Description"; Value = "Manufacturer URL"; VariantName = "[No Variations]"
Add component (AddParameter): Name = "ComponentLink1URL"; Value = "http://www.linear.com/"; VariantName = "[No Variations]"
Add component (AddParameter): Name = "ComponentLink2Description"; Value = "Datasheet"; VariantName = "[No Variations]"
Add component (AddParameter): Name = "ComponentLink2URL"; Value = "http://cds.linear.com/docs/en/datasheet/6910123fa.pdf"; VariantName = "[No Variations]"
Add component (AddParameter): Name = "ComponentLink3Description"; Value = "Package Specification"; VariantName = "[No Variations]"
Add component (AddParameter): Name = "ComponentLink3URL"; Value = "http://cds.linear.com/docs/en/packaging/SOT_8_05-08-1637.pdf"; VariantName = "[No Variations]"
Add component (AddParameter): Name = "DatasheetVersion"; Value = "Rev. A"; VariantName = "[No Variations]"
Add component (AddParameter): Name = "GBW (MHz) Typical"; Value = "11"; VariantName = "[No Variations]"
Add component (AddParameter): Name = "Is (mA) Typical"; Value = "2"; VariantName = "[No Variations]"
Add component (AddParameter): Name = "Linear Technology Part Number"; Value = "LTC6910-3"; VariantName = "[No Variations]"
Add component (AddParameter): Name = "Manufacturer"; Value = "Linear Technology"; VariantName = "[No Variations]"
Add component (AddParameter): Name = "Mounting Technology"; Value = "Surface Mount"; VariantName = "[No Variations]"
Add component (AddParameter): Name = "PackageDescription"; Value = "8-Lead Plastic TSOT-23, Body 2.9 x 1.63 mm, Pitch 0.65 mm"; VariantName = "[No Variations]"
Add component (AddParameter): Name = "PackageReference"; Value = "LT-TS8-8-TSOT-23"; VariantName = "[No Variations]"
Add component (AddParameter): Name = "PackageVersion"; Value = "Rev A"; VariantName = "[No Variations]"
Add component (AddParameter): Name = "Packing"; Value = "Mini Reel"; VariantName = "[No Variations]"
Add component (AddParameter): Name = "PartNumber"; Value = "LTC6910-3CTS8#TRMPBF"; VariantName = "[No Variations]"
Add component (AddParameter): Name = "RevisionNote"; Value = "URLs updated"; VariantName = "[No Variations]"
Add component (AddParameter): Name = "RoHS"; Value = "Pb-Free"; VariantName = "[No Variations]"
Add component (AddParameter): Name = "SR (V/us) Typical"; Value = "16"; VariantName = "[No Variations]"
Add component (AddParameter): Name = "Type"; Value = "PGA"; VariantName = "[No Variations]"
Add component (AddParameter): Name = "Vos (mV) Typical"; Value = "3"; VariantName = "[No Variations]"
Add component (AddParameter): Name = "Vs Max (V)"; Value = "11"; VariantName = "[No Variations]"
Add component (AddParameter): Name = "Vs Min (V)"; Value = "2.7"; VariantName = "[No Variations]"
Added Component: Designator=U3_A1(LT-TS8-8-TSOT-23_V)
Add component (AddParameter): Name = "Channels (#)"; Value = "1"; VariantName = "[No Variations]"
Add component (AddParameter): Name = "Code_JEDEC"; Value = "MO-193"; VariantName = "[No Variations]"
Add component (AddParameter): Name = "ComponentLink1Description"; Value = "Manufacturer URL"; VariantName = "[No Variations]"
Add component (AddParameter): Name = "ComponentLink1URL"; Value = "http://www.linear.com/"; VariantName = "[No Variations]"
Add component (AddParameter): Name = "ComponentLink2Description"; Value = "Datasheet"; VariantName = "[No Variations]"
Add component (AddParameter): Name = "ComponentLink2URL"; Value = "http://cds.linear.com/docs/en/datasheet/6910123fa.pdf"; VariantName = "[No Variations]"
Add component (AddParameter): Name = "ComponentLink3Description"; Value = "Package Specification"; VariantName = "[No Variations]"
Add component (AddParameter): Name = "ComponentLink3URL"; Value = "http://cds.linear.com/docs/en/packaging/SOT_8_05-08-1637.pdf"; VariantName = "[No Variations]"
Add component (AddParameter): Name = "DatasheetVersion"; Value = "Rev. A"; VariantName = "[No Variations]"
Add component (AddParameter): Name = "GBW (MHz) Typical"; Value = "11"; VariantName = "[No Variations]"
Add component (AddParameter): Name = "Is (mA) Typical"; Value = "2"; VariantName = "[No Variations]"
Add component (AddParameter): Name = "Linear Technology Part Number"; Value = "LTC6910-3"; VariantName = "[No Variations]"
Add component (AddParameter): Name = "Manufacturer"; Value = "Linear Technology"; VariantName = "[No Variations]"
Add component (AddParameter): Name = "Mounting Technology"; Value = "Surface Mount"; VariantName = "[No Variations]"
Add component (AddParameter): Name = "PackageDescription"; Value = "8-Lead Plastic TSOT-23, Body 2.9 x 1.63 mm, Pitch 0.65 mm"; VariantName = "[No Variations]"
Add component (AddParameter): Name = "PackageReference"; Value = "LT-TS8-8-TSOT-23"; VariantName = "[No Variations]"
Add component (AddParameter): Name = "PackageVersion"; Value = "Rev A"; VariantName = "[No Variations]"
Add component (AddParameter): Name = "Packing"; Value = "Mini Reel"; VariantName = "[No Variations]"
Add component (AddParameter): Name = "PartNumber"; Value = "LTC6910-3CTS8#TRMPBF"; VariantName = "[No Variations]"
Add component (AddParameter): Name = "RevisionNote"; Value = "URLs updated"; VariantName = "[No Variations]"
Add component (AddParameter): Name = "RoHS"; Value = "Pb-Free"; VariantName = "[No Variations]"
Add component (AddParameter): Name = "SR (V/us) Typical"; Value = "16"; VariantName = "[No Variations]"
Add component (AddParameter): Name = "Type"; Value = "PGA"; VariantName = "[No Variations]"
Add component (AddParameter): Name = "Vos (mV) Typical"; Value = "3"; VariantName = "[No Variations]"
Add component (AddParameter): Name = "Vs Max (V)"; Value = "11"; VariantName = "[No Variations]"
Add component (AddParameter): Name = "Vs Min (V)"; Value = "2.7"; VariantName = "[No Variations]"
Added Component: Designator=U3_A2(LT-TS8-8-TSOT-23_V)
Add component (AddParameter): Name = "Channels (#)"; Value = "1"; VariantName = "[No Variations]"
Add component (AddParameter): Name = "Code_JEDEC"; Value = "MO-193"; VariantName = "[No Variations]"
Add component (AddParameter): Name = "ComponentLink1Description"; Value = "Manufacturer URL"; VariantName = "[No Variations]"
Add component (AddParameter): Name = "ComponentLink1URL"; Value = "http://www.linear.com/"; VariantName = "[No Variations]"
Add component (AddParameter): Name = "ComponentLink2Description"; Value = "Datasheet"; VariantName = "[No Variations]"
Add component (AddParameter): Name = "ComponentLink2URL"; Value = "http://cds.linear.com/docs/en/datasheet/6910123fa.pdf"; VariantName = "[No Variations]"
Add component (AddParameter): Name = "ComponentLink3Description"; Value = "Package Specification"; VariantName = "[No Variations]"
Add component (AddParameter): Name = "ComponentLink3URL"; Value = "http://cds.linear.com/docs/en/packaging/SOT_8_05-08-1637.pdf"; VariantName = "[No Variations]"
Add component (AddParameter): Name = "DatasheetVersion"; Value = "Rev. A"; VariantName = "[No Variations]"
Add component (AddParameter): Name = "GBW (MHz) Typical"; Value = "11"; VariantName = "[No Variations]"
Add component (AddParameter): Name = "Is (mA) Typical"; Value = "2"; VariantName = "[No Variations]"
Add component (AddParameter): Name = "Linear Technology Part Number"; Value = "LTC6910-3"; VariantName = "[No Variations]"
Add component (AddParameter): Name = "Manufacturer"; Value = "Linear Technology"; VariantName = "[No Variations]"
Add component (AddParameter): Name = "Mounting Technology"; Value = "Surface Mount"; VariantName = "[No Variations]"
Add component (AddParameter): Name = "PackageDescription"; Value = "8-Lead Plastic TSOT-23, Body 2.9 x 1.63 mm, Pitch 0.65 mm"; VariantName = "[No Variations]"
Add component (AddParameter): Name = "PackageReference"; Value = "LT-TS8-8-TSOT-23"; VariantName = "[No Variations]"
Add component (AddParameter): Name = "PackageVersion"; Value = "Rev A"; VariantName = "[No Variations]"
Add component (AddParameter): Name = "Packing"; Value = "Mini Reel"; VariantName = "[No Variations]"
Add component (AddParameter): Name = "PartNumber"; Value = "LTC6910-3CTS8#TRMPBF"; VariantName = "[No Variations]"
Add component (AddParameter): Name = "RevisionNote"; Value = "URLs updated"; VariantName = "[No Variations]"
Add component (AddParameter): Name = "RoHS"; Value = "Pb-Free"; VariantName = "[No Variations]"
Add component (AddParameter): Name = "SR (V/us) Typical"; Value = "16"; VariantName = "[No Variations]"
Add component (AddParameter): Name = "Type"; Value = "PGA"; VariantName = "[No Variations]"
Add component (AddParameter): Name = "Vos (mV) Typical"; Value = "3"; VariantName = "[No Variations]"
Add component (AddParameter): Name = "Vs Max (V)"; Value = "11"; VariantName = "[No Variations]"
Add component (AddParameter): Name = "Vs Min (V)"; Value = "2.7"; VariantName = "[No Variations]"
Added Component: Designator=U3_A3(LT-TS8-8-TSOT-23_V)
Add component (AddParameter): Name = "Channels (#)"; Value = "1"; VariantName = "[No Variations]"
Add component (AddParameter): Name = "Code_JEDEC"; Value = "MO-193"; VariantName = "[No Variations]"
Add component (AddParameter): Name = "ComponentLink1Description"; Value = "Manufacturer URL"; VariantName = "[No Variations]"
Add component (AddParameter): Name = "ComponentLink1URL"; Value = "http://www.linear.com/"; VariantName = "[No Variations]"
Add component (AddParameter): Name = "ComponentLink2Description"; Value = "Datasheet"; VariantName = "[No Variations]"
Add component (AddParameter): Name = "ComponentLink2URL"; Value = "http://cds.linear.com/docs/en/datasheet/6910123fa.pdf"; VariantName = "[No Variations]"
Add component (AddParameter): Name = "ComponentLink3Description"; Value = "Package Specification"; VariantName = "[No Variations]"
Add component (AddParameter): Name = "ComponentLink3URL"; Value = "http://cds.linear.com/docs/en/packaging/SOT_8_05-08-1637.pdf"; VariantName = "[No Variations]"
Add component (AddParameter): Name = "DatasheetVersion"; Value = "Rev. A"; VariantName = "[No Variations]"
Add component (AddParameter): Name = "GBW (MHz) Typical"; Value = "11"; VariantName = "[No Variations]"
Add component (AddParameter): Name = "Is (mA) Typical"; Value = "2"; VariantName = "[No Variations]"
Add component (AddParameter): Name = "Linear Technology Part Number"; Value = "LTC6910-3"; VariantName = "[No Variations]"
Add component (AddParameter): Name = "Manufacturer"; Value = "Linear Technology"; VariantName = "[No Variations]"
Add component (AddParameter): Name = "Mounting Technology"; Value = "Surface Mount"; VariantName = "[No Variations]"
Add component (AddParameter): Name = "PackageDescription"; Value = "8-Lead Plastic TSOT-23, Body 2.9 x 1.63 mm, Pitch 0.65 mm"; VariantName = "[No Variations]"
Add component (AddParameter): Name = "PackageReference"; Value = "LT-TS8-8-TSOT-23"; VariantName = "[No Variations]"
Add component (AddParameter): Name = "PackageVersion"; Value = "Rev A"; VariantName = "[No Variations]"
Add component (AddParameter): Name = "Packing"; Value = "Mini Reel"; VariantName = "[No Variations]"
Add component (AddParameter): Name = "PartNumber"; Value = "LTC6910-3CTS8#TRMPBF"; VariantName = "[No Variations]"
Add component (AddParameter): Name = "RevisionNote"; Value = "URLs updated"; VariantName = "[No Variations]"
Add component (AddParameter): Name = "RoHS"; Value = "Pb-Free"; VariantName = "[No Variations]"
Add component (AddParameter): Name = "SR (V/us) Typical"; Value = "16"; VariantName = "[No Variations]"
Add component (AddParameter): Name = "Type"; Value = "PGA"; VariantName = "[No Variations]"
Add component (AddParameter): Name = "Vos (mV) Typical"; Value = "3"; VariantName = "[No Variations]"
Add component (AddParameter): Name = "Vs Max (V)"; Value = "11"; VariantName = "[No Variations]"
Add component (AddParameter): Name = "Vs Min (V)"; Value = "2.7"; VariantName = "[No Variations]"
Add Pin To Net: Unknown Pin: Pin CTRL-1
Add Pin To Net: Unknown Pin: Pin CTRL-2
Add Pin To Net: Unknown Pin: Pin CTRL-3
Add Pin To Net: Unknown Pin: Pin CTRL-4
Add Pin To Net: Unknown Pin: Pin CTRL-5
Added Pin To Net: NetName=NetS0_1 Pin=U3_A0-1
Added Pin To Net: NetName=3V3/2 Pin=U3_A0-2
Added Pin To Net: NetName=FILT_OUT_A0 Pin=U3_A0-3
Added Pin To Net: NetName=GND Pin=U3_A0-4
Added Pin To Net: NetName=NetCTRL_1 Pin=U3_A0-5
Added Pin To Net: NetName=NetCTRL_2 Pin=U3_A0-6
Added Pin To Net: NetName=NetCTRL_3 Pin=U3_A0-7
Added Pin To Net: NetName=3V3 Pin=U3_A0-8
Added Pin To Net: NetName=NetS0_3 Pin=U3_A1-1
Added Pin To Net: NetName=3V3/2 Pin=U3_A1-2
Added Pin To Net: NetName=FILT_OUT_A1 Pin=U3_A1-3
Added Pin To Net: NetName=GND Pin=U3_A1-4
Added Pin To Net: NetName=NetCTRL_1 Pin=U3_A1-5
Added Pin To Net: NetName=NetCTRL_2 Pin=U3_A1-6
Added Pin To Net: NetName=NetCTRL_3 Pin=U3_A1-7
Added Pin To Net: NetName=3V3 Pin=U3_A1-8
Added Pin To Net: NetName=NetS1_1 Pin=U3_A2-1
Added Pin To Net: NetName=3V3/2 Pin=U3_A2-2
Added Pin To Net: NetName=FILT_OUT_A2 Pin=U3_A2-3
Added Pin To Net: NetName=GND Pin=U3_A2-4
Added Pin To Net: NetName=NetCTRL_1 Pin=U3_A2-5
Added Pin To Net: NetName=NetCTRL_2 Pin=U3_A2-6
Added Pin To Net: NetName=NetCTRL_3 Pin=U3_A2-7
Added Pin To Net: NetName=3V3 Pin=U3_A2-8
Added Pin To Net: NetName=NetS1_3 Pin=U3_A3-1
Added Pin To Net: NetName=3V3/2 Pin=U3_A3-2
Added Pin To Net: NetName=FILT_OUT_A3 Pin=U3_A3-3
Added Pin To Net: NetName=GND Pin=U3_A3-4
Added Pin To Net: NetName=NetCTRL_1 Pin=U3_A3-5
Added Pin To Net: NetName=NetCTRL_2 Pin=U3_A3-6
Added Pin To Net: NetName=NetCTRL_3 Pin=U3_A3-7
Added Pin To Net: NetName=3V3 Pin=U3_A3-8
Add Class Member: Failed to add class member : Component CTRL 1053131305
Added Member To Class: ClassName=A0 Member=Component U3_A0 (U3) LTC6910-3CTS8#TRMPBF
Added Member To Class: ClassName=A1 Member=Component U3_A1 (U3) LTC6910-3CTS8#TRMPBF
Added Member To Class: ClassName=A2 Member=Component U3_A2 (U3) LTC6910-3CTS8#TRMPBF
Added Member To Class: ClassName=A3 Member=Component U3_A3 (U3) LTC6910-3CTS8#TRMPBF
