Removed Member From Class: ClassName=U_Tx Member=D1
Removed Member From Class: ClassName=U_Tx Member=D2
Removed Member From Class: ClassName=U_Tx Member=R1
Removed Member From Class: ClassName=Main Member=R5
Added Pin To Net: NetName=NetC12_2 Pin=C15-2
Added Pin To Net: NetName=NetC12_2 Pin=R21-2
Added Member To Class: ClassName=U_Tx Member=Component C2 Capacitor
Added Member To Class: ClassName=U_Rx Member=Component C6 C3216X5R1H106K160AB
Added Member To Class: ClassName=U_Rx Member=Component C9 Capacitor
Added Member To Class: ClassName=U_Rx Member=Component C11 Capacitor
Added Member To Class: ClassName=U_Rx Member=Component C12 Capacitor
Added Member To Class: ClassName=U_Rx Member=Component C14 Capacitor
Added Member To Class: ClassName=U_Rx Member=Component C17 Capacitor
Added Member To Class: ClassName=Main Member=Component D3 Diode
Added Member To Class: ClassName=Main Member=Component D6 Diode
Added Member To Class: ClassName=Main Member=Component D7 Diode
Added Member To Class: ClassName=Main Member=Component D8 Diode
Added Member To Class: ClassName=U_Tx Member=Component D9 Diode
Added Member To Class: ClassName=U_Tx Member=Component D10 Diode
Added Member To Class: ClassName=Main Member=Component J1 1053131106
Added Member To Class: ClassName=Main Member=Component J2 1053131103
Added Member To Class: ClassName=U_Tx Member=Component Q4 IPD35N10S3L-26
Added Member To Class: ClassName=Main Member=Component R2 Resistor
Added Member To Class: ClassName=Main Member=Component R3 Resistor
Added Member To Class: ClassName=Main Member=Component R4 Resistor
Added Member To Class: ClassName=U_Tx Member=Component R6 Resistor
Added Member To Class: ClassName=U_Tx Member=Component R7 Resistor
Added Member To Class: ClassName=U_Tx Member=Component R8 Resistor
Added Member To Class: ClassName=U_Tx Member=Component R10 Resistor
Added Member To Class: ClassName=U_Rx Member=Component R11 Resistor
Added Member To Class: ClassName=U_Rx Member=Component R12 Resistor
Added Member To Class: ClassName=U_Rx Member=Component R14 Resistor
Added Member To Class: ClassName=U_Rx Member=Component R15 3296W-1-503LF
Added Member To Class: ClassName=U_Rx Member=Component R17 Resistor
Added Member To Class: ClassName=U_Rx Member=Component R22 Resistor
Added Member To Class: ClassName=U_Rx Member=Component R24 Resistor
Added Member To Class: ClassName=U_Rx Member=Component R26 Resistor
Added Member To Class: ClassName=U_Rx Member=Component R27 Resistor
Added Member To Class: ClassName=U_Rx Member=Component R28 Resistor
Added Member To Class: ClassName=U_Rx Member=Component R29 Resistor
Added Member To Class: ClassName=U_Rx Member=Component U7 AD8221ARMZ-R7
