Replace Part C1 Capacitor in C:\Development\TAUV-Hardware\TAUV-Modem\TAUV-Modem\Tx.SchDoc with Capacitor from Simulation Generic Components.IntLib
Replace Part C2 Capacitor in C:\Development\TAUV-Hardware\TAUV-Modem\TAUV-Modem\Tx.SchDoc with Capacitor from Simulation Generic Components.IntLib
Replace Part C3 Capacitor in C:\Development\TAUV-Hardware\TAUV-Modem\TAUV-Modem\Tx.SchDoc with Capacitor from Simulation Generic Components.IntLib
Replace Part C4 Capacitor in C:\Development\TAUV-Hardware\TAUV-Modem\TAUV-Modem\Tx.SchDoc with Capacitor from Simulation Generic Components.IntLib
Replace Part C5 Capacitor in C:\Development\TAUV-Hardware\TAUV-Modem\TAUV-Modem\Tx.SchDoc with Capacitor from Simulation Generic Components.IntLib
Replace Part D9 Diode in C:\Development\TAUV-Hardware\TAUV-Modem\TAUV-Modem\Tx.SchDoc with Diode from Simulation Generic Components.IntLib
Replace Part D10 Diode in C:\Development\TAUV-Hardware\TAUV-Modem\TAUV-Modem\Tx.SchDoc with Diode from Simulation Generic Components.IntLib
Update Managed Component Q1 From CMP-1138-00144-1[IPD35N10S3L-26] To CMP-1138-00144-1[IPD35N10S3L-26] in Tx.SchDoc
Update Managed Component Q2 From CMP-1138-00144-1[IPD35N10S3L-26] To CMP-1138-00144-1[IPD35N10S3L-26] in Tx.SchDoc
Update Managed Component Q3 From CMP-1138-00144-1[IPD35N10S3L-26] To CMP-1138-00144-1[IPD35N10S3L-26] in Tx.SchDoc
Update Managed Component Q4 From CMP-1138-00144-1[IPD35N10S3L-26] To CMP-1138-00144-1[IPD35N10S3L-26] in Tx.SchDoc
Replace Part R5 Resistor in C:\Development\TAUV-Hardware\TAUV-Modem\TAUV-Modem\Tx.SchDoc with Resistor from Simulation Generic Components.IntLib
Replace Part R6 Resistor in C:\Development\TAUV-Hardware\TAUV-Modem\TAUV-Modem\Tx.SchDoc with Resistor from Simulation Generic Components.IntLib
Replace Part R7 Resistor in C:\Development\TAUV-Hardware\TAUV-Modem\TAUV-Modem\Tx.SchDoc with Resistor from Simulation Generic Components.IntLib
Replace Part R8 Resistor in C:\Development\TAUV-Hardware\TAUV-Modem\TAUV-Modem\Tx.SchDoc with Resistor from Simulation Generic Components.IntLib
Replace Part R9 Resistor in C:\Development\TAUV-Hardware\TAUV-Modem\TAUV-Modem\Tx.SchDoc with Resistor from Simulation Generic Components.IntLib
Replace Part R10 Resistor in C:\Development\TAUV-Hardware\TAUV-Modem\TAUV-Modem\Tx.SchDoc with Resistor from Simulation Generic Components.IntLib
Update Managed Component U1 From CMP-06319-000039-1[MIC4604YM-TR] To CMP-06319-000039-1[MIC4604YM-TR] in Tx.SchDoc
Update Managed Component U2 From CMP-06319-000039-1[MIC4604YM-TR] To CMP-06319-000039-1[MIC4604YM-TR] in Tx.SchDoc
Update Managed Component U3 From CMP-0859-00797-3[SN74AHC1G04DRLR] To CMP-0859-00797-3[SN74AHC1G04DRLR] in Tx.SchDoc
Update Managed Component U3 From CMP-0859-00797-3[SN74AHC1G04DRLR] To CMP-0859-00797-3[SN74AHC1G04DRLR] in Tx.SchDoc
Update Managed Component U4 From CMP-0859-00670-3[SN74LVC2G08DCUR] To CMP-0859-00670-3[SN74LVC2G08DCUR] in Tx.SchDoc
Update Managed Component U4 From CMP-0859-00670-3[SN74LVC2G08DCUR] To CMP-0859-00670-3[SN74LVC2G08DCUR] in Tx.SchDoc
Update Managed Component U4 From CMP-0859-00670-3[SN74LVC2G08DCUR] To CMP-0859-00670-3[SN74LVC2G08DCUR] in Tx.SchDoc
